22:01:37.171 INFO  Shard 0 launched 
22:01:38.758 INFO  Loading command: fact.js 
22:01:38.785 INFO  Loading command: meme.js 
22:01:38.770 INFO  Loading command: flip.js 
22:01:38.796 INFO  Loading command: ping.js 
22:01:38.802 INFO  Loading command: random.js 
22:01:38.804 INFO  Loading command: rps.js 
22:01:38.806 INFO  Loading command: uptime.js 
22:01:38.810 INFO  Loading command: ban.js 
22:01:38.811 INFO  Loading command: clear.js 
22:01:38.813 INFO  Loading command: dashboard.js 
22:01:38.816 INFO  Loading command: deafen.js 
22:01:38.822 INFO  Loading command: kick.js 
22:01:38.825 INFO  Loading command: mute.js 
22:01:38.829 INFO  Loading command: nick.js 
22:01:38.832 INFO  Loading command: poll.js 
22:01:38.839 INFO  Loading command: server-info.js 
22:01:38.837 INFO  Loading command: role-info.js 
22:01:38.835 INFO  Loading command: report.js 
22:01:38.845 INFO  Loading command: undeafen.js 
22:01:38.852 INFO  Loading command: unmute.js 
22:01:38.858 INFO  Loading command: user-info.js 
22:01:38.860 INFO  Loading command: verify.js 
22:01:38.861 INFO  Loading command: warn.js 
22:01:38.865 INFO  Loading command: addban.js 
22:01:38.867 INFO  Loading command: eval.js 
22:01:38.868 INFO  Loading command: reload.js 
22:01:38.870 INFO  Loading command: shutdown.js 
22:01:38.873 INFO  Loading command: suggestion.js 
22:01:38.877 INFO  Loading command: leaderboard.js 
22:01:38.843 INFO  Loading command: unban.js 
22:01:38.882 INFO  Loading command: level.js 
22:01:39.057 INFO  Loading command: add-playlist.js 
22:01:39.274 INFO  Loading command: find.js 
22:01:39.276 INFO  Loading command: forceskip.js 
22:01:39.277 INFO  Loading command: leave.js 
22:01:39.283 INFO  Loading command: lyrics.js 
22:01:39.285 INFO  Loading command: pause.js 
22:01:39.307 INFO  Loading command: play.js 
22:01:39.314 INFO  Loading command: queue.js 
22:01:39.326 INFO  Loading command: radio.js 
22:01:39.328 INFO  Loading command: remove.js 
22:01:39.331 INFO  Loading command: resume.js 
22:01:39.335 INFO  Loading command: shuffle.js 
22:01:39.337 INFO  Loading command: skip.js 
22:01:39.338 INFO  Loading command: skipto.js 
22:01:39.342 INFO  Loading command: song.js 
22:01:39.362 INFO  Loading command: fortnite.js 
22:01:39.344 INFO  Loading command: volume.js 
22:01:40.090 INFO  Loading command: image.js 
22:01:40.103 INFO  Loading command: instagram.js 
22:01:40.204 INFO  Loading command: mc.js 
22:01:40.211 INFO  Loading command: nsfw.js 
22:01:40.338 INFO  Loading command: r6.js 
22:01:40.341 INFO  Loading command: reddit.js 
22:01:40.345 INFO  Loading command: steam.js 
22:01:40.348 INFO  Loading command: twitch.js 
22:01:40.353 INFO  Loading command: startmusictrivia.js 
22:01:40.355 INFO  Loading command: stopmusictrivia.js 
22:01:40.358 INFO  Loading command: help.js 
22:01:40.360 INFO  Loading command: invite.js 
22:01:40.363 INFO  Loading command: status.js 
22:01:40.365 INFO  Loading command: support.js 
22:01:40.368 INFO  Loading a total of 27 events. 
22:01:40.368 INFO  Loading Event: channelCreate 
22:01:40.370 INFO  Loading Event: channelDelete 
22:01:40.372 INFO  Loading Event: channelUpdate 
22:01:40.374 INFO  Loading Event: emojiCreate 
22:01:40.376 INFO  Loading Event: emojiDelete 
22:01:40.378 INFO  Loading Event: emojiUpdate 
22:01:40.380 INFO  Loading Event: error 
22:01:40.382 INFO  Loading Event: guildBanAdd 
22:01:40.384 INFO  Loading Event: guildBanRemove 
22:01:40.386 INFO  Loading Event: guildCreate 
22:01:40.396 INFO  Loading Event: guildDelete 
22:01:40.397 INFO  Loading Event: guildMemberAdd 
22:01:40.399 INFO  Loading Event: guildMemberRemove 
22:01:40.403 INFO  Loading Event: guildMemberUpdate 
22:01:40.404 INFO  Loading Event: guildUnavailable 
22:01:40.406 INFO  Loading Event: guildUpdate 
22:01:40.408 INFO  Loading Event: message 
22:01:40.410 INFO  Loading Event: messageDelete 
22:01:40.412 INFO  Loading Event: messageDeleteBulk 
22:01:40.418 INFO  Loading Event: messageReactionAdd 
22:01:40.422 INFO  Loading Event: messageReactionRemove 
22:01:40.424 INFO  Loading Event: messageUpdate 
22:01:40.426 INFO  Loading Event: ready 
22:01:40.428 INFO  Loading Event: roleCreate 
22:01:40.431 INFO  Loading Event: roleDelete 
22:01:40.434 INFO  Loading Event: roleUpdate 
22:01:40.436 INFO  Loading Event: warning 
22:01:40.766 INFO  Bot dashboard is coming online 
22:01:40.843 INFO  Bot dashboard is online 
22:01:40.884 INFO  Mongoose connection successfully opened 
22:01:41.530 INFO  -=-=-=-=-=-=-=-=-=-=-=-=-=-=-=-=-=-=-=-=-=-=-=-=-=-=-=-= 
22:01:41.531 INFO  -=-=-=-=-=-=-=-=-=-=-=-=-=-=-=-=-=-=-=-=-=-=-=-=-=-=-=-= 
22:01:41.531 INFO  EggLord#9100, ready to serve [723] users in [5] servers. 
22:03:55.802 INFO  Shard 0 launched 
22:03:57.149 INFO  Loading command: fact.js 
22:03:57.152 INFO  Loading command: flip.js 
22:03:57.168 INFO  Loading command: meme.js 
22:03:57.169 INFO  Loading command: ping.js 
22:03:57.170 INFO  Loading command: random.js 
22:03:57.174 INFO  Loading command: rps.js 
22:03:57.176 INFO  Loading command: uptime.js 
22:03:57.180 INFO  Loading command: ban.js 
22:03:57.181 INFO  Loading command: clear.js 
22:03:57.183 INFO  Loading command: dashboard.js 
22:03:57.190 INFO  Loading command: deafen.js 
22:03:57.192 INFO  Loading command: kick.js 
22:03:57.194 INFO  Loading command: mute.js 
22:03:57.195 INFO  Loading command: nick.js 
22:03:57.198 INFO  Loading command: poll.js 
22:03:57.202 INFO  Loading command: report.js 
22:03:57.204 INFO  Loading command: role-info.js 
22:03:57.206 INFO  Loading command: server-info.js 
22:03:57.208 INFO  Loading command: unban.js 
22:03:57.210 INFO  Loading command: undeafen.js 
22:03:57.213 INFO  Loading command: unmute.js 
22:03:57.215 INFO  Loading command: user-info.js 
22:03:57.217 INFO  Loading command: verify.js 
22:03:57.219 INFO  Loading command: warn.js 
22:03:57.224 INFO  Loading command: addban.js 
22:03:57.227 INFO  Loading command: eval.js 
22:03:57.230 INFO  Loading command: reload.js 
22:03:57.231 INFO  Loading command: shutdown.js 
22:03:57.233 INFO  Loading command: suggestion.js 
22:03:57.235 INFO  Loading command: leaderboard.js 
22:03:57.237 INFO  Loading command: level.js 
22:03:57.347 INFO  Loading command: add-playlist.js 
22:03:57.557 INFO  Loading command: find.js 
22:03:57.563 INFO  Loading command: forceskip.js 
22:03:57.564 INFO  Loading command: leave.js 
22:03:57.567 INFO  Loading command: lyrics.js 
22:03:57.569 INFO  Loading command: pause.js 
22:03:57.608 INFO  Loading command: play.js 
22:03:57.617 INFO  Loading command: queue.js 
22:03:57.630 INFO  Loading command: radio.js 
22:03:57.632 INFO  Loading command: remove.js 
22:03:57.637 INFO  Loading command: resume.js 
22:03:57.654 INFO  Loading command: shuffle.js 
22:03:57.662 INFO  Loading command: skipto.js 
22:03:57.659 INFO  Loading command: skip.js 
22:03:57.674 INFO  Loading command: song.js 
22:03:57.676 INFO  Loading command: volume.js 
22:03:57.697 INFO  Loading command: fortnite.js 
22:03:58.234 INFO  Loading command: image.js 
22:03:58.237 INFO  Loading command: instagram.js 
22:03:58.267 INFO  Loading command: mc.js 
22:03:58.272 INFO  Loading command: nsfw.js 
22:03:58.447 INFO  Loading command: r6.js 
22:03:58.450 INFO  Loading command: reddit.js 
22:03:58.459 INFO  Loading command: steam.js 
22:03:58.461 INFO  Loading command: twitch.js 
22:03:58.464 INFO  Loading command: startmusictrivia.js 
22:03:58.469 INFO  Loading command: stopmusictrivia.js 
22:03:58.473 INFO  Loading command: help.js 
22:03:58.484 INFO  Loading command: invite.js 
22:03:58.488 INFO  Loading command: status.js 
22:03:58.494 INFO  Loading command: support.js 
22:03:58.497 INFO  Loading Event: channelCreate 
22:03:58.495 INFO  Loading a total of 27 events. 
22:03:58.499 INFO  Loading Event: channelDelete 
22:03:58.502 INFO  Loading Event: channelUpdate 
22:03:58.509 INFO  Loading Event: emojiCreate 
22:03:58.514 INFO  Loading Event: emojiDelete 
22:03:58.520 INFO  Loading Event: emojiUpdate 
22:03:58.527 INFO  Loading Event: error 
22:03:58.528 INFO  Loading Event: guildBanAdd 
22:03:58.530 INFO  Loading Event: guildBanRemove 
22:03:58.537 INFO  Loading Event: guildCreate 
22:03:58.552 INFO  Loading Event: guildDelete 
22:03:58.553 INFO  Loading Event: guildMemberAdd 
22:03:58.555 INFO  Loading Event: guildMemberRemove 
22:03:58.560 INFO  Loading Event: guildMemberUpdate 
22:03:58.569 INFO  Loading Event: guildUnavailable 
22:03:58.571 INFO  Loading Event: guildUpdate 
22:03:58.579 INFO  Loading Event: message 
22:03:58.583 INFO  Loading Event: messageDelete 
22:03:58.584 INFO  Loading Event: messageDeleteBulk 
22:03:58.593 INFO  Loading Event: messageReactionRemove 
22:03:58.591 INFO  Loading Event: messageReactionAdd 
22:03:58.595 INFO  Loading Event: messageUpdate 
22:03:58.597 INFO  Loading Event: ready 
22:03:58.598 INFO  Loading Event: roleCreate 
22:03:58.604 INFO  Loading Event: roleDelete 
22:03:58.607 INFO  Loading Event: roleUpdate 
22:03:58.609 INFO  Loading Event: warning 
22:03:59.030 INFO  Bot dashboard is coming online 
22:03:59.124 INFO  Bot dashboard is online 
22:03:59.163 INFO  Mongoose connection successfully opened 
22:03:59.935 INFO  EggLord#9100, ready to serve [723] users in [5] servers. 
22:03:59.935 INFO  -=-=-=-=-=-=-=-=-=-=-=-=-=-=-=-=-=-=-=-=-=-=-=-=-=-=-=-= 
22:03:59.934 INFO  -=-=-=-=-=-=-=-=-=-=-=-=-=-=-=-=-=-=-=-=-=-=-=-=-=-=-=-= 
22:04:41.397 INFO  Shard 0 launched 
22:04:42.684 INFO  Loading command: fact.js 
22:04:42.686 INFO  Loading command: flip.js 
22:04:42.708 INFO  Loading command: meme.js 
22:04:42.710 INFO  Loading command: ping.js 
22:04:42.711 INFO  Loading command: random.js 
22:04:42.714 INFO  Loading command: rps.js 
22:04:42.715 INFO  Loading command: uptime.js 
22:04:42.720 INFO  Loading command: ban.js 
22:04:42.722 INFO  Loading command: clear.js 
22:04:42.724 INFO  Loading command: dashboard.js 
22:04:42.727 INFO  Loading command: deafen.js 
22:04:42.729 INFO  Loading command: kick.js 
22:04:42.732 INFO  Loading command: mute.js 
22:04:42.734 INFO  Loading command: nick.js 
22:04:42.736 INFO  Loading command: poll.js 
22:04:42.738 INFO  Loading command: report.js 
22:04:42.741 INFO  Loading command: role-info.js 
22:04:42.747 INFO  Loading command: unban.js 
22:04:42.745 INFO  Loading command: server-info.js 
22:04:42.749 INFO  Loading command: undeafen.js 
22:04:42.750 INFO  Loading command: unmute.js 
22:04:42.754 INFO  Loading command: user-info.js 
22:04:42.757 INFO  Loading command: verify.js 
22:04:42.760 INFO  Loading command: warn.js 
22:04:42.769 INFO  Loading command: addban.js 
22:04:42.771 INFO  Loading command: eval.js 
22:04:42.773 INFO  Loading command: reload.js 
22:04:42.774 INFO  Loading command: shutdown.js 
22:04:42.784 INFO  Loading command: leaderboard.js 
22:04:42.777 INFO  Loading command: suggestion.js 
22:04:42.786 INFO  Loading command: level.js 
22:04:42.800 INFO  Loading command: fortnite.js 
22:04:43.389 INFO  Loading command: image.js 
22:04:43.392 INFO  Loading command: instagram.js 
22:04:43.419 INFO  Loading command: mc.js 
22:04:43.422 INFO  Loading command: nsfw.js 
22:04:43.523 INFO  Loading command: r6.js 
22:04:43.525 INFO  Loading command: reddit.js 
22:04:43.529 INFO  Loading command: steam.js 
22:04:43.532 INFO  Loading command: twitch.js 
22:04:43.628 INFO  Loading command: add-playlist.js 
22:04:43.760 INFO  Loading command: find.js 
22:04:43.763 INFO  Loading command: forceskip.js 
22:04:43.764 INFO  Loading command: leave.js 
22:04:43.771 INFO  Loading command: lyrics.js 
22:04:43.773 INFO  Loading command: pause.js 
22:04:43.787 INFO  Loading command: play.js 
22:04:43.789 INFO  Loading command: queue.js 
22:04:43.791 INFO  Loading command: radio.js 
22:04:43.792 INFO  Loading command: remove.js 
22:04:43.793 INFO  Loading command: resume.js 
22:04:43.795 INFO  Loading command: shuffle.js 
22:04:43.796 INFO  Loading command: skip.js 
22:04:43.798 INFO  Loading command: skipto.js 
22:04:43.802 INFO  Loading command: song.js 
22:04:43.804 INFO  Loading command: volume.js 
22:04:43.806 INFO  Loading command: startmusictrivia.js 
22:04:43.807 INFO  Loading command: stopmusictrivia.js 
22:04:43.811 INFO  Loading command: help.js 
22:04:43.813 INFO  Loading command: invite.js 
22:04:43.816 INFO  Loading command: support.js 
22:04:43.817 INFO  Loading a total of 27 events. 
22:04:43.818 INFO  Loading Event: channelCreate 
22:04:43.821 INFO  Loading Event: channelDelete 
22:04:43.823 INFO  Loading Event: channelUpdate 
22:04:43.815 INFO  Loading command: status.js 
22:04:43.826 INFO  Loading Event: emojiCreate 
22:04:43.828 INFO  Loading Event: emojiDelete 
22:04:43.830 INFO  Loading Event: emojiUpdate 
22:04:43.833 INFO  Loading Event: error 
22:04:43.836 INFO  Loading Event: guildBanAdd 
22:04:43.838 INFO  Loading Event: guildBanRemove 
22:04:43.840 INFO  Loading Event: guildCreate 
22:04:43.848 INFO  Loading Event: guildDelete 
22:04:43.849 INFO  Loading Event: guildMemberAdd 
22:04:43.851 INFO  Loading Event: guildMemberRemove 
22:04:43.854 INFO  Loading Event: guildMemberUpdate 
22:04:43.856 INFO  Loading Event: guildUnavailable 
22:04:43.857 INFO  Loading Event: guildUpdate 
22:04:43.859 INFO  Loading Event: message 
22:04:43.862 INFO  Loading Event: messageDelete 
22:04:43.864 INFO  Loading Event: messageDeleteBulk 
22:04:43.867 INFO  Loading Event: messageReactionAdd 
22:04:43.868 INFO  Loading Event: messageReactionRemove 
22:04:43.870 INFO  Loading Event: messageUpdate 
22:04:43.873 INFO  Loading Event: ready 
22:04:43.875 INFO  Loading Event: roleCreate 
22:04:43.878 INFO  Loading Event: roleDelete 
22:04:43.880 INFO  Loading Event: roleUpdate 
22:04:43.883 INFO  Loading Event: warning 
22:04:44.207 INFO  Bot dashboard is coming online 
22:04:44.268 INFO  Bot dashboard is online 
22:04:44.306 INFO  Mongoose connection successfully opened 
22:04:44.978 INFO  -=-=-=-=-=-=-=-=-=-=-=-=-=-=-=-=-=-=-=-=-=-=-=-=-=-=-=-= 
22:04:44.977 INFO  -=-=-=-=-=-=-=-=-=-=-=-=-=-=-=-=-=-=-=-=-=-=-=-=-=-=-=-= 
22:04:44.977 INFO  EggLord#9100, ready to serve [723] users in [5] servers. 
22:05:57.589 INFO  Shard 0 launched 
22:05:58.873 INFO  Loading command: fact.js 
22:05:58.875 INFO  Loading command: flip.js 
22:05:58.886 INFO  Loading command: meme.js 
22:05:58.888 INFO  Loading command: ping.js 
22:05:58.890 INFO  Loading command: random.js 
22:05:58.891 INFO  Loading command: rps.js 
22:05:58.893 INFO  Loading command: uptime.js 
22:05:58.897 INFO  Loading command: ban.js 
22:05:58.898 INFO  Loading command: clear.js 
22:05:58.900 INFO  Loading command: dashboard.js 
22:05:58.901 INFO  Loading command: deafen.js 
22:05:58.903 INFO  Loading command: kick.js 
22:05:58.904 INFO  Loading command: mute.js 
22:05:58.906 INFO  Loading command: nick.js 
22:05:58.907 INFO  Loading command: poll.js 
22:05:58.909 INFO  Loading command: report.js 
22:05:58.912 INFO  Loading command: role-info.js 
22:05:58.916 INFO  Loading command: server-info.js 
22:05:58.918 INFO  Loading command: unban.js 
22:05:58.920 INFO  Loading command: undeafen.js 
22:05:58.921 INFO  Loading command: unmute.js 
22:05:58.923 INFO  Loading command: user-info.js 
22:05:58.925 INFO  Loading command: verify.js 
22:05:58.931 INFO  Loading command: addban.js 
22:05:58.927 INFO  Loading command: warn.js 
22:05:58.933 INFO  Loading command: eval.js 
22:05:58.934 INFO  Loading command: reload.js 
22:05:58.935 INFO  Loading command: shutdown.js 
22:05:58.937 INFO  Loading command: suggestion.js 
22:05:58.941 INFO  Loading command: leaderboard.js 
22:05:58.943 INFO  Loading command: level.js 
22:05:59.056 INFO  Loading command: add-playlist.js 
22:05:59.276 INFO  Loading command: find.js 
22:05:59.279 INFO  Loading command: leave.js 
22:05:59.277 INFO  Loading command: forceskip.js 
22:05:59.282 INFO  Loading command: lyrics.js 
22:05:59.284 INFO  Loading command: pause.js 
22:05:59.300 INFO  Loading command: play.js 
22:05:59.302 INFO  Loading command: queue.js 
22:05:59.304 INFO  Loading command: radio.js 
22:05:59.305 INFO  Loading command: remove.js 
22:05:59.307 INFO  Loading command: resume.js 
22:05:59.308 INFO  Loading command: shuffle.js 
22:05:59.309 INFO  Loading command: skip.js 
22:05:59.310 INFO  Loading command: skipto.js 
22:05:59.316 INFO  Loading command: song.js 
22:05:59.317 INFO  Loading command: volume.js 
22:05:59.330 INFO  Loading command: fortnite.js 
22:05:59.826 INFO  Loading command: image.js 
22:05:59.828 INFO  Loading command: instagram.js 
22:05:59.854 INFO  Loading command: mc.js 
22:05:59.857 INFO  Loading command: nsfw.js 
22:05:59.968 INFO  Loading command: reddit.js 
22:05:59.967 INFO  Loading command: r6.js 
22:05:59.973 INFO  Loading command: steam.js 
22:05:59.974 INFO  Loading command: twitch.js 
22:05:59.977 INFO  Loading command: startmusictrivia.js 
22:05:59.979 INFO  Loading command: stopmusictrivia.js 
22:05:59.983 INFO  Loading command: help.js 
22:05:59.985 INFO  Loading command: invite.js 
22:05:59.986 INFO  Loading command: status.js 
22:05:59.988 INFO  Loading command: support.js 
22:05:59.989 INFO  Loading a total of 27 events. 
22:05:59.989 INFO  Loading Event: channelCreate 
22:05:59.991 INFO  Loading Event: channelDelete 
22:05:59.994 INFO  Loading Event: channelUpdate 
22:05:59.996 INFO  Loading Event: emojiCreate 
22:05:59.998 INFO  Loading Event: emojiDelete 
22:05:59.999 INFO  Loading Event: emojiUpdate 
22:06:00.001 INFO  Loading Event: error 
22:06:00.002 INFO  Loading Event: guildBanAdd 
22:06:00.009 INFO  Loading Event: guildBanRemove 
22:06:00.014 INFO  Loading Event: guildCreate 
22:06:00.030 INFO  Loading Event: guildDelete 
22:06:00.037 INFO  Loading Event: guildMemberAdd 
22:06:00.040 INFO  Loading Event: guildMemberRemove 
22:06:00.047 INFO  Loading Event: guildMemberUpdate 
22:06:00.052 INFO  Loading Event: guildUnavailable 
22:06:00.054 INFO  Loading Event: guildUpdate 
22:06:00.057 INFO  Loading Event: message 
22:06:00.060 INFO  Loading Event: messageDelete 
22:06:00.062 INFO  Loading Event: messageDeleteBulk 
22:06:00.065 INFO  Loading Event: messageReactionAdd 
22:06:00.067 INFO  Loading Event: messageReactionRemove 
22:06:00.073 INFO  Loading Event: messageUpdate 
22:06:00.075 INFO  Loading Event: ready 
22:06:00.077 INFO  Loading Event: roleCreate 
22:06:00.079 INFO  Loading Event: roleDelete 
22:06:00.081 INFO  Loading Event: roleUpdate 
22:06:00.083 INFO  Loading Event: warning 
22:06:00.397 INFO  Bot dashboard is coming online 
22:06:00.476 INFO  Bot dashboard is online 
22:06:00.515 INFO  Mongoose connection successfully opened 
22:06:01.239 INFO  -=-=-=-=-=-=-=-=-=-=-=-=-=-=-=-=-=-=-=-=-=-=-=-=-=-=-=-= 
22:06:01.239 INFO  EggLord#9100, ready to serve [723] users in [5] servers. 
22:06:01.240 INFO  -=-=-=-=-=-=-=-=-=-=-=-=-=-=-=-=-=-=-=-=-=-=-=-=-=-=-=-= 
22:06:32.110 INFO  Shard 0 launched 
22:06:33.473 INFO  Loading command: fact.js 
22:06:33.475 INFO  Loading command: flip.js 
22:06:33.487 INFO  Loading command: meme.js 
22:06:33.489 INFO  Loading command: ping.js 
22:06:33.491 INFO  Loading command: random.js 
22:06:33.494 INFO  Loading command: rps.js 
22:06:33.496 INFO  Loading command: uptime.js 
22:06:33.500 INFO  Loading command: ban.js 
22:06:33.501 INFO  Loading command: clear.js 
22:06:33.502 INFO  Loading command: dashboard.js 
22:06:33.504 INFO  Loading command: deafen.js 
22:06:33.507 INFO  Loading command: kick.js 
22:06:33.508 INFO  Loading command: mute.js 
22:06:33.509 INFO  Loading command: nick.js 
22:06:33.511 INFO  Loading command: poll.js 
22:06:33.514 INFO  Loading command: report.js 
22:06:33.516 INFO  Loading command: role-info.js 
22:06:33.518 INFO  Loading command: server-info.js 
22:06:33.523 INFO  Loading command: unban.js 
22:06:33.525 INFO  Loading command: undeafen.js 
22:06:33.526 INFO  Loading command: unmute.js 
22:06:33.528 INFO  Loading command: user-info.js 
22:06:33.529 INFO  Loading command: verify.js 
22:06:33.530 INFO  Loading command: warn.js 
22:06:33.535 INFO  Loading command: addban.js 
22:06:33.536 INFO  Loading command: eval.js 
22:06:33.537 INFO  Loading command: reload.js 
22:06:33.539 INFO  Loading command: shutdown.js 
22:06:33.550 INFO  Loading command: leaderboard.js 
22:06:33.541 INFO  Loading command: suggestion.js 
22:06:33.553 INFO  Loading command: level.js 
22:06:33.669 INFO  Loading command: add-playlist.js 
22:06:33.858 INFO  Loading command: find.js 
22:06:33.859 INFO  Loading command: forceskip.js 
22:06:33.860 INFO  Loading command: leave.js 
22:06:33.862 INFO  Loading command: lyrics.js 
22:06:33.864 INFO  Loading command: pause.js 
22:06:33.877 INFO  Loading command: play.js 
22:06:33.882 INFO  Loading command: queue.js 
22:06:33.886 INFO  Loading command: radio.js 
22:06:33.888 INFO  Loading command: remove.js 
22:06:33.889 INFO  Loading command: resume.js 
22:06:33.890 INFO  Loading command: shuffle.js 
22:06:33.891 INFO  Loading command: skip.js 
22:06:33.894 INFO  Loading command: skipto.js 
22:06:33.896 INFO  Loading command: song.js 
22:06:33.897 INFO  Loading command: volume.js 
22:06:33.908 INFO  Loading command: fortnite.js 
22:06:34.394 INFO  Loading command: image.js 
22:06:34.397 INFO  Loading command: instagram.js 
22:06:34.419 INFO  Loading command: mc.js 
22:06:34.423 INFO  Loading command: nsfw.js 
22:06:34.512 INFO  Loading command: r6.js 
22:06:34.514 INFO  Loading command: reddit.js 
22:06:34.517 INFO  Loading command: steam.js 
22:06:34.519 INFO  Loading command: twitch.js 
22:06:34.521 INFO  Loading command: startmusictrivia.js 
22:06:34.523 INFO  Loading command: stopmusictrivia.js 
22:06:34.525 INFO  Loading command: help.js 
22:06:34.526 INFO  Loading command: invite.js 
22:06:34.528 INFO  Loading command: status.js 
22:06:34.530 INFO  Loading command: support.js 
22:06:34.531 INFO  Loading a total of 27 events. 
22:06:34.533 INFO  Loading Event: channelCreate 
22:06:34.535 INFO  Loading Event: channelDelete 
22:06:34.538 INFO  Loading Event: channelUpdate 
22:06:34.539 INFO  Loading Event: emojiCreate 
22:06:34.541 INFO  Loading Event: emojiDelete 
22:06:34.543 INFO  Loading Event: emojiUpdate 
22:06:34.544 INFO  Loading Event: error 
22:06:34.546 INFO  Loading Event: guildBanAdd 
22:06:34.548 INFO  Loading Event: guildBanRemove 
22:06:34.549 INFO  Loading Event: guildCreate 
22:06:34.557 INFO  Loading Event: guildDelete 
22:06:34.558 INFO  Loading Event: guildMemberAdd 
22:06:34.560 INFO  Loading Event: guildMemberRemove 
22:06:34.563 INFO  Loading Event: guildMemberUpdate 
22:06:34.566 INFO  Loading Event: guildUnavailable 
22:06:34.567 INFO  Loading Event: guildUpdate 
22:06:34.568 INFO  Loading Event: message 
22:06:34.570 INFO  Loading Event: messageDelete 
22:06:34.572 INFO  Loading Event: messageDeleteBulk 
22:06:34.574 INFO  Loading Event: messageReactionAdd 
22:06:34.577 INFO  Loading Event: messageReactionRemove 
22:06:34.580 INFO  Loading Event: messageUpdate 
22:06:34.584 INFO  Loading Event: ready 
22:06:34.586 INFO  Loading Event: roleCreate 
22:06:34.589 INFO  Loading Event: roleDelete 
22:06:34.592 INFO  Loading Event: roleUpdate 
22:06:34.594 INFO  Loading Event: warning 
22:06:34.867 INFO  Bot dashboard is coming online 
22:06:34.924 INFO  Bot dashboard is online 
22:06:34.967 INFO  Mongoose connection successfully opened 
22:06:35.659 INFO  -=-=-=-=-=-=-=-=-=-=-=-=-=-=-=-=-=-=-=-=-=-=-=-=-=-=-=-= 
22:06:35.659 INFO  EggLord#9100, ready to serve [723] users in [5] servers. 
22:06:35.660 INFO  -=-=-=-=-=-=-=-=-=-=-=-=-=-=-=-=-=-=-=-=-=-=-=-=-=-=-=-= 
22:37:54.757 INFO  [GUILD JOIN] disbots.gg (726536261149655053) added the bot. 
22:39:05.922 INFO  Shard 0 launched 
22:39:07.142 INFO  Loading command: flip.js 
22:39:07.140 INFO  Loading command: fact.js 
22:39:07.154 INFO  Loading command: meme.js 
22:39:07.155 INFO  Loading command: ping.js 
22:39:07.157 INFO  Loading command: random.js 
22:39:07.159 INFO  Loading command: rps.js 
22:39:07.161 INFO  Loading command: uptime.js 
22:39:07.165 INFO  Loading command: ban.js 
22:39:07.166 INFO  Loading command: clear.js 
22:39:07.167 INFO  Loading command: dashboard.js 
22:39:07.170 INFO  Loading command: deafen.js 
22:39:07.172 INFO  Loading command: kick.js 
22:39:07.174 INFO  Loading command: mute.js 
22:39:07.175 INFO  Loading command: nick.js 
22:39:07.178 INFO  Loading command: poll.js 
22:39:07.180 INFO  Loading command: report.js 
22:39:07.182 INFO  Loading command: role-info.js 
22:39:07.184 INFO  Loading command: server-info.js 
22:39:07.186 INFO  Loading command: unban.js 
22:39:07.188 INFO  Loading command: undeafen.js 
22:39:07.190 INFO  Loading command: unmute.js 
22:39:07.191 INFO  Loading command: user-info.js 
22:39:07.193 INFO  Loading command: verify.js 
22:39:07.194 INFO  Loading command: warn.js 
22:39:07.198 INFO  Loading command: addban.js 
22:39:07.200 INFO  Loading command: eval.js 
22:39:07.203 INFO  Loading command: reload.js 
22:39:07.208 INFO  Loading command: shutdown.js 
22:39:07.219 INFO  Loading command: suggestion.js 
22:39:07.224 INFO  Loading command: leaderboard.js 
22:39:07.226 INFO  Loading command: level.js 
22:39:07.332 INFO  Loading command: add-playlist.js 
22:39:07.529 INFO  Loading command: find.js 
22:39:07.531 INFO  Loading command: forceskip.js 
22:39:07.533 INFO  Loading command: leave.js 
22:39:07.535 INFO  Loading command: lyrics.js 
22:39:07.537 INFO  Loading command: pause.js 
22:39:07.551 INFO  Loading command: play.js 
22:39:07.553 INFO  Loading command: queue.js 
22:39:07.555 INFO  Loading command: radio.js 
22:39:07.557 INFO  Loading command: remove.js 
22:39:07.558 INFO  Loading command: resume.js 
22:39:07.560 INFO  Loading command: shuffle.js 
22:39:07.561 INFO  Loading command: skip.js 
22:39:07.562 INFO  Loading command: skipto.js 
22:39:07.566 INFO  Loading command: song.js 
22:39:07.568 INFO  Loading command: volume.js 
22:39:07.581 INFO  Loading command: fortnite.js 
22:39:08.133 INFO  Loading command: image.js 
22:39:08.137 INFO  Loading command: instagram.js 
22:39:08.162 INFO  Loading command: mc.js 
22:39:08.164 INFO  Loading command: nsfw.js 
22:39:08.257 INFO  Loading command: r6.js 
22:39:08.259 INFO  Loading command: reddit.js 
22:39:08.263 INFO  Loading command: steam.js 
22:39:08.265 INFO  Loading command: twitch.js 
22:39:08.267 INFO  Loading command: startmusictrivia.js 
22:39:08.270 INFO  Loading command: stopmusictrivia.js 
22:39:08.272 INFO  Loading command: help.js 
22:39:08.274 INFO  Loading command: invite.js 
22:39:08.279 INFO  Loading command: support.js 
22:39:08.276 INFO  Loading command: status.js 
22:39:08.280 INFO  Loading a total of 27 events. 
22:39:08.281 INFO  Loading Event: channelCreate 
22:39:08.283 INFO  Loading Event: channelDelete 
22:39:08.286 INFO  Loading Event: channelUpdate 
22:39:08.288 INFO  Loading Event: emojiCreate 
22:39:08.290 INFO  Loading Event: emojiDelete 
22:39:08.292 INFO  Loading Event: emojiUpdate 
22:39:08.294 INFO  Loading Event: error 
22:39:08.295 INFO  Loading Event: guildBanAdd 
22:39:08.297 INFO  Loading Event: guildBanRemove 
22:39:08.299 INFO  Loading Event: guildCreate 
22:39:08.311 INFO  Loading Event: guildDelete 
22:39:08.312 INFO  Loading Event: guildMemberAdd 
22:39:08.313 INFO  Loading Event: guildMemberRemove 
22:39:08.317 INFO  Loading Event: guildMemberUpdate 
22:39:08.318 INFO  Loading Event: guildUnavailable 
22:39:08.320 INFO  Loading Event: guildUpdate 
22:39:08.322 INFO  Loading Event: message 
22:39:08.326 INFO  Loading Event: messageDelete 
22:39:08.330 INFO  Loading Event: messageDeleteBulk 
22:39:08.333 INFO  Loading Event: messageReactionAdd 
22:39:08.335 INFO  Loading Event: messageReactionRemove 
22:39:08.337 INFO  Loading Event: messageUpdate 
22:39:08.339 INFO  Loading Event: ready 
22:39:08.341 INFO  Loading Event: roleCreate 
22:39:08.343 INFO  Loading Event: roleDelete 
22:39:08.345 INFO  Loading Event: roleUpdate 
22:39:08.348 INFO  Loading Event: warning 
22:39:08.690 INFO  Bot dashboard is coming online 
22:39:08.745 INFO  Bot dashboard is online 
22:39:08.789 INFO  Mongoose connection successfully opened 
22:39:09.457 INFO  -=-=-=-=-=-=-=-=-=-=-=-=-=-=-=-=-=-=-=-=-=-=-=-=-=-=-=-= 
22:39:09.458 INFO  -=-=-=-=-=-=-=-=-=-=-=-=-=-=-=-=-=-=-=-=-=-=-=-=-=-=-=-= 
22:39:09.458 INFO  EggLord#9100, ready to serve [961] users in [6] servers. 
22:41:29.580 INFO  Website connection IP: 86.25.177.233, Location:Addlestone, United Kingdom. 
22:41:30.296 INFO  Website connection IP: 35.245.188.175, Location:Washington D.C., United States. 
22:42:40.039 INFO  Shard 0 launched 
22:42:41.526 INFO  Loading command: fact.js 
22:42:41.528 INFO  Loading command: flip.js 
22:42:41.539 INFO  Loading command: meme.js 
22:42:41.541 INFO  Loading command: ping.js 
22:42:41.542 INFO  Loading command: random.js 
22:42:41.544 INFO  Loading command: rps.js 
22:42:41.546 INFO  Loading command: uptime.js 
22:42:41.550 INFO  Loading command: addban.js 
22:42:41.551 INFO  Loading command: eval.js 
22:42:41.552 INFO  Loading command: reload.js 
22:42:41.553 INFO  Loading command: shutdown.js 
22:42:41.555 INFO  Loading command: suggestion.js 
22:42:41.559 INFO  Loading command: ban.js 
22:42:41.561 INFO  Loading command: clear.js 
22:42:41.563 INFO  Loading command: dashboard.js 
22:42:41.565 INFO  Loading command: deafen.js 
22:42:41.569 INFO  Loading command: kick.js 
22:42:41.571 INFO  Loading command: mute.js 
22:42:41.572 INFO  Loading command: nick.js 
22:42:41.575 INFO  Loading command: poll.js 
22:42:41.578 INFO  Loading command: report.js 
22:42:41.581 INFO  Loading command: role-info.js 
22:42:41.584 INFO  Loading command: server-info.js 
22:42:41.586 INFO  Loading command: unban.js 
22:42:41.588 INFO  Loading command: undeafen.js 
22:42:41.593 INFO  Loading command: unmute.js 
22:42:41.599 INFO  Loading command: user-info.js 
22:42:41.601 INFO  Loading command: verify.js 
22:42:41.603 INFO  Loading command: warn.js 
22:42:41.611 INFO  Loading command: leaderboard.js 
22:42:41.613 INFO  Loading command: level.js 
22:42:41.629 INFO  Loading command: fortnite.js 
22:42:42.250 INFO  Loading command: image.js 
22:42:42.253 INFO  Loading command: instagram.js 
22:42:42.282 INFO  Loading command: mc.js 
22:42:42.284 INFO  Loading command: nsfw.js 
22:42:42.382 INFO  Loading command: r6.js 
22:42:42.384 INFO  Loading command: reddit.js 
22:42:42.388 INFO  Loading command: steam.js 
22:42:42.391 INFO  Loading command: twitch.js 
22:42:42.393 INFO  Loading command: startmusictrivia.js 
22:42:42.395 INFO  Loading command: stopmusictrivia.js 
22:42:42.517 INFO  Loading command: add-playlist.js 
22:42:42.659 INFO  Loading command: find.js 
22:42:42.662 INFO  Loading command: forceskip.js 
22:42:42.663 INFO  Loading command: leave.js 
22:42:42.666 INFO  Loading command: lyrics.js 
22:42:42.667 INFO  Loading command: pause.js 
22:42:42.685 INFO  Loading command: play.js 
22:42:42.689 INFO  Loading command: queue.js 
22:42:42.691 INFO  Loading command: radio.js 
22:42:42.693 INFO  Loading command: remove.js 
22:42:42.694 INFO  Loading command: resume.js 
22:42:42.695 INFO  Loading command: shuffle.js 
22:42:42.696 INFO  Loading command: skip.js 
22:42:42.697 INFO  Loading command: skipto.js 
22:42:42.702 INFO  Loading command: song.js 
22:42:42.703 INFO  Loading command: volume.js 
22:42:42.706 INFO  Loading command: help.js 
22:42:42.708 INFO  Loading command: invite.js 
22:42:42.710 INFO  Loading command: status.js 
22:42:42.711 INFO  Loading command: support.js 
22:42:42.712 INFO  Loading a total of 27 events. 
22:42:42.713 INFO  Loading Event: channelCreate 
22:42:42.716 INFO  Loading Event: channelDelete 
22:42:42.718 INFO  Loading Event: channelUpdate 
22:42:42.721 INFO  Loading Event: emojiCreate 
22:42:42.723 INFO  Loading Event: emojiDelete 
22:42:42.725 INFO  Loading Event: emojiUpdate 
22:42:42.729 INFO  Loading Event: error 
22:42:42.730 INFO  Loading Event: guildBanAdd 
22:42:42.732 INFO  Loading Event: guildBanRemove 
22:42:42.734 INFO  Loading Event: guildCreate 
22:42:42.744 INFO  Loading Event: guildDelete 
22:42:42.745 INFO  Loading Event: guildMemberAdd 
22:42:42.747 INFO  Loading Event: guildMemberRemove 
22:42:42.750 INFO  Loading Event: guildMemberUpdate 
22:42:42.753 INFO  Loading Event: guildUnavailable 
22:42:42.756 INFO  Loading Event: guildUpdate 
22:42:42.758 INFO  Loading Event: message 
22:42:42.760 INFO  Loading Event: messageDelete 
22:42:42.762 INFO  Loading Event: messageDeleteBulk 
22:42:42.764 INFO  Loading Event: messageReactionAdd 
22:42:42.765 INFO  Loading Event: messageReactionRemove 
22:42:42.770 INFO  Loading Event: messageUpdate 
22:42:42.772 INFO  Loading Event: ready 
22:42:42.773 INFO  Loading Event: roleCreate 
22:42:42.775 INFO  Loading Event: roleDelete 
22:42:42.776 INFO  Loading Event: roleUpdate 
22:42:42.778 INFO  Loading Event: warning 
22:42:43.066 INFO  Bot dashboard is coming online 
22:42:43.120 INFO  Bot dashboard is online 
22:42:43.154 INFO  Mongoose connection successfully opened 
22:42:43.426 INFO  Website connection IP: 86.25.177.233, Location:Addlestone, United Kingdom. 
22:42:43.787 INFO  -=-=-=-=-=-=-=-=-=-=-=-=-=-=-=-=-=-=-=-=-=-=-=-=-=-=-=-= 
22:42:43.789 INFO  -=-=-=-=-=-=-=-=-=-=-=-=-=-=-=-=-=-=-=-=-=-=-=-=-=-=-=-= 
22:42:43.788 INFO  EggLord#9100, ready to serve [961] users in [6] servers. 
22:42:44.979 INFO  Website connection IP: 86.25.177.233, Location:Addlestone, United Kingdom. 
22:42:57.710 INFO  Shard 0 launched 
22:42:58.767 INFO  Loading command: fact.js 
22:42:58.769 INFO  Loading command: flip.js 
22:42:58.778 INFO  Loading command: meme.js 
22:42:58.780 INFO  Loading command: ping.js 
22:42:58.781 INFO  Loading command: random.js 
22:42:58.783 INFO  Loading command: rps.js 
22:42:58.785 INFO  Loading command: uptime.js 
22:42:58.788 INFO  Loading command: addban.js 
22:42:58.789 INFO  Loading command: eval.js 
22:42:58.790 INFO  Loading command: reload.js 
22:42:58.791 INFO  Loading command: shutdown.js 
22:42:58.793 INFO  Loading command: suggestion.js 
22:42:58.795 INFO  Loading command: leaderboard.js 
22:42:58.797 INFO  Loading command: level.js 
22:42:58.874 INFO  Loading command: add-playlist.js 
22:42:59.030 INFO  Loading command: find.js 
22:42:59.031 INFO  Loading command: forceskip.js 
22:42:59.032 INFO  Loading command: leave.js 
22:42:59.035 INFO  Loading command: lyrics.js 
22:42:59.036 INFO  Loading command: pause.js 
22:42:59.049 INFO  Loading command: play.js 
22:42:59.051 INFO  Loading command: queue.js 
22:42:59.053 INFO  Loading command: radio.js 
22:42:59.055 INFO  Loading command: remove.js 
22:42:59.056 INFO  Loading command: resume.js 
22:42:59.058 INFO  Loading command: shuffle.js 
22:42:59.059 INFO  Loading command: skip.js 
22:42:59.060 INFO  Loading command: skipto.js 
22:42:59.063 INFO  Loading command: song.js 
22:42:59.065 INFO  Loading command: volume.js 
22:42:59.074 INFO  Loading command: fortnite.js 
22:42:59.494 INFO  Loading command: image.js 
22:42:59.499 INFO  Loading command: instagram.js 
22:42:59.521 INFO  Loading command: mc.js 
22:42:59.523 INFO  Loading command: nsfw.js 
22:42:59.597 INFO  Loading command: r6.js 
22:42:59.600 INFO  Loading command: reddit.js 
22:42:59.603 INFO  Loading command: steam.js 
22:42:59.604 INFO  Loading command: twitch.js 
22:42:59.606 INFO  Loading command: startmusictrivia.js 
22:42:59.607 INFO  Loading command: stopmusictrivia.js 
22:42:59.610 INFO  Loading command: help.js 
22:42:59.612 INFO  Loading command: invite.js 
22:42:59.613 INFO  Loading command: status.js 
22:42:59.615 INFO  Loading command: support.js 
22:42:59.618 INFO  Loading command: ban.js 
22:42:59.619 INFO  Loading command: clear.js 
22:42:59.620 INFO  Loading command: dashboard.js 
22:42:59.622 INFO  Loading command: deafen.js 
22:42:59.624 INFO  Loading command: kick.js 
22:42:59.625 INFO  Loading command: mute.js 
22:42:59.627 INFO  Loading command: nick.js 
22:42:59.628 INFO  Loading command: poll.js 
22:42:59.630 INFO  Loading command: report.js 
22:42:59.633 INFO  Loading command: role-info.js 
22:42:59.635 INFO  Loading command: server-info.js 
22:42:59.637 INFO  Loading command: unban.js 
22:42:59.638 INFO  Loading command: undeafen.js 
22:42:59.640 INFO  Loading command: unmute.js 
22:42:59.642 INFO  Loading command: user-info.js 
22:42:59.643 INFO  Loading command: verify.js 
22:42:59.645 INFO  Loading command: warn.js 
22:42:59.646 INFO  Loading a total of 27 events. 
22:42:59.647 INFO  Loading Event: channelCreate 
22:42:59.649 INFO  Loading Event: channelDelete 
22:42:59.650 INFO  Loading Event: channelUpdate 
22:42:59.652 INFO  Loading Event: emojiCreate 
22:42:59.654 INFO  Loading Event: emojiDelete 
22:42:59.655 INFO  Loading Event: emojiUpdate 
22:42:59.657 INFO  Loading Event: error 
22:42:59.658 INFO  Loading Event: guildBanAdd 
22:42:59.660 INFO  Loading Event: guildBanRemove 
22:42:59.662 INFO  Loading Event: guildCreate 
22:42:59.670 INFO  Loading Event: guildDelete 
22:42:59.671 INFO  Loading Event: guildMemberAdd 
22:42:59.673 INFO  Loading Event: guildMemberRemove 
22:42:59.676 INFO  Loading Event: guildMemberUpdate 
22:42:59.679 INFO  Loading Event: guildUnavailable 
22:42:59.680 INFO  Loading Event: guildUpdate 
22:42:59.681 INFO  Loading Event: message 
22:42:59.683 INFO  Loading Event: messageDelete 
22:42:59.685 INFO  Loading Event: messageDeleteBulk 
22:42:59.687 INFO  Loading Event: messageReactionAdd 
22:42:59.688 INFO  Loading Event: messageReactionRemove 
22:42:59.690 INFO  Loading Event: messageUpdate 
22:42:59.693 INFO  Loading Event: ready 
22:42:59.694 INFO  Loading Event: roleCreate 
22:42:59.695 INFO  Loading Event: roleDelete 
22:42:59.697 INFO  Loading Event: roleUpdate 
22:42:59.698 INFO  Loading Event: warning 
22:42:59.965 INFO  Bot dashboard is coming online 
22:43:00.020 INFO  Bot dashboard is online 
22:43:00.052 INFO  Mongoose connection successfully opened 
22:43:00.721 INFO  EggLord#9100, ready to serve [961] users in [6] servers. 
22:43:00.722 INFO  -=-=-=-=-=-=-=-=-=-=-=-=-=-=-=-=-=-=-=-=-=-=-=-=-=-=-=-= 
22:43:00.721 INFO  -=-=-=-=-=-=-=-=-=-=-=-=-=-=-=-=-=-=-=-=-=-=-=-=-=-=-=-= 
22:43:03.433 INFO  Website connection IP: 86.25.177.233, Location:Addlestone, United Kingdom. 
22:43:21.637 INFO  Website connection IP: 86.25.177.233, Location:Addlestone, United Kingdom. 
22:43:30.710 INFO  Website connection IP: 86.25.177.233, Location:Addlestone, United Kingdom. 
22:44:53.799 INFO  Shard 0 launched 
22:44:54.891 INFO  Loading command: fact.js 
22:44:54.893 INFO  Loading command: flip.js 
22:44:54.904 INFO  Loading command: meme.js 
22:44:54.905 INFO  Loading command: ping.js 
22:44:54.906 INFO  Loading command: random.js 
22:44:54.908 INFO  Loading command: rps.js 
22:44:54.909 INFO  Loading command: uptime.js 
22:44:54.914 INFO  Loading command: ban.js 
22:44:54.915 INFO  Loading command: clear.js 
22:44:54.916 INFO  Loading command: dashboard.js 
22:44:54.918 INFO  Loading command: deafen.js 
22:44:54.919 INFO  Loading command: kick.js 
22:44:54.922 INFO  Loading command: mute.js 
22:44:54.923 INFO  Loading command: nick.js 
22:44:54.925 INFO  Loading command: poll.js 
22:44:54.927 INFO  Loading command: report.js 
22:44:54.929 INFO  Loading command: role-info.js 
22:44:54.931 INFO  Loading command: server-info.js 
22:44:54.932 INFO  Loading command: unban.js 
22:44:54.934 INFO  Loading command: undeafen.js 
22:44:54.936 INFO  Loading command: unmute.js 
22:44:54.939 INFO  Loading command: user-info.js 
22:44:54.941 INFO  Loading command: verify.js 
22:44:54.945 INFO  Loading command: addban.js 
22:44:54.942 INFO  Loading command: warn.js 
22:44:54.946 INFO  Loading command: eval.js 
22:44:54.947 INFO  Loading command: reload.js 
22:44:54.948 INFO  Loading command: shutdown.js 
22:44:54.950 INFO  Loading command: suggestion.js 
22:44:54.967 INFO  Loading command: leaderboard.js 
22:44:54.970 INFO  Loading command: level.js 
22:44:55.054 INFO  Loading command: add-playlist.js 
22:44:55.222 INFO  Loading command: find.js 
22:44:55.223 INFO  Loading command: forceskip.js 
22:44:55.224 INFO  Loading command: leave.js 
22:44:55.226 INFO  Loading command: lyrics.js 
22:44:55.227 INFO  Loading command: pause.js 
22:44:55.245 INFO  Loading command: play.js 
22:44:55.247 INFO  Loading command: queue.js 
22:44:55.249 INFO  Loading command: radio.js 
22:44:55.251 INFO  Loading command: remove.js 
22:44:55.253 INFO  Loading command: shuffle.js 
22:44:55.252 INFO  Loading command: resume.js 
22:44:55.256 INFO  Loading command: skipto.js 
22:44:55.260 INFO  Loading command: volume.js 
22:44:55.270 INFO  Loading command: fortnite.js 
22:44:55.732 INFO  Loading command: image.js 
22:44:55.254 INFO  Loading command: skip.js 
22:44:55.259 INFO  Loading command: song.js 
22:44:55.735 INFO  Loading command: instagram.js 
22:44:55.758 INFO  Loading command: mc.js 
22:44:55.760 INFO  Loading command: nsfw.js 
22:44:55.842 INFO  Loading command: r6.js 
22:44:55.844 INFO  Loading command: reddit.js 
22:44:55.848 INFO  Loading command: steam.js 
22:44:55.850 INFO  Loading command: twitch.js 
22:44:55.852 INFO  Loading command: startmusictrivia.js 
22:44:55.853 INFO  Loading command: stopmusictrivia.js 
22:44:55.855 INFO  Loading command: help.js 
22:44:55.857 INFO  Loading command: invite.js 
22:44:55.859 INFO  Loading command: status.js 
22:44:55.861 INFO  Loading command: support.js 
22:44:55.862 INFO  Loading a total of 27 events. 
22:44:55.862 INFO  Loading Event: channelCreate 
22:44:55.864 INFO  Loading Event: channelDelete 
22:44:55.865 INFO  Loading Event: channelUpdate 
22:44:55.867 INFO  Loading Event: emojiCreate 
22:44:55.869 INFO  Loading Event: emojiDelete 
22:44:55.870 INFO  Loading Event: emojiUpdate 
22:44:55.872 INFO  Loading Event: error 
22:44:55.874 INFO  Loading Event: guildBanAdd 
22:44:55.875 INFO  Loading Event: guildBanRemove 
22:44:55.877 INFO  Loading Event: guildCreate 
22:44:55.884 INFO  Loading Event: guildDelete 
22:44:55.885 INFO  Loading Event: guildMemberAdd 
22:44:55.887 INFO  Loading Event: guildMemberRemove 
22:44:55.889 INFO  Loading Event: guildMemberUpdate 
22:44:55.892 INFO  Loading Event: guildUnavailable 
22:44:55.893 INFO  Loading Event: guildUpdate 
22:44:55.895 INFO  Loading Event: message 
22:44:55.896 INFO  Loading Event: messageDelete 
22:44:55.898 INFO  Loading Event: messageDeleteBulk 
22:44:55.900 INFO  Loading Event: messageReactionAdd 
22:44:55.902 INFO  Loading Event: messageReactionRemove 
22:44:55.903 INFO  Loading Event: messageUpdate 
22:44:55.904 INFO  Loading Event: ready 
22:44:55.907 INFO  Loading Event: roleCreate 
22:44:55.909 INFO  Loading Event: roleDelete 
22:44:55.910 INFO  Loading Event: roleUpdate 
22:44:55.912 INFO  Loading Event: warning 
22:44:56.173 INFO  Bot dashboard is coming online 
22:44:56.221 INFO  Bot dashboard is online 
22:44:56.248 INFO  Mongoose connection successfully opened 
22:44:57.025 INFO  -=-=-=-=-=-=-=-=-=-=-=-=-=-=-=-=-=-=-=-=-=-=-=-=-=-=-=-= 
22:44:57.025 INFO  EggLord#9100, ready to serve [962] users in [6] servers. 
22:44:57.026 INFO  -=-=-=-=-=-=-=-=-=-=-=-=-=-=-=-=-=-=-=-=-=-=-=-=-=-=-=-= 
22:44:58.801 INFO  Website connection IP: 86.25.177.233, Location:Addlestone, United Kingdom. 
22:46:37.015 INFO  Website connection IP: 86.25.177.233, Location:Addlestone, United Kingdom. 
22:49:53.981 INFO  Website connection IP: 86.25.177.233, Location:Addlestone, United Kingdom. 
22:50:54.320 INFO  Website connection IP: 86.25.177.233, Location:Addlestone, United Kingdom. 
22:52:57.231 INFO  Website connection IP: 86.25.177.233, Location:Addlestone, United Kingdom. 
22:52:58.182 INFO  Website connection IP: 35.185.241.102, Location:The Dalles, United States. 
22:53:49.394 INFO  Website connection IP: 86.25.177.233, Location:Addlestone, United Kingdom. 
22:57:42.249 INFO  Website connection IP: 86.25.177.233, Location:Addlestone, United Kingdom. 
22:57:53.366 INFO  Website connection IP: 86.25.177.233, Location:Addlestone, United Kingdom. 
22:59:05.508 INFO  Website connection IP: 86.25.177.233, Location:Addlestone, United Kingdom. 
22:59:44.501 INFO  Website connection IP: 86.25.177.233, Location:Addlestone, United Kingdom. 
22:59:45.435 INFO  Website connection IP: 86.25.177.233, Location:Addlestone, United Kingdom. 
23:00:09.074 INFO  Website connection IP: 86.25.177.233, Location:Addlestone, United Kingdom. 
23:01:38.477 INFO  Website connection IP: 86.25.177.233, Location:Addlestone, United Kingdom. 
23:09:37.268 INFO  Website connection IP: 86.25.177.233, Location:Addlestone, United Kingdom. 
23:09:38.036 INFO  Website connection IP: 35.225.82.182, Location:Council Bluffs, United States. 
23:10:16.126 INFO  Website connection IP: 86.25.177.233, Location:Addlestone, United Kingdom. 
23:15:18.019 INFO  Website connection IP: 86.25.177.233, Location:Addlestone, United Kingdom. 
23:15:29.587 INFO  Website connection IP: 86.25.177.233, Location:Addlestone, United Kingdom. 
23:15:33.432 INFO  Shard 0 launched 
23:15:34.456 INFO  Loading command: fact.js 
23:15:34.458 INFO  Loading command: flip.js 
23:15:34.471 INFO  Loading command: meme.js 
23:15:34.473 INFO  Loading command: ping.js 
23:15:34.474 INFO  Loading command: random.js 
23:15:34.476 INFO  Loading command: rps.js 
23:15:34.478 INFO  Loading command: uptime.js 
23:15:34.483 INFO  Loading command: ban.js 
23:15:34.485 INFO  Loading command: clear.js 
23:15:34.487 INFO  Loading command: dashboard.js 
23:15:34.489 INFO  Loading command: deafen.js 
23:15:34.491 INFO  Loading command: kick.js 
23:15:34.494 INFO  Loading command: mute.js 
23:15:34.495 INFO  Loading command: nick.js 
23:15:34.497 INFO  Loading command: poll.js 
23:15:34.499 INFO  Loading command: report.js 
23:15:34.502 INFO  Loading command: role-info.js 
23:15:34.505 INFO  Loading command: server-info.js 
23:15:34.507 INFO  Loading command: unban.js 
23:15:34.509 INFO  Loading command: undeafen.js 
23:15:34.511 INFO  Loading command: unmute.js 
23:15:34.515 INFO  Loading command: user-info.js 
23:15:34.518 INFO  Loading command: verify.js 
23:15:34.522 INFO  Loading command: warn.js 
23:15:34.527 INFO  Loading command: addban.js 
23:15:34.528 INFO  Loading command: eval.js 
23:15:34.530 INFO  Loading command: reload.js 
23:15:34.538 INFO  Loading command: shutdown.js 
23:15:34.542 INFO  Loading command: suggestion.js 
23:15:34.544 INFO  Loading command: leaderboard.js 
23:15:34.546 INFO  Loading command: level.js 
23:15:34.647 INFO  Loading command: add-playlist.js 
23:15:34.807 INFO  Loading command: find.js 
23:15:34.809 INFO  Loading command: forceskip.js 
23:15:34.810 INFO  Loading command: leave.js 
23:15:34.812 INFO  Loading command: lyrics.js 
23:15:34.813 INFO  Loading command: pause.js 
23:15:34.825 INFO  Loading command: play.js 
23:15:34.827 INFO  Loading command: queue.js 
23:15:34.829 INFO  Loading command: radio.js 
23:15:34.830 INFO  Loading command: remove.js 
23:15:34.831 INFO  Loading command: resume.js 
23:15:34.832 INFO  Loading command: shuffle.js 
23:15:34.833 INFO  Loading command: skip.js 
23:15:34.834 INFO  Loading command: skipto.js 
23:15:34.837 INFO  Loading command: song.js 
23:15:34.838 INFO  Loading command: volume.js 
23:15:34.847 INFO  Loading command: fortnite.js 
23:15:35.277 INFO  Loading command: image.js 
23:15:35.280 INFO  Loading command: instagram.js 
23:15:35.303 INFO  Loading command: mc.js 
23:15:35.305 INFO  Loading command: nsfw.js 
23:15:35.380 INFO  Loading command: r6.js 
23:15:35.382 INFO  Loading command: reddit.js 
23:15:35.385 INFO  Loading command: steam.js 
23:15:35.387 INFO  Loading command: twitch.js 
23:15:35.389 INFO  Loading command: startmusictrivia.js 
23:15:35.390 INFO  Loading command: stopmusictrivia.js 
23:15:35.392 INFO  Loading command: help.js 
23:15:35.394 INFO  Loading command: invite.js 
23:15:35.395 INFO  Loading command: status.js 
23:15:35.397 INFO  Loading command: support.js 
23:15:35.398 INFO  Loading a total of 27 events. 
23:15:35.398 INFO  Loading Event: channelCreate 
23:15:35.400 INFO  Loading Event: channelDelete 
23:15:35.402 INFO  Loading Event: channelUpdate 
23:15:35.404 INFO  Loading Event: emojiCreate 
23:15:35.405 INFO  Loading Event: emojiDelete 
23:15:35.407 INFO  Loading Event: emojiUpdate 
23:15:35.409 INFO  Loading Event: error 
23:15:35.410 INFO  Loading Event: guildBanAdd 
23:15:35.411 INFO  Loading Event: guildBanRemove 
23:15:35.420 INFO  Loading Event: guildDelete 
23:15:35.422 INFO  Loading Event: guildMemberAdd 
23:15:35.413 INFO  Loading Event: guildCreate 
23:15:35.424 INFO  Loading Event: guildMemberRemove 
23:15:35.427 INFO  Loading Event: guildMemberUpdate 
23:15:35.429 INFO  Loading Event: guildUnavailable 
23:15:35.430 INFO  Loading Event: guildUpdate 
23:15:35.432 INFO  Loading Event: message 
23:15:35.434 INFO  Loading Event: messageDelete 
23:15:35.435 INFO  Loading Event: messageDeleteBulk 
23:15:35.437 INFO  Loading Event: messageReactionAdd 
23:15:35.439 INFO  Loading Event: messageReactionRemove 
23:15:35.441 INFO  Loading Event: messageUpdate 
23:15:35.443 INFO  Loading Event: ready 
23:15:35.444 INFO  Loading Event: roleCreate 
23:15:35.446 INFO  Loading Event: roleDelete 
23:15:35.447 INFO  Loading Event: roleUpdate 
23:15:35.449 INFO  Loading Event: warning 
23:15:35.713 INFO  Bot dashboard is coming online 
23:15:35.766 INFO  Bot dashboard is online 
23:15:35.797 INFO  Mongoose connection successfully opened 
23:15:36.469 INFO  -=-=-=-=-=-=-=-=-=-=-=-=-=-=-=-=-=-=-=-=-=-=-=-=-=-=-=-= 
23:15:36.468 INFO  -=-=-=-=-=-=-=-=-=-=-=-=-=-=-=-=-=-=-=-=-=-=-=-=-=-=-=-= 
23:15:36.468 INFO  EggLord#9100, ready to serve [962] users in [6] servers. 
23:15:37.642 INFO  Website connection IP: 86.25.177.233, Location:Addlestone, United Kingdom. 
23:16:06.550 INFO  Website connection IP: 86.25.177.233, Location:Addlestone, United Kingdom. 
23:16:26.612 INFO  Website connection IP: 86.25.177.233, Location:Addlestone, United Kingdom. 
23:17:46.513 INFO  Website connection IP: 86.25.177.233, Location:Addlestone, United Kingdom. 
23:19:51.150 INFO  Website connection IP: 86.25.177.233, Location:Addlestone, United Kingdom. 
23:19:52.321 INFO  Website connection IP: 35.185.241.102, Location:The Dalles, United States. 
23:20:40.695 INFO  Website connection IP: 86.25.177.233, Location:Addlestone, United Kingdom. 
23:21:05.850 INFO  Website connection IP: 86.25.177.233, Location:Addlestone, United Kingdom. 
23:22:47.922 INFO  Website connection IP: 86.25.177.233, Location:Addlestone, United Kingdom. 
23:22:59.532 INFO  Website connection IP: 86.25.177.233, Location:Addlestone, United Kingdom. 
23:23:01.238 INFO  Website connection IP: 86.25.177.233, Location:Addlestone, United Kingdom. 
23:23:02.577 INFO  Website connection IP: 86.25.177.233, Location:Addlestone, United Kingdom. 
23:23:49.692 INFO  Shard 0 launched 
23:23:50.740 INFO  Loading command: ban.js 
23:23:50.742 INFO  Loading command: clear.js 
23:23:50.743 INFO  Loading command: dashboard.js 
23:23:50.745 INFO  Loading command: deafen.js 
23:23:50.747 INFO  Loading command: kick.js 
23:23:50.749 INFO  Loading command: mute.js 
23:23:50.750 INFO  Loading command: nick.js 
23:23:50.752 INFO  Loading command: poll.js 
23:23:50.754 INFO  Loading command: report.js 
23:23:50.756 INFO  Loading command: role-info.js 
23:23:50.758 INFO  Loading command: server-info.js 
23:23:50.760 INFO  Loading command: unban.js 
23:23:50.761 INFO  Loading command: undeafen.js 
23:23:50.763 INFO  Loading command: unmute.js 
23:23:50.765 INFO  Loading command: user-info.js 
23:23:50.767 INFO  Loading command: verify.js 
23:23:50.768 INFO  Loading command: warn.js 
23:23:50.772 INFO  Loading command: fact.js 
23:23:50.773 INFO  Loading command: flip.js 
23:23:50.785 INFO  Loading command: meme.js 
23:23:50.786 INFO  Loading command: ping.js 
23:23:50.788 INFO  Loading command: random.js 
23:23:50.789 INFO  Loading command: rps.js 
23:23:50.791 INFO  Loading command: uptime.js 
23:23:50.795 INFO  Loading command: leaderboard.js 
23:23:50.797 INFO  Loading command: level.js 
23:23:50.806 INFO  Loading command: fortnite.js 
23:23:51.305 INFO  Loading command: image.js 
23:23:51.307 INFO  Loading command: instagram.js 
23:23:51.330 INFO  Loading command: mc.js 
23:23:51.332 INFO  Loading command: nsfw.js 
23:23:51.413 INFO  Loading command: r6.js 
23:23:51.415 INFO  Loading command: reddit.js 
23:23:51.419 INFO  Loading command: steam.js 
23:23:51.505 INFO  Loading command: add-playlist.js 
23:23:51.622 INFO  Loading command: find.js 
23:23:51.421 INFO  Loading command: twitch.js 
23:23:51.623 INFO  Loading command: forceskip.js 
23:23:51.624 INFO  Loading command: leave.js 
23:23:51.626 INFO  Loading command: lyrics.js 
23:23:51.628 INFO  Loading command: pause.js 
23:23:51.641 INFO  Loading command: play.js 
23:23:51.643 INFO  Loading command: queue.js 
23:23:51.645 INFO  Loading command: radio.js 
23:23:51.646 INFO  Loading command: remove.js 
23:23:51.648 INFO  Loading command: resume.js 
23:23:51.649 INFO  Loading command: shuffle.js 
23:23:51.650 INFO  Loading command: skip.js 
23:23:51.651 INFO  Loading command: skipto.js 
23:23:51.654 INFO  Loading command: song.js 
23:23:51.656 INFO  Loading command: volume.js 
23:23:51.658 INFO  Loading command: startmusictrivia.js 
23:23:51.660 INFO  Loading command: stopmusictrivia.js 
23:23:51.662 INFO  Loading command: addban.js 
23:23:51.663 INFO  Loading command: eval.js 
23:23:51.664 INFO  Loading command: reload.js 
23:23:51.666 INFO  Loading command: shutdown.js 
23:23:51.668 INFO  Loading command: suggestion.js 
23:23:51.672 INFO  Loading command: help.js 
23:23:51.673 INFO  Loading command: invite.js 
23:23:51.675 INFO  Loading command: status.js 
23:23:51.677 INFO  Loading command: support.js 
23:23:51.678 INFO  Loading a total of 27 events. 
23:23:51.678 INFO  Loading Event: channelCreate 
23:23:51.680 INFO  Loading Event: channelDelete 
23:23:51.682 INFO  Loading Event: channelUpdate 
23:23:51.684 INFO  Loading Event: emojiCreate 
23:23:51.686 INFO  Loading Event: emojiDelete 
23:23:51.688 INFO  Loading Event: emojiUpdate 
23:23:51.689 INFO  Loading Event: error 
23:23:51.690 INFO  Loading Event: guildBanAdd 
23:23:51.692 INFO  Loading Event: guildBanRemove 
23:23:51.693 INFO  Loading Event: guildCreate 
23:23:51.702 INFO  Loading Event: guildDelete 
23:23:51.703 INFO  Loading Event: guildMemberAdd 
23:23:51.705 INFO  Loading Event: guildMemberRemove 
23:23:51.709 INFO  Loading Event: guildMemberUpdate 
23:23:51.712 INFO  Loading Event: guildUnavailable 
23:23:51.713 INFO  Loading Event: guildUpdate 
23:23:51.715 INFO  Loading Event: message 
23:23:51.717 INFO  Loading Event: messageDelete 
23:23:51.719 INFO  Loading Event: messageDeleteBulk 
23:23:51.721 INFO  Loading Event: messageReactionAdd 
23:23:51.724 INFO  Loading Event: messageReactionRemove 
23:23:51.726 INFO  Loading Event: messageUpdate 
23:23:51.728 INFO  Loading Event: ready 
23:23:51.730 INFO  Loading Event: roleCreate 
23:23:51.733 INFO  Loading Event: roleDelete 
23:23:51.736 INFO  Loading Event: roleUpdate 
23:23:51.738 INFO  Loading Event: warning 
23:23:52.005 INFO  Bot dashboard is coming online 
23:23:52.058 INFO  Bot dashboard is online 
23:23:52.089 INFO  Mongoose connection successfully opened 
23:23:52.761 INFO  -=-=-=-=-=-=-=-=-=-=-=-=-=-=-=-=-=-=-=-=-=-=-=-=-=-=-=-= 
23:23:52.762 INFO  -=-=-=-=-=-=-=-=-=-=-=-=-=-=-=-=-=-=-=-=-=-=-=-=-=-=-=-= 
23:23:52.761 INFO  EggLord#9100, ready to serve [961] users in [6] servers. 
23:24:19.853 INFO  Shard 0 launched 
23:24:20.826 INFO  Loading command: fact.js 
23:24:20.827 INFO  Loading command: flip.js 
23:24:20.838 INFO  Loading command: meme.js 
23:24:20.840 INFO  Loading command: ping.js 
23:24:20.841 INFO  Loading command: random.js 
23:24:20.843 INFO  Loading command: rps.js 
23:24:20.844 INFO  Loading command: uptime.js 
23:24:20.849 INFO  Loading command: ban.js 
23:24:20.850 INFO  Loading command: clear.js 
23:24:20.851 INFO  Loading command: dashboard.js 
23:24:20.853 INFO  Loading command: deafen.js 
23:24:20.854 INFO  Loading command: kick.js 
23:24:20.856 INFO  Loading command: mute.js 
23:24:20.857 INFO  Loading command: nick.js 
23:24:20.859 INFO  Loading command: poll.js 
23:24:20.861 INFO  Loading command: report.js 
23:24:20.863 INFO  Loading command: role-info.js 
23:24:20.865 INFO  Loading command: server-info.js 
23:24:20.867 INFO  Loading command: unban.js 
23:24:20.869 INFO  Loading command: undeafen.js 
23:24:20.871 INFO  Loading command: unmute.js 
23:24:20.872 INFO  Loading command: user-info.js 
23:24:20.874 INFO  Loading command: verify.js 
23:24:20.876 INFO  Loading command: warn.js 
23:24:20.879 INFO  Loading command: addban.js 
23:24:20.881 INFO  Loading command: eval.js 
23:24:20.883 INFO  Loading command: reload.js 
23:24:20.884 INFO  Loading command: shutdown.js 
23:24:20.887 INFO  Loading command: suggestion.js 
23:24:20.889 INFO  Loading command: leaderboard.js 
23:24:20.893 INFO  Loading command: level.js 
23:24:20.895 INFO  Loading command: startmusictrivia.js 
23:24:20.897 INFO  Loading command: stopmusictrivia.js 
23:24:20.907 INFO  Loading command: fortnite.js 
23:24:21.368 INFO  Loading command: image.js 
23:24:21.370 INFO  Loading command: instagram.js 
23:24:21.393 INFO  Loading command: mc.js 
23:24:21.395 INFO  Loading command: nsfw.js 
23:24:21.479 INFO  Loading command: r6.js 
23:24:21.481 INFO  Loading command: reddit.js 
23:24:21.486 INFO  Loading command: steam.js 
23:24:21.488 INFO  Loading command: twitch.js 
23:24:21.682 INFO  Loading command: find.js 
23:24:21.570 INFO  Loading command: add-playlist.js 
23:24:21.683 INFO  Loading command: forceskip.js 
23:24:21.685 INFO  Loading command: leave.js 
23:24:21.688 INFO  Loading command: lyrics.js 
23:24:21.689 INFO  Loading command: pause.js 
23:24:21.702 INFO  Loading command: play.js 
23:24:21.704 INFO  Loading command: queue.js 
23:24:21.706 INFO  Loading command: radio.js 
23:24:21.708 INFO  Loading command: remove.js 
23:24:21.709 INFO  Loading command: resume.js 
23:24:21.710 INFO  Loading command: shuffle.js 
23:24:21.711 INFO  Loading command: skip.js 
23:24:21.712 INFO  Loading command: skipto.js 
23:24:21.716 INFO  Loading command: song.js 
23:24:21.717 INFO  Loading command: volume.js 
23:24:21.720 INFO  Loading command: help.js 
23:24:21.721 INFO  Loading command: invite.js 
23:24:21.723 INFO  Loading command: status.js 
23:24:21.725 INFO  Loading command: support.js 
23:24:21.726 INFO  Loading a total of 27 events. 
23:24:21.727 INFO  Loading Event: channelCreate 
23:24:21.729 INFO  Loading Event: channelDelete 
23:24:21.730 INFO  Loading Event: channelUpdate 
23:24:21.732 INFO  Loading Event: emojiCreate 
23:24:21.734 INFO  Loading Event: emojiDelete 
23:24:21.735 INFO  Loading Event: emojiUpdate 
23:24:21.737 INFO  Loading Event: error 
23:24:21.738 INFO  Loading Event: guildBanAdd 
23:24:21.740 INFO  Loading Event: guildBanRemove 
23:24:21.742 INFO  Loading Event: guildCreate 
23:24:21.749 INFO  Loading Event: guildDelete 
23:24:21.750 INFO  Loading Event: guildMemberAdd 
23:24:21.752 INFO  Loading Event: guildMemberRemove 
23:24:21.755 INFO  Loading Event: guildMemberUpdate 
23:24:21.757 INFO  Loading Event: guildUnavailable 
23:24:21.758 INFO  Loading Event: guildUpdate 
23:24:21.760 INFO  Loading Event: message 
23:24:21.763 INFO  Loading Event: messageDelete 
23:24:21.769 INFO  Loading Event: messageDeleteBulk 
23:24:21.772 INFO  Loading Event: messageReactionAdd 
23:24:21.774 INFO  Loading Event: messageReactionRemove 
23:24:21.776 INFO  Loading Event: messageUpdate 
23:24:21.777 INFO  Loading Event: ready 
23:24:21.779 INFO  Loading Event: roleCreate 
23:24:21.780 INFO  Loading Event: roleDelete 
23:24:21.782 INFO  Loading Event: roleUpdate 
23:24:21.784 INFO  Loading Event: warning 
23:24:22.043 INFO  Bot dashboard is coming online 
23:24:22.100 INFO  Bot dashboard is online 
23:24:22.139 INFO  Mongoose connection successfully opened 
23:24:22.844 INFO  -=-=-=-=-=-=-=-=-=-=-=-=-=-=-=-=-=-=-=-=-=-=-=-=-=-=-=-= 
23:24:22.844 INFO  EggLord#9100, ready to serve [961] users in [6] servers. 
23:24:22.845 INFO  -=-=-=-=-=-=-=-=-=-=-=-=-=-=-=-=-=-=-=-=-=-=-=-=-=-=-=-= 
23:28:15.575 INFO  Shard 0 launched 
23:28:16.690 INFO  Loading command: fact.js 
23:28:16.694 INFO  Loading command: flip.js 
23:28:16.717 INFO  Loading command: meme.js 
23:28:16.722 INFO  Loading command: ping.js 
23:28:16.726 INFO  Loading command: random.js 
23:28:16.731 INFO  Loading command: rps.js 
23:28:16.734 INFO  Loading command: uptime.js 
23:28:16.745 INFO  Loading command: ban.js 
23:28:16.747 INFO  Loading command: clear.js 
23:28:16.749 INFO  Loading command: dashboard.js 
23:28:16.753 INFO  Loading command: deafen.js 
23:28:16.756 INFO  Loading command: kick.js 
23:28:16.758 INFO  Loading command: mute.js 
23:28:16.760 INFO  Loading command: nick.js 
23:28:16.762 INFO  Loading command: poll.js 
23:28:16.764 INFO  Loading command: report.js 
23:28:16.768 INFO  Loading command: role-info.js 
23:28:16.771 INFO  Loading command: server-info.js 
23:28:16.773 INFO  Loading command: unban.js 
23:28:16.775 INFO  Loading command: undeafen.js 
23:28:16.777 INFO  Loading command: unmute.js 
23:28:16.779 INFO  Loading command: user-info.js 
23:28:16.784 INFO  Loading command: verify.js 
23:28:16.785 INFO  Loading command: warn.js 
23:28:16.793 INFO  Loading command: addban.js 
23:28:16.797 INFO  Loading command: eval.js 
23:28:16.798 INFO  Loading command: reload.js 
23:28:16.799 INFO  Loading command: shutdown.js 
23:28:16.802 INFO  Loading command: suggestion.js 
23:28:16.806 INFO  Loading command: leaderboard.js 
23:28:16.812 INFO  Loading command: level.js 
23:28:16.921 INFO  Loading command: add-playlist.js 
23:28:17.102 INFO  Loading command: find.js 
23:28:17.105 INFO  Loading command: forceskip.js 
23:28:17.109 INFO  Loading command: lyrics.js 
23:28:17.107 INFO  Loading command: leave.js 
23:28:17.111 INFO  Loading command: pause.js 
23:28:17.125 INFO  Loading command: play.js 
23:28:17.127 INFO  Loading command: queue.js 
23:28:17.129 INFO  Loading command: radio.js 
23:28:17.131 INFO  Loading command: remove.js 
23:28:17.132 INFO  Loading command: resume.js 
23:28:17.133 INFO  Loading command: shuffle.js 
23:28:17.134 INFO  Loading command: skip.js 
23:28:17.136 INFO  Loading command: skipto.js 
23:28:17.139 INFO  Loading command: song.js 
23:28:17.141 INFO  Loading command: volume.js 
23:28:17.152 INFO  Loading command: fortnite.js 
23:28:17.722 INFO  Loading command: image.js 
23:28:17.724 INFO  Loading command: instagram.js 
23:28:17.746 INFO  Loading command: mc.js 
23:28:17.749 INFO  Loading command: nsfw.js 
23:28:17.832 INFO  Loading command: r6.js 
23:28:17.834 INFO  Loading command: reddit.js 
23:28:17.838 INFO  Loading command: steam.js 
23:28:17.839 INFO  Loading command: twitch.js 
23:28:17.841 INFO  Loading command: startmusictrivia.js 
23:28:17.842 INFO  Loading command: stopmusictrivia.js 
23:28:17.844 INFO  Loading command: help.js 
23:28:17.846 INFO  Loading command: invite.js 
23:28:17.847 INFO  Loading command: status.js 
23:28:17.849 INFO  Loading command: support.js 
23:28:17.850 INFO  Loading a total of 27 events. 
23:28:17.850 INFO  Loading Event: channelCreate 
23:28:17.852 INFO  Loading Event: channelDelete 
23:28:17.854 INFO  Loading Event: channelUpdate 
23:28:17.857 INFO  Loading Event: emojiDelete 
23:28:17.856 INFO  Loading Event: emojiCreate 
23:28:17.859 INFO  Loading Event: emojiUpdate 
23:28:17.860 INFO  Loading Event: error 
23:28:17.862 INFO  Loading Event: guildBanAdd 
23:28:17.863 INFO  Loading Event: guildBanRemove 
23:28:17.865 INFO  Loading Event: guildCreate 
23:28:17.874 INFO  Loading Event: guildDelete 
23:28:17.875 INFO  Loading Event: guildMemberAdd 
23:28:17.877 INFO  Loading Event: guildMemberRemove 
23:28:17.880 INFO  Loading Event: guildMemberUpdate 
23:28:17.882 INFO  Loading Event: guildUnavailable 
23:28:17.883 INFO  Loading Event: guildUpdate 
23:28:17.885 INFO  Loading Event: message 
23:28:17.887 INFO  Loading Event: messageDelete 
23:28:17.888 INFO  Loading Event: messageDeleteBulk 
23:28:17.891 INFO  Loading Event: messageReactionAdd 
23:28:17.892 INFO  Loading Event: messageReactionRemove 
23:28:17.894 INFO  Loading Event: messageUpdate 
23:28:17.895 INFO  Loading Event: ready 
23:28:17.897 INFO  Loading Event: roleCreate 
23:28:17.898 INFO  Loading Event: roleDelete 
23:28:17.900 INFO  Loading Event: roleUpdate 
23:28:17.902 INFO  Loading Event: warning 
23:28:18.199 INFO  Bot dashboard is coming online 
23:28:18.285 INFO  Bot dashboard is online 
23:28:18.331 INFO  Mongoose connection successfully opened 
23:28:18.985 INFO  -=-=-=-=-=-=-=-=-=-=-=-=-=-=-=-=-=-=-=-=-=-=-=-=-=-=-=-= 
23:28:18.986 INFO  EggLord#9100, ready to serve [961] users in [6] servers. 
23:28:18.986 INFO  -=-=-=-=-=-=-=-=-=-=-=-=-=-=-=-=-=-=-=-=-=-=-=-=-=-=-=-= 
23:35:31.997 INFO  Shard 0 launched 
23:35:33.055 INFO  Loading command: fact.js 
23:35:33.056 INFO  Loading command: flip.js 
23:35:33.068 INFO  Loading command: meme.js 
23:35:33.069 INFO  Loading command: ping.js 
23:35:33.071 INFO  Loading command: random.js 
23:35:33.073 INFO  Loading command: rps.js 
23:35:33.075 INFO  Loading command: uptime.js 
23:35:33.079 INFO  Loading command: ban.js 
23:35:33.081 INFO  Loading command: clear.js 
23:35:33.082 INFO  Loading command: dashboard.js 
23:35:33.084 INFO  Loading command: deafen.js 
23:35:33.086 INFO  Loading command: kick.js 
23:35:33.088 INFO  Loading command: mute.js 
23:35:33.089 INFO  Loading command: nick.js 
23:35:33.091 INFO  Loading command: poll.js 
23:35:33.092 INFO  Loading command: report.js 
23:35:33.095 INFO  Loading command: role-info.js 
23:35:33.098 INFO  Loading command: server-info.js 
23:35:33.101 INFO  Loading command: unban.js 
23:35:33.103 INFO  Loading command: undeafen.js 
23:35:33.105 INFO  Loading command: unmute.js 
23:35:33.107 INFO  Loading command: user-info.js 
23:35:33.109 INFO  Loading command: verify.js 
23:35:33.111 INFO  Loading command: warn.js 
23:35:33.115 INFO  Loading command: addban.js 
23:35:33.116 INFO  Loading command: eval.js 
23:35:33.118 INFO  Loading command: reload.js 
23:35:33.119 INFO  Loading command: shutdown.js 
23:35:33.121 INFO  Loading command: suggestion.js 
23:35:33.123 INFO  Loading command: leaderboard.js 
23:35:33.125 INFO  Loading command: level.js 
23:35:33.214 INFO  Loading command: add-playlist.js 
23:35:33.385 INFO  Loading command: find.js 
23:35:33.386 INFO  Loading command: forceskip.js 
23:35:33.388 INFO  Loading command: leave.js 
23:35:33.390 INFO  Loading command: lyrics.js 
23:35:33.392 INFO  Loading command: pause.js 
23:35:33.406 INFO  Loading command: play.js 
23:35:33.408 INFO  Loading command: queue.js 
23:35:33.410 INFO  Loading command: radio.js 
23:35:33.412 INFO  Loading command: remove.js 
23:35:33.413 INFO  Loading command: resume.js 
23:35:33.414 INFO  Loading command: shuffle.js 
23:35:33.415 INFO  Loading command: skip.js 
23:35:33.416 INFO  Loading command: skipto.js 
23:35:33.420 INFO  Loading command: song.js 
23:35:33.421 INFO  Loading command: volume.js 
23:35:33.432 INFO  Loading command: fortnite.js 
23:35:33.894 INFO  Loading command: image.js 
23:35:33.897 INFO  Loading command: instagram.js 
23:35:33.923 INFO  Loading command: mc.js 
23:35:33.926 INFO  Loading command: nsfw.js 
23:35:34.025 INFO  Loading command: r6.js 
23:35:34.027 INFO  Loading command: reddit.js 
23:35:34.031 INFO  Loading command: steam.js 
23:35:34.032 INFO  Loading command: twitch.js 
23:35:34.035 INFO  Loading command: startmusictrivia.js 
23:35:34.036 INFO  Loading command: stopmusictrivia.js 
23:35:34.038 INFO  Loading command: help.js 
23:35:34.040 INFO  Loading command: invite.js 
23:35:34.042 INFO  Loading command: status.js 
23:35:34.043 INFO  Loading command: support.js 
23:35:34.044 INFO  Loading a total of 27 events. 
23:35:34.045 INFO  Loading Event: channelCreate 
23:35:34.047 INFO  Loading Event: channelDelete 
23:35:34.049 INFO  Loading Event: channelUpdate 
23:35:34.051 INFO  Loading Event: emojiCreate 
23:35:34.052 INFO  Loading Event: emojiDelete 
23:35:34.054 INFO  Loading Event: emojiUpdate 
23:35:34.056 INFO  Loading Event: error 
23:35:34.057 INFO  Loading Event: guildBanAdd 
23:35:34.059 INFO  Loading Event: guildBanRemove 
23:35:34.061 INFO  Loading Event: guildCreate 
23:35:34.068 INFO  Loading Event: guildDelete 
23:35:34.069 INFO  Loading Event: guildMemberAdd 
23:35:34.072 INFO  Loading Event: guildMemberRemove 
23:35:34.075 INFO  Loading Event: guildMemberUpdate 
23:35:34.077 INFO  Loading Event: guildUnavailable 
23:35:34.078 INFO  Loading Event: guildUpdate 
23:35:34.080 INFO  Loading Event: message 
23:35:34.082 INFO  Loading Event: messageDelete 
23:35:34.084 INFO  Loading Event: messageDeleteBulk 
23:35:34.086 INFO  Loading Event: messageReactionAdd 
23:35:34.088 INFO  Loading Event: messageReactionRemove 
23:35:34.090 INFO  Loading Event: messageUpdate 
23:35:34.092 INFO  Loading Event: ready 
23:35:34.093 INFO  Loading Event: roleCreate 
23:35:34.096 INFO  Loading Event: roleDelete 
23:35:34.098 INFO  Loading Event: roleUpdate 
23:35:34.100 INFO  Loading Event: warning 
23:35:34.360 INFO  Bot dashboard is coming online 
23:35:34.408 INFO  Bot dashboard is online 
23:35:34.447 INFO  Mongoose connection successfully opened 
23:35:35.228 INFO  -=-=-=-=-=-=-=-=-=-=-=-=-=-=-=-=-=-=-=-=-=-=-=-=-=-=-=-= 
23:35:35.229 INFO  -=-=-=-=-=-=-=-=-=-=-=-=-=-=-=-=-=-=-=-=-=-=-=-=-=-=-=-= 
23:35:35.228 INFO  EggLord#9100, ready to serve [958] users in [6] servers. 
23:40:00.097 INFO  Available commands are: send, addban, eval, reload, shutdown 
23:40:04.833 INFO  Reloaded Command: dashboard.js 
23:40:28.066 INFO  Website connection IP: 35.237.4.214, Location:North Charleston, United States. 
23:41:03.080 INFO  Shard 0 launched 
23:41:04.234 INFO  Loading command: fact.js 
23:41:04.235 INFO  Loading command: flip.js 
23:41:04.247 INFO  Loading command: meme.js 
23:41:04.249 INFO  Loading command: ping.js 
23:41:04.250 INFO  Loading command: random.js 
23:41:04.252 INFO  Loading command: rps.js 
23:41:04.255 INFO  Loading command: uptime.js 
23:41:04.259 INFO  Loading command: ban.js 
23:41:04.260 INFO  Loading command: clear.js 
23:41:04.261 INFO  Loading command: dashboard.js 
23:41:04.263 INFO  Loading command: deafen.js 
23:41:04.265 INFO  Loading command: kick.js 
23:41:04.267 INFO  Loading command: mute.js 
23:41:04.268 INFO  Loading command: nick.js 
23:41:04.270 INFO  Loading command: poll.js 
23:41:04.273 INFO  Loading command: report.js 
23:41:04.281 INFO  Loading command: role-info.js 
23:41:04.284 INFO  Loading command: server-info.js 
23:41:04.287 INFO  Loading command: unban.js 
23:41:04.289 INFO  Loading command: undeafen.js 
23:41:04.291 INFO  Loading command: unmute.js 
23:41:04.293 INFO  Loading command: user-info.js 
23:41:04.296 INFO  Loading command: verify.js 
23:41:04.308 INFO  Loading command: warn.js 
23:41:04.312 INFO  Loading command: leaderboard.js 
23:41:04.314 INFO  Loading command: level.js 
23:41:04.317 INFO  Loading command: addban.js 
23:41:04.319 INFO  Loading command: eval.js 
23:41:04.321 INFO  Loading command: reload.js 
23:41:04.323 INFO  Loading command: shutdown.js 
23:41:04.325 INFO  Loading command: suggestion.js 
23:41:04.337 INFO  Loading command: fortnite.js 
23:41:04.886 INFO  Loading command: image.js 
23:41:04.889 INFO  Loading command: instagram.js 
23:41:04.915 INFO  Loading command: mc.js 
23:41:04.918 INFO  Loading command: nsfw.js 
23:41:05.017 INFO  Loading command: r6.js 
23:41:05.021 INFO  Loading command: reddit.js 
23:41:05.026 INFO  Loading command: steam.js 
23:41:05.028 INFO  Loading command: twitch.js 
23:41:05.140 INFO  Loading command: add-playlist.js 
23:41:05.280 INFO  Loading command: find.js 
23:41:05.282 INFO  Loading command: forceskip.js 
23:41:05.283 INFO  Loading command: leave.js 
23:41:05.286 INFO  Loading command: lyrics.js 
23:41:05.287 INFO  Loading command: pause.js 
23:41:05.302 INFO  Loading command: play.js 
23:41:05.306 INFO  Loading command: queue.js 
23:41:05.308 INFO  Loading command: radio.js 
23:41:05.310 INFO  Loading command: remove.js 
23:41:05.311 INFO  Loading command: resume.js 
23:41:05.313 INFO  Loading command: shuffle.js 
23:41:05.317 INFO  Loading command: skip.js 
23:41:05.321 INFO  Loading command: skipto.js 
23:41:05.324 INFO  Loading command: song.js 
23:41:05.326 INFO  Loading command: volume.js 
23:41:05.328 INFO  Loading command: startmusictrivia.js 
23:41:05.330 INFO  Loading command: stopmusictrivia.js 
23:41:05.333 INFO  Loading command: help.js 
23:41:05.335 INFO  Loading command: invite.js 
23:41:05.337 INFO  Loading command: status.js 
23:41:05.343 INFO  Loading command: support.js 
23:41:05.347 INFO  Loading a total of 27 events. 
23:41:05.348 INFO  Loading Event: channelCreate 
23:41:05.349 INFO  Loading Event: channelDelete 
23:41:05.352 INFO  Loading Event: channelUpdate 
23:41:05.353 INFO  Loading Event: emojiCreate 
23:41:05.355 INFO  Loading Event: emojiDelete 
23:41:05.357 INFO  Loading Event: emojiUpdate 
23:41:05.359 INFO  Loading Event: error 
23:41:05.361 INFO  Loading Event: guildBanAdd 
23:41:05.363 INFO  Loading Event: guildBanRemove 
23:41:05.365 INFO  Loading Event: guildCreate 
23:41:05.373 INFO  Loading Event: guildDelete 
23:41:05.375 INFO  Loading Event: guildMemberAdd 
23:41:05.377 INFO  Loading Event: guildMemberRemove 
23:41:05.382 INFO  Loading Event: guildMemberUpdate 
23:41:05.385 INFO  Loading Event: guildUnavailable 
23:41:05.386 INFO  Loading Event: guildUpdate 
23:41:05.388 INFO  Loading Event: message 
23:41:05.390 INFO  Loading Event: messageDelete 
23:41:05.392 INFO  Loading Event: messageDeleteBulk 
23:41:05.395 INFO  Loading Event: messageReactionAdd 
23:41:05.397 INFO  Loading Event: messageReactionRemove 
23:41:05.399 INFO  Loading Event: messageUpdate 
23:41:05.401 INFO  Loading Event: ready 
23:41:05.403 INFO  Loading Event: roleCreate 
23:41:05.405 INFO  Loading Event: roleDelete 
23:41:05.406 INFO  Loading Event: roleUpdate 
23:41:05.408 INFO  Loading Event: warning 
23:41:05.716 INFO  Bot dashboard is coming online 
23:41:05.772 INFO  Bot dashboard is online 
23:41:05.806 INFO  Mongoose connection successfully opened 
23:41:06.848 INFO  -=-=-=-=-=-=-=-=-=-=-=-=-=-=-=-=-=-=-=-=-=-=-=-=-=-=-=-= 
23:41:06.848 INFO  EggLord#9100, ready to serve [958] users in [6] servers. 
23:41:06.849 INFO  -=-=-=-=-=-=-=-=-=-=-=-=-=-=-=-=-=-=-=-=-=-=-=-=-=-=-=-= 
23:44:30.564 INFO  Website connection IP: 35.185.241.102, Location:The Dalles, United States. 
23:45:53.158 INFO  Shard 0 launched 
23:45:54.337 INFO  Loading command: fact.js 
23:45:54.338 INFO  Loading command: flip.js 
23:45:54.349 INFO  Loading command: meme.js 
23:45:54.350 INFO  Loading command: ping.js 
23:45:54.351 INFO  Loading command: random.js 
23:45:54.353 INFO  Loading command: rps.js 
23:45:54.358 INFO  Loading command: ban.js 
23:45:54.354 INFO  Loading command: uptime.js 
23:45:54.360 INFO  Loading command: dashboard.js 
23:45:54.359 INFO  Loading command: clear.js 
23:45:54.362 INFO  Loading command: deafen.js 
23:45:54.364 INFO  Loading command: kick.js 
23:45:54.365 INFO  Loading command: mute.js 
23:45:54.366 INFO  Loading command: nick.js 
23:45:54.368 INFO  Loading command: poll.js 
23:45:54.370 INFO  Loading command: report.js 
23:45:54.372 INFO  Loading command: role-info.js 
23:45:54.374 INFO  Loading command: server-info.js 
23:45:54.376 INFO  Loading command: unban.js 
23:45:54.378 INFO  Loading command: undeafen.js 
23:45:54.380 INFO  Loading command: unmute.js 
23:45:54.381 INFO  Loading command: user-info.js 
23:45:54.383 INFO  Loading command: verify.js 
23:45:54.384 INFO  Loading command: warn.js 
23:45:54.387 INFO  Loading command: addban.js 
23:45:54.389 INFO  Loading command: eval.js 
23:45:54.390 INFO  Loading command: reload.js 
23:45:54.391 INFO  Loading command: shutdown.js 
23:45:54.393 INFO  Loading command: suggestion.js 
23:45:54.396 INFO  Loading command: leaderboard.js 
23:45:54.398 INFO  Loading command: level.js 
23:45:54.505 INFO  Loading command: add-playlist.js 
23:45:54.700 INFO  Loading command: forceskip.js 
23:45:54.699 INFO  Loading command: find.js 
23:45:54.702 INFO  Loading command: leave.js 
23:45:54.704 INFO  Loading command: lyrics.js 
23:45:54.706 INFO  Loading command: pause.js 
23:45:54.722 INFO  Loading command: play.js 
23:45:54.724 INFO  Loading command: queue.js 
23:45:54.726 INFO  Loading command: radio.js 
23:45:54.728 INFO  Loading command: remove.js 
23:45:54.731 INFO  Loading command: shuffle.js 
23:45:54.729 INFO  Loading command: resume.js 
23:45:54.736 INFO  Loading command: skipto.js 
23:45:54.740 INFO  Loading command: song.js 
23:45:54.733 INFO  Loading command: skip.js 
23:45:54.742 INFO  Loading command: volume.js 
23:45:54.757 INFO  Loading command: fortnite.js 
23:45:55.347 INFO  Loading command: image.js 
23:45:55.350 INFO  Loading command: instagram.js 
23:45:55.372 INFO  Loading command: nsfw.js 
23:45:55.370 INFO  Loading command: mc.js 
23:45:55.445 INFO  Loading command: r6.js 
23:45:55.447 INFO  Loading command: reddit.js 
23:45:55.450 INFO  Loading command: steam.js 
23:45:55.452 INFO  Loading command: twitch.js 
23:45:55.454 INFO  Loading command: startmusictrivia.js 
23:45:55.456 INFO  Loading command: stopmusictrivia.js 
23:45:55.458 INFO  Loading command: help.js 
23:45:55.459 INFO  Loading command: invite.js 
23:45:55.461 INFO  Loading command: status.js 
23:45:55.462 INFO  Loading command: support.js 
23:45:55.463 INFO  Loading a total of 27 events. 
23:45:55.464 INFO  Loading Event: channelCreate 
23:45:55.465 INFO  Loading Event: channelDelete 
23:45:55.467 INFO  Loading Event: channelUpdate 
23:45:55.469 INFO  Loading Event: emojiCreate 
23:45:55.470 INFO  Loading Event: emojiDelete 
23:45:55.472 INFO  Loading Event: emojiUpdate 
23:45:55.473 INFO  Loading Event: error 
23:45:55.479 INFO  Loading Event: guildBanAdd 
23:45:55.488 INFO  Loading Event: guildBanRemove 
23:45:55.491 INFO  Loading Event: guildCreate 
23:45:55.498 INFO  Loading Event: guildDelete 
23:45:55.499 INFO  Loading Event: guildMemberAdd 
23:45:55.501 INFO  Loading Event: guildMemberRemove 
23:45:55.504 INFO  Loading Event: guildMemberUpdate 
23:45:55.506 INFO  Loading Event: guildUnavailable 
23:45:55.507 INFO  Loading Event: guildUpdate 
23:45:55.509 INFO  Loading Event: message 
23:45:55.511 INFO  Loading Event: messageDelete 
23:45:55.512 INFO  Loading Event: messageDeleteBulk 
23:45:55.514 INFO  Loading Event: messageReactionAdd 
23:45:55.516 INFO  Loading Event: messageReactionRemove 
23:45:55.518 INFO  Loading Event: messageUpdate 
23:45:55.519 INFO  Loading Event: ready 
23:45:55.521 INFO  Loading Event: roleCreate 
23:45:55.522 INFO  Loading Event: roleDelete 
23:45:55.524 INFO  Loading Event: roleUpdate 
23:45:55.525 INFO  Loading Event: warning 
23:45:55.779 INFO  Bot dashboard is coming online 
23:45:55.832 INFO  Bot dashboard is online 
23:45:55.863 INFO  Mongoose connection successfully opened 
23:45:56.577 INFO  -=-=-=-=-=-=-=-=-=-=-=-=-=-=-=-=-=-=-=-=-=-=-=-=-=-=-=-= 
23:45:56.576 INFO  -=-=-=-=-=-=-=-=-=-=-=-=-=-=-=-=-=-=-=-=-=-=-=-=-=-=-=-= 
23:45:56.577 INFO  EggLord#9100, ready to serve [960] users in [6] servers. 
