14:21:52.887 INFO  Shard 0 launched 
14:21:54.191 INFO  Loading command: addban.js 
14:21:54.194 INFO  Loading command: eval.js 
14:21:54.196 INFO  Loading command: reload.js 
14:21:54.198 INFO  Loading command: shutdown.js 
14:21:54.200 INFO  Loading command: suggestion.js 
14:21:54.204 INFO  Loading command: fact.js 
14:21:54.206 INFO  Loading command: flip.js 
14:21:54.227 INFO  Loading command: meme.js 
14:21:54.228 INFO  Loading command: ping.js 
14:21:54.230 INFO  Loading command: random.js 
14:21:54.232 INFO  Loading command: rps.js 
14:21:54.234 INFO  Loading command: uptime.js 
14:21:54.237 INFO  Loading command: ban.js 
14:21:54.239 INFO  Loading command: clear.js 
14:21:54.241 INFO  Loading command: dashboard.js 
14:21:54.244 INFO  Loading command: kick.js 
14:21:54.245 INFO  Loading command: mute.js 
14:21:54.242 INFO  Loading command: deafen.js 
14:21:54.249 INFO  Loading command: poll.js 
14:21:54.247 INFO  Loading command: nick.js 
14:21:54.252 INFO  Loading command: report.js 
14:21:54.255 INFO  Loading command: role-info.js 
14:21:54.259 INFO  Loading command: unban.js 
14:21:54.257 INFO  Loading command: server-info.js 
14:21:54.261 INFO  Loading command: undeafen.js 
14:21:54.262 INFO  Loading command: unmute.js 
14:21:54.268 INFO  Loading command: verify.js 
14:21:54.269 INFO  Loading command: warn.js 
14:21:54.272 INFO  Loading command: leaderboard.js 
14:21:54.265 INFO  Loading command: user-info.js 
14:21:54.292 INFO  Loading command: fortnite.js 
14:21:54.801 INFO  Loading command: image.js 
14:21:54.804 INFO  Loading command: instagram.js 
14:21:54.841 INFO  Loading command: mc.js 
14:21:54.844 INFO  Loading command: nsfw.js 
14:21:54.275 INFO  Loading command: level.js 
14:21:54.966 INFO  Loading command: r6.js 
14:21:54.974 INFO  Loading command: reddit.js 
14:21:54.995 INFO  Loading command: steam.js 
14:21:55.001 INFO  Loading command: twitch.js 
14:21:55.137 INFO  Loading command: add-playlist.js 
14:21:55.139 INFO  Loading command: forceskip.js 
14:21:55.141 INFO  Loading command: leave.js 
14:21:55.147 INFO  Loading command: lyrics.js 
14:21:55.148 INFO  Loading command: pause.js 
14:21:55.191 INFO  Loading command: play.js 
14:21:55.193 INFO  Loading command: queue.js 
14:21:55.196 INFO  Loading command: radio.js 
14:21:55.198 INFO  Loading command: remove.js 
14:21:55.200 INFO  Loading command: resume.js 
14:21:55.302 INFO  Loading command: search.js 
14:21:55.304 INFO  Loading command: shuffle.js 
14:21:55.305 INFO  Loading command: skip.js 
14:21:55.307 INFO  Loading command: skipto.js 
14:21:55.312 INFO  Loading command: song.js 
14:21:55.317 INFO  Loading command: volume.js 
14:21:55.320 INFO  Loading command: startmusictrivia.js 
14:21:55.322 INFO  Loading command: stopmusictrivia.js 
14:21:55.324 INFO  Loading command: help.js 
14:21:55.326 INFO  Loading command: invite.js 
14:21:55.328 INFO  Loading command: status.js 
14:21:55.330 INFO  Loading command: support.js 
14:21:55.331 INFO  Loading a total of 27 events. 
14:21:55.332 INFO  Loading Event: channelCreate 
14:21:55.334 INFO  Loading Event: channelDelete 
14:21:55.336 INFO  Loading Event: channelUpdate 
14:21:55.338 INFO  Loading Event: emojiCreate 
14:21:55.340 INFO  Loading Event: emojiDelete 
14:21:55.342 INFO  Loading Event: emojiUpdate 
14:21:55.344 INFO  Loading Event: error 
14:21:55.345 INFO  Loading Event: guildBanAdd 
14:21:55.348 INFO  Loading Event: guildBanRemove 
14:21:55.350 INFO  Loading Event: guildCreate 
14:21:55.363 INFO  Loading Event: guildDelete 
14:21:55.364 INFO  Loading Event: guildMemberAdd 
14:21:55.366 INFO  Loading Event: guildMemberRemove 
14:21:55.369 INFO  Loading Event: guildMemberUpdate 
14:21:55.371 INFO  Loading Event: guildUnavailable 
14:21:55.372 INFO  Loading Event: guildUpdate 
14:21:55.374 INFO  Loading Event: message 
14:21:55.377 INFO  Loading Event: messageDelete 
14:21:55.379 INFO  Loading Event: messageDeleteBulk 
14:21:55.382 INFO  Loading Event: messageReactionAdd 
14:21:55.384 INFO  Loading Event: messageReactionRemove 
14:21:55.390 INFO  Loading Event: roleCreate 
14:21:55.386 INFO  Loading Event: messageUpdate 
14:21:55.388 INFO  Loading Event: ready 
14:21:55.392 INFO  Loading Event: roleDelete 
14:21:55.394 INFO  Loading Event: roleUpdate 
14:21:55.396 INFO  Loading Event: warning 
14:21:55.851 INFO  Bot dashboard is coming online 
14:21:55.917 INFO  Bot dashboard is online 
14:21:55.946 INFO  Mongoose connection successfully opened 
14:21:56.683 INFO  EggLord#9100, ready to serve [967] users in [5] servers. 
14:21:56.682 INFO  -=-=-=-=-=-=-=-=-=-=-=-=-=-=-=-=-=-=-=-=-=-=-=-=-=-=-=-= 
14:21:56.683 INFO  -=-=-=-=-=-=-=-=-=-=-=-=-=-=-=-=-=-=-=-=-=-=-=-=-=-=-=-= 
21:01:49.546 INFO  Shard 0 launched 
21:01:50.477 INFO  Loading command: ban.js 
21:01:50.479 INFO  Loading command: clear.js 
21:01:50.480 INFO  Loading command: dashboard.js 
21:01:50.482 INFO  Loading command: deafen.js 
21:01:50.483 INFO  Loading command: kick.js 
21:01:50.484 INFO  Loading command: mute.js 
21:01:50.485 INFO  Loading command: nick.js 
21:01:50.488 INFO  Loading command: poll.js 
21:01:50.489 INFO  Loading command: report.js 
21:01:50.491 INFO  Loading command: role-info.js 
21:01:50.493 INFO  Loading command: server-info.js 
21:01:50.494 INFO  Loading command: unban.js 
21:01:50.495 INFO  Loading command: undeafen.js 
21:01:50.497 INFO  Loading command: unmute.js 
21:01:50.499 INFO  Loading command: user-info.js 
21:01:50.500 INFO  Loading command: verify.js 
21:01:50.501 INFO  Loading command: warn.js 
21:01:50.506 INFO  Loading command: addban.js 
21:01:50.507 INFO  Loading command: eval.js 
21:01:50.508 INFO  Loading command: reload.js 
21:01:50.509 INFO  Loading command: shutdown.js 
21:01:50.511 INFO  Loading command: suggestion.js 
21:01:50.514 INFO  Loading command: leaderboard.js 
21:01:50.515 INFO  Loading command: level.js 
21:01:50.517 INFO  Loading command: fact.js 
21:01:50.518 INFO  Loading command: flip.js 
21:01:50.530 INFO  Loading command: meme.js 
21:01:50.532 INFO  Loading command: ping.js 
21:01:50.534 INFO  Loading command: random.js 
21:01:50.535 INFO  Loading command: rps.js 
21:01:50.538 INFO  Loading command: uptime.js 
21:01:50.610 INFO  Loading command: add-playlist.js 
21:01:50.612 INFO  Loading command: forceskip.js 
21:01:50.613 INFO  Loading command: leave.js 
21:01:50.616 INFO  Loading command: lyrics.js 
21:01:50.617 INFO  Loading command: pause.js 
21:01:50.642 INFO  Loading command: play.js 
21:01:50.643 INFO  Loading command: queue.js 
21:01:50.646 INFO  Loading command: radio.js 
21:01:50.647 INFO  Loading command: remove.js 
21:01:50.648 INFO  Loading command: resume.js 
21:01:50.797 INFO  Loading command: search.js 
21:01:50.799 INFO  Loading command: shuffle.js 
21:01:50.800 INFO  Loading command: skip.js 
21:01:50.801 INFO  Loading command: skipto.js 
21:01:50.804 INFO  Loading command: song.js 
21:01:50.805 INFO  Loading command: volume.js 
21:01:50.815 INFO  Loading command: fortnite.js 
21:01:51.016 INFO  Loading command: image.js 
21:01:51.018 INFO  Loading command: instagram.js 
21:01:51.042 INFO  Loading command: mc.js 
21:01:51.045 INFO  Loading command: nsfw.js 
21:01:51.134 INFO  Loading command: r6.js 
21:01:51.136 INFO  Loading command: reddit.js 
21:01:51.142 INFO  Loading command: steam.js 
21:01:51.144 INFO  Loading command: twitch.js 
21:01:51.146 INFO  Loading command: help.js 
21:01:51.147 INFO  Loading command: invite.js 
21:01:51.149 INFO  Loading command: status.js 
21:01:51.151 INFO  Loading command: support.js 
21:01:51.152 INFO  Loading command: startmusictrivia.js 
21:01:51.153 INFO  Loading command: stopmusictrivia.js 
21:01:51.154 INFO  Loading a total of 27 events. 
21:01:51.154 INFO  Loading Event: channelCreate 
21:01:51.156 INFO  Loading Event: channelDelete 
21:01:51.158 INFO  Loading Event: channelUpdate 
21:01:51.160 INFO  Loading Event: emojiCreate 
21:01:51.162 INFO  Loading Event: emojiDelete 
21:01:51.164 INFO  Loading Event: emojiUpdate 
21:01:51.165 INFO  Loading Event: error 
21:01:51.166 INFO  Loading Event: guildBanAdd 
21:01:51.168 INFO  Loading Event: guildBanRemove 
21:01:51.170 INFO  Loading Event: guildCreate 
21:01:51.179 INFO  Loading Event: guildMemberAdd 
21:01:51.180 INFO  Loading Event: guildMemberRemove 
21:01:51.182 INFO  Loading Event: guildMemberUpdate 
21:01:51.178 INFO  Loading Event: guildDelete 
21:01:51.184 INFO  Loading Event: guildUnavailable 
21:01:51.185 INFO  Loading Event: guildUpdate 
21:01:51.187 INFO  Loading Event: message 
21:01:51.189 INFO  Loading Event: messageDelete 
21:01:51.190 INFO  Loading Event: messageDeleteBulk 
21:01:51.193 INFO  Loading Event: messageReactionAdd 
21:01:51.194 INFO  Loading Event: messageReactionRemove 
21:01:51.196 INFO  Loading Event: messageUpdate 
21:01:51.198 INFO  Loading Event: ready 
21:01:51.199 INFO  Loading Event: roleCreate 
21:01:51.200 INFO  Loading Event: roleDelete 
21:01:51.202 INFO  Loading Event: roleUpdate 
21:01:51.204 INFO  Loading Event: warning 
21:01:51.476 INFO  Bot dashboard is coming online 
21:01:51.528 INFO  Bot dashboard is online 
21:01:51.554 INFO  Mongoose connection successfully opened 
21:01:52.743 INFO  -=-=-=-=-=-=-=-=-=-=-=-=-=-=-=-=-=-=-=-=-=-=-=-=-=-=-=-= 
21:01:52.742 INFO  EggLord#9100, ready to serve [974] users in [5] servers. 
21:01:52.741 INFO  -=-=-=-=-=-=-=-=-=-=-=-=-=-=-=-=-=-=-=-=-=-=-=-=-=-=-=-= 
