14:34:02.420 INFO  =-=-=-=-=-=-=- Loading shard(s) -=-=-=-=-=-=-= 
14:34:02.903 INFO  Shard 0 launched 
14:34:05.595 INFO  =-=-=-=-=-=-=- Loading command(s): 97 -=-=-=-=-=-=-= 
14:34:05.775 INFO  Loading command: advice.js 
14:34:05.786 INFO  Loading command: fact.js 
14:34:05.797 INFO  Loading command: flip.js 
14:34:05.991 INFO  Loading command: meme.js 
14:34:06.011 INFO  Loading command: ping.js 
14:34:06.023 INFO  Loading command: pokemon.js 
14:34:06.040 INFO  Loading command: random.js 
14:34:06.059 INFO  Loading command: rps.js 
14:34:06.222 INFO  Loading command: urban.js 
14:34:06.245 INFO  Loading command: avatar.js 
14:34:06.276 INFO  Loading command: dashboard.js 
14:34:06.319 INFO  Loading command: giveaway.js 
14:34:06.371 INFO  Loading command: server-info.js 
14:34:06.380 INFO  Loading command: user-info.js 
14:34:06.333 INFO  Loading command: guildicon.js 
14:34:06.344 INFO  Loading command: poll.js 
14:34:06.357 INFO  Loading command: role-info.js 
14:34:20.237 INFO  Loading command: addban.js 
14:34:20.263 INFO  Loading command: eval.js 
14:34:20.276 INFO  Loading command: reload.js 
14:34:20.433 INFO  Loading command: shutdown.js 
14:34:21.449 INFO  Loading command: suggestion.js 
14:34:21.590 INFO  Loading command: blurpify.js 
14:34:21.678 INFO  Loading command: captcha.js 
14:34:21.839 INFO  Loading command: cat.js 
14:34:21.919 INFO  Loading command: changemymind.js 
14:34:21.959 INFO  Loading command: clyde.js 
14:34:22.024 INFO  Loading command: deepfry.js 
14:34:22.082 INFO  Loading command: dog.js 
14:34:31.528 INFO  Loading command: image.js 
14:34:31.549 INFO  Loading command: phcomment.js 
14:34:31.572 INFO  Loading command: qrcode.js 
14:34:31.646 INFO  Loading command: ship.js 
14:34:31.723 INFO  Loading command: stickbug.js 
14:34:31.793 INFO  Loading command: threats.js 
14:34:31.885 INFO  Loading command: twitter.js 
14:34:31.894 INFO  Loading command: whowouldwin.js 
14:34:31.925 INFO  Loading command: leaderboard.js 
14:34:31.941 INFO  Loading command: rank.js 
14:34:31.954 INFO  Loading command: about.js 
14:34:31.981 INFO  Loading command: invite.js 
14:34:32.019 INFO  Loading command: shorturl.js 
14:34:32.050 INFO  Loading command: support.js 
14:34:31.972 INFO  Loading command: help.js 
14:34:32.032 INFO  Loading command: status.js 
14:34:32.070 INFO  Loading command: ban.js 
14:34:32.083 INFO  Loading command: clear-warning.js 
14:34:32.101 INFO  Loading command: clear.js 
14:34:32.119 INFO  Loading command: deafen.js 
14:34:32.152 INFO  Loading command: kick.js 
14:34:32.200 INFO  Loading command: language.js 
14:34:32.220 INFO  Loading command: mute.js 
14:34:32.230 INFO  Loading command: nick.js 
14:34:32.247 INFO  Loading command: report.js 
14:34:32.258 INFO  Loading command: slowmode.js 
14:34:32.279 INFO  Loading command: ticket.js 
14:34:32.290 INFO  Loading command: unban.js 
14:34:32.300 INFO  Loading command: undeafen.js 
14:34:32.331 INFO  Loading command: unmute.js 
14:34:32.344 INFO  Loading command: warn.js 
14:34:32.357 INFO  Loading command: warnings.js 
14:34:32.372 INFO  Loading command: bassboost.js 
14:34:32.402 INFO  Loading command: leave.js 
14:34:32.429 INFO  Loading command: lyrics.js 
14:34:32.440 INFO  Loading command: movehere.js 
14:34:32.451 INFO  Loading command: pause.js 
14:34:32.474 INFO  Loading command: play-file.js 
14:34:33.772 INFO  Loading command: play.js 
14:34:33.781 INFO  Loading command: queue.js 
14:34:33.807 INFO  Loading command: radio.js 
14:34:33.819 INFO  Loading command: remove.js 
14:34:33.846 INFO  Loading command: resume.js 
14:34:34.873 INFO  Loading command: search.js 
14:34:34.880 INFO  Loading command: seek.js 
14:34:34.888 INFO  Loading command: shuffle.js 
14:34:34.895 INFO  Loading command: skip.js 
14:34:34.903 INFO  Loading command: skipto.js 
14:34:34.933 INFO  Loading command: volume.js 
14:34:34.925 INFO  Loading command: song.js 
14:34:32.392 INFO  Loading command: forceskip.js 
14:34:32.416 INFO  Loading command: loop.js 
14:34:35.992 INFO  Loading command: 4k.js 
14:34:35.999 INFO  Loading command: anal.js 
14:34:36.024 INFO  Loading command: gif.js 
14:34:36.006 INFO  Loading command: ass.js 
14:34:36.012 INFO  Loading command: boob.js 
14:34:36.036 INFO  Loading command: pussy.js 
14:34:36.044 INFO  Loading command: thigh.js 
14:34:36.031 INFO  Loading command: neko.js 
14:34:36.140 INFO  Loading command: instagram.js 
14:34:36.131 INFO  Loading command: fortnite.js 
14:34:36.963 INFO  Loading command: steam.js 
14:34:36.971 INFO  Loading command: twitch.js 
14:34:36.327 INFO  Loading command: mc.js 
14:34:36.926 INFO  Loading command: r6.js 
14:34:37.655 INFO  Loading command: weather.js 
14:34:36.936 INFO  Loading command: reddit.js 
14:34:37.665 INFO  Loading command: startmusictrivia.js 
14:34:37.673 INFO  Loading command: stopmusictrivia.js 
14:34:37.674 INFO  =-=-=-=-=-=-=- Loading events(s): 29 -=-=-=-=-=-=-= 
14:34:37.675 INFO  Loading Event: channelCreate 
14:34:37.692 INFO  Loading Event: channelUpdate 
14:34:37.702 INFO  Loading Event: emojiCreate 
14:34:37.718 INFO  Loading Event: emojiUpdate 
14:34:37.684 INFO  Loading Event: channelDelete 
14:34:37.740 INFO  Loading Event: guildBanRemove 
14:34:37.749 INFO  Loading Event: guildCreate 
14:34:37.818 INFO  Loading Event: guildDelete 
14:34:37.825 INFO  Loading Event: guildMemberAdd 
14:34:37.726 INFO  Loading Event: error 
14:34:37.832 INFO  Loading Event: guildMemberRemove 
14:34:37.710 INFO  Loading Event: emojiDelete 
14:34:37.854 INFO  Loading Event: guildUnavailable 
14:34:37.860 INFO  Loading Event: guildUpdate 
14:34:37.840 INFO  Loading Event: guildMemberUpdate 
14:34:37.879 INFO  Loading Event: messageDelete 
14:34:37.889 INFO  Loading Event: messageDeleteBulk 
14:34:37.900 INFO  Loading Event: messageReactionAdd 
14:34:37.909 INFO  Loading Event: messageReactionRemove 
14:34:37.918 INFO  Loading Event: messageUpdate 
14:34:37.927 INFO  Loading Event: ready 
14:34:37.934 INFO  Loading Event: roleCreate 
14:34:37.942 INFO  Loading Event: roleDelete 
14:34:37.951 INFO  Loading Event: roleUpdate 
14:34:37.968 INFO  Loading Event: shardDisconnect 
14:34:37.984 INFO  Loading Event: warn 
14:34:37.870 INFO  Loading Event: message 
14:34:37.732 INFO  Loading Event: guildBanAdd 
14:34:37.977 INFO  Loading Event: shardError 
14:34:38.082 INFO  Mongoose connection successfully opened 
14:34:40.229 INFO  -=-=-=-=-=-=-=-=-=-=-=-=-=-=-=-=-=-=-=-=-=-=-=-=-=-=-=-= 
14:34:40.236 INFO  -=-=-=-=-=-=-=-=-=-=-=-=-=-=-=-=-=-=-=-=-=-=-=-=-=-=-=-= 
14:34:40.230 INFO  TestBot123#3999, ready to serve [6] users in [1] servers. 
14:34:43.345 INFO  Bot dashboard is coming online 
14:34:43.464 INFO  Bot dashboard is online, running on port: 80 
14:34:43.465 INFO  Bot dashboard is online, running on port: 443 
