00:01:10.211 INFO  Available commands are: send, addban, eval, reload, shutdown 
22:08:54.330 INFO  =-=-=-=-=-=-=-Loading shard(s)-=-=-=-=-=-=-= 
22:08:54.807 INFO  Shard 0 launched 
22:08:57.320 INFO  =-=-=-=-=-=-=- Loading command(s): 63 -=-=-=-=-=-=-= 
22:08:57.321 INFO  =-=-=-=-=-=-=- Loading events(s): 27 -=-=-=-=-=-=-= 
22:08:57.322 INFO  Loading Event: channelCreate 
22:08:57.325 INFO  Loading Event: channelDelete 
22:08:57.328 INFO  Loading Event: channelUpdate 
22:08:57.331 INFO  Loading Event: emojiCreate 
22:08:57.334 INFO  Loading Event: emojiDelete 
22:08:57.336 INFO  Loading Event: emojiUpdate 
22:08:57.338 INFO  Loading Event: error 
22:08:57.340 INFO  Loading Event: guildBanAdd 
22:08:57.359 INFO  Loading Event: guildMemberAdd 
22:08:57.362 INFO  Loading Event: guildMemberRemove 
22:08:57.369 INFO  Loading Event: guildMemberUpdate 
22:08:57.372 INFO  Loading Event: guildUnavailable 
22:08:57.374 INFO  Loading Event: guildUpdate 
22:08:57.376 INFO  Loading Event: message 
22:08:57.383 INFO  Loading Event: messageDelete 
22:08:57.386 INFO  Loading Event: messageDeleteBulk 
22:08:57.388 INFO  Loading Event: messageReactionAdd 
22:08:57.390 INFO  Loading Event: messageReactionRemove 
22:08:57.394 INFO  Loading Event: messageUpdate 
22:08:57.398 INFO  Loading Event: ready 
22:08:57.400 INFO  Loading Event: roleCreate 
22:08:57.403 INFO  Loading Event: roleDelete 
22:08:57.405 INFO  Loading Event: roleUpdate 
22:08:57.409 INFO  Loading Event: shardError 
22:08:57.808 INFO  Bot dashboard is coming online 
22:08:57.342 INFO  Loading Event: guildBanRemove 
22:08:57.345 INFO  Loading Event: guildCreate 
22:08:57.358 INFO  Loading Event: guildDelete 
22:08:57.870 INFO  Bot dashboard is online 
22:08:57.879 INFO  Loading command: advice.js 
22:08:57.881 INFO  Loading command: fact.js 
22:08:57.901 INFO  Loading command: meme.js 
22:08:57.883 INFO  Loading command: flip.js 
22:08:57.902 INFO  Loading command: ping.js 
22:08:57.905 INFO  Loading command: pokemon.js 
22:08:57.912 INFO  Loading command: uptime.js 
22:08:57.939 INFO  Loading command: urban.js 
22:08:57.948 INFO  Loading command: avatar.js 
22:08:57.951 INFO  Loading command: dashboard.js 
22:08:57.956 INFO  Loading command: giveaway.js 
22:08:57.980 INFO  Loading command: guildicon.js 
22:08:57.986 INFO  Loading command: poll.js 
22:08:57.999 INFO  Loading command: role-info.js 
22:08:58.006 INFO  Loading command: user-info.js 
22:08:58.002 INFO  Loading command: server-info.js 
22:08:57.909 INFO  Loading command: rps.js 
22:08:58.009 INFO  Loading command: addban.js 
22:08:58.012 INFO  Loading command: eval.js 
22:08:58.014 INFO  Loading command: reload.js 
22:08:58.016 INFO  Loading command: shutdown.js 
22:08:58.019 INFO  Loading command: suggestion.js 
22:08:58.023 INFO  Loading command: blurpify.js 
22:08:58.025 INFO  Loading command: captcha.js 
22:08:58.028 INFO  Loading command: cat.js 
22:08:58.033 INFO  Loading command: clyde.js 
22:08:58.030 INFO  Loading command: changemymind.js 
22:08:58.035 INFO  Loading command: deepfry.js 
22:08:58.038 INFO  Loading command: dog.js 
22:08:58.520 INFO  Loading command: image.js 
22:08:57.907 INFO  Loading command: random.js 
22:08:58.528 INFO  Loading command: ship.js 
22:08:58.530 INFO  Loading command: stickbug.js 
22:08:58.523 INFO  Loading command: phcomment.js 
22:08:58.536 INFO  Loading command: threats.js 
22:08:58.541 INFO  Loading command: whowouldwin.js 
22:08:58.545 INFO  Loading command: leaderboard.js 
22:08:58.547 INFO  Loading command: level.js 
22:08:58.550 INFO  Loading command: about.js 
22:08:58.539 INFO  Loading command: twitter.js 
22:08:58.554 INFO  Loading command: invite.js 
22:08:58.558 INFO  Loading command: shorturl.js 
22:08:58.561 INFO  Loading command: status.js 
22:08:58.563 INFO  Loading command: support.js 
22:08:58.566 INFO  Loading command: ban.js 
22:08:58.568 INFO  Loading command: clear.js 
22:08:58.570 INFO  Loading command: deafen.js 
22:08:58.572 INFO  Loading command: kick.js 
22:08:58.574 INFO  Loading command: move.js 
22:08:58.576 INFO  Loading command: mute.js 
22:08:58.578 INFO  Loading command: nick.js 
22:08:58.580 INFO  Loading command: report.js 
22:08:58.583 INFO  Loading command: slowmode.js 
22:08:58.586 INFO  Loading command: ticket.js 
22:08:58.588 INFO  Loading command: unban.js 
22:08:58.590 INFO  Loading command: undeafen.js 
22:08:58.592 INFO  Loading command: unmute.js 
22:08:58.594 INFO  Loading command: warn.js 
22:08:58.595 INFO  Loading command: warnings.js 
22:08:58.717 INFO  Loading command: add-playlist.js 
22:08:58.719 INFO  Loading command: bassboost.js 
22:08:58.721 INFO  Loading command: forceskip.js 
22:08:58.723 INFO  Loading command: leave.js 
22:08:58.724 INFO  Loading command: loop.js 
22:08:58.727 INFO  Loading command: lyrics.js 
22:08:58.729 INFO  Loading command: movehere.js 
22:08:58.731 INFO  Loading command: pause.js 
22:08:58.732 INFO  Loading command: play-file.js 
22:08:58.790 INFO  Loading command: play.js 
22:08:58.792 INFO  Loading command: queue.js 
22:08:58.795 INFO  Loading command: radio.js 
22:08:58.797 INFO  Loading command: remove.js 
22:08:58.799 INFO  Loading command: resume.js 
22:08:58.888 INFO  Loading command: search.js 
22:08:58.890 INFO  Loading command: shuffle.js 
22:08:58.892 INFO  Loading command: skip.js 
22:08:58.894 INFO  Loading command: skipto.js 
22:08:58.899 INFO  Loading command: song.js 
22:08:58.901 INFO  Loading command: volume.js 
22:08:59.057 INFO  Loading command: 4k.js 
22:08:59.059 INFO  Loading command: anal.js 
22:08:59.063 INFO  Loading command: ass.js 
22:08:59.066 INFO  Loading command: boob.js 
22:08:59.068 INFO  Loading command: gif.js 
22:08:59.071 INFO  Loading command: neko.js 
22:08:59.073 INFO  Loading command: pussy.js 
22:08:59.076 INFO  Loading command: thigh.js 
22:08:59.089 INFO  Loading command: fortnite.js 
22:08:59.091 INFO  Loading command: instagram.js 
22:08:59.124 INFO  Loading command: mc.js 
22:08:59.235 INFO  Loading command: r6.js 
22:08:59.238 INFO  Loading command: reddit.js 
22:08:59.241 INFO  Loading command: steam.js 
22:08:59.244 INFO  Loading command: twitch.js 
22:08:59.410 INFO  Loading command: weather.js 
22:08:59.418 INFO  Loading command: startmusictrivia.js 
22:08:59.426 INFO  Loading command: stopmusictrivia.js 
22:08:58.526 INFO  Loading command: qrcode.js 
22:08:58.552 INFO  Loading command: help.js 
22:08:59.456 INFO  Mongoose connection successfully opened 
22:09:00.839 INFO  -=-=-=-=-=-=-=-=-=-=-=-=-=-=-=-=-=-=-=-=-=-=-=-=-=-=-=-= 
22:09:00.840 INFO  -=-=-=-=-=-=-=-=-=-=-=-=-=-=-=-=-=-=-=-=-=-=-=-=-=-=-=-= 
22:09:00.839 INFO  TestBot123#3999, ready to serve [7] users in [1] servers. 
23:50:19.654 INFO  =-=-=-=-=-=-=-Loading shard(s)-=-=-=-=-=-=-= 
23:50:19.856 INFO  Shard 0 launched 
23:50:21.150 INFO  =-=-=-=-=-=-=- Loading command(s): 63 -=-=-=-=-=-=-= 
23:50:21.153 INFO  Loading Event: channelCreate 
23:50:21.153 INFO  =-=-=-=-=-=-=- Loading events(s): 27 -=-=-=-=-=-=-= 
23:50:21.160 INFO  Loading Event: channelUpdate 
23:50:21.163 INFO  Loading Event: emojiCreate 
23:50:21.165 INFO  Loading Event: emojiDelete 
23:50:21.166 INFO  Loading Event: emojiUpdate 
23:50:21.157 INFO  Loading Event: channelDelete 
23:50:21.169 INFO  Loading Event: error 
23:50:21.172 INFO  Loading Event: guildBanRemove 
23:50:21.175 INFO  Loading Event: guildCreate 
23:50:21.186 INFO  Loading Event: guildDelete 
23:50:21.188 INFO  Loading Event: guildMemberAdd 
23:50:21.170 INFO  Loading Event: guildBanAdd 
23:50:21.190 INFO  Loading Event: guildMemberRemove 
23:50:21.195 INFO  Loading Event: guildMemberUpdate 
23:50:21.197 INFO  Loading Event: guildUnavailable 
23:50:21.198 INFO  Loading Event: guildUpdate 
23:50:21.200 INFO  Loading Event: message 
23:50:21.203 INFO  Loading Event: messageDelete 
23:50:21.205 INFO  Loading Event: messageDeleteBulk 
23:50:21.208 INFO  Loading Event: messageReactionAdd 
23:50:21.210 INFO  Loading Event: messageReactionRemove 
23:50:21.212 INFO  Loading Event: messageUpdate 
23:50:21.215 INFO  Loading Event: ready 
23:50:21.216 INFO  Loading Event: roleCreate 
23:50:21.219 INFO  Loading Event: roleDelete 
23:50:21.224 INFO  Loading Event: shardError 
23:50:21.222 INFO  Loading Event: roleUpdate 
23:50:21.658 INFO  Bot dashboard is coming online 
23:50:21.717 INFO  Bot dashboard is online 
23:50:21.733 INFO  Loading command: captcha.js 
23:50:21.729 INFO  Loading command: blurpify.js 
23:50:21.739 INFO  Loading command: changemymind.js 
23:50:21.745 INFO  Loading command: deepfry.js 
23:50:22.237 INFO  Loading command: image.js 
23:50:22.239 INFO  Loading command: phcomment.js 
23:50:22.242 INFO  Loading command: qrcode.js 
23:50:22.244 INFO  Loading command: ship.js 
23:50:21.747 INFO  Loading command: dog.js 
23:50:22.247 INFO  Loading command: stickbug.js 
23:50:22.249 INFO  Loading command: threats.js 
23:50:22.254 INFO  Loading command: whowouldwin.js 
23:50:22.262 INFO  Loading command: advice.js 
23:50:22.265 INFO  Loading command: fact.js 
23:50:22.252 INFO  Loading command: twitter.js 
23:50:22.266 INFO  Loading command: flip.js 
23:50:21.742 INFO  Loading command: clyde.js 
23:50:22.287 INFO  Loading command: ping.js 
23:50:22.290 INFO  Loading command: pokemon.js 
23:50:22.292 INFO  Loading command: random.js 
23:50:22.294 INFO  Loading command: rps.js 
23:50:22.297 INFO  Loading command: uptime.js 
23:50:22.302 INFO  Loading command: urban.js 
23:50:22.305 INFO  Loading command: avatar.js 
23:50:22.307 INFO  Loading command: dashboard.js 
23:50:22.310 INFO  Loading command: giveaway.js 
23:50:22.312 INFO  Loading command: guildicon.js 
23:50:22.315 INFO  Loading command: poll.js 
23:50:22.318 INFO  Loading command: role-info.js 
23:50:22.320 INFO  Loading command: server-info.js 
23:50:22.323 INFO  Loading command: user-info.js 
23:50:22.327 INFO  Loading command: addban.js 
23:50:22.329 INFO  Loading command: eval.js 
23:50:22.331 INFO  Loading command: reload.js 
23:50:22.333 INFO  Loading command: shutdown.js 
23:50:22.336 INFO  Loading command: suggestion.js 
23:50:22.342 INFO  Loading command: leaderboard.js 
23:50:22.345 INFO  Loading command: level.js 
23:50:22.348 INFO  Loading command: about.js 
23:50:22.351 INFO  Loading command: help.js 
23:50:22.353 INFO  Loading command: invite.js 
23:50:22.360 INFO  Loading command: shorturl.js 
23:50:22.363 INFO  Loading command: status.js 
23:50:22.365 INFO  Loading command: support.js 
23:50:22.368 INFO  Loading command: ban.js 
23:50:22.372 INFO  Loading command: clear.js 
23:50:22.374 INFO  Loading command: deafen.js 
23:50:22.376 INFO  Loading command: kick.js 
23:50:22.378 INFO  Loading command: move.js 
23:50:22.380 INFO  Loading command: mute.js 
23:50:22.383 INFO  Loading command: nick.js 
23:50:22.386 INFO  Loading command: report.js 
23:50:22.389 INFO  Loading command: slowmode.js 
23:50:22.392 INFO  Loading command: ticket.js 
23:50:22.285 INFO  Loading command: meme.js 
23:50:22.397 INFO  Loading command: undeafen.js 
23:50:22.402 INFO  Loading command: warn.js 
23:50:22.400 INFO  Loading command: unmute.js 
23:50:22.404 INFO  Loading command: warnings.js 
23:50:22.550 INFO  Loading command: add-playlist.js 
23:50:22.555 INFO  Loading command: forceskip.js 
23:50:21.736 INFO  Loading command: cat.js 
23:50:22.552 INFO  Loading command: bassboost.js 
23:50:22.557 INFO  Loading command: leave.js 
23:50:22.563 INFO  Loading command: lyrics.js 
23:50:22.565 INFO  Loading command: movehere.js 
23:50:22.560 INFO  Loading command: loop.js 
23:50:22.568 INFO  Loading command: pause.js 
23:50:22.571 INFO  Loading command: play-file.js 
23:50:22.641 INFO  Loading command: play.js 
23:50:22.643 INFO  Loading command: queue.js 
23:50:22.649 INFO  Loading command: remove.js 
23:50:22.647 INFO  Loading command: radio.js 
23:50:22.651 INFO  Loading command: resume.js 
23:50:22.760 INFO  Loading command: shuffle.js 
23:50:22.758 INFO  Loading command: search.js 
23:50:22.762 INFO  Loading command: skip.js 
23:50:22.770 INFO  Loading command: song.js 
23:50:22.764 INFO  Loading command: skipto.js 
23:50:22.394 INFO  Loading command: unban.js 
23:50:22.946 INFO  Loading command: anal.js 
23:50:22.951 INFO  Loading command: ass.js 
23:50:22.953 INFO  Loading command: boob.js 
23:50:22.773 INFO  Loading command: volume.js 
23:50:22.961 INFO  Loading command: pussy.js 
23:50:22.959 INFO  Loading command: neko.js 
23:50:22.963 INFO  Loading command: thigh.js 
23:50:22.965 INFO  Loading command: startmusictrivia.js 
23:50:22.967 INFO  Loading command: stopmusictrivia.js 
23:50:22.944 INFO  Loading command: 4k.js 
23:50:22.956 INFO  Loading command: gif.js 
23:50:22.987 INFO  Loading command: instagram.js 
23:50:23.024 INFO  Loading command: mc.js 
23:50:23.131 INFO  Loading command: r6.js 
23:50:23.135 INFO  Loading command: reddit.js 
23:50:23.138 INFO  Loading command: steam.js 
23:50:23.140 INFO  Loading command: twitch.js 
23:50:23.212 INFO  Loading command: weather.js 
23:50:22.984 INFO  Loading command: fortnite.js 
23:50:23.234 INFO  Mongoose connection successfully opened 
23:50:23.785 INFO  -=-=-=-=-=-=-=-=-=-=-=-=-=-=-=-=-=-=-=-=-=-=-=-=-=-=-=-= 
23:50:23.785 INFO  TestBot123#3999, ready to serve [7] users in [1] servers. 
23:50:23.786 INFO  -=-=-=-=-=-=-=-=-=-=-=-=-=-=-=-=-=-=-=-=-=-=-=-=-=-=-=-= 
23:54:02.106 INFO  =-=-=-=-=-=-=-Loading shard(s)-=-=-=-=-=-=-= 
23:54:02.291 INFO  Shard 0 launched 
23:54:03.361 INFO  =-=-=-=-=-=-=- Loading command(s): 63 -=-=-=-=-=-=-= 
23:54:03.363 INFO  =-=-=-=-=-=-=- Loading events(s): 27 -=-=-=-=-=-=-= 
23:54:03.363 INFO  Loading Event: channelCreate 
23:54:03.366 INFO  Loading Event: channelDelete 
23:54:03.368 INFO  Loading Event: channelUpdate 
23:54:03.370 INFO  Loading Event: emojiCreate 
23:54:03.372 INFO  Loading Event: emojiDelete 
23:54:03.374 INFO  Loading Event: emojiUpdate 
23:54:03.376 INFO  Loading Event: error 
23:54:03.377 INFO  Loading Event: guildBanAdd 
23:54:03.378 INFO  Loading Event: guildBanRemove 
23:54:03.380 INFO  Loading Event: guildCreate 
23:54:03.388 INFO  Loading Event: guildDelete 
23:54:03.389 INFO  Loading Event: guildMemberAdd 
23:54:03.390 INFO  Loading Event: guildMemberRemove 
23:54:03.395 INFO  Loading Event: guildMemberUpdate 
23:54:03.397 INFO  Loading Event: guildUnavailable 
23:54:03.398 INFO  Loading Event: guildUpdate 
23:54:03.400 INFO  Loading Event: message 
23:54:03.402 INFO  Loading Event: messageDelete 
23:54:03.403 INFO  Loading Event: messageDeleteBulk 
23:54:03.406 INFO  Loading Event: messageReactionAdd 
23:54:03.411 INFO  Loading Event: messageReactionRemove 
23:54:03.413 INFO  Loading Event: messageUpdate 
23:54:03.415 INFO  Loading Event: ready 
23:54:03.416 INFO  Loading Event: roleCreate 
23:54:03.418 INFO  Loading Event: roleDelete 
23:54:03.422 INFO  Loading Event: roleUpdate 
23:54:03.424 INFO  Loading Event: shardError 
23:54:03.750 INFO  Bot dashboard is coming online 
23:54:03.811 INFO  Bot dashboard is online 
23:54:03.815 INFO  Loading command: blurpify.js 
23:54:03.817 INFO  Loading command: captcha.js 
23:54:03.818 INFO  Loading command: cat.js 
23:54:03.823 INFO  Loading command: changemymind.js 
23:54:03.825 INFO  Loading command: clyde.js 
23:54:03.827 INFO  Loading command: deepfry.js 
23:54:03.829 INFO  Loading command: dog.js 
23:54:04.145 INFO  Loading command: image.js 
23:54:04.147 INFO  Loading command: phcomment.js 
23:54:04.149 INFO  Loading command: qrcode.js 
23:54:04.150 INFO  Loading command: ship.js 
23:54:04.152 INFO  Loading command: stickbug.js 
23:54:04.155 INFO  Loading command: threats.js 
23:54:04.157 INFO  Loading command: twitter.js 
23:54:04.159 INFO  Loading command: whowouldwin.js 
23:54:04.164 INFO  Loading command: avatar.js 
23:54:04.165 INFO  Loading command: dashboard.js 
23:54:04.168 INFO  Loading command: giveaway.js 
23:54:04.170 INFO  Loading command: guildicon.js 
23:54:04.172 INFO  Loading command: poll.js 
23:54:04.174 INFO  Loading command: role-info.js 
23:54:04.176 INFO  Loading command: server-info.js 
23:54:04.178 INFO  Loading command: user-info.js 
23:54:04.182 INFO  Loading command: about.js 
23:54:04.185 INFO  Loading command: invite.js 
23:54:04.187 INFO  Loading command: shorturl.js 
23:54:04.184 INFO  Loading command: help.js 
23:54:04.189 INFO  Loading command: status.js 
23:54:04.190 INFO  Loading command: support.js 
23:54:04.193 INFO  Loading command: leaderboard.js 
23:54:04.196 INFO  Loading command: level.js 
23:54:04.262 INFO  Loading command: add-playlist.js 
23:54:04.264 INFO  Loading command: bassboost.js 
23:54:04.265 INFO  Loading command: forceskip.js 
23:54:04.266 INFO  Loading command: leave.js 
23:54:04.268 INFO  Loading command: loop.js 
23:54:04.279 INFO  Loading command: lyrics.js 
23:54:04.281 INFO  Loading command: movehere.js 
23:54:04.282 INFO  Loading command: pause.js 
23:54:04.283 INFO  Loading command: play-file.js 
23:54:04.335 INFO  Loading command: play.js 
23:54:04.336 INFO  Loading command: queue.js 
23:54:04.338 INFO  Loading command: radio.js 
23:54:04.339 INFO  Loading command: remove.js 
23:54:04.341 INFO  Loading command: resume.js 
23:54:04.409 INFO  Loading command: search.js 
23:54:04.412 INFO  Loading command: shuffle.js 
23:54:04.413 INFO  Loading command: skip.js 
23:54:04.416 INFO  Loading command: skipto.js 
23:54:04.419 INFO  Loading command: song.js 
23:54:04.423 INFO  Loading command: volume.js 
23:54:04.426 INFO  Loading command: ban.js 
23:54:04.427 INFO  Loading command: clear.js 
23:54:04.429 INFO  Loading command: deafen.js 
23:54:04.430 INFO  Loading command: kick.js 
23:54:04.431 INFO  Loading command: move.js 
23:54:04.433 INFO  Loading command: mute.js 
23:54:04.435 INFO  Loading command: nick.js 
23:54:04.437 INFO  Loading command: report.js 
23:54:04.439 INFO  Loading command: slowmode.js 
23:54:04.440 INFO  Loading command: ticket.js 
23:54:04.442 INFO  Loading command: unban.js 
23:54:04.443 INFO  Loading command: undeafen.js 
23:54:04.444 INFO  Loading command: unmute.js 
23:54:04.445 INFO  Loading command: warn.js 
23:54:04.447 INFO  Loading command: warnings.js 
23:54:04.555 INFO  Loading command: 4k.js 
23:54:04.557 INFO  Loading command: anal.js 
23:54:04.558 INFO  Loading command: ass.js 
23:54:04.560 INFO  Loading command: boob.js 
23:54:04.562 INFO  Loading command: gif.js 
23:54:04.564 INFO  Loading command: neko.js 
23:54:04.565 INFO  Loading command: pussy.js 
23:54:04.568 INFO  Loading command: thigh.js 
23:54:04.577 INFO  Loading command: fortnite.js 
23:54:04.580 INFO  Loading command: instagram.js 
23:54:04.610 INFO  Loading command: mc.js 
23:54:04.688 INFO  Loading command: r6.js 
23:54:04.691 INFO  Loading command: reddit.js 
23:54:04.693 INFO  Loading command: steam.js 
23:54:04.694 INFO  Loading command: twitch.js 
23:54:04.736 INFO  Loading command: weather.js 
23:54:04.739 INFO  Loading command: addban.js 
23:54:04.740 INFO  Loading command: eval.js 
23:54:04.742 INFO  Loading command: reload.js 
23:54:04.744 INFO  Loading command: shutdown.js 
23:54:04.745 INFO  Loading command: suggestion.js 
23:54:04.747 INFO  Loading command: startmusictrivia.js 
23:54:04.748 INFO  Loading command: stopmusictrivia.js 
23:54:04.752 INFO  Loading command: advice.js 
23:54:04.755 INFO  Loading command: fact.js 
23:54:04.757 INFO  Loading command: flip.js 
23:54:04.758 INFO  Loading command: meme.js 
23:54:04.760 INFO  Loading command: ping.js 
23:54:04.762 INFO  Loading command: pokemon.js 
23:54:04.763 INFO  Loading command: random.js 
23:54:04.765 INFO  Loading command: rps.js 
23:54:04.766 INFO  Loading command: uptime.js 
23:54:04.771 INFO  Loading command: urban.js 
23:54:04.802 INFO  Mongoose connection successfully opened 
23:54:05.427 INFO  TestBot123#3999, ready to serve [7] users in [1] servers. 
23:54:05.426 INFO  -=-=-=-=-=-=-=-=-=-=-=-=-=-=-=-=-=-=-=-=-=-=-=-=-=-=-=-= 
23:54:05.427 INFO  -=-=-=-=-=-=-=-=-=-=-=-=-=-=-=-=-=-=-=-=-=-=-=-=-=-=-=-= 








































































































































