00:01:31.634 INFO  Guild: [750822670505083000] updated settings: LevelOption 
00:01:45.095 INFO  Guild: [750822670505083000] updated settings: LevelOption 
00:05:16.591 INFO  =-=-=-=-=-=-=-Loading shard(s)-=-=-=-=-=-=-= 
00:05:16.824 INFO  Shard 0 launched 
00:05:18.752 INFO  =-=-=-=-=-=-=- Loading command(s): 63 -=-=-=-=-=-=-= 
00:05:18.760 INFO  =-=-=-=-=-=-=- Loading events(s): 29 -=-=-=-=-=-=-= 
00:05:18.761 INFO  Loading Event: channelCreate 
00:05:18.776 INFO  Loading Event: channelDelete 
00:05:18.780 INFO  Loading Event: channelUpdate 
00:05:18.782 INFO  Loading Event: emojiCreate 
00:05:18.794 INFO  Loading Event: emojiDelete 
00:05:18.801 INFO  Loading Event: emojiUpdate 
00:05:18.803 INFO  Loading Event: error 
00:05:18.816 INFO  Loading Event: guildBanAdd 
00:05:18.822 INFO  Loading Event: guildBanRemove 
00:05:18.824 INFO  Loading Event: guildCreate 
00:05:18.843 INFO  Loading Event: guildDelete 
00:05:18.845 INFO  Loading Event: guildMemberAdd 
00:05:18.848 INFO  Loading Event: guildMemberRemove 
00:05:18.853 INFO  Loading Event: guildMemberUpdate 
00:05:18.855 INFO  Loading Event: guildUnavailable 
00:05:18.856 INFO  Loading Event: guildUpdate 
00:05:18.864 INFO  Loading Event: message 
00:05:18.868 INFO  Loading Event: messageDelete 
00:05:18.870 INFO  Loading Event: messageDeleteBulk 
00:05:18.872 INFO  Loading Event: messageReactionAdd 
00:05:18.876 INFO  Loading Event: messageReactionRemove 
00:05:18.878 INFO  Loading Event: messageUpdate 
00:05:18.880 INFO  Loading Event: ready 
00:05:18.881 INFO  Loading Event: roleCreate 
00:05:18.884 INFO  Loading Event: roleDelete 
00:05:18.889 INFO  Loading Event: roleUpdate 
00:05:18.893 INFO  Loading Event: shardDisconnect 
00:05:18.929 INFO  Loading Event: shardError 
00:05:18.936 INFO  Loading Event: warn 
00:05:19.420 INFO  Bot dashboard is coming online 
00:05:19.552 INFO  Bot dashboard is online 
00:05:19.561 INFO  Loading command: advice.js 
00:05:19.569 INFO  Loading command: fact.js 
00:05:19.572 INFO  Loading command: flip.js 
00:05:19.589 INFO  Loading command: meme.js 
00:05:19.591 INFO  Loading command: ping.js 
00:05:19.594 INFO  Loading command: pokemon.js 
00:05:19.596 INFO  Loading command: random.js 
00:05:19.600 INFO  Loading command: rps.js 
00:05:19.604 INFO  Loading command: urban.js 
00:05:19.610 INFO  Loading command: avatar.js 
00:05:19.613 INFO  Loading command: dashboard.js 
00:05:19.616 INFO  Loading command: giveaway.js 
00:05:19.619 INFO  Loading command: guildicon.js 
00:05:19.621 INFO  Loading command: poll.js 
00:05:19.627 INFO  Loading command: role-info.js 
00:05:19.632 INFO  Loading command: server-info.js 
00:05:19.643 INFO  Loading command: user-info.js 
00:05:19.648 INFO  Loading command: addban.js 
00:05:19.652 INFO  Loading command: eval.js 
00:05:19.654 INFO  Loading command: reload.js 
00:05:19.669 INFO  Loading command: shutdown.js 
00:05:19.672 INFO  Loading command: suggestion.js 
00:05:19.798 INFO  Loading command: blurpify.js 
00:05:19.800 INFO  Loading command: captcha.js 
00:05:19.816 INFO  Loading command: cat.js 
00:05:19.828 INFO  Loading command: changemymind.js 
00:05:19.838 INFO  Loading command: clyde.js 
00:05:19.843 INFO  Loading command: deepfry.js 
00:05:19.852 INFO  Loading command: dog.js 
00:05:20.449 INFO  Loading command: image.js 
00:05:20.452 INFO  Loading command: phcomment.js 
00:05:20.456 INFO  Loading command: qrcode.js 
00:05:20.470 INFO  Loading command: ship.js 
00:05:20.473 INFO  Loading command: stickbug.js 
00:05:20.476 INFO  Loading command: threats.js 
00:05:20.479 INFO  Loading command: twitter.js 
00:05:20.482 INFO  Loading command: whowouldwin.js 
00:05:20.489 INFO  Loading command: leaderboard.js 
00:05:20.506 INFO  Loading command: rank.js 
00:05:20.515 INFO  Loading command: about.js 
00:05:20.521 INFO  Loading command: help.js 
00:05:20.523 INFO  Loading command: invite.js 
00:05:20.531 INFO  Loading command: shorturl.js 
00:05:20.535 INFO  Loading command: status.js 
00:05:20.537 INFO  Loading command: support.js 
00:05:20.541 INFO  Loading command: ban.js 
00:05:20.544 INFO  Loading command: clear-warning.js 
00:05:20.547 INFO  Loading command: clear.js 
00:05:20.549 INFO  Loading command: deafen.js 
00:05:20.550 INFO  Loading command: kick.js 
00:05:20.554 INFO  Loading command: nick.js 
00:05:20.556 INFO  Loading command: report.js 
00:05:20.558 INFO  Loading command: slowmode.js 
00:05:20.559 INFO  Loading command: ticket.js 
00:05:20.561 INFO  Loading command: unban.js 
00:05:20.564 INFO  Loading command: undeafen.js 
00:05:20.567 INFO  Loading command: unmute.js 
00:05:20.569 INFO  Loading command: warn.js 
00:05:20.572 INFO  Loading command: warnings.js 
00:05:20.736 INFO  Loading command: add-playlist.js 
00:05:20.739 INFO  Loading command: bassboost.js 
00:05:20.743 INFO  Loading command: forceskip.js 
00:05:20.745 INFO  Loading command: leave.js 
00:05:20.748 INFO  Loading command: loop.js 
00:05:20.752 INFO  Loading command: lyrics.js 
00:05:20.755 INFO  Loading command: movehere.js 
00:05:20.758 INFO  Loading command: pause.js 
00:05:20.778 INFO  Loading command: play-file.js 
00:05:20.853 INFO  Loading command: play.js 
00:05:20.855 INFO  Loading command: queue.js 
00:05:20.859 INFO  Loading command: radio.js 
00:05:20.871 INFO  Loading command: remove.js 
00:05:20.876 INFO  Loading command: resume.js 
00:05:21.073 INFO  Loading command: search.js 
00:05:21.078 INFO  Loading command: seek.js 
00:05:21.083 INFO  Loading command: shuffle.js 
00:05:21.093 INFO  Loading command: skip.js 
00:05:21.105 INFO  Loading command: skipto.js 
00:05:21.120 INFO  Loading command: song.js 
00:05:21.123 INFO  Loading command: volume.js 
00:05:21.379 INFO  Loading command: 4k.js 
00:05:21.388 INFO  Loading command: anal.js 
00:05:21.394 INFO  Loading command: ass.js 
00:05:21.399 INFO  Loading command: boob.js 
00:05:21.404 INFO  Loading command: gif.js 
00:05:21.415 INFO  Loading command: neko.js 
00:05:21.421 INFO  Loading command: pussy.js 
00:05:21.431 INFO  Loading command: thigh.js 
00:05:21.447 INFO  Loading command: fortnite.js 
00:05:21.451 INFO  Loading command: instagram.js 
00:05:21.536 INFO  Loading command: mc.js 
00:05:21.694 INFO  Loading command: r6.js 
00:05:21.697 INFO  Loading command: reddit.js 
00:05:21.705 INFO  Loading command: steam.js 
00:05:21.714 INFO  Loading command: twitch.js 
00:05:21.822 INFO  Loading command: weather.js 
00:05:21.829 INFO  Loading command: startmusictrivia.js 
00:05:21.835 INFO  Loading command: stopmusictrivia.js 
00:05:20.552 INFO  Loading command: mute.js 
00:05:21.926 INFO  Mongoose connection successfully opened 
00:05:22.472 INFO  -=-=-=-=-=-=-=-=-=-=-=-=-=-=-=-=-=-=-=-=-=-=-=-=-=-=-=-= 
00:05:22.479 INFO  TestBot123#3999, ready to serve [6] users in [1] servers. 
00:05:22.480 INFO  -=-=-=-=-=-=-=-=-=-=-=-=-=-=-=-=-=-=-=-=-=-=-=-=-=-=-=-= 
00:05:30.203 INFO  I am Ben#6686 has logged on with IP: 192.168.0.8 (undefined, undefined) 
00:06:09.249 INFO  =-=-=-=-=-=-=-Loading shard(s)-=-=-=-=-=-=-= 
00:06:09.530 INFO  Shard 0 launched 
00:06:11.448 INFO  =-=-=-=-=-=-=- Loading command(s): 63 -=-=-=-=-=-=-= 
00:06:11.450 INFO  =-=-=-=-=-=-=- Loading events(s): 29 -=-=-=-=-=-=-= 
00:06:11.451 INFO  Loading Event: channelCreate 
00:06:11.457 INFO  Loading Event: channelDelete 
00:06:11.460 INFO  Loading Event: channelUpdate 
00:06:11.464 INFO  Loading Event: emojiCreate 
00:06:11.468 INFO  Loading Event: emojiDelete 
00:06:11.470 INFO  Loading Event: emojiUpdate 
00:06:11.472 INFO  Loading Event: error 
00:06:11.473 INFO  Loading Event: guildBanAdd 
00:06:11.475 INFO  Loading Event: guildBanRemove 
00:06:11.489 INFO  Loading Event: guildDelete 
00:06:11.477 INFO  Loading Event: guildCreate 
00:06:11.490 INFO  Loading Event: guildMemberAdd 
00:06:11.492 INFO  Loading Event: guildMemberRemove 
00:06:11.495 INFO  Loading Event: guildMemberUpdate 
00:06:11.498 INFO  Loading Event: guildUnavailable 
00:06:11.500 INFO  Loading Event: guildUpdate 
00:06:11.503 INFO  Loading Event: message 
00:06:11.505 INFO  Loading Event: messageDelete 
00:06:11.507 INFO  Loading Event: messageDeleteBulk 
00:06:11.510 INFO  Loading Event: messageReactionAdd 
00:06:11.514 INFO  Loading Event: messageReactionRemove 
00:06:11.518 INFO  Loading Event: messageUpdate 
00:06:11.522 INFO  Loading Event: ready 
00:06:11.525 INFO  Loading Event: roleCreate 
00:06:11.528 INFO  Loading Event: roleDelete 
00:06:11.530 INFO  Loading Event: roleUpdate 
00:06:11.533 INFO  Loading Event: shardDisconnect 
00:06:11.536 INFO  Loading Event: shardError 
00:06:11.538 INFO  Loading Event: warn 
00:06:12.056 INFO  Bot dashboard is coming online 
00:06:12.170 INFO  Bot dashboard is online 
00:06:12.180 INFO  Loading command: avatar.js 
00:06:12.199 INFO  Loading command: giveaway.js 
00:06:12.182 INFO  Loading command: dashboard.js 
00:06:12.210 INFO  Loading command: guildicon.js 
00:06:12.212 INFO  Loading command: poll.js 
00:06:12.239 INFO  Loading command: role-info.js 
00:06:12.253 INFO  Loading command: server-info.js 
00:06:12.263 INFO  Loading command: user-info.js 
00:06:12.270 INFO  Loading command: addban.js 
00:06:12.272 INFO  Loading command: eval.js 
00:06:12.274 INFO  Loading command: reload.js 
00:06:12.280 INFO  Loading command: shutdown.js 
00:06:12.293 INFO  Loading command: suggestion.js 
00:06:12.300 INFO  Loading command: leaderboard.js 
00:06:12.302 INFO  Loading command: rank.js 
00:06:12.305 INFO  Loading command: blurpify.js 
00:06:12.328 INFO  Loading command: captcha.js 
00:06:12.332 INFO  Loading command: cat.js 
00:06:12.337 INFO  Loading command: changemymind.js 
00:06:12.343 INFO  Loading command: clyde.js 
00:06:12.347 INFO  Loading command: deepfry.js 
00:06:12.360 INFO  Loading command: dog.js 
00:06:12.927 INFO  Loading command: phcomment.js 
00:06:12.924 INFO  Loading command: image.js 
00:06:12.930 INFO  Loading command: qrcode.js 
00:06:12.933 INFO  Loading command: ship.js 
00:06:12.935 INFO  Loading command: stickbug.js 
00:06:12.939 INFO  Loading command: twitter.js 
00:06:12.941 INFO  Loading command: whowouldwin.js 
00:06:12.937 INFO  Loading command: threats.js 
00:06:12.944 INFO  Loading command: ban.js 
00:06:12.946 INFO  Loading command: clear-warning.js 
00:06:12.948 INFO  Loading command: clear.js 
00:06:12.949 INFO  Loading command: deafen.js 
00:06:12.951 INFO  Loading command: kick.js 
00:06:12.953 INFO  Loading command: mute.js 
00:06:12.956 INFO  Loading command: nick.js 
00:06:12.958 INFO  Loading command: report.js 
00:06:12.960 INFO  Loading command: slowmode.js 
00:06:12.963 INFO  Loading command: ticket.js 
00:06:12.967 INFO  Loading command: unban.js 
00:06:12.968 INFO  Loading command: undeafen.js 
00:06:12.971 INFO  Loading command: unmute.js 
00:06:12.972 INFO  Loading command: warn.js 
00:06:12.976 INFO  Loading command: warnings.js 
00:06:12.980 INFO  Loading command: about.js 
00:06:12.982 INFO  Loading command: help.js 
00:06:12.984 INFO  Loading command: invite.js 
00:06:12.989 INFO  Loading command: shorturl.js 
00:06:12.992 INFO  Loading command: status.js 
00:06:12.996 INFO  Loading command: support.js 
00:06:13.138 INFO  Loading command: 4k.js 
00:06:13.140 INFO  Loading command: anal.js 
00:06:13.142 INFO  Loading command: ass.js 
00:06:13.145 INFO  Loading command: boob.js 
00:06:13.148 INFO  Loading command: gif.js 
00:06:13.152 INFO  Loading command: neko.js 
00:06:13.155 INFO  Loading command: pussy.js 
00:06:13.258 INFO  Loading command: add-playlist.js 
00:06:13.260 INFO  Loading command: bassboost.js 
00:06:13.157 INFO  Loading command: thigh.js 
00:06:13.262 INFO  Loading command: forceskip.js 
00:06:13.264 INFO  Loading command: leave.js 
00:06:13.266 INFO  Loading command: loop.js 
00:06:13.278 INFO  Loading command: lyrics.js 
00:06:13.279 INFO  Loading command: movehere.js 
00:06:13.281 INFO  Loading command: pause.js 
00:06:13.282 INFO  Loading command: play-file.js 
00:06:13.333 INFO  Loading command: play.js 
00:06:13.335 INFO  Loading command: queue.js 
00:06:13.337 INFO  Loading command: radio.js 
00:06:13.339 INFO  Loading command: remove.js 
00:06:13.340 INFO  Loading command: resume.js 
00:06:13.418 INFO  Loading command: search.js 
00:06:13.432 INFO  Loading command: shuffle.js 
00:06:13.420 INFO  Loading command: seek.js 
00:06:13.436 INFO  Loading command: skipto.js 
00:06:13.434 INFO  Loading command: skip.js 
00:06:13.444 INFO  Loading command: volume.js 
00:06:13.470 INFO  Loading command: fortnite.js 
00:06:13.442 INFO  Loading command: song.js 
00:06:13.472 INFO  Loading command: instagram.js 
00:06:13.501 INFO  Loading command: mc.js 
00:06:13.599 INFO  Loading command: r6.js 
00:06:13.602 INFO  Loading command: reddit.js 
00:06:13.605 INFO  Loading command: steam.js 
00:06:13.607 INFO  Loading command: twitch.js 
00:06:13.659 INFO  Loading command: weather.js 
00:06:13.662 INFO  Loading command: startmusictrivia.js 
00:06:13.665 INFO  Loading command: stopmusictrivia.js 
00:06:13.670 INFO  Loading command: advice.js 
00:06:13.672 INFO  Loading command: fact.js 
00:06:13.674 INFO  Loading command: flip.js 
00:06:13.676 INFO  Loading command: meme.js 
00:06:13.678 INFO  Loading command: ping.js 
00:06:13.680 INFO  Loading command: pokemon.js 
00:06:13.686 INFO  Loading command: rps.js 
00:06:13.683 INFO  Loading command: random.js 
00:06:13.691 INFO  Loading command: urban.js 
00:06:13.743 INFO  Mongoose connection successfully opened 
00:06:14.238 INFO  TestBot123#3999, ready to serve [6] users in [1] servers. 
00:06:14.238 INFO  -=-=-=-=-=-=-=-=-=-=-=-=-=-=-=-=-=-=-=-=-=-=-=-=-=-=-=-= 
00:06:14.239 INFO  -=-=-=-=-=-=-=-=-=-=-=-=-=-=-=-=-=-=-=-=-=-=-=-=-=-=-=-= 
00:06:19.478 INFO  I am Ben#6686 has logged on with IP: 192.168.0.8 (undefined, undefined) 
00:06:25.158 INFO  Guild: [750822670505083000] updated settings: LevelOption,LevelMessage 
00:08:07.429 INFO  Guild: [750822670505083000] updated settings: LevelOption,LevelMessage 
00:08:18.774 INFO  Guild: [750822670505083000] updated settings: LevelOption,LevelMessage 
00:10:29.838 INFO  =-=-=-=-=-=-=-Loading shard(s)-=-=-=-=-=-=-= 
00:10:30.025 INFO  Shard 0 launched 
00:10:31.329 INFO  =-=-=-=-=-=-=- Loading command(s): 63 -=-=-=-=-=-=-= 
00:10:31.331 INFO  =-=-=-=-=-=-=- Loading events(s): 29 -=-=-=-=-=-=-= 
00:10:31.332 INFO  Loading Event: channelCreate 
00:10:31.334 INFO  Loading Event: channelDelete 
00:10:31.335 INFO  Loading Event: channelUpdate 
00:10:31.338 INFO  Loading Event: emojiCreate 
00:10:31.340 INFO  Loading Event: emojiDelete 
00:10:31.342 INFO  Loading Event: emojiUpdate 
00:10:31.343 INFO  Loading Event: error 
00:10:31.346 INFO  Loading Event: guildBanRemove 
00:10:31.345 INFO  Loading Event: guildBanAdd 
00:10:31.348 INFO  Loading Event: guildCreate 
00:10:31.375 INFO  Loading Event: guildDelete 
00:10:31.377 INFO  Loading Event: guildMemberAdd 
00:10:31.383 INFO  Loading Event: guildMemberRemove 
00:10:31.387 INFO  Loading Event: guildMemberUpdate 
00:10:31.388 INFO  Loading Event: guildUnavailable 
00:10:31.390 INFO  Loading Event: guildUpdate 
00:10:31.391 INFO  Loading Event: message 
00:10:31.394 INFO  Loading Event: messageDelete 
00:10:31.396 INFO  Loading Event: messageDeleteBulk 
00:10:31.398 INFO  Loading Event: messageReactionAdd 
00:10:31.400 INFO  Loading Event: messageReactionRemove 
00:10:31.402 INFO  Loading Event: messageUpdate 
00:10:31.404 INFO  Loading Event: ready 
00:10:31.405 INFO  Loading Event: roleCreate 
00:10:31.409 INFO  Loading Event: roleDelete 
00:10:31.411 INFO  Loading Event: roleUpdate 
00:10:31.436 INFO  Loading Event: shardDisconnect 
00:10:31.440 INFO  Loading Event: shardError 
00:10:31.444 INFO  Loading Event: warn 
00:10:31.780 INFO  Bot dashboard is coming online 
00:10:31.851 INFO  Bot dashboard is online 
00:10:31.854 INFO  Loading command: avatar.js 
00:10:31.855 INFO  Loading command: dashboard.js 
00:10:31.858 INFO  Loading command: giveaway.js 
00:10:31.861 INFO  Loading command: guildicon.js 
00:10:31.862 INFO  Loading command: poll.js 
00:10:31.865 INFO  Loading command: role-info.js 
00:10:31.869 INFO  Loading command: user-info.js 
00:10:31.867 INFO  Loading command: server-info.js 
00:10:31.872 INFO  Loading command: addban.js 
00:10:31.874 INFO  Loading command: eval.js 
00:10:31.875 INFO  Loading command: reload.js 
00:10:31.877 INFO  Loading command: shutdown.js 
00:10:31.881 INFO  Loading command: suggestion.js 
00:10:31.884 INFO  Loading command: leaderboard.js 
00:10:31.890 INFO  Loading command: rank.js 
00:10:31.894 INFO  Loading command: blurpify.js 
00:10:31.896 INFO  Loading command: captcha.js 
00:10:31.901 INFO  Loading command: cat.js 
00:10:31.904 INFO  Loading command: changemymind.js 
00:10:31.905 INFO  Loading command: clyde.js 
00:10:31.907 INFO  Loading command: deepfry.js 
00:10:31.909 INFO  Loading command: dog.js 
00:10:32.290 INFO  Loading command: image.js 
00:10:32.293 INFO  Loading command: phcomment.js 
00:10:32.296 INFO  Loading command: qrcode.js 
00:10:32.300 INFO  Loading command: ship.js 
00:10:32.303 INFO  Loading command: stickbug.js 
00:10:32.305 INFO  Loading command: threats.js 
00:10:32.307 INFO  Loading command: twitter.js 
00:10:32.309 INFO  Loading command: whowouldwin.js 
00:10:32.313 INFO  Loading command: ban.js 
00:10:32.316 INFO  Loading command: clear.js 
00:10:32.315 INFO  Loading command: clear-warning.js 
00:10:32.318 INFO  Loading command: deafen.js 
00:10:32.319 INFO  Loading command: kick.js 
00:10:32.320 INFO  Loading command: mute.js 
00:10:32.322 INFO  Loading command: nick.js 
00:10:32.323 INFO  Loading command: report.js 
00:10:32.324 INFO  Loading command: slowmode.js 
00:10:32.327 INFO  Loading command: ticket.js 
00:10:32.328 INFO  Loading command: unban.js 
00:10:32.330 INFO  Loading command: undeafen.js 
00:10:32.331 INFO  Loading command: unmute.js 
00:10:32.332 INFO  Loading command: warn.js 
00:10:32.334 INFO  Loading command: warnings.js 
00:10:32.337 INFO  Loading command: about.js 
00:10:32.340 INFO  Loading command: help.js 
00:10:32.341 INFO  Loading command: invite.js 
00:10:32.344 INFO  Loading command: shorturl.js 
00:10:32.346 INFO  Loading command: status.js 
00:10:32.348 INFO  Loading command: support.js 
00:10:32.467 INFO  Loading command: add-playlist.js 
00:10:32.471 INFO  Loading command: bassboost.js 
00:10:32.473 INFO  Loading command: forceskip.js 
00:10:32.475 INFO  Loading command: leave.js 
00:10:32.477 INFO  Loading command: loop.js 
00:10:32.500 INFO  Loading command: lyrics.js 
00:10:32.502 INFO  Loading command: movehere.js 
00:10:32.504 INFO  Loading command: pause.js 
00:10:32.505 INFO  Loading command: play-file.js 
00:10:32.551 INFO  Loading command: play.js 
00:10:32.555 INFO  Loading command: queue.js 
00:10:32.559 INFO  Loading command: radio.js 
00:10:32.561 INFO  Loading command: remove.js 
00:10:32.563 INFO  Loading command: resume.js 
00:10:32.639 INFO  Loading command: search.js 
00:10:32.640 INFO  Loading command: seek.js 
00:10:32.642 INFO  Loading command: shuffle.js 
00:10:32.643 INFO  Loading command: skip.js 
00:10:32.645 INFO  Loading command: skipto.js 
00:10:32.649 INFO  Loading command: song.js 
00:10:32.650 INFO  Loading command: volume.js 
00:10:32.788 INFO  Loading command: anal.js 
00:10:32.790 INFO  Loading command: ass.js 
00:10:32.786 INFO  Loading command: 4k.js 
00:10:32.791 INFO  Loading command: boob.js 
00:10:32.795 INFO  Loading command: gif.js 
00:10:32.797 INFO  Loading command: neko.js 
00:10:32.800 INFO  Loading command: pussy.js 
00:10:32.802 INFO  Loading command: thigh.js 
00:10:32.822 INFO  Loading command: fortnite.js 
00:10:32.826 INFO  Loading command: instagram.js 
00:10:32.866 INFO  Loading command: mc.js 
00:10:32.973 INFO  Loading command: r6.js 
00:10:32.976 INFO  Loading command: reddit.js 
00:10:32.978 INFO  Loading command: steam.js 
00:10:32.981 INFO  Loading command: twitch.js 
00:10:33.040 INFO  Loading command: weather.js 
00:10:33.042 INFO  Loading command: startmusictrivia.js 
00:10:33.043 INFO  Loading command: stopmusictrivia.js 
00:10:33.049 INFO  Loading command: advice.js 
00:10:33.051 INFO  Loading command: fact.js 
00:10:33.052 INFO  Loading command: flip.js 
00:10:33.055 INFO  Loading command: ping.js 
00:10:33.057 INFO  Loading command: pokemon.js 
00:10:33.054 INFO  Loading command: meme.js 
00:10:33.059 INFO  Loading command: random.js 
00:10:33.061 INFO  Loading command: rps.js 
00:10:33.065 INFO  Loading command: urban.js 
00:10:33.106 INFO  Mongoose connection successfully opened 
00:10:33.652 INFO  -=-=-=-=-=-=-=-=-=-=-=-=-=-=-=-=-=-=-=-=-=-=-=-=-=-=-=-= 
00:10:33.653 INFO  TestBot123#3999, ready to serve [6] users in [1] servers. 
00:10:33.653 INFO  -=-=-=-=-=-=-=-=-=-=-=-=-=-=-=-=-=-=-=-=-=-=-=-=-=-=-=-= 
00:10:41.953 INFO  I am Ben#6686 has logged on with IP: 192.168.0.8 (undefined, undefined) 
00:10:49.789 INFO  Guild: [750822670505083000] updated settings: LevelChannel,LevelOption,LevelMessage 
00:10:56.432 INFO  Guild: [750822670505083000] updated settings: LevelChannel,LevelOption,LevelMessage 
00:11:50.487 INFO  =-=-=-=-=-=-=-Loading shard(s)-=-=-=-=-=-=-= 
00:11:50.737 INFO  Shard 0 launched 
00:11:52.134 INFO  =-=-=-=-=-=-=- Loading events(s): 29 -=-=-=-=-=-=-= 
00:11:52.132 INFO  =-=-=-=-=-=-=- Loading command(s): 63 -=-=-=-=-=-=-= 
00:11:52.134 INFO  Loading Event: channelCreate 
00:11:52.139 INFO  Loading Event: channelDelete 
00:11:52.141 INFO  Loading Event: channelUpdate 
00:11:52.144 INFO  Loading Event: emojiCreate 
00:11:52.146 INFO  Loading Event: emojiDelete 
00:11:52.149 INFO  Loading Event: emojiUpdate 
00:11:52.151 INFO  Loading Event: error 
00:11:52.153 INFO  Loading Event: guildBanAdd 
00:11:52.154 INFO  Loading Event: guildBanRemove 
00:11:52.156 INFO  Loading Event: guildCreate 
00:11:52.165 INFO  Loading Event: guildDelete 
00:11:52.168 INFO  Loading Event: guildMemberAdd 
00:11:52.170 INFO  Loading Event: guildMemberRemove 
00:11:52.173 INFO  Loading Event: guildMemberUpdate 
00:11:52.175 INFO  Loading Event: guildUnavailable 
00:11:52.176 INFO  Loading Event: guildUpdate 
00:11:52.179 INFO  Loading Event: message 
00:11:52.182 INFO  Loading Event: messageDelete 
00:11:52.184 INFO  Loading Event: messageDeleteBulk 
00:11:52.188 INFO  Loading Event: messageReactionAdd 
00:11:52.190 INFO  Loading Event: messageReactionRemove 
00:11:52.193 INFO  Loading Event: messageUpdate 
00:11:52.196 INFO  Loading Event: ready 
00:11:52.198 INFO  Loading Event: roleCreate 
00:11:52.201 INFO  Loading Event: roleDelete 
00:11:52.203 INFO  Loading Event: roleUpdate 
00:11:52.205 INFO  Loading Event: shardDisconnect 
00:11:52.206 INFO  Loading Event: shardError 
00:11:52.208 INFO  Loading Event: warn 
00:11:52.521 INFO  Bot dashboard is coming online 
00:11:52.578 INFO  Bot dashboard is online 
00:11:52.583 INFO  Loading command: addban.js 
00:11:52.585 INFO  Loading command: eval.js 
00:11:52.587 INFO  Loading command: reload.js 
00:11:52.589 INFO  Loading command: shutdown.js 
00:11:52.591 INFO  Loading command: suggestion.js 
00:11:52.593 INFO  Loading command: avatar.js 
00:11:52.596 INFO  Loading command: dashboard.js 
00:11:52.601 INFO  Loading command: guildicon.js 
00:11:52.599 INFO  Loading command: giveaway.js 
00:11:52.602 INFO  Loading command: poll.js 
00:11:52.605 INFO  Loading command: role-info.js 
00:11:52.609 INFO  Loading command: server-info.js 
00:11:52.611 INFO  Loading command: user-info.js 
00:11:52.614 INFO  Loading command: blurpify.js 
00:11:52.616 INFO  Loading command: captcha.js 
00:11:52.619 INFO  Loading command: cat.js 
00:11:52.622 INFO  Loading command: changemymind.js 
00:11:52.625 INFO  Loading command: clyde.js 
00:11:52.627 INFO  Loading command: deepfry.js 
00:11:52.630 INFO  Loading command: dog.js 
00:11:52.964 INFO  Loading command: image.js 
00:11:52.968 INFO  Loading command: phcomment.js 
00:11:52.971 INFO  Loading command: qrcode.js 
00:11:52.973 INFO  Loading command: ship.js 
00:11:52.975 INFO  Loading command: stickbug.js 
00:11:52.978 INFO  Loading command: threats.js 
00:11:52.980 INFO  Loading command: twitter.js 
00:11:52.983 INFO  Loading command: whowouldwin.js 
00:11:52.986 INFO  Loading command: leaderboard.js 
00:11:52.989 INFO  Loading command: rank.js 
00:11:52.991 INFO  Loading command: ban.js 
00:11:52.992 INFO  Loading command: clear-warning.js 
00:11:52.994 INFO  Loading command: clear.js 
00:11:52.995 INFO  Loading command: deafen.js 
00:11:52.996 INFO  Loading command: kick.js 
00:11:52.999 INFO  Loading command: nick.js 
00:11:52.997 INFO  Loading command: mute.js 
00:11:53.001 INFO  Loading command: report.js 
00:11:53.002 INFO  Loading command: slowmode.js 
00:11:53.004 INFO  Loading command: ticket.js 
00:11:53.007 INFO  Loading command: unban.js 
00:11:53.008 INFO  Loading command: undeafen.js 
00:11:53.011 INFO  Loading command: unmute.js 
00:11:53.013 INFO  Loading command: warn.js 
00:11:53.015 INFO  Loading command: warnings.js 
00:11:53.021 INFO  Loading command: about.js 
00:11:53.023 INFO  Loading command: help.js 
00:11:53.026 INFO  Loading command: invite.js 
00:11:53.029 INFO  Loading command: shorturl.js 
00:11:53.034 INFO  Loading command: status.js 
00:11:53.036 INFO  Loading command: support.js 
00:11:53.120 INFO  Loading command: add-playlist.js 
00:11:53.125 INFO  Loading command: bassboost.js 
00:11:53.126 INFO  Loading command: forceskip.js 
00:11:53.129 INFO  Loading command: leave.js 
00:11:53.132 INFO  Loading command: loop.js 
00:11:53.148 INFO  Loading command: lyrics.js 
00:11:53.149 INFO  Loading command: movehere.js 
00:11:53.151 INFO  Loading command: pause.js 
00:11:53.152 INFO  Loading command: play-file.js 
00:11:53.205 INFO  Loading command: play.js 
00:11:53.207 INFO  Loading command: queue.js 
00:11:53.211 INFO  Loading command: radio.js 
00:11:53.214 INFO  Loading command: remove.js 
00:11:53.216 INFO  Loading command: resume.js 
00:11:53.280 INFO  Loading command: search.js 
00:11:53.281 INFO  Loading command: seek.js 
00:11:53.282 INFO  Loading command: shuffle.js 
00:11:53.284 INFO  Loading command: skip.js 
00:11:53.285 INFO  Loading command: skipto.js 
00:11:53.289 INFO  Loading command: song.js 
00:11:53.291 INFO  Loading command: volume.js 
00:11:53.429 INFO  Loading command: 4k.js 
00:11:53.431 INFO  Loading command: anal.js 
00:11:53.434 INFO  Loading command: ass.js 
00:11:53.437 INFO  Loading command: boob.js 
00:11:53.442 INFO  Loading command: gif.js 
00:11:53.447 INFO  Loading command: neko.js 
00:11:53.453 INFO  Loading command: pussy.js 
00:11:53.457 INFO  Loading command: thigh.js 
00:11:53.471 INFO  Loading command: fortnite.js 
00:11:53.474 INFO  Loading command: instagram.js 
00:11:53.497 INFO  Loading command: mc.js 
00:11:53.593 INFO  Loading command: r6.js 
00:11:53.596 INFO  Loading command: reddit.js 
00:11:53.598 INFO  Loading command: steam.js 
00:11:53.600 INFO  Loading command: twitch.js 
00:11:53.651 INFO  Loading command: weather.js 
00:11:53.654 INFO  Loading command: startmusictrivia.js 
00:11:53.655 INFO  Loading command: stopmusictrivia.js 
00:11:53.661 INFO  Loading command: advice.js 
00:11:53.665 INFO  Loading command: fact.js 
00:11:53.667 INFO  Loading command: flip.js 
00:11:53.670 INFO  Loading command: meme.js 
00:11:53.672 INFO  Loading command: ping.js 
00:11:53.674 INFO  Loading command: pokemon.js 
00:11:53.676 INFO  Loading command: random.js 
00:11:53.678 INFO  Loading command: rps.js 
00:11:53.681 INFO  Loading command: urban.js 
00:11:53.721 INFO  Mongoose connection successfully opened 
00:11:54.201 INFO  -=-=-=-=-=-=-=-=-=-=-=-=-=-=-=-=-=-=-=-=-=-=-=-=-=-=-=-= 
00:11:54.197 INFO  -=-=-=-=-=-=-=-=-=-=-=-=-=-=-=-=-=-=-=-=-=-=-=-=-=-=-=-= 
00:11:54.199 INFO  TestBot123#3999, ready to serve [6] users in [1] servers. 
00:11:54.387 INFO  [GUILD JOIN] sfdfsdasd (750822670505082971) added the bot. 
00:11:57.547 INFO  Connection IP: 192.168.0.8, Location:undefined, undefined. 
00:12:05.954 INFO  I am Ben#6686 has logged on with IP: 192.168.0.8 (undefined, undefined) 
00:12:22.938 INFO  I am Ben#6686 is accessing server: [750822670505082971] 
00:12:26.022 INFO  Guild: [750822670505083000] updated settings: LevelPlugin 
00:12:32.927 INFO  Guild: [750822670505083000] updated settings: LevelChannel,LevelOption,LevelMessage 
00:15:38.856 INFO  =-=-=-=-=-=-=-Loading shard(s)-=-=-=-=-=-=-= 
00:15:39.066 INFO  Shard 0 launched 
00:15:40.502 INFO  =-=-=-=-=-=-=- Loading command(s): 63 -=-=-=-=-=-=-= 
00:15:40.505 INFO  =-=-=-=-=-=-=- Loading events(s): 29 -=-=-=-=-=-=-= 
00:15:40.507 INFO  Loading Event: channelCreate 
00:15:40.521 INFO  Loading Event: channelDelete 
00:15:40.524 INFO  Loading Event: channelUpdate 
00:15:40.527 INFO  Loading Event: emojiCreate 
00:15:40.529 INFO  Loading Event: emojiDelete 
00:15:40.531 INFO  Loading Event: emojiUpdate 
00:15:40.533 INFO  Loading Event: error 
00:15:40.535 INFO  Loading Event: guildBanAdd 
00:15:40.537 INFO  Loading Event: guildBanRemove 
00:15:40.539 INFO  Loading Event: guildCreate 
00:15:40.556 INFO  Loading Event: guildDelete 
00:15:40.562 INFO  Loading Event: guildMemberAdd 
00:15:40.564 INFO  Loading Event: guildMemberRemove 
00:15:40.575 INFO  Loading Event: guildMemberUpdate 
00:15:40.577 INFO  Loading Event: guildUnavailable 
00:15:40.580 INFO  Loading Event: guildUpdate 
00:15:40.583 INFO  Loading Event: message 
00:15:40.586 INFO  Loading Event: messageDelete 
00:15:40.590 INFO  Loading Event: messageDeleteBulk 
00:15:40.598 INFO  Loading Event: messageReactionAdd 
00:15:40.603 INFO  Loading Event: messageReactionRemove 
00:15:40.605 INFO  Loading Event: messageUpdate 
00:15:40.610 INFO  Loading Event: ready 
00:15:40.612 INFO  Loading Event: roleCreate 
00:15:40.622 INFO  Loading Event: roleDelete 
00:15:40.625 INFO  Loading Event: roleUpdate 
00:15:40.627 INFO  Loading Event: shardDisconnect 
00:15:40.628 INFO  Loading Event: shardError 
00:15:40.631 INFO  Loading Event: warn 
00:15:40.932 INFO  Bot dashboard is coming online 
00:15:40.995 INFO  Bot dashboard is online 
00:15:41.025 INFO  Loading command: advice.js 
00:15:41.033 INFO  Loading command: fact.js 
00:15:41.035 INFO  Loading command: flip.js 
00:15:41.055 INFO  Loading command: meme.js 
00:15:41.057 INFO  Loading command: ping.js 
00:15:41.060 INFO  Loading command: pokemon.js 
00:15:41.063 INFO  Loading command: random.js 
00:15:41.065 INFO  Loading command: rps.js 
00:15:41.069 INFO  Loading command: urban.js 
00:15:41.073 INFO  Loading command: avatar.js 
00:15:41.076 INFO  Loading command: dashboard.js 
00:15:41.080 INFO  Loading command: giveaway.js 
00:15:41.083 INFO  Loading command: guildicon.js 
00:15:41.085 INFO  Loading command: poll.js 
00:15:41.090 INFO  Loading command: role-info.js 
00:15:41.094 INFO  Loading command: server-info.js 
00:15:41.097 INFO  Loading command: user-info.js 
00:15:41.100 INFO  Loading command: addban.js 
00:15:41.101 INFO  Loading command: eval.js 
00:15:41.104 INFO  Loading command: reload.js 
00:15:41.105 INFO  Loading command: shutdown.js 
00:15:41.107 INFO  Loading command: suggestion.js 
00:15:41.111 INFO  Loading command: blurpify.js 
00:15:41.117 INFO  Loading command: captcha.js 
00:15:41.120 INFO  Loading command: cat.js 
00:15:41.122 INFO  Loading command: changemymind.js 
00:15:41.124 INFO  Loading command: clyde.js 
00:15:41.127 INFO  Loading command: deepfry.js 
00:15:41.132 INFO  Loading command: dog.js 
00:15:41.522 INFO  Loading command: image.js 
00:15:41.524 INFO  Loading command: phcomment.js 
00:15:41.525 INFO  Loading command: qrcode.js 
00:15:41.528 INFO  Loading command: ship.js 
00:15:41.530 INFO  Loading command: stickbug.js 
00:15:41.532 INFO  Loading command: threats.js 
00:15:41.534 INFO  Loading command: twitter.js 
00:15:41.535 INFO  Loading command: whowouldwin.js 
00:15:41.539 INFO  Loading command: leaderboard.js 
00:15:41.542 INFO  Loading command: rank.js 
00:15:41.546 INFO  Loading command: about.js 
00:15:41.549 INFO  Loading command: help.js 
00:15:41.551 INFO  Loading command: invite.js 
00:15:41.554 INFO  Loading command: shorturl.js 
00:15:41.556 INFO  Loading command: status.js 
00:15:41.558 INFO  Loading command: support.js 
00:15:41.560 INFO  Loading command: ban.js 
00:15:41.562 INFO  Loading command: clear-warning.js 
00:15:41.563 INFO  Loading command: clear.js 
00:15:41.565 INFO  Loading command: deafen.js 
00:15:41.567 INFO  Loading command: kick.js 
00:15:41.569 INFO  Loading command: mute.js 
00:15:41.572 INFO  Loading command: report.js 
00:15:41.571 INFO  Loading command: nick.js 
00:15:41.574 INFO  Loading command: slowmode.js 
00:15:41.575 INFO  Loading command: ticket.js 
00:15:41.577 INFO  Loading command: unban.js 
00:15:41.580 INFO  Loading command: undeafen.js 
00:15:41.582 INFO  Loading command: unmute.js 
00:15:41.584 INFO  Loading command: warn.js 
00:15:41.586 INFO  Loading command: warnings.js 
00:15:41.680 INFO  Loading command: add-playlist.js 
00:15:41.681 INFO  Loading command: bassboost.js 
00:15:41.682 INFO  Loading command: forceskip.js 
00:15:41.684 INFO  Loading command: leave.js 
00:15:41.685 INFO  Loading command: loop.js 
00:15:41.688 INFO  Loading command: lyrics.js 
00:15:41.690 INFO  Loading command: movehere.js 
00:15:41.692 INFO  Loading command: pause.js 
00:15:41.695 INFO  Loading command: play-file.js 
00:15:41.739 INFO  Loading command: play.js 
00:15:41.741 INFO  Loading command: queue.js 
00:15:41.744 INFO  Loading command: radio.js 
00:15:41.747 INFO  Loading command: remove.js 
00:15:41.748 INFO  Loading command: resume.js 
00:15:41.816 INFO  Loading command: search.js 
00:15:41.818 INFO  Loading command: seek.js 
00:15:41.820 INFO  Loading command: shuffle.js 
00:15:41.821 INFO  Loading command: skip.js 
00:15:41.822 INFO  Loading command: skipto.js 
00:15:41.825 INFO  Loading command: song.js 
00:15:41.827 INFO  Loading command: volume.js 
00:15:41.972 INFO  Loading command: 4k.js 
00:15:41.973 INFO  Loading command: anal.js 
00:15:41.975 INFO  Loading command: ass.js 
00:15:41.976 INFO  Loading command: boob.js 
00:15:41.978 INFO  Loading command: gif.js 
00:15:41.981 INFO  Loading command: neko.js 
00:15:41.983 INFO  Loading command: pussy.js 
00:15:41.984 INFO  Loading command: thigh.js 
00:15:41.997 INFO  Loading command: fortnite.js 
00:15:42.000 INFO  Loading command: instagram.js 
00:15:42.025 INFO  Loading command: mc.js 
00:15:42.117 INFO  Loading command: r6.js 
00:15:42.120 INFO  Loading command: reddit.js 
00:15:42.122 INFO  Loading command: steam.js 
00:15:42.124 INFO  Loading command: twitch.js 
00:15:42.176 INFO  Loading command: weather.js 
00:15:42.178 INFO  Loading command: startmusictrivia.js 
00:15:42.180 INFO  Loading command: stopmusictrivia.js 
00:15:42.224 INFO  Mongoose connection successfully opened 
00:15:42.772 INFO  TestBot123#3999, ready to serve [6] users in [1] servers. 
00:15:42.771 INFO  -=-=-=-=-=-=-=-=-=-=-=-=-=-=-=-=-=-=-=-=-=-=-=-=-=-=-=-= 
00:15:42.772 INFO  -=-=-=-=-=-=-=-=-=-=-=-=-=-=-=-=-=-=-=-=-=-=-=-=-=-=-=-= 
00:15:49.865 INFO  I am Ben#6686 has logged on with IP: 192.168.0.8 (undefined, undefined) 
00:16:13.556 INFO  Guild: [750822670505083000] updated settings: LevelChannel,LevelOption,LevelMessage 
00:17:12.297 INFO  =-=-=-=-=-=-=-Loading shard(s)-=-=-=-=-=-=-= 
00:17:12.575 INFO  Shard 0 launched 
00:17:15.045 INFO  =-=-=-=-=-=-=- Loading command(s): 63 -=-=-=-=-=-=-= 
00:17:15.052 INFO  =-=-=-=-=-=-=- Loading events(s): 29 -=-=-=-=-=-=-= 
00:17:15.053 INFO  Loading Event: channelCreate 
00:17:15.055 INFO  Loading Event: channelDelete 
00:17:15.058 INFO  Loading Event: channelUpdate 
00:17:15.060 INFO  Loading Event: emojiCreate 
00:17:15.074 INFO  Loading Event: emojiDelete 
00:17:15.081 INFO  Loading Event: emojiUpdate 
00:17:15.083 INFO  Loading Event: error 
00:17:15.085 INFO  Loading Event: guildBanAdd 
00:17:15.087 INFO  Loading Event: guildBanRemove 
00:17:15.091 INFO  Loading Event: guildCreate 
00:17:15.123 INFO  Loading Event: guildDelete 
00:17:15.125 INFO  Loading Event: guildMemberAdd 
00:17:15.127 INFO  Loading Event: guildMemberRemove 
00:17:15.133 INFO  Loading Event: guildMemberUpdate 
00:17:15.135 INFO  Loading Event: guildUnavailable 
00:17:15.138 INFO  Loading Event: guildUpdate 
00:17:15.143 INFO  Loading Event: message 
00:17:15.147 INFO  Loading Event: messageDelete 
00:17:15.151 INFO  Loading Event: messageDeleteBulk 
00:17:15.153 INFO  Loading Event: messageReactionAdd 
00:17:15.156 INFO  Loading Event: messageReactionRemove 
00:17:15.162 INFO  Loading Event: messageUpdate 
00:17:15.166 INFO  Loading Event: ready 
00:17:15.178 INFO  Loading Event: roleCreate 
00:17:15.191 INFO  Loading Event: roleDelete 
00:17:15.194 INFO  Loading Event: roleUpdate 
00:17:15.241 INFO  Loading Event: shardDisconnect 
00:17:15.243 INFO  Loading Event: shardError 
00:17:15.244 INFO  Loading Event: warn 
00:17:15.809 INFO  Bot dashboard is coming online 
00:17:15.923 INFO  Bot dashboard is online 
00:17:15.938 INFO  Loading command: eval.js 
00:17:15.941 INFO  Loading command: reload.js 
00:17:15.936 INFO  Loading command: addban.js 
00:17:15.942 INFO  Loading command: shutdown.js 
00:17:15.945 INFO  Loading command: suggestion.js 
00:17:15.948 INFO  Loading command: avatar.js 
00:17:15.950 INFO  Loading command: dashboard.js 
00:17:15.953 INFO  Loading command: giveaway.js 
00:17:15.956 INFO  Loading command: guildicon.js 
00:17:15.958 INFO  Loading command: poll.js 
00:17:15.960 INFO  Loading command: role-info.js 
00:17:15.962 INFO  Loading command: server-info.js 
00:17:15.965 INFO  Loading command: user-info.js 
00:17:15.972 INFO  Loading command: blurpify.js 
00:17:15.974 INFO  Loading command: captcha.js 
00:17:15.977 INFO  Loading command: cat.js 
00:17:15.980 INFO  Loading command: changemymind.js 
00:17:15.983 INFO  Loading command: clyde.js 
00:17:15.985 INFO  Loading command: deepfry.js 
00:17:15.987 INFO  Loading command: dog.js 
00:17:16.654 INFO  Loading command: image.js 
00:17:16.656 INFO  Loading command: phcomment.js 
00:17:16.686 INFO  Loading command: qrcode.js 
00:17:16.698 INFO  Loading command: ship.js 
00:17:16.701 INFO  Loading command: stickbug.js 
00:17:16.740 INFO  Loading command: threats.js 
00:17:16.757 INFO  Loading command: twitter.js 
00:17:16.793 INFO  Loading command: whowouldwin.js 
00:17:16.807 INFO  Loading command: leaderboard.js 
00:17:16.815 INFO  Loading command: rank.js 
00:17:16.820 INFO  Loading command: about.js 
00:17:16.823 INFO  Loading command: help.js 
00:17:16.825 INFO  Loading command: invite.js 
00:17:16.831 INFO  Loading command: shorturl.js 
00:17:16.833 INFO  Loading command: status.js 
00:17:16.837 INFO  Loading command: support.js 
00:17:16.841 INFO  Loading command: ban.js 
00:17:16.844 INFO  Loading command: clear-warning.js 
00:17:16.845 INFO  Loading command: clear.js 
00:17:16.846 INFO  Loading command: deafen.js 
00:17:16.847 INFO  Loading command: kick.js 
00:17:16.849 INFO  Loading command: mute.js 
00:17:16.851 INFO  Loading command: nick.js 
00:17:16.853 INFO  Loading command: report.js 
00:17:16.855 INFO  Loading command: slowmode.js 
00:17:16.863 INFO  Loading command: ticket.js 
00:17:16.865 INFO  Loading command: unban.js 
00:17:16.866 INFO  Loading command: undeafen.js 
00:17:16.868 INFO  Loading command: unmute.js 
00:17:16.871 INFO  Loading command: warn.js 
00:17:16.873 INFO  Loading command: warnings.js 
00:17:17.025 INFO  Loading command: add-playlist.js 
00:17:17.029 INFO  Loading command: bassboost.js 
00:17:17.033 INFO  Loading command: forceskip.js 
00:17:17.034 INFO  Loading command: leave.js 
00:17:17.039 INFO  Loading command: loop.js 
00:17:17.055 INFO  Loading command: lyrics.js 
00:17:17.058 INFO  Loading command: movehere.js 
00:17:17.060 INFO  Loading command: pause.js 
00:17:17.065 INFO  Loading command: play-file.js 
00:17:17.124 INFO  Loading command: play.js 
00:17:17.126 INFO  Loading command: queue.js 
00:17:17.128 INFO  Loading command: radio.js 
00:17:17.131 INFO  Loading command: remove.js 
00:17:17.133 INFO  Loading command: resume.js 
00:17:17.215 INFO  Loading command: search.js 
00:17:17.221 INFO  Loading command: seek.js 
00:17:17.223 INFO  Loading command: shuffle.js 
00:17:17.225 INFO  Loading command: skip.js 
00:17:17.226 INFO  Loading command: skipto.js 
00:17:17.458 INFO  Loading command: 4k.js 
00:17:17.233 INFO  Loading command: volume.js 
00:17:17.465 INFO  Loading command: anal.js 
00:17:17.231 INFO  Loading command: song.js 
00:17:17.467 INFO  Loading command: ass.js 
00:17:17.472 INFO  Loading command: boob.js 
00:17:17.484 INFO  Loading command: gif.js 
00:17:17.493 INFO  Loading command: neko.js 
00:17:17.495 INFO  Loading command: pussy.js 
00:17:17.497 INFO  Loading command: thigh.js 
00:17:17.517 INFO  Loading command: fortnite.js 
00:17:17.520 INFO  Loading command: instagram.js 
00:17:17.566 INFO  Loading command: mc.js 
00:17:17.677 INFO  Loading command: r6.js 
00:17:17.681 INFO  Loading command: reddit.js 
00:17:17.684 INFO  Loading command: steam.js 
00:17:17.687 INFO  Loading command: twitch.js 
00:17:17.748 INFO  Loading command: weather.js 
00:17:17.753 INFO  Loading command: startmusictrivia.js 
00:17:17.754 INFO  Loading command: stopmusictrivia.js 
00:17:17.759 INFO  Loading command: advice.js 
00:17:17.766 INFO  Loading command: fact.js 
00:17:17.768 INFO  Loading command: flip.js 
00:17:17.774 INFO  Loading command: meme.js 
00:17:17.776 INFO  Loading command: ping.js 
00:17:17.779 INFO  Loading command: pokemon.js 
00:17:17.781 INFO  Loading command: random.js 
00:17:17.786 INFO  Loading command: rps.js 
00:17:17.789 INFO  Loading command: urban.js 
00:17:17.832 INFO  Mongoose connection successfully opened 
00:17:18.453 INFO  TestBot123#3999, ready to serve [6] users in [1] servers. 
00:17:18.453 INFO  -=-=-=-=-=-=-=-=-=-=-=-=-=-=-=-=-=-=-=-=-=-=-=-=-=-=-=-= 
00:17:18.452 INFO  -=-=-=-=-=-=-=-=-=-=-=-=-=-=-=-=-=-=-=-=-=-=-=-=-=-=-=-= 
00:18:06.754 INFO  I am Ben#6686 has logged on with IP: 192.168.0.8 (undefined, undefined) 
00:18:09.574 INFO  Guild: [750822670505083000] updated settings: LevelMultiplier,LevelChannel,LevelOption,LevelMessage 
00:18:17.512 INFO  Guild: [750822670505083000] updated settings: LevelMultiplier,LevelChannel,LevelOption,LevelMessage 
00:24:11.908 INFO  Guild: [750822670505083000] updated settings: LevelMultiplier,LevelChannel,LevelOption,LevelMessage 
00:24:14.739 INFO  Guild: [750822670505083000] updated settings: LevelMultiplier,LevelChannel,LevelOption,LevelMessage 
00:24:27.941 INFO  I am Ben#6686 is accessing server: [750822670505082971] 
00:24:33.053 INFO  Guild: [750822670505083000] updated settings: ModLog 
00:24:37.348 INFO  I am Ben#6686 is accessing server: [750822670505082971] 
00:24:56.148 INFO  Guild: [750822670505083000] updated settings: ModerationPlugin 
00:32:14.560 INFO  I am Ben#6686 is accessing server: [750822670505082971] 
00:35:02.842 INFO  I am Ben#6686 is accessing server: [750822670505082971] 
00:35:35.262 INFO  I am Ben#6686 is accessing server: [750822670505082971] 
00:35:35.259 INFO  Guild: [750822670505083000] updated settings: MusicPlugin 
00:35:37.082 INFO  Guild: [750822670505083000] updated settings: MusicPlugin 
