00:03:30.575 INFO  Website connection IP: 18.204.208.0, Location:Ashburn, United States. 
00:05:11.413 INFO  Website connection IP: 54.84.214.47, Location:Ashburn, United States. 
00:06:47.337 INFO  Website connection IP: 54.234.118.17, Location:Ashburn, United States. 
00:08:40.184 INFO  Website connection IP: 35.245.188.175, Location:Washington D.C., United States. 
00:08:52.285 INFO  Website connection IP: 18.204.208.0, Location:Ashburn, United States. 
00:09:01.172 INFO  Website connection IP: 18.204.208.0, Location:Ashburn, United States. 
00:11:22.670 INFO  Website connection IP: 34.228.223.88, Location:Ashburn, United States. 
00:14:16.749 INFO  Website connection IP: 54.84.214.47, Location:Ashburn, United States. 
00:18:24.453 INFO  Website connection IP: 54.234.118.17, Location:Ashburn, United States. 
00:18:26.356 INFO  Shard 0 launched 
00:18:27.312 INFO  Loading command: fact.js 
00:18:27.313 INFO  Loading command: flip.js 
00:18:27.323 INFO  Loading command: meme.js 
00:18:27.325 INFO  Loading command: ping.js 
00:18:27.326 INFO  Loading command: random.js 
00:18:27.328 INFO  Loading command: rps.js 
00:18:27.332 INFO  Loading command: ban.js 
00:18:27.329 INFO  Loading command: uptime.js 
00:18:27.334 INFO  Loading command: clear.js 
00:18:27.335 INFO  Loading command: dashboard.js 
00:18:27.336 INFO  Loading command: deafen.js 
00:18:27.337 INFO  Loading command: kick.js 
00:18:27.338 INFO  Loading command: mute.js 
00:18:27.340 INFO  Loading command: nick.js 
00:18:27.341 INFO  Loading command: poll.js 
00:18:27.343 INFO  Loading command: report.js 
00:18:27.345 INFO  Loading command: role-info.js 
00:18:27.347 INFO  Loading command: server-info.js 
00:18:27.348 INFO  Loading command: unban.js 
00:18:27.349 INFO  Loading command: undeafen.js 
00:18:27.350 INFO  Loading command: unmute.js 
00:18:27.352 INFO  Loading command: user-info.js 
00:18:27.353 INFO  Loading command: verify.js 
00:18:27.354 INFO  Loading command: warn.js 
00:18:27.358 INFO  Loading command: addban.js 
00:18:27.359 INFO  Loading command: eval.js 
00:18:27.360 INFO  Loading command: reload.js 
00:18:27.362 INFO  Loading command: shutdown.js 
00:18:27.363 INFO  Loading command: suggestion.js 
00:18:27.366 INFO  Loading command: leaderboard.js 
00:18:27.367 INFO  Loading command: level.js 
00:18:27.446 INFO  Loading command: add-playlist.js 
00:18:27.447 INFO  Loading command: find.js 
00:18:27.448 INFO  Loading command: forceskip.js 
00:18:27.450 INFO  Loading command: leave.js 
00:18:27.452 INFO  Loading command: lyrics.js 
00:18:27.454 INFO  Loading command: pause.js 
00:18:27.468 INFO  Loading command: queue.js 
00:18:27.467 INFO  Loading command: play.js 
00:18:27.470 INFO  Loading command: radio.js 
00:18:27.471 INFO  Loading command: remove.js 
00:18:27.472 INFO  Loading command: resume.js 
00:18:27.473 INFO  Loading command: shuffle.js 
00:18:27.474 INFO  Loading command: skip.js 
00:18:27.475 INFO  Loading command: skipto.js 
00:18:27.478 INFO  Loading command: song.js 
00:18:27.479 INFO  Loading command: volume.js 
00:18:27.488 INFO  Loading command: fortnite.js 
00:18:27.953 INFO  Loading command: image.js 
00:18:27.956 INFO  Loading command: instagram.js 
00:18:27.979 INFO  Loading command: mc.js 
00:18:27.981 INFO  Loading command: nsfw.js 
00:18:28.061 INFO  Loading command: r6.js 
00:18:28.062 INFO  Loading command: reddit.js 
00:18:28.066 INFO  Loading command: steam.js 
00:18:28.068 INFO  Loading command: twitch.js 
00:18:28.070 INFO  Loading command: startmusictrivia.js 
00:18:28.071 INFO  Loading command: stopmusictrivia.js 
00:18:28.073 INFO  Loading command: help.js 
00:18:28.074 INFO  Loading command: invite.js 
00:18:28.076 INFO  Loading command: status.js 
00:18:28.077 INFO  Loading command: support.js 
00:18:28.078 INFO  Loading a total of 27 events. 
00:18:28.079 INFO  Loading Event: channelCreate 
00:18:28.081 INFO  Loading Event: channelDelete 
00:18:28.082 INFO  Loading Event: channelUpdate 
00:18:28.085 INFO  Loading Event: emojiCreate 
00:18:28.087 INFO  Loading Event: emojiDelete 
00:18:28.088 INFO  Loading Event: emojiUpdate 
00:18:28.091 INFO  Loading Event: guildBanAdd 
00:18:28.093 INFO  Loading Event: guildBanRemove 
00:18:28.094 INFO  Loading Event: guildCreate 
00:18:28.090 INFO  Loading Event: error 
00:18:28.102 INFO  Loading Event: guildDelete 
00:18:28.103 INFO  Loading Event: guildMemberAdd 
00:18:28.105 INFO  Loading Event: guildMemberRemove 
00:18:28.107 INFO  Loading Event: guildMemberUpdate 
00:18:28.109 INFO  Loading Event: guildUnavailable 
00:18:28.110 INFO  Loading Event: guildUpdate 
00:18:28.116 INFO  Loading Event: message 
00:18:28.123 INFO  Loading Event: messageDelete 
00:18:28.129 INFO  Loading Event: messageDeleteBulk 
00:18:28.131 INFO  Loading Event: messageReactionAdd 
00:18:28.133 INFO  Loading Event: messageReactionRemove 
00:18:28.135 INFO  Loading Event: messageUpdate 
00:18:28.137 INFO  Loading Event: ready 
00:18:28.138 INFO  Loading Event: roleCreate 
00:18:28.140 INFO  Loading Event: roleDelete 
00:18:28.141 INFO  Loading Event: roleUpdate 
00:18:28.143 INFO  Loading Event: warning 
00:18:28.416 INFO  Bot dashboard is coming online 
00:18:28.466 INFO  Bot dashboard is online 
00:18:29.432 INFO  Loading command: fact.js 
00:18:29.433 INFO  Loading command: flip.js 
00:18:29.444 INFO  Loading command: meme.js 
00:18:29.445 INFO  Loading command: ping.js 
00:18:29.446 INFO  Loading command: random.js 
00:18:29.447 INFO  Loading command: rps.js 
00:18:29.449 INFO  Loading command: uptime.js 
00:18:29.452 INFO  Loading command: ban.js 
00:18:29.453 INFO  Loading command: clear.js 
00:18:29.454 INFO  Loading command: dashboard.js 
00:18:29.456 INFO  Loading command: deafen.js 
00:18:29.457 INFO  Loading command: kick.js 
00:18:29.458 INFO  Loading command: mute.js 
00:18:29.459 INFO  Loading command: nick.js 
00:18:29.461 INFO  Loading command: poll.js 
00:18:29.463 INFO  Loading command: report.js 
00:18:29.465 INFO  Loading command: role-info.js 
00:18:29.466 INFO  Loading command: server-info.js 
00:18:29.468 INFO  Loading command: unban.js 
00:18:29.469 INFO  Loading command: undeafen.js 
00:18:29.470 INFO  Loading command: unmute.js 
00:18:29.472 INFO  Loading command: user-info.js 
00:18:29.474 INFO  Loading command: verify.js 
00:18:29.475 INFO  Loading command: warn.js 
00:18:29.478 INFO  Loading command: leaderboard.js 
00:18:29.480 INFO  Loading command: level.js 
00:18:29.482 INFO  Loading command: addban.js 
00:18:29.483 INFO  Loading command: eval.js 
00:18:29.485 INFO  Loading command: reload.js 
00:18:29.486 INFO  Loading command: shutdown.js 
00:18:29.487 INFO  Loading command: suggestion.js 
00:18:29.568 INFO  Loading command: add-playlist.js 
00:18:29.569 INFO  Loading command: find.js 
00:18:29.570 INFO  Loading command: forceskip.js 
00:18:29.572 INFO  Loading command: leave.js 
00:18:29.575 INFO  Loading command: lyrics.js 
00:18:29.576 INFO  Loading command: pause.js 
00:18:29.589 INFO  Loading command: play.js 
00:18:29.591 INFO  Loading command: queue.js 
00:18:29.593 INFO  Loading command: radio.js 
00:18:29.595 INFO  Loading command: remove.js 
00:18:29.596 INFO  Loading command: resume.js 
00:18:29.597 INFO  Loading command: shuffle.js 
00:18:29.599 INFO  Loading command: skip.js 
00:18:29.600 INFO  Loading command: skipto.js 
00:18:29.603 INFO  Loading command: song.js 
00:18:29.605 INFO  Loading command: volume.js 
00:18:29.620 INFO  Loading command: fortnite.js 
00:18:30.075 INFO  Loading command: image.js 
00:18:30.078 INFO  Loading command: instagram.js 
00:18:30.100 INFO  Loading command: mc.js 
00:18:30.101 INFO  Loading command: nsfw.js 
00:18:30.179 INFO  Loading command: r6.js 
00:18:30.181 INFO  Loading command: reddit.js 
00:18:30.184 INFO  Loading command: steam.js 
00:18:30.186 INFO  Loading command: twitch.js 
00:18:30.188 INFO  Loading command: startmusictrivia.js 
00:18:30.189 INFO  Loading command: stopmusictrivia.js 
00:18:30.191 INFO  Loading command: help.js 
00:18:30.192 INFO  Loading command: invite.js 
00:18:30.195 INFO  Loading command: support.js 
00:18:30.196 INFO  Loading a total of 27 events. 
00:18:30.196 INFO  Loading Event: channelCreate 
00:18:30.194 INFO  Loading command: status.js 
00:18:30.198 INFO  Loading Event: channelDelete 
00:18:30.199 INFO  Loading Event: channelUpdate 
00:18:30.202 INFO  Loading Event: emojiCreate 
00:18:30.204 INFO  Loading Event: emojiDelete 
00:18:30.205 INFO  Loading Event: emojiUpdate 
00:18:30.207 INFO  Loading Event: error 
00:18:30.208 INFO  Loading Event: guildBanAdd 
00:18:30.209 INFO  Loading Event: guildBanRemove 
00:18:30.211 INFO  Loading Event: guildCreate 
00:18:30.219 INFO  Loading Event: guildDelete 
00:18:30.220 INFO  Loading Event: guildMemberAdd 
00:18:30.222 INFO  Loading Event: guildMemberRemove 
00:18:30.224 INFO  Loading Event: guildMemberUpdate 
00:18:30.225 INFO  Loading Event: guildUnavailable 
00:18:30.227 INFO  Loading Event: guildUpdate 
00:18:30.228 INFO  Loading Event: message 
00:18:30.230 INFO  Loading Event: messageDelete 
00:18:30.231 INFO  Loading Event: messageDeleteBulk 
00:18:30.234 INFO  Loading Event: messageReactionAdd 
00:18:30.235 INFO  Loading Event: messageReactionRemove 
00:18:30.237 INFO  Loading Event: messageUpdate 
00:18:30.239 INFO  Loading Event: ready 
00:18:30.242 INFO  Loading Event: roleDelete 
00:18:30.243 INFO  Loading Event: roleUpdate 
00:18:30.240 INFO  Loading Event: roleCreate 
00:18:30.245 INFO  Loading Event: warning 
00:18:30.505 INFO  Bot dashboard is coming online 
00:18:30.558 INFO  Bot dashboard is online 
00:19:12.009 INFO  Shard 0 launched 
00:19:13.020 INFO  Loading command: ban.js 
00:19:13.021 INFO  Loading command: clear.js 
00:19:13.022 INFO  Loading command: dashboard.js 
00:19:13.024 INFO  Loading command: deafen.js 
00:19:13.025 INFO  Loading command: kick.js 
00:19:13.026 INFO  Loading command: mute.js 
00:19:13.027 INFO  Loading command: nick.js 
00:19:13.030 INFO  Loading command: poll.js 
00:19:13.031 INFO  Loading command: report.js 
00:19:13.034 INFO  Loading command: role-info.js 
00:19:13.035 INFO  Loading command: server-info.js 
00:19:13.036 INFO  Loading command: unban.js 
00:19:13.037 INFO  Loading command: undeafen.js 
00:19:13.039 INFO  Loading command: unmute.js 
00:19:13.040 INFO  Loading command: user-info.js 
00:19:13.042 INFO  Loading command: verify.js 
00:19:13.043 INFO  Loading command: warn.js 
00:19:13.047 INFO  Loading command: fact.js 
00:19:13.048 INFO  Loading command: flip.js 
00:19:13.058 INFO  Loading command: meme.js 
00:19:13.061 INFO  Loading command: random.js 
00:19:13.062 INFO  Loading command: rps.js 
00:19:13.064 INFO  Loading command: uptime.js 
00:19:13.067 INFO  Loading command: addban.js 
00:19:13.068 INFO  Loading command: eval.js 
00:19:13.070 INFO  Loading command: reload.js 
00:19:13.071 INFO  Loading command: shutdown.js 
00:19:13.060 INFO  Loading command: ping.js 
00:19:13.072 INFO  Loading command: suggestion.js 
00:19:13.075 INFO  Loading command: leaderboard.js 
00:19:13.077 INFO  Loading command: level.js 
00:19:13.086 INFO  Loading command: fortnite.js 
00:19:13.553 INFO  Loading command: image.js 
00:19:13.556 INFO  Loading command: instagram.js 
00:19:13.578 INFO  Loading command: mc.js 
00:19:13.581 INFO  Loading command: nsfw.js 
00:19:13.668 INFO  Loading command: r6.js 
00:19:13.670 INFO  Loading command: reddit.js 
00:19:13.675 INFO  Loading command: steam.js 
00:19:13.677 INFO  Loading command: twitch.js 
00:19:13.761 INFO  Loading command: add-playlist.js 
00:19:13.763 INFO  Loading command: find.js 
00:19:13.764 INFO  Loading command: forceskip.js 
00:19:13.765 INFO  Loading command: leave.js 
00:19:13.768 INFO  Loading command: lyrics.js 
00:19:13.769 INFO  Loading command: pause.js 
00:19:13.782 INFO  Loading command: play.js 
00:19:13.783 INFO  Loading command: queue.js 
00:19:13.785 INFO  Loading command: radio.js 
00:19:13.786 INFO  Loading command: remove.js 
00:19:13.788 INFO  Loading command: resume.js 
00:19:13.789 INFO  Loading command: shuffle.js 
00:19:13.790 INFO  Loading command: skip.js 
00:19:13.791 INFO  Loading command: skipto.js 
00:19:13.795 INFO  Loading command: volume.js 
00:19:13.798 INFO  Loading command: startmusictrivia.js 
00:19:13.794 INFO  Loading command: song.js 
00:19:13.799 INFO  Loading command: stopmusictrivia.js 
00:19:13.801 INFO  Loading command: help.js 
00:19:13.802 INFO  Loading command: invite.js 
00:19:13.806 INFO  Loading command: support.js 
00:19:13.804 INFO  Loading command: status.js 
00:19:13.806 INFO  Loading a total of 27 events. 
00:19:13.807 INFO  Loading Event: channelCreate 
00:19:13.809 INFO  Loading Event: channelDelete 
00:19:13.810 INFO  Loading Event: channelUpdate 
00:19:13.814 INFO  Loading Event: emojiCreate 
00:19:13.816 INFO  Loading Event: emojiDelete 
00:19:13.818 INFO  Loading Event: emojiUpdate 
00:19:13.820 INFO  Loading Event: error 
00:19:13.821 INFO  Loading Event: guildBanAdd 
00:19:13.823 INFO  Loading Event: guildBanRemove 
00:19:13.824 INFO  Loading Event: guildCreate 
00:19:13.832 INFO  Loading Event: guildDelete 
00:19:13.834 INFO  Loading Event: guildMemberAdd 
00:19:13.836 INFO  Loading Event: guildMemberRemove 
00:19:13.838 INFO  Loading Event: guildMemberUpdate 
00:19:13.839 INFO  Loading Event: guildUnavailable 
00:19:13.840 INFO  Loading Event: guildUpdate 
00:19:13.842 INFO  Loading Event: message 
00:19:13.844 INFO  Loading Event: messageDelete 
00:19:13.846 INFO  Loading Event: messageDeleteBulk 
00:19:13.848 INFO  Loading Event: messageReactionAdd 
00:19:13.850 INFO  Loading Event: messageReactionRemove 
00:19:13.852 INFO  Loading Event: messageUpdate 
00:19:13.854 INFO  Loading Event: ready 
00:19:13.855 INFO  Loading Event: roleCreate 
00:19:13.857 INFO  Loading Event: roleDelete 
00:19:13.859 INFO  Loading Event: roleUpdate 
00:19:13.861 INFO  Loading Event: warning 
00:19:14.139 INFO  Bot dashboard is coming online 
00:19:14.187 INFO  Bot dashboard is online 
00:19:14.215 INFO  Mongoose connection successfully opened 
00:19:14.913 INFO  -=-=-=-=-=-=-=-=-=-=-=-=-=-=-=-=-=-=-=-=-=-=-=-=-=-=-=-= 
00:19:14.914 INFO  EggLord#9100, ready to serve [957] users in [5] servers. 
00:19:14.915 INFO  -=-=-=-=-=-=-=-=-=-=-=-=-=-=-=-=-=-=-=-=-=-=-=-=-=-=-=-= 
00:26:28.965 INFO  Website connection IP: 45.184.18.14, Location:Bocaiúva, Brazil. 
00:41:47.581 INFO  Website connection IP: 54.84.214.47, Location:Ashburn, United States. 
00:43:49.279 INFO  Website connection IP: 34.228.223.88, Location:Ashburn, United States. 
14:32:04.105 INFO  Shard 0 launched 
14:32:09.767 INFO  Loading command: fact.js 
14:32:09.773 INFO  Loading command: flip.js 
14:32:09.868 INFO  Loading command: meme.js 
14:32:09.884 INFO  Loading command: ping.js 
14:32:09.893 INFO  Loading command: random.js 
14:32:09.901 INFO  Loading command: rps.js 
14:32:09.913 INFO  Loading command: uptime.js 
14:32:09.949 INFO  Loading command: leaderboard.js 
14:32:09.964 INFO  Loading command: level.js 
14:32:09.976 INFO  Loading command: ban.js 
14:32:10.101 INFO  Loading command: clear.js 
14:32:10.175 INFO  Loading command: dashboard.js 
14:32:10.279 INFO  Loading command: deafen.js 
14:32:10.292 INFO  Loading command: kick.js 
14:32:10.300 INFO  Loading command: mute.js 
14:32:10.309 INFO  Loading command: nick.js 
14:32:10.326 INFO  Loading command: poll.js 
14:32:10.335 INFO  Loading command: report.js 
14:32:10.345 INFO  Loading command: role-info.js 
14:32:10.354 INFO  Loading command: server-info.js 
14:32:10.367 INFO  Loading command: unban.js 
14:32:10.379 INFO  Loading command: undeafen.js 
14:32:10.387 INFO  Loading command: unmute.js 
14:32:10.415 INFO  Loading command: user-info.js 
14:32:10.426 INFO  Loading command: verify.js 
14:32:10.433 INFO  Loading command: warn.js 
14:32:11.487 INFO  Loading command: add-playlist.js 
14:32:11.498 INFO  Loading command: find.js 
14:32:11.507 INFO  Loading command: forceskip.js 
14:32:11.510 INFO  Loading command: leave.js 
14:32:11.522 INFO  Loading command: lyrics.js 
14:32:11.524 INFO  Loading command: pause.js 
14:32:11.611 INFO  Loading command: play.js 
14:32:11.619 INFO  Loading command: queue.js 
14:32:11.632 INFO  Loading command: radio.js 
14:32:11.639 INFO  Loading command: remove.js 
14:32:11.652 INFO  Loading command: resume.js 
14:32:11.659 INFO  Loading command: shuffle.js 
14:32:11.668 INFO  Loading command: skip.js 
14:32:11.705 INFO  Loading command: skipto.js 
14:32:11.766 INFO  Loading command: song.js 
14:32:11.779 INFO  Loading command: volume.js 
14:32:11.816 INFO  Loading command: addban.js 
14:32:11.854 INFO  Loading command: eval.js 
14:32:11.870 INFO  Loading command: reload.js 
14:32:11.883 INFO  Loading command: shutdown.js 
14:32:11.894 INFO  Loading command: suggestion.js 
14:32:11.906 INFO  Loading command: startmusictrivia.js 
14:32:11.914 INFO  Loading command: stopmusictrivia.js 
14:32:12.058 INFO  Loading command: fortnite.js 
14:32:51.333 INFO  Loading command: image.js 
14:32:51.343 INFO  Loading command: instagram.js 
14:32:52.119 INFO  Loading command: mc.js 
14:32:52.259 INFO  Loading command: nsfw.js 
14:32:53.557 INFO  Loading command: r6.js 
14:32:53.560 INFO  Loading command: reddit.js 
14:32:53.599 INFO  Loading command: steam.js 
14:32:53.691 INFO  Loading command: twitch.js 
14:32:53.713 INFO  Loading command: help.js 
14:32:53.726 INFO  Loading command: invite.js 
14:32:53.730 INFO  Loading command: status.js 
14:32:53.739 INFO  Loading command: support.js 
14:32:53.750 INFO  Loading a total of 27 events. 
14:32:53.751 INFO  Loading Event: channelCreate 
14:32:53.774 INFO  Loading Event: channelDelete 
14:32:53.793 INFO  Loading Event: channelUpdate 
14:32:53.805 INFO  Loading Event: emojiCreate 
14:32:53.808 INFO  Loading Event: emojiDelete 
14:32:53.890 INFO  Loading Event: emojiUpdate 
14:32:53.908 INFO  Loading Event: error 
14:32:53.919 INFO  Loading Event: guildBanAdd 
14:32:53.950 INFO  Loading Event: guildBanRemove 
14:32:53.961 INFO  Loading Event: guildCreate 
14:32:54.148 INFO  Loading Event: guildDelete 
14:32:54.181 INFO  Loading Event: guildMemberAdd 
14:32:54.202 INFO  Loading Event: guildMemberRemove 
14:32:54.216 INFO  Loading Event: guildMemberUpdate 
14:32:54.241 INFO  Loading Event: guildUnavailable 
14:32:54.276 INFO  Loading Event: guildUpdate 
14:32:54.289 INFO  Loading Event: message 
14:32:54.329 INFO  Loading Event: messageDelete 
14:32:54.355 INFO  Loading Event: messageDeleteBulk 
14:32:54.372 INFO  Loading Event: messageReactionAdd 
14:32:54.402 INFO  Loading Event: messageReactionRemove 
14:32:54.406 INFO  Loading Event: messageUpdate 
14:32:54.411 INFO  Loading Event: ready 
14:32:54.421 INFO  Loading Event: roleCreate 
14:32:54.436 INFO  Loading Event: roleDelete 
14:32:54.448 INFO  Loading Event: roleUpdate 
14:32:54.481 INFO  Loading Event: warning 
14:32:59.442 INFO  Bot dashboard is coming online 
14:33:00.225 INFO  Bot dashboard is online 
14:33:00.246 INFO  Mongoose connection successfully opened 
14:33:01.075 INFO  -=-=-=-=-=-=-=-=-=-=-=-=-=-=-=-=-=-=-=-=-=-=-=-=-=-=-=-= 
14:33:01.088 INFO  EggLord#9100, ready to serve [957] users in [5] servers. 
14:33:01.089 INFO  -=-=-=-=-=-=-=-=-=-=-=-=-=-=-=-=-=-=-=-=-=-=-=-=-=-=-=-= 
14:39:06.930 INFO  Website connection IP: 54.84.214.47, Location:Ashburn, United States. 
14:42:09.222 INFO  Website connection IP: 54.198.130.225, Location:Ashburn, United States. 
16:11:24.138 INFO  Website connection IP: 74.120.14.34, Location:Ann Arbor (Old West Side), United States. 
16:11:24.320 INFO  Website connection IP: 74.120.14.34, Location:Ann Arbor (Old West Side), United States. 
17:02:41.088 INFO  º RÅM º#8285 has leveled up to 2 in server: [489449496527503390] 
17:02:55.833 INFO  º RÅM º#8285 has leveled up to 3 in server: [489449496527503390] 
17:36:24.020 INFO  Website connection IP: 54.198.130.225, Location:Ashburn, United States. 
17:39:08.298 INFO  Website connection IP: 34.228.223.88, Location:Ashburn, United States. 
18:07:55.143 INFO  Website connection IP: 172.243.64.135, Location:Portland, United States. 
18:42:59.781 INFO  Website connection IP: 35.185.241.102, Location:The Dalles, United States. 
18:50:01.985 INFO  Shard 0 launched 
18:50:04.544 INFO  Loading command: fact.js 
18:50:04.546 INFO  Loading command: flip.js 
18:50:04.586 INFO  Loading command: meme.js 
18:50:04.592 INFO  Loading command: ping.js 
18:50:04.594 INFO  Loading command: random.js 
18:50:04.597 INFO  Loading command: rps.js 
18:50:04.603 INFO  Loading command: uptime.js 
18:50:04.608 INFO  Loading command: ban.js 
18:50:04.610 INFO  Loading command: clear.js 
18:50:04.617 INFO  Loading command: dashboard.js 
18:50:04.623 INFO  Loading command: deafen.js 
18:50:04.630 INFO  Loading command: kick.js 
18:50:04.636 INFO  Loading command: mute.js 
18:50:04.645 INFO  Loading command: nick.js 
18:50:04.647 INFO  Loading command: poll.js 
18:50:04.654 INFO  Loading command: report.js 
18:50:04.657 INFO  Loading command: role-info.js 
18:50:04.659 INFO  Loading command: server-info.js 
18:50:04.665 INFO  Loading command: unban.js 
18:50:04.667 INFO  Loading command: undeafen.js 
18:50:04.668 INFO  Loading command: unmute.js 
18:50:04.670 INFO  Loading command: user-info.js 
18:50:04.677 INFO  Loading command: verify.js 
18:50:04.683 INFO  Loading command: warn.js 
18:50:04.687 INFO  Loading command: addban.js 
18:50:04.693 INFO  Loading command: eval.js 
18:50:04.699 INFO  Loading command: reload.js 
18:50:04.705 INFO  Loading command: shutdown.js 
18:50:04.712 INFO  Loading command: suggestion.js 
18:50:04.717 INFO  Loading command: leaderboard.js 
18:50:04.720 INFO  Loading command: level.js 
18:50:05.041 INFO  Loading command: add-playlist.js 
18:50:05.043 INFO  Loading command: find.js 
18:50:05.044 INFO  Loading command: forceskip.js 
18:50:05.045 INFO  Loading command: leave.js 
18:50:05.054 INFO  Loading command: lyrics.js 
18:50:05.055 INFO  Loading command: pause.js 
18:50:05.103 INFO  Loading command: play.js 
18:50:05.104 INFO  Loading command: queue.js 
18:50:05.106 INFO  Loading command: radio.js 
18:50:05.108 INFO  Loading command: remove.js 
18:50:05.114 INFO  Loading command: resume.js 
18:50:05.121 INFO  Loading command: shuffle.js 
18:50:05.122 INFO  Loading command: skip.js 
18:50:05.123 INFO  Loading command: skipto.js 
18:50:05.132 INFO  Loading command: song.js 
18:50:05.134 INFO  Loading command: volume.js 
18:50:05.212 INFO  Loading command: fortnite.js 
18:50:07.813 INFO  Loading command: image.js 
18:50:07.823 INFO  Loading command: instagram.js 
18:50:07.958 INFO  Loading command: mc.js 
18:50:07.965 INFO  Loading command: nsfw.js 
18:50:08.326 INFO  Loading command: r6.js 
18:50:08.328 INFO  Loading command: reddit.js 
18:50:08.345 INFO  Loading command: steam.js 
18:50:08.351 INFO  Loading command: twitch.js 
18:50:08.355 INFO  Loading command: startmusictrivia.js 
18:50:08.356 INFO  Loading command: stopmusictrivia.js 
18:50:08.364 INFO  Loading command: help.js 
18:50:08.369 INFO  Loading command: invite.js 
18:50:08.371 INFO  Loading command: status.js 
18:50:08.377 INFO  Loading command: support.js 
18:50:08.378 INFO  Loading a total of 27 events. 
18:50:08.379 INFO  Loading Event: channelCreate 
18:50:08.386 INFO  Loading Event: channelDelete 
18:50:08.392 INFO  Loading Event: channelUpdate 
18:50:08.395 INFO  Loading Event: emojiCreate 
18:50:08.398 INFO  Loading Event: emojiDelete 
18:50:08.413 INFO  Loading Event: emojiUpdate 
18:50:08.424 INFO  Loading Event: error 
18:50:08.430 INFO  Loading Event: guildBanAdd 
18:50:08.436 INFO  Loading Event: guildBanRemove 
18:50:08.443 INFO  Loading Event: guildCreate 
18:50:08.488 INFO  Loading Event: guildDelete 
18:50:08.493 INFO  Loading Event: guildMemberAdd 
18:50:08.500 INFO  Loading Event: guildMemberRemove 
18:50:08.520 INFO  Loading Event: guildMemberUpdate 
18:50:08.528 INFO  Loading Event: guildUnavailable 
18:50:08.534 INFO  Loading Event: guildUpdate 
18:50:08.541 INFO  Loading Event: message 
18:50:08.549 INFO  Loading Event: messageDelete 
18:50:08.555 INFO  Loading Event: messageDeleteBulk 
18:50:08.563 INFO  Loading Event: messageReactionAdd 
18:50:08.572 INFO  Loading Event: messageReactionRemove 
18:50:08.574 INFO  Loading Event: messageUpdate 
18:50:08.576 INFO  Loading Event: ready 
18:50:08.582 INFO  Loading Event: roleCreate 
18:50:08.588 INFO  Loading Event: roleDelete 
18:50:08.595 INFO  Loading Event: roleUpdate 
18:50:08.603 INFO  Loading Event: warning 
18:50:10.144 INFO  Bot dashboard is coming online 
18:50:10.247 INFO  Bot dashboard is online 
18:50:10.284 INFO  Mongoose connection successfully opened 
18:50:10.957 INFO  -=-=-=-=-=-=-=-=-=-=-=-=-=-=-=-=-=-=-=-=-=-=-=-=-=-=-=-= 
18:50:10.958 INFO  -=-=-=-=-=-=-=-=-=-=-=-=-=-=-=-=-=-=-=-=-=-=-=-=-=-=-=-= 
18:50:10.958 INFO  EggLord#9100, ready to serve [959] users in [5] servers. 
18:51:44.045 INFO  Shard 0 launched 
18:51:45.108 INFO  Loading command: fact.js 
18:51:45.110 INFO  Loading command: flip.js 
18:51:45.123 INFO  Loading command: meme.js 
18:51:45.126 INFO  Loading command: ping.js 
18:51:45.129 INFO  Loading command: random.js 
18:51:45.131 INFO  Loading command: rps.js 
18:51:45.133 INFO  Loading command: uptime.js 
18:51:45.136 INFO  Loading command: ban.js 
18:51:45.139 INFO  Loading command: clear.js 
18:51:45.141 INFO  Loading command: dashboard.js 
18:51:45.143 INFO  Loading command: deafen.js 
18:51:45.145 INFO  Loading command: kick.js 
18:51:45.147 INFO  Loading command: mute.js 
18:51:45.148 INFO  Loading command: nick.js 
18:51:45.151 INFO  Loading command: poll.js 
18:51:45.153 INFO  Loading command: report.js 
18:51:45.156 INFO  Loading command: role-info.js 
18:51:45.158 INFO  Loading command: server-info.js 
18:51:45.159 INFO  Loading command: unban.js 
18:51:45.161 INFO  Loading command: undeafen.js 
18:51:45.162 INFO  Loading command: unmute.js 
18:51:45.166 INFO  Loading command: user-info.js 
18:51:45.168 INFO  Loading command: verify.js 
18:51:45.169 INFO  Loading command: warn.js 
18:51:45.172 INFO  Loading command: leaderboard.js 
18:51:45.174 INFO  Loading command: level.js 
18:51:45.176 INFO  Loading command: addban.js 
18:51:45.179 INFO  Loading command: eval.js 
18:51:45.181 INFO  Loading command: reload.js 
18:51:45.184 INFO  Loading command: shutdown.js 
18:51:45.186 INFO  Loading command: suggestion.js 
18:51:45.290 INFO  Loading command: add-playlist.js 
18:51:45.291 INFO  Loading command: find.js 
18:51:45.293 INFO  Loading command: forceskip.js 
18:51:45.294 INFO  Loading command: leave.js 
18:51:45.296 INFO  Loading command: lyrics.js 
18:51:45.299 INFO  Loading command: pause.js 
18:51:45.325 INFO  Loading command: play.js 
18:51:45.329 INFO  Loading command: queue.js 
18:51:45.335 INFO  Loading command: radio.js 
18:51:45.337 INFO  Loading command: remove.js 
18:51:45.340 INFO  Loading command: resume.js 
18:51:45.345 INFO  Loading command: shuffle.js 
18:51:45.348 INFO  Loading command: skip.js 
18:51:45.351 INFO  Loading command: skipto.js 
18:51:45.355 INFO  Loading command: song.js 
18:51:45.357 INFO  Loading command: volume.js 
18:51:45.371 INFO  Loading command: fortnite.js 
18:51:45.934 INFO  Loading command: image.js 
18:51:45.936 INFO  Loading command: instagram.js 
18:51:45.960 INFO  Loading command: mc.js 
18:51:45.962 INFO  Loading command: nsfw.js 
18:51:46.041 INFO  Loading command: r6.js 
18:51:46.042 INFO  Loading command: reddit.js 
18:51:46.046 INFO  Loading command: steam.js 
18:51:46.048 INFO  Loading command: twitch.js 
18:51:46.050 INFO  Loading command: startmusictrivia.js 
18:51:46.051 INFO  Loading command: stopmusictrivia.js 
18:51:46.054 INFO  Loading command: help.js 
18:51:46.055 INFO  Loading command: invite.js 
18:51:46.057 INFO  Loading command: status.js 
18:51:46.059 INFO  Loading command: support.js 
18:51:46.060 INFO  Loading a total of 27 events. 
18:51:46.060 INFO  Loading Event: channelCreate 
18:51:46.064 INFO  Loading Event: channelUpdate 
18:51:46.063 INFO  Loading Event: channelDelete 
18:51:46.067 INFO  Loading Event: emojiCreate 
18:51:46.069 INFO  Loading Event: emojiDelete 
18:51:46.070 INFO  Loading Event: emojiUpdate 
18:51:46.072 INFO  Loading Event: error 
18:51:46.073 INFO  Loading Event: guildBanAdd 
18:51:46.075 INFO  Loading Event: guildBanRemove 
18:51:46.077 INFO  Loading Event: guildCreate 
18:51:46.088 INFO  Loading Event: guildMemberAdd 
18:51:46.087 INFO  Loading Event: guildDelete 
18:51:46.089 INFO  Loading Event: guildMemberRemove 
18:51:46.093 INFO  Loading Event: guildUnavailable 
18:51:46.091 INFO  Loading Event: guildMemberUpdate 
18:51:46.095 INFO  Loading Event: message 
18:51:46.094 INFO  Loading Event: guildUpdate 
18:51:46.098 INFO  Loading Event: messageDelete 
18:51:46.100 INFO  Loading Event: messageDeleteBulk 
18:51:46.102 INFO  Loading Event: messageReactionAdd 
18:51:46.104 INFO  Loading Event: messageReactionRemove 
18:51:46.106 INFO  Loading Event: messageUpdate 
18:51:46.108 INFO  Loading Event: ready 
18:51:46.109 INFO  Loading Event: roleCreate 
18:51:46.110 INFO  Loading Event: roleDelete 
18:51:46.113 INFO  Loading Event: roleUpdate 
18:51:46.115 INFO  Loading Event: warning 
18:51:46.379 INFO  Bot dashboard is coming online 
18:52:56.909 INFO  Shard 0 launched 
18:52:57.891 INFO  Loading command: fact.js 
18:52:57.892 INFO  Loading command: flip.js 
18:52:57.906 INFO  Loading command: meme.js 
18:52:57.908 INFO  Loading command: ping.js 
18:52:57.909 INFO  Loading command: random.js 
18:52:57.911 INFO  Loading command: rps.js 
18:52:57.913 INFO  Loading command: uptime.js 
18:52:57.916 INFO  Loading command: ban.js 
18:52:57.918 INFO  Loading command: clear.js 
18:52:57.919 INFO  Loading command: dashboard.js 
18:52:57.920 INFO  Loading command: deafen.js 
18:52:57.922 INFO  Loading command: kick.js 
18:52:57.924 INFO  Loading command: mute.js 
18:52:57.925 INFO  Loading command: nick.js 
18:52:57.927 INFO  Loading command: poll.js 
18:52:57.929 INFO  Loading command: report.js 
18:52:57.932 INFO  Loading command: role-info.js 
18:52:57.934 INFO  Loading command: server-info.js 
18:52:57.935 INFO  Loading command: unban.js 
18:52:57.936 INFO  Loading command: undeafen.js 
18:52:57.939 INFO  Loading command: unmute.js 
18:52:57.940 INFO  Loading command: user-info.js 
18:52:57.942 INFO  Loading command: verify.js 
18:52:57.944 INFO  Loading command: warn.js 
18:52:57.947 INFO  Loading command: addban.js 
18:52:57.949 INFO  Loading command: eval.js 
18:52:57.951 INFO  Loading command: reload.js 
18:52:57.952 INFO  Loading command: shutdown.js 
18:52:57.955 INFO  Loading command: suggestion.js 
18:52:57.958 INFO  Loading command: leaderboard.js 
18:52:57.960 INFO  Loading command: level.js 
18:52:58.047 INFO  Loading command: add-playlist.js 
18:52:58.049 INFO  Loading command: find.js 
18:52:58.050 INFO  Loading command: forceskip.js 
18:52:58.051 INFO  Loading command: leave.js 
18:52:58.054 INFO  Loading command: lyrics.js 
18:52:58.055 INFO  Loading command: pause.js 
18:52:58.068 INFO  Loading command: play.js 
18:52:58.069 INFO  Loading command: queue.js 
18:52:58.071 INFO  Loading command: radio.js 
18:52:58.073 INFO  Loading command: remove.js 
18:52:58.074 INFO  Loading command: resume.js 
18:52:58.075 INFO  Loading command: shuffle.js 
18:52:58.076 INFO  Loading command: skip.js 
18:52:58.077 INFO  Loading command: skipto.js 
18:52:58.080 INFO  Loading command: song.js 
18:52:58.081 INFO  Loading command: volume.js 
18:52:58.091 INFO  Loading command: fortnite.js 
18:52:58.561 INFO  Loading command: image.js 
18:52:58.564 INFO  Loading command: instagram.js 
18:52:58.587 INFO  Loading command: mc.js 
18:52:58.589 INFO  Loading command: nsfw.js 
18:52:58.672 INFO  Loading command: r6.js 
18:52:58.674 INFO  Loading command: reddit.js 
18:52:58.677 INFO  Loading command: steam.js 
18:52:58.679 INFO  Loading command: twitch.js 
18:52:58.681 INFO  Loading command: startmusictrivia.js 
18:52:58.682 INFO  Loading command: stopmusictrivia.js 
18:52:58.684 INFO  Loading command: help.js 
18:52:58.686 INFO  Loading command: invite.js 
18:52:58.689 INFO  Loading command: support.js 
18:52:58.690 INFO  Loading a total of 27 events. 
18:52:58.687 INFO  Loading command: status.js 
18:52:58.690 INFO  Loading Event: channelCreate 
18:52:58.694 INFO  Loading Event: channelUpdate 
18:52:58.692 INFO  Loading Event: channelDelete 
18:52:58.697 INFO  Loading Event: emojiCreate 
18:52:58.699 INFO  Loading Event: emojiDelete 
18:52:58.700 INFO  Loading Event: emojiUpdate 
18:52:58.702 INFO  Loading Event: error 
18:52:58.703 INFO  Loading Event: guildBanAdd 
18:52:58.705 INFO  Loading Event: guildBanRemove 
18:52:58.707 INFO  Loading Event: guildCreate 
18:52:58.714 INFO  Loading Event: guildDelete 
18:52:58.716 INFO  Loading Event: guildMemberAdd 
18:52:58.717 INFO  Loading Event: guildMemberRemove 
18:52:58.719 INFO  Loading Event: guildMemberUpdate 
18:52:58.721 INFO  Loading Event: guildUnavailable 
18:52:58.722 INFO  Loading Event: guildUpdate 
18:52:58.724 INFO  Loading Event: message 
18:52:58.726 INFO  Loading Event: messageDelete 
18:52:58.728 INFO  Loading Event: messageDeleteBulk 
18:52:58.730 INFO  Loading Event: messageReactionAdd 
18:52:58.732 INFO  Loading Event: messageReactionRemove 
18:52:58.733 INFO  Loading Event: messageUpdate 
18:52:58.735 INFO  Loading Event: ready 
18:52:58.736 INFO  Loading Event: roleCreate 
18:52:58.738 INFO  Loading Event: roleDelete 
18:52:58.739 INFO  Loading Event: roleUpdate 
18:52:58.741 INFO  Loading Event: warning 
18:53:22.772 INFO  Shard 0 launched 
18:53:24.136 INFO  Loading command: fact.js 
18:53:24.138 INFO  Loading command: flip.js 
18:53:24.150 INFO  Loading command: meme.js 
18:53:24.153 INFO  Loading command: random.js 
18:53:24.152 INFO  Loading command: ping.js 
18:53:24.156 INFO  Loading command: rps.js 
18:53:24.157 INFO  Loading command: uptime.js 
18:53:24.160 INFO  Loading command: ban.js 
18:53:24.162 INFO  Loading command: clear.js 
18:53:24.163 INFO  Loading command: dashboard.js 
18:53:24.164 INFO  Loading command: deafen.js 
18:53:24.166 INFO  Loading command: kick.js 
18:53:24.169 INFO  Loading command: nick.js 
18:53:24.167 INFO  Loading command: mute.js 
18:53:24.171 INFO  Loading command: poll.js 
18:53:24.173 INFO  Loading command: report.js 
18:53:24.175 INFO  Loading command: role-info.js 
18:53:24.177 INFO  Loading command: server-info.js 
18:53:24.178 INFO  Loading command: unban.js 
18:53:24.180 INFO  Loading command: undeafen.js 
18:53:24.181 INFO  Loading command: unmute.js 
18:53:24.184 INFO  Loading command: user-info.js 
18:53:24.186 INFO  Loading command: verify.js 
18:53:24.187 INFO  Loading command: warn.js 
18:53:24.190 INFO  Loading command: addban.js 
18:53:24.192 INFO  Loading command: eval.js 
18:53:24.193 INFO  Loading command: reload.js 
18:53:24.194 INFO  Loading command: shutdown.js 
18:53:24.197 INFO  Loading command: suggestion.js 
18:53:24.199 INFO  Loading command: leaderboard.js 
18:53:24.201 INFO  Loading command: level.js 
18:53:24.289 INFO  Loading command: add-playlist.js 
18:53:24.290 INFO  Loading command: find.js 
18:53:24.291 INFO  Loading command: forceskip.js 
18:53:24.292 INFO  Loading command: leave.js 
18:53:24.297 INFO  Loading command: lyrics.js 
18:53:24.321 INFO  Loading command: pause.js 
18:53:24.346 INFO  Loading command: play.js 
18:53:24.349 INFO  Loading command: queue.js 
18:53:24.353 INFO  Loading command: radio.js 
18:53:24.355 INFO  Loading command: remove.js 
18:53:24.358 INFO  Loading command: resume.js 
18:53:24.360 INFO  Loading command: shuffle.js 
18:53:24.364 INFO  Loading command: skip.js 
18:53:24.369 INFO  Loading command: skipto.js 
18:53:24.377 INFO  Loading command: song.js 
18:53:24.379 INFO  Loading command: volume.js 
18:53:24.396 INFO  Loading command: fortnite.js 
18:53:24.964 INFO  Loading command: image.js 
18:53:24.967 INFO  Loading command: instagram.js 
18:53:24.989 INFO  Loading command: mc.js 
18:53:24.993 INFO  Loading command: nsfw.js 
18:53:25.075 INFO  Loading command: r6.js 
18:53:25.078 INFO  Loading command: reddit.js 
18:53:25.086 INFO  Loading command: startmusictrivia.js 
18:53:25.087 INFO  Loading command: stopmusictrivia.js 
18:53:25.092 INFO  Loading command: invite.js 
18:53:25.082 INFO  Loading command: steam.js 
18:53:25.084 INFO  Loading command: twitch.js 
18:53:25.091 INFO  Loading command: help.js 
18:53:25.094 INFO  Loading command: status.js 
18:53:25.096 INFO  Loading command: support.js 
18:53:25.098 INFO  Loading a total of 27 events. 
18:53:25.098 INFO  Loading Event: channelCreate 
18:53:25.100 INFO  Loading Event: channelDelete 
18:53:25.103 INFO  Loading Event: channelUpdate 
18:53:25.106 INFO  Loading Event: emojiCreate 
18:53:25.108 INFO  Loading Event: emojiDelete 
18:53:25.110 INFO  Loading Event: emojiUpdate 
18:53:25.112 INFO  Loading Event: error 
18:53:25.114 INFO  Loading Event: guildBanAdd 
18:53:25.116 INFO  Loading Event: guildBanRemove 
18:53:25.119 INFO  Loading Event: guildCreate 
18:53:25.129 INFO  Loading Event: guildDelete 
18:53:25.132 INFO  Loading Event: guildMemberAdd 
18:53:25.136 INFO  Loading Event: guildMemberRemove 
18:53:25.140 INFO  Loading Event: guildMemberUpdate 
18:53:25.146 INFO  Loading Event: guildUnavailable 
18:53:25.151 INFO  Loading Event: guildUpdate 
18:53:25.153 INFO  Loading Event: message 
18:53:25.158 INFO  Loading Event: messageDelete 
18:53:25.162 INFO  Loading Event: messageDeleteBulk 
18:53:25.168 INFO  Loading Event: messageReactionAdd 
18:53:25.172 INFO  Loading Event: messageReactionRemove 
18:53:25.175 INFO  Loading Event: messageUpdate 
18:53:25.178 INFO  Loading Event: ready 
18:53:25.181 INFO  Loading Event: roleCreate 
18:53:25.187 INFO  Loading Event: roleDelete 
18:53:25.190 INFO  Loading Event: roleUpdate 
18:53:25.192 INFO  Loading Event: warning 
18:53:25.534 INFO  Bot dashboard is coming online 
18:53:25.592 INFO  Bot dashboard is online 
18:53:25.623 INFO  Mongoose connection successfully opened 
18:53:26.380 INFO  -=-=-=-=-=-=-=-=-=-=-=-=-=-=-=-=-=-=-=-=-=-=-=-=-=-=-=-= 
18:53:26.380 INFO  EggLord#9100, ready to serve [959] users in [5] servers. 
18:53:26.392 INFO  -=-=-=-=-=-=-=-=-=-=-=-=-=-=-=-=-=-=-=-=-=-=-=-=-=-=-=-= 
18:53:29.455 INFO  Website connection IP: 35.185.241.102, Location:The Dalles, United States. 
19:02:43.206 INFO  Shard 0 launched 
19:02:44.177 INFO  Loading command: ban.js 
19:02:44.179 INFO  Loading command: clear.js 
19:02:44.180 INFO  Loading command: dashboard.js 
19:02:44.181 INFO  Loading command: deafen.js 
19:02:44.182 INFO  Loading command: kick.js 
19:02:44.183 INFO  Loading command: mute.js 
19:02:44.184 INFO  Loading command: nick.js 
19:02:44.186 INFO  Loading command: poll.js 
19:02:44.188 INFO  Loading command: report.js 
19:02:44.190 INFO  Loading command: role-info.js 
19:02:44.192 INFO  Loading command: server-info.js 
19:02:44.193 INFO  Loading command: unban.js 
19:02:44.194 INFO  Loading command: undeafen.js 
19:02:44.195 INFO  Loading command: unmute.js 
19:02:44.197 INFO  Loading command: user-info.js 
19:02:44.198 INFO  Loading command: verify.js 
19:02:44.200 INFO  Loading command: warn.js 
19:02:44.204 INFO  Loading command: addban.js 
19:02:44.205 INFO  Loading command: eval.js 
19:02:44.207 INFO  Loading command: shutdown.js 
19:02:44.206 INFO  Loading command: reload.js 
19:02:44.209 INFO  Loading command: suggestion.js 
19:02:44.211 INFO  Loading command: leaderboard.js 
19:02:44.213 INFO  Loading command: level.js 
19:02:44.296 INFO  Loading command: add-playlist.js 
19:02:44.297 INFO  Loading command: find.js 
19:02:44.298 INFO  Loading command: forceskip.js 
19:02:44.300 INFO  Loading command: leave.js 
19:02:44.310 INFO  Loading command: lyrics.js 
19:02:44.312 INFO  Loading command: pause.js 
19:02:44.326 INFO  Loading command: play.js 
19:02:44.328 INFO  Loading command: queue.js 
19:02:44.330 INFO  Loading command: radio.js 
19:02:44.331 INFO  Loading command: remove.js 
19:02:44.333 INFO  Loading command: resume.js 
19:02:44.334 INFO  Loading command: shuffle.js 
19:02:44.336 INFO  Loading command: skip.js 
19:02:44.337 INFO  Loading command: skipto.js 
19:02:44.352 INFO  Loading command: fortnite.js 
19:02:44.341 INFO  Loading command: volume.js 
19:02:44.340 INFO  Loading command: song.js 
19:02:44.835 INFO  Loading command: image.js 
19:02:44.861 INFO  Loading command: mc.js 
19:02:44.863 INFO  Loading command: nsfw.js 
19:02:44.838 INFO  Loading command: instagram.js 
19:02:44.948 INFO  Loading command: r6.js 
19:02:44.950 INFO  Loading command: reddit.js 
19:02:44.953 INFO  Loading command: steam.js 
19:02:44.955 INFO  Loading command: twitch.js 
19:02:44.957 INFO  Loading command: fact.js 
19:02:44.959 INFO  Loading command: flip.js 
19:02:44.961 INFO  Loading command: meme.js 
19:02:44.964 INFO  Loading command: ping.js 
19:02:44.966 INFO  Loading command: random.js 
19:02:44.968 INFO  Loading command: rps.js 
19:02:44.973 INFO  Loading command: startmusictrivia.js 
19:02:44.970 INFO  Loading command: uptime.js 
19:02:44.975 INFO  Loading command: stopmusictrivia.js 
19:02:44.977 INFO  Loading command: help.js 
19:02:44.979 INFO  Loading command: invite.js 
19:02:44.980 INFO  Loading command: status.js 
19:02:44.982 INFO  Loading command: support.js 
19:02:44.984 INFO  Loading a total of 27 events. 
19:02:44.984 INFO  Loading Event: channelCreate 
19:02:44.986 INFO  Loading Event: channelDelete 
19:02:44.988 INFO  Loading Event: channelUpdate 
19:02:44.991 INFO  Loading Event: emojiCreate 
19:02:44.993 INFO  Loading Event: emojiDelete 
19:02:44.994 INFO  Loading Event: emojiUpdate 
19:02:44.996 INFO  Loading Event: error 
19:02:44.997 INFO  Loading Event: guildBanAdd 
19:02:44.999 INFO  Loading Event: guildBanRemove 
19:02:45.009 INFO  Loading Event: guildDelete 
19:02:45.001 INFO  Loading Event: guildCreate 
19:02:45.011 INFO  Loading Event: guildMemberAdd 
19:02:45.012 INFO  Loading Event: guildMemberRemove 
19:02:45.016 INFO  Loading Event: guildMemberUpdate 
19:02:45.018 INFO  Loading Event: guildUnavailable 
19:02:45.019 INFO  Loading Event: guildUpdate 
19:02:45.021 INFO  Loading Event: message 
19:02:45.023 INFO  Loading Event: messageDelete 
19:02:45.025 INFO  Loading Event: messageDeleteBulk 
19:02:45.027 INFO  Loading Event: messageReactionAdd 
19:02:45.029 INFO  Loading Event: messageReactionRemove 
19:02:45.031 INFO  Loading Event: messageUpdate 
19:02:45.033 INFO  Loading Event: ready 
19:02:45.034 INFO  Loading Event: roleCreate 
19:02:45.036 INFO  Loading Event: roleDelete 
19:02:45.037 INFO  Loading Event: roleUpdate 
19:02:45.039 INFO  Loading Event: warning 
19:02:45.323 INFO  Bot dashboard is coming online 
19:02:45.374 INFO  Bot dashboard is online 
19:02:45.402 INFO  Mongoose connection successfully opened 
19:02:46.146 INFO  -=-=-=-=-=-=-=-=-=-=-=-=-=-=-=-=-=-=-=-=-=-=-=-=-=-=-=-= 
19:02:46.145 INFO  -=-=-=-=-=-=-=-=-=-=-=-=-=-=-=-=-=-=-=-=-=-=-=-=-=-=-=-= 
19:02:46.146 INFO  EggLord#9100, ready to serve [960] users in [5] servers. 
19:03:36.893 INFO  Website connection IP: 35.245.188.175, Location:Washington D.C., United States. 
19:50:10.441 INFO  Website connection IP: 54.162.222.218, Location:Ashburn, United States. 
20:32:46.101 INFO  Website connection IP: 35.245.188.175, Location:Washington D.C., United States. 
20:44:58.079 INFO  Shard 0 launched 
20:44:59.483 INFO  Loading command: fact.js 
20:44:59.485 INFO  Loading command: flip.js 
20:44:59.497 INFO  Loading command: meme.js 
20:44:59.499 INFO  Loading command: ping.js 
20:44:59.501 INFO  Loading command: random.js 
20:44:59.503 INFO  Loading command: rps.js 
20:44:59.505 INFO  Loading command: uptime.js 
20:44:59.507 INFO  Loading command: ban.js 
20:44:59.509 INFO  Loading command: clear.js 
20:44:59.510 INFO  Loading command: dashboard.js 
20:44:59.512 INFO  Loading command: deafen.js 
20:44:59.513 INFO  Loading command: kick.js 
20:44:59.514 INFO  Loading command: mute.js 
20:44:59.519 INFO  Loading command: nick.js 
20:44:59.521 INFO  Loading command: poll.js 
20:44:59.524 INFO  Loading command: report.js 
20:44:59.527 INFO  Loading command: role-info.js 
20:44:59.529 INFO  Loading command: server-info.js 
20:44:59.530 INFO  Loading command: unban.js 
20:44:59.533 INFO  Loading command: undeafen.js 
20:44:59.534 INFO  Loading command: unmute.js 
20:44:59.536 INFO  Loading command: user-info.js 
20:44:59.538 INFO  Loading command: verify.js 
20:44:59.539 INFO  Loading command: warn.js 
20:44:59.542 INFO  Loading command: addban.js 
20:44:59.543 INFO  Loading command: eval.js 
20:44:59.545 INFO  Loading command: reload.js 
20:44:59.546 INFO  Loading command: shutdown.js 
20:44:59.548 INFO  Loading command: suggestion.js 
20:44:59.552 INFO  Loading command: leaderboard.js 
20:44:59.554 INFO  Loading command: level.js 
20:44:59.575 INFO  Loading command: fortnite.js 
20:45:00.143 INFO  Loading command: image.js 
20:45:00.145 INFO  Loading command: instagram.js 
20:45:00.170 INFO  Loading command: mc.js 
20:45:00.173 INFO  Loading command: nsfw.js 
20:45:00.277 INFO  Loading command: r6.js 
20:45:00.280 INFO  Loading command: reddit.js 
20:45:00.285 INFO  Loading command: steam.js 
20:45:00.287 INFO  Loading command: twitch.js 
20:45:00.405 INFO  Loading command: add-playlist.js 
20:45:00.406 INFO  Loading command: find.js 
20:45:00.409 INFO  Loading command: forceskip.js 
20:45:00.411 INFO  Loading command: leave.js 
20:45:00.414 INFO  Loading command: lyrics.js 
20:45:00.416 INFO  Loading command: pause.js 
20:45:00.431 INFO  Loading command: play.js 
20:45:00.433 INFO  Loading command: queue.js 
20:45:00.437 INFO  Loading command: radio.js 
20:45:00.441 INFO  Loading command: remove.js 
20:45:00.444 INFO  Loading command: resume.js 
20:45:00.449 INFO  Loading command: shuffle.js 
20:45:00.451 INFO  Loading command: skip.js 
20:45:00.452 INFO  Loading command: skipto.js 
20:45:00.457 INFO  Loading command: song.js 
20:45:00.458 INFO  Loading command: volume.js 
20:45:00.461 INFO  Loading command: startmusictrivia.js 
20:45:00.463 INFO  Loading command: stopmusictrivia.js 
20:45:00.465 INFO  Loading command: help.js 
20:45:00.467 INFO  Loading command: invite.js 
20:45:00.469 INFO  Loading command: status.js 
20:45:00.472 INFO  Loading command: support.js 
20:45:00.473 INFO  Loading a total of 27 events. 
20:45:00.474 INFO  Loading Event: channelCreate 
20:45:00.475 INFO  Loading Event: channelDelete 
20:45:00.477 INFO  Loading Event: channelUpdate 
20:45:00.483 INFO  Loading Event: emojiCreate 
20:45:00.485 INFO  Loading Event: emojiDelete 
20:45:00.494 INFO  Loading Event: emojiUpdate 
20:45:00.496 INFO  Loading Event: error 
20:45:00.499 INFO  Loading Event: guildBanAdd 
20:45:00.506 INFO  Loading Event: guildBanRemove 
20:45:00.508 INFO  Loading Event: guildCreate 
20:45:00.520 INFO  Loading Event: guildDelete 
20:45:00.521 INFO  Loading Event: guildMemberAdd 
20:45:00.523 INFO  Loading Event: guildMemberRemove 
20:45:00.525 INFO  Loading Event: guildMemberUpdate 
20:45:00.527 INFO  Loading Event: guildUnavailable 
20:45:00.529 INFO  Loading Event: guildUpdate 
20:45:00.530 INFO  Loading Event: message 
20:45:00.533 INFO  Loading Event: messageDelete 
20:45:00.535 INFO  Loading Event: messageDeleteBulk 
20:45:00.537 INFO  Loading Event: messageReactionAdd 
20:45:00.539 INFO  Loading Event: messageReactionRemove 
20:45:00.540 INFO  Loading Event: messageUpdate 
20:45:00.542 INFO  Loading Event: ready 
20:45:00.544 INFO  Loading Event: roleCreate 
20:45:00.547 INFO  Loading Event: roleDelete 
20:45:00.551 INFO  Loading Event: roleUpdate 
20:45:00.554 INFO  Loading Event: warning 
20:45:00.868 INFO  Bot dashboard is coming online 
20:45:00.933 INFO  Bot dashboard is online 
20:45:00.976 INFO  Mongoose connection successfully opened 
20:45:02.108 INFO  -=-=-=-=-=-=-=-=-=-=-=-=-=-=-=-=-=-=-=-=-=-=-=-=-=-=-=-= 
20:45:02.109 INFO  -=-=-=-=-=-=-=-=-=-=-=-=-=-=-=-=-=-=-=-=-=-=-=-=-=-=-=-= 
20:45:02.109 INFO  EggLord#9100, ready to serve [958] users in [5] servers. 
20:45:38.565 INFO  Website connection IP: 54.209.67.238, Location:Ashburn, United States. 
20:50:43.853 INFO  Website connection IP: 190.24.58.250, Location:Bogotá (Comuna Chapinero), Colombia. 
20:55:31.585 INFO  Shard 0 launched 
20:55:32.746 INFO  Loading command: fact.js 
20:55:32.748 INFO  Loading command: flip.js 
20:55:32.759 INFO  Loading command: meme.js 
20:55:32.760 INFO  Loading command: ping.js 
20:55:32.762 INFO  Loading command: random.js 
20:55:32.763 INFO  Loading command: rps.js 
20:55:32.766 INFO  Loading command: uptime.js 
20:55:32.770 INFO  Loading command: addban.js 
20:55:32.772 INFO  Loading command: eval.js 
20:55:32.773 INFO  Loading command: reload.js 
20:55:32.775 INFO  Loading command: shutdown.js 
20:55:32.776 INFO  Loading command: suggestion.js 
20:55:32.779 INFO  Loading command: leaderboard.js 
20:55:32.782 INFO  Loading command: level.js 
20:55:32.887 INFO  Loading command: add-playlist.js 
20:55:32.888 INFO  Loading command: find.js 
20:55:32.889 INFO  Loading command: forceskip.js 
20:55:32.890 INFO  Loading command: leave.js 
20:55:32.893 INFO  Loading command: lyrics.js 
20:55:32.894 INFO  Loading command: pause.js 
20:55:32.907 INFO  Loading command: play.js 
20:55:32.908 INFO  Loading command: queue.js 
20:55:32.910 INFO  Loading command: radio.js 
20:55:32.911 INFO  Loading command: remove.js 
20:55:32.912 INFO  Loading command: resume.js 
20:55:32.913 INFO  Loading command: shuffle.js 
20:55:32.914 INFO  Loading command: skip.js 
20:55:32.915 INFO  Loading command: skipto.js 
20:55:32.919 INFO  Loading command: song.js 
20:55:32.920 INFO  Loading command: volume.js 
20:55:32.930 INFO  Loading command: fortnite.js 
20:55:33.415 INFO  Loading command: image.js 
20:55:33.418 INFO  Loading command: instagram.js 
20:55:33.448 INFO  Loading command: mc.js 
20:55:33.450 INFO  Loading command: nsfw.js 
20:55:33.530 INFO  Loading command: r6.js 
20:55:33.533 INFO  Loading command: reddit.js 
20:55:33.536 INFO  Loading command: steam.js 
20:55:33.538 INFO  Loading command: twitch.js 
20:55:33.540 INFO  Loading command: startmusictrivia.js 
20:55:33.541 INFO  Loading command: stopmusictrivia.js 
20:55:33.543 INFO  Loading command: help.js 
20:55:33.545 INFO  Loading command: invite.js 
20:55:33.546 INFO  Loading command: status.js 
20:55:33.548 INFO  Loading command: support.js 
20:55:33.549 INFO  Loading command: ban.js 
20:55:33.550 INFO  Loading command: clear.js 
20:55:33.551 INFO  Loading command: dashboard.js 
20:55:33.553 INFO  Loading command: deafen.js 
20:55:33.554 INFO  Loading command: kick.js 
20:55:33.555 INFO  Loading command: mute.js 
20:55:33.556 INFO  Loading command: nick.js 
20:55:33.558 INFO  Loading command: poll.js 
20:55:33.560 INFO  Loading command: report.js 
20:55:33.562 INFO  Loading command: role-info.js 
20:55:33.564 INFO  Loading command: server-info.js 
20:55:33.565 INFO  Loading command: unban.js 
20:55:33.566 INFO  Loading command: undeafen.js 
20:55:33.568 INFO  Loading command: unmute.js 
20:55:33.569 INFO  Loading command: user-info.js 
20:55:33.571 INFO  Loading command: verify.js 
20:55:33.572 INFO  Loading command: warn.js 
20:55:33.574 INFO  Loading a total of 27 events. 
20:55:33.574 INFO  Loading Event: channelCreate 
20:55:33.576 INFO  Loading Event: channelDelete 
20:55:33.578 INFO  Loading Event: channelUpdate 
20:55:33.580 INFO  Loading Event: emojiCreate 
20:55:33.582 INFO  Loading Event: emojiDelete 
20:55:33.583 INFO  Loading Event: emojiUpdate 
20:55:33.585 INFO  Loading Event: error 
20:55:33.586 INFO  Loading Event: guildBanAdd 
20:55:33.588 INFO  Loading Event: guildBanRemove 
20:55:33.589 INFO  Loading Event: guildCreate 
20:55:33.599 INFO  Loading Event: guildDelete 
20:55:33.600 INFO  Loading Event: guildMemberAdd 
20:55:33.602 INFO  Loading Event: guildMemberRemove 
20:55:33.605 INFO  Loading Event: guildMemberUpdate 
20:55:33.606 INFO  Loading Event: guildUnavailable 
20:55:33.608 INFO  Loading Event: guildUpdate 
20:55:33.613 INFO  Loading Event: message 
20:55:33.616 INFO  Loading Event: messageDelete 
20:55:33.618 INFO  Loading Event: messageDeleteBulk 
20:55:33.620 INFO  Loading Event: messageReactionAdd 
20:55:33.621 INFO  Loading Event: messageReactionRemove 
20:55:33.623 INFO  Loading Event: messageUpdate 
20:55:33.627 INFO  Loading Event: roleCreate 
20:55:33.626 INFO  Loading Event: ready 
20:55:33.628 INFO  Loading Event: roleDelete 
20:55:33.630 INFO  Loading Event: roleUpdate 
20:55:33.631 INFO  Loading Event: warning 
20:55:33.908 INFO  Bot dashboard is coming online 
20:55:45.211 INFO  Shard 0 launched 
20:55:46.194 INFO  Loading command: fact.js 
20:55:46.195 INFO  Loading command: flip.js 
20:55:46.207 INFO  Loading command: meme.js 
20:55:46.208 INFO  Loading command: ping.js 
20:55:46.209 INFO  Loading command: random.js 
20:55:46.211 INFO  Loading command: rps.js 
20:55:46.213 INFO  Loading command: uptime.js 
20:55:46.217 INFO  Loading command: addban.js 
20:55:46.218 INFO  Loading command: eval.js 
20:55:46.219 INFO  Loading command: reload.js 
20:55:46.220 INFO  Loading command: shutdown.js 
20:55:46.221 INFO  Loading command: suggestion.js 
20:55:46.224 INFO  Loading command: leaderboard.js 
20:55:46.226 INFO  Loading command: level.js 
20:55:46.235 INFO  Loading command: fortnite.js 
20:55:46.690 INFO  Loading command: image.js 
20:55:46.692 INFO  Loading command: instagram.js 
20:55:46.712 INFO  Loading command: mc.js 
20:55:46.714 INFO  Loading command: nsfw.js 
20:55:46.792 INFO  Loading command: r6.js 
20:55:46.794 INFO  Loading command: reddit.js 
20:55:46.799 INFO  Loading command: twitch.js 
20:55:46.798 INFO  Loading command: steam.js 
20:55:46.802 INFO  Loading command: startmusictrivia.js 
20:55:46.804 INFO  Loading command: ban.js 
20:55:46.803 INFO  Loading command: stopmusictrivia.js 
20:55:46.806 INFO  Loading command: clear.js 
20:55:46.807 INFO  Loading command: dashboard.js 
20:55:46.808 INFO  Loading command: deafen.js 
20:55:46.810 INFO  Loading command: kick.js 
20:55:46.813 INFO  Loading command: mute.js 
20:55:46.816 INFO  Loading command: nick.js 
20:55:46.818 INFO  Loading command: poll.js 
20:55:46.823 INFO  Loading command: report.js 
20:55:46.825 INFO  Loading command: role-info.js 
20:55:46.827 INFO  Loading command: server-info.js 
20:55:46.829 INFO  Loading command: unban.js 
20:55:46.830 INFO  Loading command: undeafen.js 
20:55:46.831 INFO  Loading command: unmute.js 
20:55:46.833 INFO  Loading command: user-info.js 
20:55:46.835 INFO  Loading command: verify.js 
20:55:46.836 INFO  Loading command: warn.js 
20:55:46.839 INFO  Loading command: help.js 
20:55:46.840 INFO  Loading command: invite.js 
20:55:46.842 INFO  Loading command: status.js 
20:55:46.844 INFO  Loading command: support.js 
20:55:46.927 INFO  Loading command: add-playlist.js 
20:55:46.928 INFO  Loading command: find.js 
20:55:46.929 INFO  Loading command: forceskip.js 
20:55:46.930 INFO  Loading command: leave.js 
20:55:46.932 INFO  Loading command: lyrics.js 
20:55:46.934 INFO  Loading command: pause.js 
20:55:46.946 INFO  Loading command: play.js 
20:55:46.948 INFO  Loading command: queue.js 
20:55:46.950 INFO  Loading command: radio.js 
20:55:46.951 INFO  Loading command: remove.js 
20:55:46.953 INFO  Loading command: resume.js 
20:55:46.954 INFO  Loading command: shuffle.js 
20:55:46.955 INFO  Loading command: skip.js 
20:55:46.956 INFO  Loading command: skipto.js 
20:55:46.959 INFO  Loading command: song.js 
20:55:46.960 INFO  Loading command: volume.js 
20:55:46.961 INFO  Loading a total of 27 events. 
20:55:46.962 INFO  Loading Event: channelCreate 
20:55:46.964 INFO  Loading Event: channelDelete 
20:55:46.965 INFO  Loading Event: channelUpdate 
20:55:46.969 INFO  Loading Event: emojiCreate 
20:55:46.970 INFO  Loading Event: emojiDelete 
20:55:46.972 INFO  Loading Event: emojiUpdate 
20:55:46.973 INFO  Loading Event: error 
20:55:46.975 INFO  Loading Event: guildBanAdd 
20:55:46.976 INFO  Loading Event: guildBanRemove 
20:55:46.978 INFO  Loading Event: guildCreate 
20:55:46.985 INFO  Loading Event: guildDelete 
20:55:46.987 INFO  Loading Event: guildMemberAdd 
20:55:46.988 INFO  Loading Event: guildMemberRemove 
20:55:46.990 INFO  Loading Event: guildMemberUpdate 
20:55:46.992 INFO  Loading Event: guildUnavailable 
20:55:46.993 INFO  Loading Event: guildUpdate 
20:55:46.996 INFO  Loading Event: messageDelete 
20:55:46.995 INFO  Loading Event: message 
20:55:46.998 INFO  Loading Event: messageDeleteBulk 
20:55:47.001 INFO  Loading Event: messageReactionAdd 
20:55:47.003 INFO  Loading Event: messageReactionRemove 
20:55:47.005 INFO  Loading Event: messageUpdate 
20:55:47.006 INFO  Loading Event: ready 
20:55:47.008 INFO  Loading Event: roleCreate 
20:55:47.009 INFO  Loading Event: roleDelete 
20:55:47.011 INFO  Loading Event: roleUpdate 
20:55:47.013 INFO  Loading Event: warning 
20:55:47.282 INFO  Bot dashboard is coming online 
20:55:55.106 INFO  Shard 0 launched 
20:55:56.138 INFO  Loading command: fact.js 
20:55:56.139 INFO  Loading command: flip.js 
20:55:56.149 INFO  Loading command: meme.js 
20:55:56.151 INFO  Loading command: ping.js 
20:55:56.152 INFO  Loading command: random.js 
20:55:56.154 INFO  Loading command: rps.js 
20:55:56.155 INFO  Loading command: uptime.js 
20:55:56.159 INFO  Loading command: addban.js 
20:55:56.160 INFO  Loading command: eval.js 
20:55:56.161 INFO  Loading command: reload.js 
20:55:56.162 INFO  Loading command: shutdown.js 
20:55:56.164 INFO  Loading command: suggestion.js 
20:55:56.166 INFO  Loading command: leaderboard.js 
20:55:56.168 INFO  Loading command: level.js 
20:55:56.246 INFO  Loading command: add-playlist.js 
20:55:56.247 INFO  Loading command: find.js 
20:55:56.248 INFO  Loading command: forceskip.js 
20:55:56.249 INFO  Loading command: leave.js 
20:55:56.251 INFO  Loading command: lyrics.js 
20:55:56.252 INFO  Loading command: pause.js 
20:55:56.265 INFO  Loading command: play.js 
20:55:56.267 INFO  Loading command: queue.js 
20:55:56.269 INFO  Loading command: radio.js 
20:55:56.270 INFO  Loading command: remove.js 
20:55:56.271 INFO  Loading command: resume.js 
20:55:56.272 INFO  Loading command: shuffle.js 
20:55:56.273 INFO  Loading command: skip.js 
20:55:56.274 INFO  Loading command: skipto.js 
20:55:56.277 INFO  Loading command: song.js 
20:55:56.278 INFO  Loading command: volume.js 
20:55:56.287 INFO  Loading command: fortnite.js 
20:55:56.744 INFO  Loading command: image.js 
20:55:56.746 INFO  Loading command: instagram.js 
20:55:56.780 INFO  Loading command: mc.js 
20:55:56.782 INFO  Loading command: nsfw.js 
20:55:56.869 INFO  Loading command: r6.js 
20:55:56.871 INFO  Loading command: reddit.js 
20:55:56.874 INFO  Loading command: steam.js 
20:55:56.876 INFO  Loading command: twitch.js 
20:55:56.878 INFO  Loading command: startmusictrivia.js 
20:55:56.880 INFO  Loading command: stopmusictrivia.js 
20:55:56.883 INFO  Loading command: help.js 
20:55:56.885 INFO  Loading command: invite.js 
20:55:56.887 INFO  Loading command: status.js 
20:55:56.888 INFO  Loading command: support.js 
20:55:56.890 INFO  Loading command: ban.js 
20:55:56.892 INFO  Loading command: clear.js 
20:55:56.893 INFO  Loading command: dashboard.js 
20:55:56.895 INFO  Loading command: deafen.js 
20:55:56.897 INFO  Loading command: kick.js 
20:55:56.898 INFO  Loading command: mute.js 
20:55:56.900 INFO  Loading command: nick.js 
20:55:56.901 INFO  Loading command: poll.js 
20:55:56.903 INFO  Loading command: report.js 
20:55:56.905 INFO  Loading command: role-info.js 
20:55:56.907 INFO  Loading command: server-info.js 
20:55:56.909 INFO  Loading command: unban.js 
20:55:56.911 INFO  Loading command: undeafen.js 
20:55:56.912 INFO  Loading command: unmute.js 
20:55:56.914 INFO  Loading command: user-info.js 
20:55:56.915 INFO  Loading command: verify.js 
20:55:56.917 INFO  Loading command: warn.js 
20:55:56.918 INFO  Loading a total of 27 events. 
20:55:56.919 INFO  Loading Event: channelCreate 
20:55:56.921 INFO  Loading Event: channelDelete 
20:55:56.923 INFO  Loading Event: channelUpdate 
20:55:56.926 INFO  Loading Event: emojiCreate 
20:55:56.927 INFO  Loading Event: emojiDelete 
20:55:56.929 INFO  Loading Event: emojiUpdate 
20:55:56.933 INFO  Loading Event: guildBanRemove 
20:55:56.935 INFO  Loading Event: guildCreate 
20:55:56.930 INFO  Loading Event: error 
20:55:56.931 INFO  Loading Event: guildBanAdd 
20:55:56.944 INFO  Loading Event: guildMemberAdd 
20:55:56.943 INFO  Loading Event: guildDelete 
20:55:56.946 INFO  Loading Event: guildMemberRemove 
20:55:56.948 INFO  Loading Event: guildMemberUpdate 
20:55:56.950 INFO  Loading Event: guildUnavailable 
20:55:56.951 INFO  Loading Event: guildUpdate 
20:55:56.952 INFO  Loading Event: message 
20:55:56.954 INFO  Loading Event: messageDelete 
20:55:56.956 INFO  Loading Event: messageDeleteBulk 
20:55:56.957 INFO  Loading Event: messageReactionAdd 
20:55:56.959 INFO  Loading Event: messageReactionRemove 
20:55:56.962 INFO  Loading Event: messageUpdate 
20:55:56.963 INFO  Loading Event: ready 
20:55:56.965 INFO  Loading Event: roleCreate 
20:55:56.967 INFO  Loading Event: roleDelete 
20:55:56.968 INFO  Loading Event: roleUpdate 
20:55:56.970 INFO  Loading Event: warning 
20:55:57.255 INFO  Bot dashboard is coming online 
20:55:57.305 INFO  Bot dashboard is online 
20:55:57.348 INFO  Mongoose connection successfully opened 
20:55:58.127 INFO  -=-=-=-=-=-=-=-=-=-=-=-=-=-=-=-=-=-=-=-=-=-=-=-=-=-=-=-= 
20:55:58.127 INFO  EggLord#9100, ready to serve [958] users in [5] servers. 
20:55:58.128 INFO  -=-=-=-=-=-=-=-=-=-=-=-=-=-=-=-=-=-=-=-=-=-=-=-=-=-=-=-= 
20:56:00.633 INFO  Website connection IP: 35.185.241.102, Location:The Dalles, United States. 
21:10:23.197 INFO  Website connection IP: 94.102.51.119, Location:Amsterdam (Centrum), Netherlands. 
21:22:22.631 INFO  I am Ben#6686 has leveled up to 3 in server: [489449496527503390] 
21:22:45.061 INFO  Website connection IP: 35.245.188.175, Location:Washington D.C., United States. 
21:33:36.107 INFO  Message by: º RÅM º has been deleted in server: [489449496527503390] 
21:34:39.522 INFO  Message by: º RÅM º has been deleted in server: [489449496527503390] 
21:35:53.547 INFO  Website connection IP: 94.102.51.119, Location:Amsterdam (Centrum), Netherlands. 
21:41:13.428 INFO  Shard 0 launched 
21:41:14.436 INFO  Loading command: ban.js 
21:41:14.439 INFO  Loading command: clear.js 
21:41:14.441 INFO  Loading command: dashboard.js 
21:41:14.444 INFO  Loading command: deafen.js 
21:41:14.446 INFO  Loading command: kick.js 
21:41:14.448 INFO  Loading command: mute.js 
21:41:14.450 INFO  Loading command: nick.js 
21:41:14.452 INFO  Loading command: poll.js 
21:41:14.454 INFO  Loading command: report.js 
21:41:14.459 INFO  Loading command: role-info.js 
21:41:14.461 INFO  Loading command: server-info.js 
21:41:14.462 INFO  Loading command: unban.js 
21:41:14.463 INFO  Loading command: undeafen.js 
21:41:14.465 INFO  Loading command: unmute.js 
21:41:14.467 INFO  Loading command: user-info.js 
21:41:14.468 INFO  Loading command: verify.js 
21:41:14.469 INFO  Loading command: warn.js 
21:41:14.475 INFO  Loading command: fact.js 
21:41:14.477 INFO  Loading command: flip.js 
21:41:14.492 INFO  Loading command: meme.js 
21:41:14.495 INFO  Loading command: random.js 
21:41:14.494 INFO  Loading command: ping.js 
21:41:14.497 INFO  Loading command: rps.js 
21:41:14.499 INFO  Loading command: uptime.js 
21:41:14.501 INFO  Loading command: addban.js 
21:41:14.503 INFO  Loading command: eval.js 
21:41:14.504 INFO  Loading command: reload.js 
21:41:14.506 INFO  Loading command: shutdown.js 
21:41:14.509 INFO  Loading command: suggestion.js 
21:41:14.512 INFO  Loading command: leaderboard.js 
21:41:14.514 INFO  Loading command: level.js 
21:41:14.525 INFO  Loading command: fortnite.js 
21:41:15.020 INFO  Loading command: image.js 
21:41:15.023 INFO  Loading command: instagram.js 
21:41:15.046 INFO  Loading command: mc.js 
21:41:15.048 INFO  Loading command: nsfw.js 
21:41:15.133 INFO  Loading command: r6.js 
21:41:15.135 INFO  Loading command: reddit.js 
21:41:15.139 INFO  Loading command: steam.js 
21:41:15.142 INFO  Loading command: twitch.js 
21:41:15.227 INFO  Loading command: add-playlist.js 
21:41:15.230 INFO  Loading command: forceskip.js 
21:41:15.229 INFO  Loading command: find.js 
21:41:15.236 INFO  Loading command: lyrics.js 
21:41:15.233 INFO  Loading command: leave.js 
21:41:15.238 INFO  Loading command: pause.js 
21:41:15.254 INFO  Loading command: play.js 
21:41:15.257 INFO  Loading command: queue.js 
21:41:15.261 INFO  Loading command: remove.js 
21:41:15.259 INFO  Loading command: radio.js 
21:41:15.264 INFO  Loading command: shuffle.js 
21:41:15.268 INFO  Loading command: skip.js 
21:41:15.272 INFO  Loading command: skipto.js 
21:41:15.263 INFO  Loading command: resume.js 
21:41:15.276 INFO  Loading command: song.js 
21:41:15.277 INFO  Loading command: volume.js 
21:41:15.280 INFO  Loading command: startmusictrivia.js 
21:41:15.281 INFO  Loading command: stopmusictrivia.js 
21:41:15.285 INFO  Loading command: help.js 
21:41:15.287 INFO  Loading command: invite.js 
21:41:15.289 INFO  Loading command: status.js 
21:41:15.290 INFO  Loading command: support.js 
21:41:15.291 INFO  Loading a total of 27 events. 
21:41:15.292 INFO  Loading Event: channelCreate 
21:41:15.294 INFO  Loading Event: channelDelete 
21:41:15.295 INFO  Loading Event: channelUpdate 
21:41:15.304 INFO  Loading Event: emojiCreate 
21:41:15.306 INFO  Loading Event: emojiDelete 
21:41:15.308 INFO  Loading Event: emojiUpdate 
21:41:15.309 INFO  Loading Event: error 
21:41:15.312 INFO  Loading Event: guildBanAdd 
21:41:15.315 INFO  Loading Event: guildBanRemove 
21:41:15.317 INFO  Loading Event: guildCreate 
21:41:15.327 INFO  Loading Event: guildDelete 
21:41:15.329 INFO  Loading Event: guildMemberAdd 
21:41:15.330 INFO  Loading Event: guildMemberRemove 
21:41:15.332 INFO  Loading Event: guildMemberUpdate 
21:41:15.334 INFO  Loading Event: guildUnavailable 
21:41:15.336 INFO  Loading Event: guildUpdate 
21:41:15.338 INFO  Loading Event: message 
21:41:15.341 INFO  Loading Event: messageDelete 
21:41:15.344 INFO  Loading Event: messageDeleteBulk 
21:41:15.346 INFO  Loading Event: messageReactionAdd 
21:41:15.348 INFO  Loading Event: messageReactionRemove 
21:41:15.351 INFO  Loading Event: messageUpdate 
21:41:15.352 INFO  Loading Event: ready 
21:41:15.354 INFO  Loading Event: roleCreate 
21:41:15.355 INFO  Loading Event: roleDelete 
21:41:15.357 INFO  Loading Event: roleUpdate 
21:41:15.358 INFO  Loading Event: warning 
21:41:15.626 INFO  Bot dashboard is coming online 
21:41:15.676 INFO  Bot dashboard is online 
21:41:15.706 INFO  Mongoose connection successfully opened 
21:41:16.397 INFO  -=-=-=-=-=-=-=-=-=-=-=-=-=-=-=-=-=-=-=-=-=-=-=-=-=-=-=-= 
21:41:16.396 INFO  -=-=-=-=-=-=-=-=-=-=-=-=-=-=-=-=-=-=-=-=-=-=-=-=-=-=-=-= 
21:41:16.397 INFO  EggLord#9100, ready to serve [958] users in [5] servers. 
21:41:26.853 INFO  Channel: 🔊 Private room has been updated in Server: [489449496527503390] 
21:41:26.863 INFO  Channel: 📒audit-logs has been updated in Server: [489449496527503390] 
21:41:26.868 INFO  Channel: 🔒PRIVATE THINGS has been updated in Server: [489449496527503390] 
21:41:26.872 INFO  Channel: 🔐private-room has been updated in Server: [489449496527503390] 
21:42:43.558 INFO  [4] messages were deleted in server [489449496527503390]. 
22:21:02.633 INFO  Website connection IP: 94.102.51.119, Location:Amsterdam (Centrum), Netherlands. 
22:35:07.723 INFO  Website connection IP: 35.185.241.102, Location:The Dalles, United States. 
22:38:19.275 INFO  Shard 0 launched 
22:38:22.958 INFO  Loading command: fact.js 
22:38:22.964 INFO  Loading command: flip.js 
22:38:23.048 INFO  Loading command: meme.js 
22:38:23.054 INFO  Loading command: ping.js 
22:38:23.061 INFO  Loading command: random.js 
22:38:23.068 INFO  Loading command: rps.js 
22:38:23.073 INFO  Loading command: uptime.js 
22:38:23.080 INFO  Loading command: ban.js 
22:38:23.085 INFO  Loading command: clear.js 
22:38:23.090 INFO  Loading command: dashboard.js 
22:38:23.095 INFO  Loading command: deafen.js 
22:38:23.101 INFO  Loading command: kick.js 
22:38:23.107 INFO  Loading command: mute.js 
22:38:23.113 INFO  Loading command: nick.js 
22:38:23.119 INFO  Loading command: poll.js 
22:38:23.125 INFO  Loading command: report.js 
22:38:23.134 INFO  Loading command: role-info.js 
22:38:23.142 INFO  Loading command: server-info.js 
22:38:23.150 INFO  Loading command: unban.js 
22:38:23.155 INFO  Loading command: undeafen.js 
22:38:23.161 INFO  Loading command: unmute.js 
22:38:23.167 INFO  Loading command: user-info.js 
22:38:23.172 INFO  Loading command: verify.js 
22:38:23.178 INFO  Loading command: warn.js 
22:38:23.188 INFO  Loading command: addban.js 
22:38:23.194 INFO  Loading command: eval.js 
22:38:23.202 INFO  Loading command: reload.js 
22:38:23.207 INFO  Loading command: shutdown.js 
22:38:23.214 INFO  Loading command: suggestion.js 
22:38:23.221 INFO  Loading command: leaderboard.js 
22:38:23.227 INFO  Loading command: level.js 
22:38:23.791 INFO  Loading command: add-playlist.js 
22:38:23.797 INFO  Loading command: find.js 
22:38:23.803 INFO  Loading command: forceskip.js 
22:38:23.809 INFO  Loading command: leave.js 
22:38:23.821 INFO  Loading command: lyrics.js 
22:38:23.827 INFO  Loading command: pause.js 
22:38:23.896 INFO  Loading command: play.js 
22:38:23.903 INFO  Loading command: queue.js 
22:38:23.920 INFO  Loading command: radio.js 
22:38:23.926 INFO  Loading command: remove.js 
22:38:23.931 INFO  Loading command: resume.js 
22:38:23.936 INFO  Loading command: shuffle.js 
22:38:23.941 INFO  Loading command: skip.js 
22:38:23.946 INFO  Loading command: skipto.js 
22:38:23.961 INFO  Loading command: song.js 
22:38:23.966 INFO  Loading command: volume.js 
22:38:24.028 INFO  Loading command: fortnite.js 
22:38:27.228 INFO  Loading command: image.js 
22:38:27.235 INFO  Loading command: instagram.js 
22:38:27.394 INFO  Loading command: mc.js 
22:38:27.401 INFO  Loading command: nsfw.js 
22:38:27.771 INFO  Loading command: r6.js 
22:38:27.778 INFO  Loading command: reddit.js 
22:38:27.796 INFO  Loading command: steam.js 
22:38:27.802 INFO  Loading command: twitch.js 
22:38:27.812 INFO  Loading command: help.js 
22:38:27.828 INFO  Loading command: invite.js 
22:38:27.833 INFO  Loading command: status.js 
22:38:27.839 INFO  Loading command: support.js 
22:38:27.844 INFO  Loading command: startmusictrivia.js 
22:38:27.850 INFO  Loading command: stopmusictrivia.js 
22:38:27.851 INFO  Loading a total of 27 events. 
22:38:27.852 INFO  Loading Event: channelCreate 
22:38:27.857 INFO  Loading Event: channelDelete 
22:38:27.864 INFO  Loading Event: channelUpdate 
22:38:27.872 INFO  Loading Event: emojiCreate 
22:38:27.874 INFO  Loading Event: emojiDelete 
22:38:27.881 INFO  Loading Event: emojiUpdate 
22:38:27.887 INFO  Loading Event: error 
22:38:27.893 INFO  Loading Event: guildBanAdd 
22:38:27.898 INFO  Loading Event: guildBanRemove 
22:38:27.904 INFO  Loading Event: guildCreate 
22:38:27.951 INFO  Loading Event: guildDelete 
22:38:27.957 INFO  Loading Event: guildMemberAdd 
22:38:27.963 INFO  Loading Event: guildMemberRemove 
22:38:27.970 INFO  Loading Event: guildMemberUpdate 
22:38:27.977 INFO  Loading Event: guildUnavailable 
22:38:27.984 INFO  Loading Event: guildUpdate 
22:38:27.991 INFO  Loading Event: message 
22:38:27.998 INFO  Loading Event: messageDelete 
22:38:28.005 INFO  Loading Event: messageDeleteBulk 
22:38:28.018 INFO  Loading Event: messageReactionAdd 
22:38:28.026 INFO  Loading Event: messageReactionRemove 
22:38:28.033 INFO  Loading Event: messageUpdate 
22:38:28.040 INFO  Loading Event: ready 
22:38:28.045 INFO  Loading Event: roleCreate 
22:38:28.052 INFO  Loading Event: roleDelete 
22:38:28.058 INFO  Loading Event: roleUpdate 
22:38:28.066 INFO  Loading Event: warning 
22:38:29.646 INFO  Bot dashboard is coming online 
22:38:29.756 INFO  Bot dashboard is online 
22:38:29.795 INFO  Mongoose connection successfully opened 
22:38:30.483 INFO  -=-=-=-=-=-=-=-=-=-=-=-=-=-=-=-=-=-=-=-=-=-=-=-=-=-=-=-= 
22:38:30.482 INFO  EggLord#9100, ready to serve [957] users in [5] servers. 
22:38:30.482 INFO  -=-=-=-=-=-=-=-=-=-=-=-=-=-=-=-=-=-=-=-=-=-=-=-=-=-=-=-= 
23:32:18.828 INFO  Website connection IP: 167.248.133.35, Location:Ann Arbor (Old West Side), United States. 
23:32:18.988 INFO  Website connection IP: 167.248.133.35, Location:Ann Arbor (Old West Side), United States. 
23:53:29.376 INFO  Website connection IP: 196.52.43.58, Location:Amsterdam, Netherlands. 




































































































