12:43:53.604 INFO  =-=-=-=-=-=-=-Loading shard(s)-=-=-=-=-=-=-= 
12:43:53.994 INFO  Shard 0 launched 
12:43:59.395 INFO  =-=-=-=-=-=-=- Loading command(s): 63 -=-=-=-=-=-=-= 
12:43:59.405 INFO  =-=-=-=-=-=-=- Loading events(s): 29 -=-=-=-=-=-=-= 
12:43:59.410 INFO  Loading Event: channelCreate 
12:43:59.419 INFO  Loading Event: channelDelete 
12:43:59.424 INFO  Loading Event: channelUpdate 
12:43:59.427 INFO  Loading Event: emojiCreate 
12:43:59.430 INFO  Loading Event: emojiDelete 
12:43:59.433 INFO  Loading Event: emojiUpdate 
12:43:59.437 INFO  Loading Event: error 
12:43:59.442 INFO  Loading Event: guildBanAdd 
12:43:59.446 INFO  Loading Event: guildBanRemove 
12:43:59.465 INFO  Loading Event: guildCreate 
12:43:59.544 INFO  Loading Event: guildDelete 
12:43:59.552 INFO  Loading Event: guildMemberAdd 
12:43:59.555 INFO  Loading Event: guildMemberRemove 
12:43:59.562 INFO  Loading Event: guildMemberUpdate 
12:43:59.565 INFO  Loading Event: guildUnavailable 
12:43:59.568 INFO  Loading Event: guildUpdate 
12:43:59.586 INFO  Loading Event: message 
12:43:59.616 INFO  Loading Event: messageDelete 
12:43:59.619 INFO  Loading Event: messageDeleteBulk 
12:43:59.622 INFO  Loading Event: messageReactionAdd 
12:43:59.634 INFO  Loading Event: messageReactionRemove 
12:43:59.638 INFO  Loading Event: messageUpdate 
12:43:59.645 INFO  Loading Event: ready 
12:43:59.690 INFO  Loading Event: roleCreate 
12:43:59.694 INFO  Loading Event: roleDelete 
12:43:59.697 INFO  Loading Event: roleUpdate 
12:43:59.711 INFO  Loading Event: shardDisconnect 
12:43:59.717 INFO  Loading Event: shardError 
12:43:59.723 INFO  Loading Event: warn 
12:44:02.228 INFO  Bot dashboard is coming online 
12:44:02.316 INFO  Bot dashboard is online 
12:44:02.517 INFO  Loading command: advice.js 
12:44:02.629 INFO  Loading command: fact.js 
12:44:02.686 INFO  Loading command: flip.js 
12:44:03.024 INFO  Loading command: meme.js 
12:44:03.036 INFO  Loading command: ping.js 
12:44:03.064 INFO  Loading command: pokemon.js 
12:44:03.078 INFO  Loading command: random.js 
12:44:03.087 INFO  Loading command: rps.js 
12:44:03.119 INFO  Loading command: urban.js 
12:44:03.134 INFO  Loading command: addban.js 
12:44:03.198 INFO  Loading command: eval.js 
12:44:03.227 INFO  Loading command: reload.js 
12:44:03.243 INFO  Loading command: shutdown.js 
12:44:03.265 INFO  Loading command: suggestion.js 
12:44:03.293 INFO  Loading command: avatar.js 
12:44:03.320 INFO  Loading command: dashboard.js 
12:44:03.336 INFO  Loading command: giveaway.js 
12:44:03.355 INFO  Loading command: guildicon.js 
12:44:03.394 INFO  Loading command: poll.js 
12:44:03.611 INFO  Loading command: role-info.js 
12:44:03.673 INFO  Loading command: server-info.js 
12:44:03.700 INFO  Loading command: user-info.js 
12:44:03.713 INFO  Loading command: blurpify.js 
12:44:03.719 INFO  Loading command: captcha.js 
12:44:03.733 INFO  Loading command: cat.js 
12:44:03.745 INFO  Loading command: changemymind.js 
12:44:03.761 INFO  Loading command: clyde.js 
12:44:03.765 INFO  Loading command: deepfry.js 
12:44:03.772 INFO  Loading command: dog.js 
12:44:05.517 INFO  Loading command: image.js 
12:44:05.526 INFO  Loading command: phcomment.js 
12:44:05.531 INFO  Loading command: qrcode.js 
12:44:05.535 INFO  Loading command: ship.js 
12:44:05.543 INFO  Loading command: stickbug.js 
12:44:05.549 INFO  Loading command: threats.js 
12:44:05.554 INFO  Loading command: twitter.js 
12:44:05.571 INFO  Loading command: whowouldwin.js 
12:44:05.589 INFO  Loading command: leaderboard.js 
12:44:05.600 INFO  Loading command: rank.js 
12:44:05.619 INFO  Loading command: about.js 
12:44:05.780 INFO  Loading command: help.js 
12:44:05.800 INFO  Loading command: invite.js 
12:44:05.841 INFO  Loading command: shorturl.js 
12:44:05.861 INFO  Loading command: status.js 
12:44:05.869 INFO  Loading command: support.js 
12:44:05.879 INFO  Loading command: ban.js 
12:44:05.928 INFO  Loading command: clear-warning.js 
12:44:05.932 INFO  Loading command: clear.js 
12:44:05.934 INFO  Loading command: deafen.js 
12:44:05.936 INFO  Loading command: kick.js 
12:44:05.940 INFO  Loading command: mute.js 
12:44:05.944 INFO  Loading command: nick.js 
12:44:05.955 INFO  Loading command: report.js 
12:44:05.967 INFO  Loading command: slowmode.js 
12:44:05.974 INFO  Loading command: ticket.js 
12:44:05.976 INFO  Loading command: unban.js 
12:44:05.979 INFO  Loading command: undeafen.js 
12:44:05.983 INFO  Loading command: unmute.js 
12:44:05.985 INFO  Loading command: warn.js 
12:44:05.987 INFO  Loading command: warnings.js 
12:44:06.279 INFO  Loading command: add-playlist.js 
12:44:06.285 INFO  Loading command: bassboost.js 
12:44:06.294 INFO  Loading command: forceskip.js 
12:44:06.306 INFO  Loading command: leave.js 
12:44:06.316 INFO  Loading command: loop.js 
12:44:06.326 INFO  Loading command: lyrics.js 
12:44:06.334 INFO  Loading command: movehere.js 
12:44:06.343 INFO  Loading command: pause.js 
12:44:06.356 INFO  Loading command: play-file.js 
12:44:06.569 INFO  Loading command: play.js 
12:44:06.579 INFO  Loading command: queue.js 
12:44:06.596 INFO  Loading command: radio.js 
12:44:06.607 INFO  Loading command: remove.js 
12:44:06.614 INFO  Loading command: resume.js 
12:44:06.823 INFO  Loading command: search.js 
12:44:06.853 INFO  Loading command: shuffle.js 
12:44:06.865 INFO  Loading command: skip.js 
12:44:06.872 INFO  Loading command: skipto.js 
12:44:06.892 INFO  Loading command: song.js 
12:44:06.902 INFO  Loading command: volume.js 
12:44:07.155 INFO  Loading command: 4k.js 
12:44:07.159 INFO  Loading command: anal.js 
12:44:07.163 INFO  Loading command: ass.js 
12:44:07.167 INFO  Loading command: boob.js 
12:44:07.171 INFO  Loading command: gif.js 
12:44:07.174 INFO  Loading command: neko.js 
12:44:07.176 INFO  Loading command: pussy.js 
12:44:07.179 INFO  Loading command: thigh.js 
12:44:07.207 INFO  Loading command: fortnite.js 
12:44:07.216 INFO  Loading command: instagram.js 
12:44:07.461 INFO  Loading command: mc.js 
12:44:07.628 INFO  Loading command: r6.js 
12:44:07.637 INFO  Loading command: reddit.js 
12:44:07.646 INFO  Loading command: steam.js 
12:44:07.653 INFO  Loading command: twitch.js 
12:44:07.772 INFO  Loading command: weather.js 
12:44:07.776 INFO  Loading command: startmusictrivia.js 
12:44:07.779 INFO  Loading command: stopmusictrivia.js 
12:44:07.813 INFO  Mongoose connection successfully opened 
12:44:08.496 INFO  -=-=-=-=-=-=-=-=-=-=-=-=-=-=-=-=-=-=-=-=-=-=-=-=-=-=-=-= 
12:44:08.496 INFO  TestBot123#3999, ready to serve [5] users in [1] servers. 
12:44:08.497 INFO  -=-=-=-=-=-=-=-=-=-=-=-=-=-=-=-=-=-=-=-=-=-=-=-=-=-=-=-= 
15:30:48.833 INFO  =-=-=-=-=-=-=-Loading shard(s)-=-=-=-=-=-=-= 
15:30:49.042 INFO  Shard 0 launched 
15:30:50.431 INFO  =-=-=-=-=-=-=- Loading command(s): 63 -=-=-=-=-=-=-= 
15:30:50.434 INFO  Loading Event: channelCreate 
15:30:50.433 INFO  =-=-=-=-=-=-=- Loading events(s): 29 -=-=-=-=-=-=-= 
15:30:50.439 INFO  Loading Event: channelDelete 
15:30:50.441 INFO  Loading Event: channelUpdate 
15:30:50.443 INFO  Loading Event: emojiCreate 
15:30:50.445 INFO  Loading Event: emojiDelete 
15:30:50.447 INFO  Loading Event: emojiUpdate 
15:30:50.448 INFO  Loading Event: error 
15:30:50.450 INFO  Loading Event: guildBanAdd 
15:30:50.452 INFO  Loading Event: guildBanRemove 
15:30:50.454 INFO  Loading Event: guildCreate 
15:30:50.462 INFO  Loading Event: guildDelete 
15:30:50.464 INFO  Loading Event: guildMemberAdd 
15:30:50.466 INFO  Loading Event: guildMemberRemove 
15:30:50.488 INFO  Loading Event: guildMemberUpdate 
15:30:50.492 INFO  Loading Event: guildUnavailable 
15:30:50.494 INFO  Loading Event: guildUpdate 
15:30:50.496 INFO  Loading Event: message 
15:30:50.498 INFO  Loading Event: messageDelete 
15:30:50.500 INFO  Loading Event: messageDeleteBulk 
15:30:50.503 INFO  Loading Event: messageReactionAdd 
15:30:50.506 INFO  Loading Event: messageReactionRemove 
15:30:50.509 INFO  Loading Event: messageUpdate 
15:30:50.511 INFO  Loading Event: ready 
15:30:50.512 INFO  Loading Event: roleCreate 
15:30:50.514 INFO  Loading Event: roleDelete 
15:30:50.517 INFO  Loading Event: roleUpdate 
15:30:50.520 INFO  Loading Event: shardDisconnect 
15:30:50.521 INFO  Loading Event: shardError 
15:30:50.522 INFO  Loading Event: warn 
15:30:50.895 INFO  Bot dashboard is coming online 
15:30:50.957 INFO  Bot dashboard is online 
15:30:50.967 INFO  Loading command: fact.js 
15:30:50.965 INFO  Loading command: advice.js 
15:30:50.968 INFO  Loading command: flip.js 
15:30:50.981 INFO  Loading command: meme.js 
15:30:50.983 INFO  Loading command: ping.js 
15:30:50.986 INFO  Loading command: pokemon.js 
15:30:50.988 INFO  Loading command: random.js 
15:30:50.990 INFO  Loading command: rps.js 
15:30:50.994 INFO  Loading command: urban.js 
15:30:50.997 INFO  Loading command: addban.js 
15:30:51.002 INFO  Loading command: eval.js 
15:30:51.004 INFO  Loading command: reload.js 
15:30:51.005 INFO  Loading command: shutdown.js 
15:30:51.008 INFO  Loading command: suggestion.js 
15:30:51.017 INFO  Loading command: leaderboard.js 
15:30:51.026 INFO  Loading command: rank.js 
15:30:51.034 INFO  Loading command: blurpify.js 
15:30:51.036 INFO  Loading command: captcha.js 
15:30:51.038 INFO  Loading command: cat.js 
15:30:51.044 INFO  Loading command: changemymind.js 
15:30:51.047 INFO  Loading command: clyde.js 
15:30:51.055 INFO  Loading command: deepfry.js 
15:30:51.058 INFO  Loading command: dog.js 
15:30:51.428 INFO  Loading command: image.js 
15:30:51.430 INFO  Loading command: phcomment.js 
15:30:51.432 INFO  Loading command: qrcode.js 
15:30:51.434 INFO  Loading command: ship.js 
15:30:51.436 INFO  Loading command: stickbug.js 
15:30:51.438 INFO  Loading command: threats.js 
15:30:51.441 INFO  Loading command: twitter.js 
15:30:51.443 INFO  Loading command: whowouldwin.js 
15:30:51.446 INFO  Loading command: about.js 
15:30:51.448 INFO  Loading command: help.js 
15:30:51.450 INFO  Loading command: invite.js 
15:30:51.454 INFO  Loading command: shorturl.js 
15:30:51.456 INFO  Loading command: status.js 
15:30:51.458 INFO  Loading command: support.js 
15:30:51.460 INFO  Loading command: ban.js 
15:30:51.462 INFO  Loading command: clear-warning.js 
15:30:51.464 INFO  Loading command: clear.js 
15:30:51.465 INFO  Loading command: deafen.js 
15:30:51.468 INFO  Loading command: kick.js 
15:30:51.470 INFO  Loading command: mute.js 
15:30:51.471 INFO  Loading command: nick.js 
15:30:51.473 INFO  Loading command: report.js 
15:30:51.475 INFO  Loading command: slowmode.js 
15:30:51.478 INFO  Loading command: ticket.js 
15:30:51.481 INFO  Loading command: unban.js 
15:30:51.483 INFO  Loading command: undeafen.js 
15:30:51.485 INFO  Loading command: unmute.js 
15:30:51.486 INFO  Loading command: warn.js 
15:30:51.490 INFO  Loading command: warnings.js 
15:30:51.701 INFO  Loading command: 4k.js 
15:30:51.704 INFO  Loading command: anal.js 
15:30:51.710 INFO  Loading command: ass.js 
15:30:51.712 INFO  Loading command: boob.js 
15:30:51.714 INFO  Loading command: gif.js 
15:30:51.716 INFO  Loading command: neko.js 
15:30:51.720 INFO  Loading command: pussy.js 
15:30:51.722 INFO  Loading command: thigh.js 
15:30:51.800 INFO  Loading command: add-playlist.js 
15:30:51.801 INFO  Loading command: bassboost.js 
15:30:51.802 INFO  Loading command: forceskip.js 
15:30:51.804 INFO  Loading command: leave.js 
15:30:51.805 INFO  Loading command: loop.js 
15:30:51.807 INFO  Loading command: lyrics.js 
15:30:51.809 INFO  Loading command: movehere.js 
15:30:51.811 INFO  Loading command: pause.js 
15:30:51.812 INFO  Loading command: play-file.js 
15:30:51.855 INFO  Loading command: play.js 
15:30:51.857 INFO  Loading command: queue.js 
15:30:51.859 INFO  Loading command: radio.js 
15:30:51.860 INFO  Loading command: remove.js 
15:30:51.866 INFO  Loading command: resume.js 
15:30:51.964 INFO  Loading command: search.js 
15:30:51.966 INFO  Loading command: shuffle.js 
15:30:51.968 INFO  Loading command: skip.js 
15:30:51.969 INFO  Loading command: skipto.js 
15:30:51.973 INFO  Loading command: song.js 
15:30:51.974 INFO  Loading command: volume.js 
15:30:51.987 INFO  Loading command: fortnite.js 
15:30:51.990 INFO  Loading command: instagram.js 
15:30:52.017 INFO  Loading command: mc.js 
15:30:52.110 INFO  Loading command: r6.js 
15:30:52.112 INFO  Loading command: reddit.js 
15:30:52.114 INFO  Loading command: steam.js 
15:30:52.116 INFO  Loading command: twitch.js 
15:30:52.177 INFO  Loading command: weather.js 
15:30:52.179 INFO  Loading command: startmusictrivia.js 
15:30:52.180 INFO  Loading command: stopmusictrivia.js 
15:30:52.186 INFO  Loading command: dashboard.js 
15:30:52.184 INFO  Loading command: avatar.js 
15:30:52.189 INFO  Loading command: giveaway.js 
15:30:52.190 INFO  Loading command: guildicon.js 
15:30:52.192 INFO  Loading command: poll.js 
15:30:52.194 INFO  Loading command: role-info.js 
15:30:52.197 INFO  Loading command: server-info.js 
15:30:52.200 INFO  Loading command: user-info.js 
15:30:52.233 INFO  Mongoose connection successfully opened 
15:30:53.461 INFO  -=-=-=-=-=-=-=-=-=-=-=-=-=-=-=-=-=-=-=-=-=-=-=-=-=-=-=-= 
15:30:53.459 INFO  -=-=-=-=-=-=-=-=-=-=-=-=-=-=-=-=-=-=-=-=-=-=-=-=-=-=-=-= 
15:30:53.460 INFO  TestBot123#3999, ready to serve [5] users in [1] servers. 
15:31:22.412 INFO  =-=-=-=-=-=-=-Loading shard(s)-=-=-=-=-=-=-= 
15:31:22.597 INFO  Shard 0 launched 
15:31:23.647 INFO  =-=-=-=-=-=-=- Loading command(s): 63 -=-=-=-=-=-=-= 
15:31:23.650 INFO  =-=-=-=-=-=-=- Loading events(s): 29 -=-=-=-=-=-=-= 
15:31:23.650 INFO  Loading Event: channelCreate 
15:31:23.652 INFO  Loading Event: channelDelete 
15:31:23.654 INFO  Loading Event: channelUpdate 
15:31:23.656 INFO  Loading Event: emojiCreate 
15:31:23.657 INFO  Loading Event: emojiDelete 
15:31:23.659 INFO  Loading Event: emojiUpdate 
15:31:23.662 INFO  Loading Event: error 
15:31:23.663 INFO  Loading Event: guildBanAdd 
15:31:23.664 INFO  Loading Event: guildBanRemove 
15:31:23.666 INFO  Loading Event: guildCreate 
15:31:23.674 INFO  Loading Event: guildDelete 
15:31:23.675 INFO  Loading Event: guildMemberAdd 
15:31:23.677 INFO  Loading Event: guildMemberRemove 
15:31:23.680 INFO  Loading Event: guildMemberUpdate 
15:31:23.681 INFO  Loading Event: guildUnavailable 
15:31:23.683 INFO  Loading Event: guildUpdate 
15:31:23.685 INFO  Loading Event: message 
15:31:23.687 INFO  Loading Event: messageDelete 
15:31:23.689 INFO  Loading Event: messageDeleteBulk 
15:31:23.690 INFO  Loading Event: messageReactionAdd 
15:31:23.692 INFO  Loading Event: messageReactionRemove 
15:31:23.693 INFO  Loading Event: messageUpdate 
15:31:23.696 INFO  Loading Event: ready 
15:31:23.697 INFO  Loading Event: roleCreate 
15:31:23.700 INFO  Loading Event: roleDelete 
15:31:23.702 INFO  Loading Event: roleUpdate 
15:31:23.703 INFO  Loading Event: shardDisconnect 
15:31:23.704 INFO  Loading Event: shardError 
15:31:23.706 INFO  Loading Event: warn 
15:31:23.952 INFO  Bot dashboard is coming online 
15:31:24.007 INFO  Bot dashboard is online 
15:31:24.013 INFO  Loading command: advice.js 
15:31:24.017 INFO  Loading command: flip.js 
15:31:24.028 INFO  Loading command: ping.js 
15:31:24.027 INFO  Loading command: meme.js 
15:31:24.032 INFO  Loading command: pokemon.js 
15:31:24.034 INFO  Loading command: random.js 
15:31:24.038 INFO  Loading command: urban.js 
15:31:24.040 INFO  Loading command: addban.js 
15:31:24.042 INFO  Loading command: eval.js 
15:31:24.043 INFO  Loading command: reload.js 
15:31:24.045 INFO  Loading command: shutdown.js 
15:31:24.047 INFO  Loading command: suggestion.js 
15:31:24.051 INFO  Loading command: captcha.js 
15:31:24.055 INFO  Loading command: cat.js 
15:31:24.061 INFO  Loading command: changemymind.js 
15:31:24.065 INFO  Loading command: clyde.js 
15:31:24.067 INFO  Loading command: deepfry.js 
15:31:24.068 INFO  Loading command: dog.js 
15:31:24.380 INFO  Loading command: image.js 
15:31:24.382 INFO  Loading command: phcomment.js 
15:31:24.384 INFO  Loading command: qrcode.js 
15:31:24.015 INFO  Loading command: fact.js 
15:31:24.386 INFO  Loading command: ship.js 
15:31:24.388 INFO  Loading command: stickbug.js 
15:31:24.392 INFO  Loading command: twitter.js 
15:31:24.394 INFO  Loading command: whowouldwin.js 
15:31:24.035 INFO  Loading command: rps.js 
15:31:24.397 INFO  Loading command: leaderboard.js 
15:31:24.401 INFO  Loading command: about.js 
15:31:24.403 INFO  Loading command: help.js 
15:31:24.390 INFO  Loading command: threats.js 
15:31:24.404 INFO  Loading command: invite.js 
15:31:24.407 INFO  Loading command: shorturl.js 
15:31:24.409 INFO  Loading command: status.js 
15:31:24.411 INFO  Loading command: support.js 
15:31:24.413 INFO  Loading command: ban.js 
15:31:24.414 INFO  Loading command: clear-warning.js 
15:31:24.415 INFO  Loading command: clear.js 
15:31:24.417 INFO  Loading command: deafen.js 
15:31:24.418 INFO  Loading command: kick.js 
15:31:24.420 INFO  Loading command: mute.js 
15:31:24.421 INFO  Loading command: nick.js 
15:31:24.422 INFO  Loading command: report.js 
15:31:24.424 INFO  Loading command: slowmode.js 
15:31:24.426 INFO  Loading command: ticket.js 
15:31:24.427 INFO  Loading command: unban.js 
15:31:24.428 INFO  Loading command: undeafen.js 
15:31:24.430 INFO  Loading command: unmute.js 
15:31:24.432 INFO  Loading command: warn.js 
15:31:24.434 INFO  Loading command: warnings.js 
15:31:24.515 INFO  Loading command: add-playlist.js 
15:31:24.516 INFO  Loading command: bassboost.js 
15:31:24.517 INFO  Loading command: forceskip.js 
15:31:24.519 INFO  Loading command: leave.js 
15:31:24.520 INFO  Loading command: loop.js 
15:31:24.523 INFO  Loading command: lyrics.js 
15:31:24.525 INFO  Loading command: movehere.js 
15:31:24.527 INFO  Loading command: pause.js 
15:31:24.528 INFO  Loading command: play-file.js 
15:31:24.571 INFO  Loading command: queue.js 
15:31:24.398 INFO  Loading command: rank.js 
15:31:24.573 INFO  Loading command: radio.js 
15:31:24.574 INFO  Loading command: remove.js 
15:31:24.575 INFO  Loading command: resume.js 
15:31:24.634 INFO  Loading command: search.js 
15:31:24.635 INFO  Loading command: shuffle.js 
15:31:24.570 INFO  Loading command: play.js 
15:31:24.638 INFO  Loading command: skipto.js 
15:31:24.640 INFO  Loading command: song.js 
15:31:24.641 INFO  Loading command: volume.js 
15:31:24.755 INFO  Loading command: 4k.js 
15:31:24.636 INFO  Loading command: skip.js 
15:31:24.757 INFO  Loading command: anal.js 
15:31:24.763 INFO  Loading command: boob.js 
15:31:24.765 INFO  Loading command: gif.js 
15:31:24.767 INFO  Loading command: neko.js 
15:31:24.769 INFO  Loading command: pussy.js 
15:31:24.771 INFO  Loading command: thigh.js 
15:31:24.781 INFO  Loading command: fortnite.js 
15:31:24.783 INFO  Loading command: instagram.js 
15:31:24.807 INFO  Loading command: mc.js 
15:31:24.889 INFO  Loading command: r6.js 
15:31:24.891 INFO  Loading command: reddit.js 
15:31:24.893 INFO  Loading command: steam.js 
15:31:24.894 INFO  Loading command: twitch.js 
15:31:24.942 INFO  Loading command: weather.js 
15:31:24.945 INFO  Loading command: startmusictrivia.js 
15:31:24.946 INFO  Loading command: stopmusictrivia.js 
15:31:24.949 INFO  Loading command: avatar.js 
15:31:24.951 INFO  Loading command: dashboard.js 
15:31:24.953 INFO  Loading command: giveaway.js 
15:31:24.955 INFO  Loading command: guildicon.js 
15:31:24.957 INFO  Loading command: poll.js 
15:31:24.959 INFO  Loading command: role-info.js 
15:31:24.961 INFO  Loading command: server-info.js 
15:31:24.964 INFO  Loading command: user-info.js 
15:31:24.759 INFO  Loading command: ass.js 
15:31:24.049 INFO  Loading command: blurpify.js 
15:31:24.984 INFO  Mongoose connection successfully opened 
15:31:26.139 INFO  -=-=-=-=-=-=-=-=-=-=-=-=-=-=-=-=-=-=-=-=-=-=-=-=-=-=-=-= 
15:31:26.141 INFO  -=-=-=-=-=-=-=-=-=-=-=-=-=-=-=-=-=-=-=-=-=-=-=-=-=-=-=-= 
15:31:26.140 INFO  TestBot123#3999, ready to serve [5] users in [1] servers. 
15:36:22.658 INFO  =-=-=-=-=-=-=-Loading shard(s)-=-=-=-=-=-=-= 
15:36:23.157 INFO  Shard 0 launched 
15:36:24.118 INFO  =-=-=-=-=-=-=- Loading events(s): 29 -=-=-=-=-=-=-= 
15:36:24.116 INFO  =-=-=-=-=-=-=- Loading command(s): 63 -=-=-=-=-=-=-= 
15:36:24.119 INFO  Loading Event: channelCreate 
15:36:24.121 INFO  Loading Event: channelDelete 
15:36:24.123 INFO  Loading Event: channelUpdate 
15:36:24.125 INFO  Loading Event: emojiCreate 
15:36:24.128 INFO  Loading Event: emojiUpdate 
15:36:24.126 INFO  Loading Event: emojiDelete 
15:36:24.130 INFO  Loading Event: error 
15:36:24.131 INFO  Loading Event: guildBanAdd 
15:36:24.132 INFO  Loading Event: guildBanRemove 
15:36:24.134 INFO  Loading Event: guildCreate 
15:36:24.141 INFO  Loading Event: guildDelete 
15:36:24.142 INFO  Loading Event: guildMemberAdd 
15:36:24.143 INFO  Loading Event: guildMemberRemove 
15:36:24.146 INFO  Loading Event: guildMemberUpdate 
15:36:24.148 INFO  Loading Event: guildUnavailable 
15:36:24.149 INFO  Loading Event: guildUpdate 
15:36:24.151 INFO  Loading Event: message 
15:36:24.153 INFO  Loading Event: messageDelete 
15:36:24.154 INFO  Loading Event: messageDeleteBulk 
15:36:24.156 INFO  Loading Event: messageReactionAdd 
15:36:24.158 INFO  Loading Event: messageReactionRemove 
15:36:24.160 INFO  Loading Event: messageUpdate 
15:36:24.162 INFO  Loading Event: ready 
15:36:24.164 INFO  Loading Event: roleCreate 
15:36:24.165 INFO  Loading Event: roleDelete 
15:36:24.167 INFO  Loading Event: roleUpdate 
15:36:24.168 INFO  Loading Event: shardDisconnect 
15:36:24.169 INFO  Loading Event: shardError 
15:36:24.171 INFO  Loading Event: warn 
15:36:24.418 INFO  Bot dashboard is coming online 
15:36:24.469 INFO  Bot dashboard is online 
15:36:24.472 INFO  Loading command: avatar.js 
15:36:24.473 INFO  Loading command: dashboard.js 
15:36:24.475 INFO  Loading command: giveaway.js 
15:36:24.477 INFO  Loading command: guildicon.js 
15:36:24.478 INFO  Loading command: poll.js 
15:36:24.480 INFO  Loading command: role-info.js 
15:36:24.482 INFO  Loading command: server-info.js 
15:36:24.484 INFO  Loading command: user-info.js 
15:36:24.488 INFO  Loading command: advice.js 
15:36:24.489 INFO  Loading command: fact.js 
15:36:24.500 INFO  Loading command: meme.js 
15:36:24.501 INFO  Loading command: ping.js 
15:36:24.490 INFO  Loading command: flip.js 
15:36:24.503 INFO  Loading command: pokemon.js 
15:36:24.504 INFO  Loading command: random.js 
15:36:24.506 INFO  Loading command: rps.js 
15:36:24.509 INFO  Loading command: urban.js 
15:36:24.511 INFO  Loading command: addban.js 
15:36:24.512 INFO  Loading command: eval.js 
15:36:24.513 INFO  Loading command: reload.js 
15:36:24.514 INFO  Loading command: shutdown.js 
15:36:24.516 INFO  Loading command: suggestion.js 
15:36:24.518 INFO  Loading command: blurpify.js 
15:36:24.520 INFO  Loading command: captcha.js 
15:36:24.522 INFO  Loading command: cat.js 
15:36:24.523 INFO  Loading command: changemymind.js 
15:36:24.525 INFO  Loading command: clyde.js 
15:36:24.527 INFO  Loading command: deepfry.js 
15:36:24.528 INFO  Loading command: dog.js 
15:36:24.805 INFO  Loading command: image.js 
15:36:24.806 INFO  Loading command: phcomment.js 
15:36:24.808 INFO  Loading command: qrcode.js 
15:36:24.809 INFO  Loading command: ship.js 
15:36:24.811 INFO  Loading command: stickbug.js 
15:36:24.812 INFO  Loading command: threats.js 
15:36:24.814 INFO  Loading command: twitter.js 
15:36:24.819 INFO  Loading command: leaderboard.js 
15:36:24.816 INFO  Loading command: whowouldwin.js 
15:36:24.820 INFO  Loading command: rank.js 
15:36:24.822 INFO  Loading command: about.js 
15:36:24.824 INFO  Loading command: help.js 
15:36:24.825 INFO  Loading command: invite.js 
15:36:24.827 INFO  Loading command: shorturl.js 
15:36:24.829 INFO  Loading command: status.js 
15:36:24.830 INFO  Loading command: support.js 
15:36:24.833 INFO  Loading command: ban.js 
15:36:24.834 INFO  Loading command: clear-warning.js 
15:36:24.835 INFO  Loading command: clear.js 
15:36:24.836 INFO  Loading command: deafen.js 
15:36:24.837 INFO  Loading command: kick.js 
15:36:24.842 INFO  Loading command: report.js 
15:36:24.839 INFO  Loading command: mute.js 
15:36:24.840 INFO  Loading command: nick.js 
15:36:24.844 INFO  Loading command: slowmode.js 
15:36:24.845 INFO  Loading command: ticket.js 
15:36:24.847 INFO  Loading command: unban.js 
15:36:24.848 INFO  Loading command: undeafen.js 
15:36:24.849 INFO  Loading command: unmute.js 
15:36:24.850 INFO  Loading command: warn.js 
15:36:24.852 INFO  Loading command: warnings.js 
15:36:24.924 INFO  Loading command: add-playlist.js 
15:36:24.925 INFO  Loading command: bassboost.js 
15:36:24.926 INFO  Loading command: forceskip.js 
15:36:24.927 INFO  Loading command: leave.js 
15:36:24.929 INFO  Loading command: loop.js 
15:36:24.931 INFO  Loading command: lyrics.js 
15:36:24.932 INFO  Loading command: movehere.js 
15:36:24.933 INFO  Loading command: pause.js 
15:36:24.934 INFO  Loading command: play-file.js 
15:36:24.970 INFO  Loading command: play.js 
15:36:24.972 INFO  Loading command: queue.js 
15:36:24.974 INFO  Loading command: radio.js 
15:36:24.976 INFO  Loading command: remove.js 
15:36:24.977 INFO  Loading command: resume.js 
15:36:25.030 INFO  Loading command: search.js 
15:36:25.031 INFO  Loading command: shuffle.js 
15:36:25.032 INFO  Loading command: skip.js 
15:36:25.033 INFO  Loading command: skipto.js 
15:36:25.036 INFO  Loading command: song.js 
15:36:25.037 INFO  Loading command: volume.js 
15:36:25.141 INFO  Loading command: 4k.js 
15:36:25.142 INFO  Loading command: anal.js 
15:36:25.144 INFO  Loading command: ass.js 
15:36:25.145 INFO  Loading command: boob.js 
15:36:25.147 INFO  Loading command: gif.js 
15:36:25.148 INFO  Loading command: neko.js 
15:36:25.150 INFO  Loading command: pussy.js 
15:36:25.152 INFO  Loading command: thigh.js 
15:36:25.161 INFO  Loading command: fortnite.js 
15:36:25.163 INFO  Loading command: instagram.js 
15:36:25.182 INFO  Loading command: mc.js 
15:36:25.258 INFO  Loading command: r6.js 
15:36:25.260 INFO  Loading command: reddit.js 
15:36:25.262 INFO  Loading command: steam.js 
15:36:25.264 INFO  Loading command: twitch.js 
15:36:25.302 INFO  Loading command: weather.js 
15:36:25.304 INFO  Loading command: startmusictrivia.js 
15:36:25.305 INFO  Loading command: stopmusictrivia.js 
15:36:25.332 INFO  Mongoose connection successfully opened 
15:36:26.104 INFO  TestBot123#3999, ready to serve [5] users in [1] servers. 
15:36:26.103 INFO  -=-=-=-=-=-=-=-=-=-=-=-=-=-=-=-=-=-=-=-=-=-=-=-=-=-=-=-= 
15:36:26.105 INFO  -=-=-=-=-=-=-=-=-=-=-=-=-=-=-=-=-=-=-=-=-=-=-=-=-=-=-=-= 
15:39:58.520 INFO  =-=-=-=-=-=-=-Loading shard(s)-=-=-=-=-=-=-= 
15:39:58.768 INFO  Shard 0 launched 
15:39:59.776 INFO  =-=-=-=-=-=-=- Loading command(s): 63 -=-=-=-=-=-=-= 
15:39:59.778 INFO  =-=-=-=-=-=-=- Loading events(s): 29 -=-=-=-=-=-=-= 
15:39:59.779 INFO  Loading Event: channelCreate 
15:39:59.781 INFO  Loading Event: channelDelete 
15:39:59.783 INFO  Loading Event: channelUpdate 
15:39:59.785 INFO  Loading Event: emojiCreate 
15:39:59.787 INFO  Loading Event: emojiDelete 
15:39:59.789 INFO  Loading Event: emojiUpdate 
15:39:59.790 INFO  Loading Event: error 
15:39:59.791 INFO  Loading Event: guildBanAdd 
15:39:59.793 INFO  Loading Event: guildBanRemove 
15:39:59.794 INFO  Loading Event: guildCreate 
15:39:59.802 INFO  Loading Event: guildDelete 
15:39:59.803 INFO  Loading Event: guildMemberAdd 
15:39:59.805 INFO  Loading Event: guildMemberRemove 
15:39:59.807 INFO  Loading Event: guildMemberUpdate 
15:39:59.809 INFO  Loading Event: guildUnavailable 
15:39:59.810 INFO  Loading Event: guildUpdate 
15:39:59.812 INFO  Loading Event: message 
15:39:59.813 INFO  Loading Event: messageDelete 
15:39:59.816 INFO  Loading Event: messageDeleteBulk 
15:39:59.818 INFO  Loading Event: messageReactionAdd 
15:39:59.820 INFO  Loading Event: messageReactionRemove 
15:39:59.821 INFO  Loading Event: messageUpdate 
15:39:59.823 INFO  Loading Event: ready 
15:39:59.825 INFO  Loading Event: roleCreate 
15:39:59.826 INFO  Loading Event: roleDelete 
15:39:59.828 INFO  Loading Event: roleUpdate 
15:39:59.829 INFO  Loading Event: shardDisconnect 
15:39:59.830 INFO  Loading Event: shardError 
15:39:59.832 INFO  Loading Event: warn 
15:40:00.104 INFO  Bot dashboard is coming online 
15:40:00.156 INFO  Bot dashboard is online 
15:40:00.160 INFO  Loading command: avatar.js 
15:40:00.161 INFO  Loading command: dashboard.js 
15:40:00.164 INFO  Loading command: giveaway.js 
15:40:00.165 INFO  Loading command: guildicon.js 
15:40:00.167 INFO  Loading command: poll.js 
15:40:00.169 INFO  Loading command: role-info.js 
15:40:00.171 INFO  Loading command: server-info.js 
15:40:00.172 INFO  Loading command: user-info.js 
15:40:00.175 INFO  Loading command: addban.js 
15:40:00.176 INFO  Loading command: eval.js 
15:40:00.178 INFO  Loading command: reload.js 
15:40:00.179 INFO  Loading command: shutdown.js 
15:40:00.180 INFO  Loading command: suggestion.js 
15:40:00.182 INFO  Loading command: leaderboard.js 
15:40:00.184 INFO  Loading command: rank.js 
15:40:00.187 INFO  Loading command: blurpify.js 
15:40:00.189 INFO  Loading command: captcha.js 
15:40:00.191 INFO  Loading command: cat.js 
15:40:00.192 INFO  Loading command: changemymind.js 
15:40:00.194 INFO  Loading command: clyde.js 
15:40:00.195 INFO  Loading command: deepfry.js 
15:40:00.197 INFO  Loading command: dog.js 
15:40:00.488 INFO  Loading command: image.js 
15:40:00.489 INFO  Loading command: phcomment.js 
15:40:00.491 INFO  Loading command: qrcode.js 
15:40:00.494 INFO  Loading command: ship.js 
15:40:00.497 INFO  Loading command: stickbug.js 
15:40:00.498 INFO  Loading command: threats.js 
15:40:00.501 INFO  Loading command: twitter.js 
15:40:00.502 INFO  Loading command: whowouldwin.js 
15:40:00.505 INFO  Loading command: about.js 
15:40:00.507 INFO  Loading command: help.js 
15:40:00.508 INFO  Loading command: invite.js 
15:40:00.511 INFO  Loading command: shorturl.js 
15:40:00.512 INFO  Loading command: status.js 
15:40:00.514 INFO  Loading command: support.js 
15:40:00.516 INFO  Loading command: ban.js 
15:40:00.518 INFO  Loading command: clear-warning.js 
15:40:00.520 INFO  Loading command: clear.js 
15:40:00.521 INFO  Loading command: deafen.js 
15:40:00.522 INFO  Loading command: kick.js 
15:40:00.527 INFO  Loading command: report.js 
15:40:00.528 INFO  Loading command: slowmode.js 
15:40:00.525 INFO  Loading command: nick.js 
15:40:00.529 INFO  Loading command: ticket.js 
15:40:00.531 INFO  Loading command: unban.js 
15:40:00.532 INFO  Loading command: undeafen.js 
15:40:00.524 INFO  Loading command: mute.js 
15:40:00.534 INFO  Loading command: unmute.js 
15:40:00.536 INFO  Loading command: warn.js 
15:40:00.539 INFO  Loading command: warnings.js 
15:40:00.661 INFO  Loading command: 4k.js 
15:40:00.662 INFO  Loading command: anal.js 
15:40:00.664 INFO  Loading command: ass.js 
15:40:00.665 INFO  Loading command: boob.js 
15:40:00.667 INFO  Loading command: gif.js 
15:40:00.669 INFO  Loading command: neko.js 
15:40:00.671 INFO  Loading command: pussy.js 
15:40:00.672 INFO  Loading command: thigh.js 
15:40:00.743 INFO  Loading command: add-playlist.js 
15:40:00.744 INFO  Loading command: bassboost.js 
15:40:00.745 INFO  Loading command: forceskip.js 
15:40:00.747 INFO  Loading command: leave.js 
15:40:00.748 INFO  Loading command: loop.js 
15:40:00.759 INFO  Loading command: lyrics.js 
15:40:00.760 INFO  Loading command: movehere.js 
15:40:00.762 INFO  Loading command: pause.js 
15:40:00.763 INFO  Loading command: play-file.js 
15:40:00.805 INFO  Loading command: play.js 
15:40:00.807 INFO  Loading command: queue.js 
15:40:00.808 INFO  Loading command: radio.js 
15:40:00.813 INFO  Loading command: remove.js 
15:40:00.815 INFO  Loading command: resume.js 
15:40:00.868 INFO  Loading command: search.js 
15:40:00.869 INFO  Loading command: shuffle.js 
15:40:00.872 INFO  Loading command: skip.js 
15:40:00.874 INFO  Loading command: skipto.js 
15:40:00.876 INFO  Loading command: song.js 
15:40:00.878 INFO  Loading command: volume.js 
15:40:00.887 INFO  Loading command: fortnite.js 
15:40:00.889 INFO  Loading command: instagram.js 
15:40:00.984 INFO  Loading command: r6.js 
15:40:00.986 INFO  Loading command: reddit.js 
15:40:00.988 INFO  Loading command: steam.js 
15:40:00.989 INFO  Loading command: twitch.js 
15:40:01.029 INFO  Loading command: weather.js 
15:40:00.910 INFO  Loading command: mc.js 
15:40:01.031 INFO  Loading command: startmusictrivia.js 
15:40:01.033 INFO  Loading command: stopmusictrivia.js 
15:40:01.036 INFO  Loading command: advice.js 
15:40:01.038 INFO  Loading command: fact.js 
15:40:01.039 INFO  Loading command: flip.js 
15:40:01.041 INFO  Loading command: meme.js 
15:40:01.042 INFO  Loading command: ping.js 
15:40:01.045 INFO  Loading command: pokemon.js 
15:40:01.046 INFO  Loading command: random.js 
15:40:01.048 INFO  Loading command: rps.js 
15:40:01.051 INFO  Loading command: urban.js 
15:40:01.090 INFO  Mongoose connection successfully opened 
15:40:02.939 INFO  -=-=-=-=-=-=-=-=-=-=-=-=-=-=-=-=-=-=-=-=-=-=-=-=-=-=-=-= 
15:40:02.939 INFO  TestBot123#3999, ready to serve [5] users in [1] servers. 
15:40:02.937 INFO  -=-=-=-=-=-=-=-=-=-=-=-=-=-=-=-=-=-=-=-=-=-=-=-=-=-=-=-= 
15:40:04.785 INFO  =-=-=-=-=-=-=- Loading command(s): 63 -=-=-=-=-=-=-= 
15:40:04.787 INFO  =-=-=-=-=-=-=- Loading events(s): 29 -=-=-=-=-=-=-= 
15:40:04.788 INFO  Loading Event: channelCreate 
15:40:04.790 INFO  Loading Event: channelDelete 
15:40:04.792 INFO  Loading Event: channelUpdate 
15:40:04.794 INFO  Loading Event: emojiCreate 
15:40:04.796 INFO  Loading Event: emojiDelete 
15:40:04.798 INFO  Loading Event: emojiUpdate 
15:40:04.800 INFO  Loading Event: error 
15:40:04.801 INFO  Loading Event: guildBanAdd 
15:40:04.803 INFO  Loading Event: guildBanRemove 
15:40:04.806 INFO  Loading Event: guildCreate 
15:40:04.815 INFO  Loading Event: guildDelete 
15:40:04.817 INFO  Loading Event: guildMemberAdd 
15:40:04.819 INFO  Loading Event: guildMemberRemove 
15:40:04.822 INFO  Loading Event: guildMemberUpdate 
15:40:04.824 INFO  Loading Event: guildUnavailable 
15:40:04.826 INFO  Loading Event: guildUpdate 
15:40:04.828 INFO  Loading Event: message 
15:40:04.831 INFO  Loading Event: messageDelete 
15:40:04.833 INFO  Loading Event: messageDeleteBulk 
15:40:04.835 INFO  Loading Event: messageReactionAdd 
15:40:04.838 INFO  Loading Event: messageReactionRemove 
15:40:04.841 INFO  Loading Event: messageUpdate 
15:40:04.843 INFO  Loading Event: ready 
15:40:04.844 INFO  Loading Event: roleCreate 
15:40:04.846 INFO  Loading Event: roleDelete 
15:40:04.848 INFO  Loading Event: roleUpdate 
15:40:04.850 INFO  Loading Event: shardDisconnect 
15:40:04.851 INFO  Loading Event: shardError 
15:40:04.852 INFO  Loading Event: warn 
15:40:05.111 INFO  Bot dashboard is coming online 
15:40:05.164 INFO  Bot dashboard is online 
15:40:05.169 INFO  Loading command: blurpify.js 
15:40:05.171 INFO  Loading command: captcha.js 
15:40:05.176 INFO  Loading command: changemymind.js 
15:40:05.174 INFO  Loading command: cat.js 
15:40:05.177 INFO  Loading command: clyde.js 
15:40:05.179 INFO  Loading command: deepfry.js 
15:40:05.181 INFO  Loading command: dog.js 
15:40:05.483 INFO  Loading command: image.js 
15:40:05.485 INFO  Loading command: phcomment.js 
15:40:05.487 INFO  Loading command: qrcode.js 
15:40:05.488 INFO  Loading command: ship.js 
15:40:05.490 INFO  Loading command: stickbug.js 
15:40:05.491 INFO  Loading command: threats.js 
15:40:05.493 INFO  Loading command: twitter.js 
15:40:05.495 INFO  Loading command: whowouldwin.js 
15:40:05.500 INFO  Loading command: advice.js 
15:40:05.501 INFO  Loading command: fact.js 
15:40:05.502 INFO  Loading command: flip.js 
15:40:05.514 INFO  Loading command: meme.js 
15:40:05.516 INFO  Loading command: ping.js 
15:40:05.518 INFO  Loading command: pokemon.js 
15:40:05.521 INFO  Loading command: rps.js 
15:40:05.519 INFO  Loading command: random.js 
15:40:05.523 INFO  Loading command: urban.js 
15:40:05.526 INFO  Loading command: avatar.js 
15:40:05.527 INFO  Loading command: dashboard.js 
15:40:05.529 INFO  Loading command: giveaway.js 
15:40:05.531 INFO  Loading command: guildicon.js 
15:40:05.535 INFO  Loading command: role-info.js 
15:40:05.537 INFO  Loading command: server-info.js 
15:40:05.533 INFO  Loading command: poll.js 
15:40:05.538 INFO  Loading command: user-info.js 
15:40:05.541 INFO  Loading command: leaderboard.js 
15:40:05.542 INFO  Loading command: rank.js 
15:40:05.544 INFO  Loading command: about.js 
15:40:05.546 INFO  Loading command: help.js 
15:40:05.548 INFO  Loading command: invite.js 
15:40:05.551 INFO  Loading command: shorturl.js 
15:40:05.552 INFO  Loading command: status.js 
15:40:05.554 INFO  Loading command: support.js 
15:40:05.556 INFO  Loading command: ban.js 
15:40:05.558 INFO  Loading command: clear-warning.js 
15:40:05.560 INFO  Loading command: clear.js 
15:40:05.562 INFO  Loading command: deafen.js 
15:40:05.563 INFO  Loading command: kick.js 
15:40:05.565 INFO  Loading command: mute.js 
15:40:05.566 INFO  Loading command: nick.js 
15:40:05.568 INFO  Loading command: report.js 
15:40:05.569 INFO  Loading command: slowmode.js 
15:40:05.571 INFO  Loading command: ticket.js 
15:40:05.572 INFO  Loading command: unban.js 
15:40:05.574 INFO  Loading command: undeafen.js 
15:40:05.575 INFO  Loading command: unmute.js 
15:40:05.577 INFO  Loading command: warn.js 
15:40:05.579 INFO  Loading command: warnings.js 
15:40:05.665 INFO  Loading command: add-playlist.js 
15:40:05.668 INFO  Loading command: bassboost.js 
15:40:05.670 INFO  Loading command: forceskip.js 
15:40:05.672 INFO  Loading command: leave.js 
15:40:05.673 INFO  Loading command: loop.js 
15:40:05.675 INFO  Loading command: lyrics.js 
15:40:05.677 INFO  Loading command: movehere.js 
15:40:05.678 INFO  Loading command: pause.js 
15:40:05.680 INFO  Loading command: play-file.js 
15:40:05.723 INFO  Loading command: play.js 
15:40:05.724 INFO  Loading command: queue.js 
15:40:05.726 INFO  Loading command: radio.js 
15:40:05.728 INFO  Loading command: remove.js 
15:40:05.729 INFO  Loading command: resume.js 
15:40:05.792 INFO  Loading command: search.js 
15:40:05.793 INFO  Loading command: shuffle.js 
15:40:05.794 INFO  Loading command: skip.js 
15:40:05.795 INFO  Loading command: skipto.js 
15:40:05.799 INFO  Loading command: song.js 
15:40:05.801 INFO  Loading command: volume.js 
15:40:05.934 INFO  Loading command: 4k.js 
15:40:05.938 INFO  Loading command: anal.js 
15:40:05.940 INFO  Loading command: ass.js 
15:40:05.943 INFO  Loading command: boob.js 
15:40:05.944 INFO  Loading command: gif.js 
15:40:05.946 INFO  Loading command: neko.js 
15:40:05.948 INFO  Loading command: pussy.js 
15:40:05.950 INFO  Loading command: thigh.js 
15:40:05.960 INFO  Loading command: fortnite.js 
15:40:05.963 INFO  Loading command: instagram.js 
15:40:05.989 INFO  Loading command: mc.js 
15:40:06.079 INFO  Loading command: r6.js 
15:40:06.082 INFO  Loading command: reddit.js 
15:40:06.085 INFO  Loading command: steam.js 
15:40:06.086 INFO  Loading command: twitch.js 
15:40:06.164 INFO  Loading command: weather.js 
15:40:06.167 INFO  Loading command: addban.js 
15:40:06.169 INFO  Loading command: eval.js 
15:40:06.171 INFO  Loading command: reload.js 
15:40:06.172 INFO  Loading command: shutdown.js 
15:40:06.174 INFO  Loading command: suggestion.js 
15:40:06.176 INFO  Loading command: startmusictrivia.js 
15:40:06.177 INFO  Loading command: stopmusictrivia.js 
15:40:06.207 INFO  Mongoose connection successfully opened 
15:40:34.189 INFO  =-=-=-=-=-=-=-Loading shard(s)-=-=-=-=-=-=-= 
15:40:34.700 INFO  Shard 0 launched 
15:40:35.669 INFO  =-=-=-=-=-=-=- Loading command(s): 63 -=-=-=-=-=-=-= 
15:40:35.672 INFO  =-=-=-=-=-=-=- Loading events(s): 29 -=-=-=-=-=-=-= 
15:40:35.673 INFO  Loading Event: channelCreate 
15:40:35.675 INFO  Loading Event: channelDelete 
15:40:35.677 INFO  Loading Event: channelUpdate 
15:40:35.680 INFO  Loading Event: emojiDelete 
15:40:35.682 INFO  Loading Event: emojiUpdate 
15:40:35.683 INFO  Loading Event: error 
15:40:35.679 INFO  Loading Event: emojiCreate 
15:40:35.686 INFO  Loading Event: guildBanRemove 
15:40:35.687 INFO  Loading Event: guildCreate 
15:40:35.695 INFO  Loading Event: guildDelete 
15:40:35.696 INFO  Loading Event: guildMemberAdd 
15:40:35.697 INFO  Loading Event: guildMemberRemove 
15:40:35.701 INFO  Loading Event: guildMemberUpdate 
15:40:35.703 INFO  Loading Event: guildUnavailable 
15:40:35.684 INFO  Loading Event: guildBanAdd 
15:40:35.706 INFO  Loading Event: message 
15:40:35.707 INFO  Loading Event: messageDelete 
15:40:35.709 INFO  Loading Event: messageDeleteBulk 
15:40:35.710 INFO  Loading Event: messageReactionAdd 
15:40:35.713 INFO  Loading Event: messageReactionRemove 
15:40:35.716 INFO  Loading Event: messageUpdate 
15:40:35.717 INFO  Loading Event: ready 
15:40:35.718 INFO  Loading Event: roleCreate 
15:40:35.704 INFO  Loading Event: guildUpdate 
15:40:35.720 INFO  Loading Event: roleDelete 
15:40:35.723 INFO  Loading Event: shardDisconnect 
15:40:35.724 INFO  Loading Event: shardError 
15:40:35.726 INFO  Loading Event: warn 
15:40:35.981 INFO  Bot dashboard is coming online 
15:40:35.721 INFO  Loading Event: roleUpdate 
15:40:36.036 INFO  Bot dashboard is online 
15:40:36.042 INFO  Loading command: advice.js 
15:40:36.045 INFO  Loading command: flip.js 
15:40:36.044 INFO  Loading command: fact.js 
15:40:36.061 INFO  Loading command: meme.js 
15:40:36.062 INFO  Loading command: ping.js 
15:40:36.065 INFO  Loading command: pokemon.js 
15:40:36.066 INFO  Loading command: random.js 
15:40:36.067 INFO  Loading command: rps.js 
15:40:36.070 INFO  Loading command: urban.js 
15:40:36.073 INFO  Loading command: addban.js 
15:40:36.075 INFO  Loading command: eval.js 
15:40:36.077 INFO  Loading command: reload.js 
15:40:36.078 INFO  Loading command: shutdown.js 
15:40:36.080 INFO  Loading command: suggestion.js 
15:40:36.082 INFO  Loading command: leaderboard.js 
15:40:36.083 INFO  Loading command: rank.js 
15:40:36.086 INFO  Loading command: about.js 
15:40:36.088 INFO  Loading command: help.js 
15:40:36.089 INFO  Loading command: invite.js 
15:40:36.093 INFO  Loading command: shorturl.js 
15:40:36.094 INFO  Loading command: status.js 
15:40:36.095 INFO  Loading command: support.js 
15:40:36.098 INFO  Loading command: blurpify.js 
15:40:36.100 INFO  Loading command: captcha.js 
15:40:36.102 INFO  Loading command: cat.js 
15:40:36.104 INFO  Loading command: changemymind.js 
15:40:36.106 INFO  Loading command: clyde.js 
15:40:36.107 INFO  Loading command: deepfry.js 
15:40:36.109 INFO  Loading command: dog.js 
15:40:36.439 INFO  Loading command: image.js 
15:40:36.441 INFO  Loading command: phcomment.js 
15:40:36.443 INFO  Loading command: qrcode.js 
15:40:36.444 INFO  Loading command: ship.js 
15:40:36.446 INFO  Loading command: stickbug.js 
15:40:36.448 INFO  Loading command: threats.js 
15:40:36.450 INFO  Loading command: twitter.js 
15:40:36.452 INFO  Loading command: whowouldwin.js 
15:40:36.455 INFO  Loading command: ban.js 
15:40:36.456 INFO  Loading command: clear-warning.js 
15:40:36.457 INFO  Loading command: clear.js 
15:40:36.459 INFO  Loading command: deafen.js 
15:40:36.460 INFO  Loading command: kick.js 
15:40:36.462 INFO  Loading command: mute.js 
15:40:36.464 INFO  Loading command: nick.js 
15:40:36.465 INFO  Loading command: report.js 
15:40:36.466 INFO  Loading command: slowmode.js 
15:40:36.469 INFO  Loading command: ticket.js 
15:40:36.470 INFO  Loading command: unban.js 
15:40:36.473 INFO  Loading command: undeafen.js 
15:40:36.474 INFO  Loading command: unmute.js 
15:40:36.476 INFO  Loading command: warn.js 
15:40:36.478 INFO  Loading command: warnings.js 
15:40:36.595 INFO  Loading command: 4k.js 
15:40:36.598 INFO  Loading command: anal.js 
15:40:36.600 INFO  Loading command: ass.js 
15:40:36.602 INFO  Loading command: boob.js 
15:40:36.604 INFO  Loading command: gif.js 
15:40:36.605 INFO  Loading command: neko.js 
15:40:36.607 INFO  Loading command: pussy.js 
15:40:36.682 INFO  Loading command: add-playlist.js 
15:40:36.684 INFO  Loading command: bassboost.js 
15:40:36.609 INFO  Loading command: thigh.js 
15:40:36.685 INFO  Loading command: forceskip.js 
15:40:36.687 INFO  Loading command: leave.js 
15:40:36.689 INFO  Loading command: loop.js 
15:40:36.691 INFO  Loading command: lyrics.js 
15:40:36.692 INFO  Loading command: movehere.js 
15:40:36.693 INFO  Loading command: pause.js 
15:40:36.694 INFO  Loading command: play-file.js 
15:40:36.730 INFO  Loading command: play.js 
15:40:36.732 INFO  Loading command: queue.js 
15:40:36.734 INFO  Loading command: radio.js 
15:40:36.735 INFO  Loading command: remove.js 
15:40:36.736 INFO  Loading command: resume.js 
15:40:36.797 INFO  Loading command: search.js 
15:40:36.798 INFO  Loading command: shuffle.js 
15:40:36.801 INFO  Loading command: skip.js 
15:40:36.803 INFO  Loading command: skipto.js 
15:40:36.806 INFO  Loading command: song.js 
15:40:36.808 INFO  Loading command: volume.js 
15:40:36.818 INFO  Loading command: fortnite.js 
15:40:36.821 INFO  Loading command: instagram.js 
15:40:36.842 INFO  Loading command: mc.js 
15:40:36.919 INFO  Loading command: r6.js 
15:40:36.921 INFO  Loading command: reddit.js 
15:40:36.923 INFO  Loading command: steam.js 
15:40:36.925 INFO  Loading command: twitch.js 
15:40:36.967 INFO  Loading command: weather.js 
15:40:36.970 INFO  Loading command: startmusictrivia.js 
15:40:36.971 INFO  Loading command: stopmusictrivia.js 
15:40:36.973 INFO  Loading command: avatar.js 
15:40:36.975 INFO  Loading command: dashboard.js 
15:40:36.977 INFO  Loading command: giveaway.js 
15:40:36.979 INFO  Loading command: guildicon.js 
15:40:36.982 INFO  Loading command: poll.js 
15:40:36.984 INFO  Loading command: role-info.js 
15:40:36.986 INFO  Loading command: server-info.js 
15:40:36.988 INFO  Loading command: user-info.js 
15:40:37.024 INFO  Mongoose connection successfully opened 
15:40:41.081 INFO  -=-=-=-=-=-=-=-=-=-=-=-=-=-=-=-=-=-=-=-=-=-=-=-=-=-=-=-= 
15:40:41.080 INFO  TestBot123#3999, ready to serve [5] users in [1] servers. 
15:40:41.079 INFO  -=-=-=-=-=-=-=-=-=-=-=-=-=-=-=-=-=-=-=-=-=-=-=-=-=-=-=-= 
15:40:43.642 INFO  =-=-=-=-=-=-=- Loading command(s): 63 -=-=-=-=-=-=-= 
15:40:43.645 INFO  =-=-=-=-=-=-=- Loading events(s): 29 -=-=-=-=-=-=-= 
15:40:43.645 INFO  Loading Event: channelCreate 
15:40:43.648 INFO  Loading Event: channelDelete 
15:40:43.650 INFO  Loading Event: channelUpdate 
15:40:43.652 INFO  Loading Event: emojiCreate 
15:40:43.654 INFO  Loading Event: emojiDelete 
15:40:43.655 INFO  Loading Event: emojiUpdate 
15:40:43.657 INFO  Loading Event: error 
15:40:43.658 INFO  Loading Event: guildBanAdd 
15:40:43.660 INFO  Loading Event: guildBanRemove 
15:40:43.662 INFO  Loading Event: guildCreate 
15:40:43.670 INFO  Loading Event: guildDelete 
15:40:43.671 INFO  Loading Event: guildMemberAdd 
15:40:43.673 INFO  Loading Event: guildMemberRemove 
15:40:43.676 INFO  Loading Event: guildMemberUpdate 
15:40:43.678 INFO  Loading Event: guildUnavailable 
15:40:43.679 INFO  Loading Event: guildUpdate 
15:40:43.681 INFO  Loading Event: message 
15:40:43.683 INFO  Loading Event: messageDelete 
15:40:43.685 INFO  Loading Event: messageDeleteBulk 
15:40:43.687 INFO  Loading Event: messageReactionAdd 
15:40:43.690 INFO  Loading Event: messageReactionRemove 
15:40:43.693 INFO  Loading Event: messageUpdate 
15:40:43.695 INFO  Loading Event: ready 
15:40:43.697 INFO  Loading Event: roleCreate 
15:40:43.698 INFO  Loading Event: roleDelete 
15:40:43.700 INFO  Loading Event: roleUpdate 
15:40:43.704 INFO  Loading Event: shardError 
15:40:43.705 INFO  Loading Event: warn 
15:40:44.027 INFO  Bot dashboard is coming online 
15:40:43.703 INFO  Loading Event: shardDisconnect 
15:40:44.085 INFO  Bot dashboard is online 
15:40:44.091 INFO  Loading command: avatar.js 
15:40:44.093 INFO  Loading command: dashboard.js 
15:40:44.096 INFO  Loading command: giveaway.js 
15:40:44.098 INFO  Loading command: guildicon.js 
15:40:44.099 INFO  Loading command: poll.js 
15:40:44.103 INFO  Loading command: role-info.js 
15:40:44.105 INFO  Loading command: server-info.js 
15:40:44.107 INFO  Loading command: user-info.js 
15:40:44.110 INFO  Loading command: addban.js 
15:40:44.112 INFO  Loading command: eval.js 
15:40:44.113 INFO  Loading command: reload.js 
15:40:44.114 INFO  Loading command: shutdown.js 
15:40:44.116 INFO  Loading command: suggestion.js 
15:40:44.120 INFO  Loading command: advice.js 
15:40:44.122 INFO  Loading command: fact.js 
15:40:44.123 INFO  Loading command: flip.js 
15:40:44.137 INFO  Loading command: meme.js 
15:40:44.139 INFO  Loading command: ping.js 
15:40:44.143 INFO  Loading command: pokemon.js 
15:40:44.145 INFO  Loading command: random.js 
15:40:44.147 INFO  Loading command: rps.js 
15:40:44.152 INFO  Loading command: urban.js 
15:40:44.157 INFO  Loading command: blurpify.js 
15:40:44.164 INFO  Loading command: captcha.js 
15:40:44.166 INFO  Loading command: cat.js 
15:40:44.170 INFO  Loading command: changemymind.js 
15:40:44.173 INFO  Loading command: clyde.js 
15:40:44.179 INFO  Loading command: deepfry.js 
15:40:44.185 INFO  Loading command: dog.js 
15:40:44.513 INFO  Loading command: image.js 
15:40:44.515 INFO  Loading command: phcomment.js 
15:40:44.517 INFO  Loading command: qrcode.js 
15:40:44.519 INFO  Loading command: ship.js 
15:40:44.520 INFO  Loading command: stickbug.js 
15:40:44.522 INFO  Loading command: threats.js 
15:40:44.524 INFO  Loading command: twitter.js 
15:40:44.525 INFO  Loading command: whowouldwin.js 
15:40:44.528 INFO  Loading command: leaderboard.js 
15:40:44.530 INFO  Loading command: rank.js 
15:40:44.532 INFO  Loading command: about.js 
15:40:44.534 INFO  Loading command: help.js 
15:40:44.535 INFO  Loading command: invite.js 
15:40:44.537 INFO  Loading command: shorturl.js 
15:40:44.539 INFO  Loading command: status.js 
15:40:44.540 INFO  Loading command: support.js 
15:40:44.543 INFO  Loading command: ban.js 
15:40:44.544 INFO  Loading command: clear-warning.js 
15:40:44.545 INFO  Loading command: clear.js 
15:40:44.546 INFO  Loading command: deafen.js 
15:40:44.547 INFO  Loading command: kick.js 
15:40:44.550 INFO  Loading command: mute.js 
15:40:44.551 INFO  Loading command: nick.js 
15:40:44.553 INFO  Loading command: report.js 
15:40:44.555 INFO  Loading command: slowmode.js 
15:40:44.557 INFO  Loading command: ticket.js 
15:40:44.558 INFO  Loading command: unban.js 
15:40:44.559 INFO  Loading command: undeafen.js 
15:40:44.561 INFO  Loading command: unmute.js 
15:40:44.562 INFO  Loading command: warn.js 
15:40:44.564 INFO  Loading command: warnings.js 
15:40:44.643 INFO  Loading command: add-playlist.js 
15:40:44.645 INFO  Loading command: bassboost.js 
15:40:44.646 INFO  Loading command: forceskip.js 
15:40:44.648 INFO  Loading command: leave.js 
15:40:44.649 INFO  Loading command: loop.js 
15:40:44.652 INFO  Loading command: lyrics.js 
15:40:44.653 INFO  Loading command: movehere.js 
15:40:44.655 INFO  Loading command: pause.js 
15:40:44.657 INFO  Loading command: play-file.js 
15:40:44.696 INFO  Loading command: play.js 
15:40:44.699 INFO  Loading command: radio.js 
15:40:44.697 INFO  Loading command: queue.js 
15:40:44.701 INFO  Loading command: remove.js 
15:40:44.702 INFO  Loading command: resume.js 
15:40:44.762 INFO  Loading command: search.js 
15:40:44.763 INFO  Loading command: shuffle.js 
15:40:44.764 INFO  Loading command: skip.js 
15:40:44.765 INFO  Loading command: skipto.js 
15:40:44.768 INFO  Loading command: song.js 
15:40:44.770 INFO  Loading command: volume.js 
15:40:44.922 INFO  Loading command: 4k.js 
15:40:44.924 INFO  Loading command: anal.js 
15:40:44.925 INFO  Loading command: ass.js 
15:40:44.927 INFO  Loading command: boob.js 
15:40:44.929 INFO  Loading command: gif.js 
15:40:44.931 INFO  Loading command: neko.js 
15:40:44.933 INFO  Loading command: pussy.js 
15:40:44.935 INFO  Loading command: thigh.js 
15:40:44.943 INFO  Loading command: fortnite.js 
15:40:44.945 INFO  Loading command: instagram.js 
15:40:44.967 INFO  Loading command: mc.js 
15:40:45.043 INFO  Loading command: reddit.js 
15:40:45.041 INFO  Loading command: r6.js 
15:40:45.045 INFO  Loading command: steam.js 
15:40:45.047 INFO  Loading command: twitch.js 
15:40:45.086 INFO  Loading command: weather.js 
15:40:45.088 INFO  Loading command: startmusictrivia.js 
15:40:45.089 INFO  Loading command: stopmusictrivia.js 
15:40:45.117 INFO  Mongoose connection successfully opened 
15:40:46.671 INFO  -=-=-=-=-=-=-=-=-=-=-=-=-=-=-=-=-=-=-=-=-=-=-=-=-=-=-=-= 
15:40:46.672 INFO  TestBot123#3999, ready to serve [5] users in [1] servers. 
15:40:46.672 INFO  -=-=-=-=-=-=-=-=-=-=-=-=-=-=-=-=-=-=-=-=-=-=-=-=-=-=-=-= 
15:41:01.636 INFO  =-=-=-=-=-=-=-Loading shard(s)-=-=-=-=-=-=-= 
15:41:01.835 INFO  Shard 0 launched 
15:41:02.847 INFO  =-=-=-=-=-=-=- Loading command(s): 63 -=-=-=-=-=-=-= 
15:41:02.849 INFO  =-=-=-=-=-=-=- Loading events(s): 29 -=-=-=-=-=-=-= 
15:41:02.850 INFO  Loading Event: channelCreate 
15:41:02.853 INFO  Loading Event: channelUpdate 
15:41:02.852 INFO  Loading Event: channelDelete 
15:41:02.855 INFO  Loading Event: emojiCreate 
15:41:02.856 INFO  Loading Event: emojiDelete 
15:41:02.858 INFO  Loading Event: emojiUpdate 
15:41:02.859 INFO  Loading Event: error 
15:41:02.860 INFO  Loading Event: guildBanAdd 
15:41:02.862 INFO  Loading Event: guildBanRemove 
15:41:02.863 INFO  Loading Event: guildCreate 
15:41:02.871 INFO  Loading Event: guildDelete 
15:41:02.873 INFO  Loading Event: guildMemberAdd 
15:41:02.874 INFO  Loading Event: guildMemberRemove 
15:41:02.877 INFO  Loading Event: guildMemberUpdate 
15:41:02.880 INFO  Loading Event: guildUnavailable 
15:41:02.882 INFO  Loading Event: guildUpdate 
15:41:02.883 INFO  Loading Event: message 
15:41:02.885 INFO  Loading Event: messageDelete 
15:41:02.886 INFO  Loading Event: messageDeleteBulk 
15:41:02.888 INFO  Loading Event: messageReactionAdd 
15:41:02.890 INFO  Loading Event: messageReactionRemove 
15:41:02.892 INFO  Loading Event: messageUpdate 
15:41:02.893 INFO  Loading Event: ready 
15:41:02.894 INFO  Loading Event: roleCreate 
15:41:02.896 INFO  Loading Event: roleDelete 
15:41:02.897 INFO  Loading Event: roleUpdate 
15:41:02.899 INFO  Loading Event: shardDisconnect 
15:41:02.900 INFO  Loading Event: shardError 
15:41:02.901 INFO  Loading Event: warn 
15:41:03.156 INFO  Bot dashboard is coming online 
15:41:03.211 INFO  Bot dashboard is online 
15:41:03.215 INFO  Loading command: avatar.js 
15:41:03.216 INFO  Loading command: dashboard.js 
15:41:03.218 INFO  Loading command: giveaway.js 
15:41:03.220 INFO  Loading command: guildicon.js 
15:41:03.222 INFO  Loading command: poll.js 
15:41:03.223 INFO  Loading command: role-info.js 
15:41:03.228 INFO  Loading command: user-info.js 
15:41:03.226 INFO  Loading command: server-info.js 
15:41:03.232 INFO  Loading command: advice.js 
15:41:03.233 INFO  Loading command: fact.js 
15:41:03.234 INFO  Loading command: flip.js 
15:41:03.248 INFO  Loading command: meme.js 
15:41:03.249 INFO  Loading command: ping.js 
15:41:03.251 INFO  Loading command: pokemon.js 
15:41:03.255 INFO  Loading command: rps.js 
15:41:03.253 INFO  Loading command: random.js 
15:41:03.258 INFO  Loading command: urban.js 
15:41:03.262 INFO  Loading command: rank.js 
15:41:03.265 INFO  Loading command: blurpify.js 
15:41:03.267 INFO  Loading command: captcha.js 
15:41:03.268 INFO  Loading command: cat.js 
15:41:03.260 INFO  Loading command: leaderboard.js 
15:41:03.270 INFO  Loading command: changemymind.js 
15:41:03.271 INFO  Loading command: clyde.js 
15:41:03.273 INFO  Loading command: deepfry.js 
15:41:03.274 INFO  Loading command: dog.js 
15:41:03.580 INFO  Loading command: image.js 
15:41:03.582 INFO  Loading command: phcomment.js 
15:41:03.584 INFO  Loading command: qrcode.js 
15:41:03.586 INFO  Loading command: ship.js 
15:41:03.588 INFO  Loading command: stickbug.js 
15:41:03.590 INFO  Loading command: threats.js 
15:41:03.592 INFO  Loading command: twitter.js 
15:41:03.594 INFO  Loading command: whowouldwin.js 
15:41:03.599 INFO  Loading command: eval.js 
15:41:03.597 INFO  Loading command: addban.js 
15:41:03.602 INFO  Loading command: shutdown.js 
15:41:03.603 INFO  Loading command: suggestion.js 
15:41:03.606 INFO  Loading command: ban.js 
15:41:03.601 INFO  Loading command: reload.js 
15:41:03.607 INFO  Loading command: clear-warning.js 
15:41:03.608 INFO  Loading command: clear.js 
15:41:03.610 INFO  Loading command: deafen.js 
15:41:03.612 INFO  Loading command: kick.js 
15:41:03.613 INFO  Loading command: mute.js 
15:41:03.615 INFO  Loading command: nick.js 
15:41:03.617 INFO  Loading command: report.js 
15:41:03.618 INFO  Loading command: slowmode.js 
15:41:03.619 INFO  Loading command: ticket.js 
15:41:03.620 INFO  Loading command: unban.js 
15:41:03.622 INFO  Loading command: undeafen.js 
15:41:03.623 INFO  Loading command: unmute.js 
15:41:03.625 INFO  Loading command: warn.js 
15:41:03.627 INFO  Loading command: warnings.js 
15:41:03.634 INFO  Loading command: invite.js 
15:41:03.632 INFO  Loading command: help.js 
15:41:03.630 INFO  Loading command: about.js 
15:41:03.636 INFO  Loading command: shorturl.js 
15:41:03.638 INFO  Loading command: status.js 
15:41:03.640 INFO  Loading command: support.js 
15:41:03.642 INFO  Loading command: startmusictrivia.js 
15:41:03.643 INFO  Loading command: stopmusictrivia.js 
15:41:03.717 INFO  Loading command: add-playlist.js 
15:41:03.720 INFO  Loading command: bassboost.js 
15:41:03.722 INFO  Loading command: forceskip.js 
15:41:03.723 INFO  Loading command: leave.js 
15:41:03.724 INFO  Loading command: loop.js 
15:41:03.726 INFO  Loading command: lyrics.js 
15:41:03.728 INFO  Loading command: movehere.js 
15:41:03.730 INFO  Loading command: pause.js 
15:41:03.732 INFO  Loading command: play-file.js 
15:41:03.773 INFO  Loading command: play.js 
15:41:03.774 INFO  Loading command: queue.js 
15:41:03.776 INFO  Loading command: radio.js 
15:41:03.778 INFO  Loading command: remove.js 
15:41:03.779 INFO  Loading command: resume.js 
15:41:03.844 INFO  Loading command: search.js 
15:41:03.845 INFO  Loading command: shuffle.js 
15:41:03.846 INFO  Loading command: skip.js 
15:41:03.848 INFO  Loading command: skipto.js 
15:41:03.851 INFO  Loading command: song.js 
15:41:03.853 INFO  Loading command: volume.js 
15:41:03.865 INFO  Loading command: fortnite.js 
15:41:03.868 INFO  Loading command: instagram.js 
15:41:03.894 INFO  Loading command: mc.js 
15:41:03.976 INFO  Loading command: r6.js 
15:41:03.978 INFO  Loading command: reddit.js 
15:41:03.981 INFO  Loading command: steam.js 
15:41:03.982 INFO  Loading command: twitch.js 
15:41:04.028 INFO  Loading command: weather.js 
15:41:04.123 INFO  Loading command: 4k.js 
15:41:04.125 INFO  Loading command: anal.js 
15:41:04.127 INFO  Loading command: ass.js 
15:41:04.129 INFO  Loading command: boob.js 
15:41:04.131 INFO  Loading command: gif.js 
15:41:04.133 INFO  Loading command: neko.js 
15:41:04.136 INFO  Loading command: pussy.js 
15:41:04.138 INFO  Loading command: thigh.js 
15:41:04.167 INFO  Mongoose connection successfully opened 
15:41:04.723 INFO  TestBot123#3999, ready to serve [5] users in [1] servers. 
15:41:04.722 INFO  -=-=-=-=-=-=-=-=-=-=-=-=-=-=-=-=-=-=-=-=-=-=-=-=-=-=-=-= 
15:41:04.723 INFO  -=-=-=-=-=-=-=-=-=-=-=-=-=-=-=-=-=-=-=-=-=-=-=-=-=-=-=-= 
15:41:07.222 INFO  =-=-=-=-=-=-=- Loading command(s): 63 -=-=-=-=-=-=-= 
15:41:07.225 INFO  Loading Event: channelCreate 
15:41:07.224 INFO  =-=-=-=-=-=-=- Loading events(s): 29 -=-=-=-=-=-=-= 
15:41:07.227 INFO  Loading Event: channelDelete 
15:41:07.228 INFO  Loading Event: channelUpdate 
15:41:07.230 INFO  Loading Event: emojiCreate 
15:41:07.232 INFO  Loading Event: emojiDelete 
15:41:07.234 INFO  Loading Event: emojiUpdate 
15:41:07.235 INFO  Loading Event: error 
15:41:07.236 INFO  Loading Event: guildBanAdd 
15:41:07.238 INFO  Loading Event: guildBanRemove 
15:41:07.240 INFO  Loading Event: guildCreate 
15:41:07.247 INFO  Loading Event: guildDelete 
15:41:07.249 INFO  Loading Event: guildMemberAdd 
15:41:07.251 INFO  Loading Event: guildMemberRemove 
15:41:07.254 INFO  Loading Event: guildMemberUpdate 
15:41:07.256 INFO  Loading Event: guildUnavailable 
15:41:07.257 INFO  Loading Event: guildUpdate 
15:41:07.258 INFO  Loading Event: message 
15:41:07.260 INFO  Loading Event: messageDelete 
15:41:07.262 INFO  Loading Event: messageDeleteBulk 
15:41:07.263 INFO  Loading Event: messageReactionAdd 
15:41:07.265 INFO  Loading Event: messageReactionRemove 
15:41:07.267 INFO  Loading Event: messageUpdate 
15:41:07.269 INFO  Loading Event: ready 
15:41:07.270 INFO  Loading Event: roleCreate 
15:41:07.271 INFO  Loading Event: roleDelete 
15:41:07.273 INFO  Loading Event: roleUpdate 
15:41:07.274 INFO  Loading Event: shardDisconnect 
15:41:07.275 INFO  Loading Event: shardError 
15:41:07.276 INFO  Loading Event: warn 
15:41:07.524 INFO  Bot dashboard is coming online 
15:41:07.577 INFO  Bot dashboard is online 
15:41:07.587 INFO  Loading command: avatar.js 
15:41:07.591 INFO  Loading command: guildicon.js 
15:41:07.588 INFO  Loading command: dashboard.js 
15:41:07.593 INFO  Loading command: poll.js 
15:41:07.595 INFO  Loading command: role-info.js 
15:41:07.597 INFO  Loading command: server-info.js 
15:41:07.599 INFO  Loading command: user-info.js 
15:41:07.601 INFO  Loading command: addban.js 
15:41:07.604 INFO  Loading command: reload.js 
15:41:07.605 INFO  Loading command: shutdown.js 
15:41:07.590 INFO  Loading command: giveaway.js 
15:41:07.606 INFO  Loading command: suggestion.js 
15:41:07.610 INFO  Loading command: captcha.js 
15:41:07.608 INFO  Loading command: blurpify.js 
15:41:07.614 INFO  Loading command: changemymind.js 
15:41:07.617 INFO  Loading command: deepfry.js 
15:41:07.615 INFO  Loading command: clyde.js 
15:41:07.619 INFO  Loading command: dog.js 
15:41:07.923 INFO  Loading command: image.js 
15:41:07.924 INFO  Loading command: phcomment.js 
15:41:07.926 INFO  Loading command: qrcode.js 
15:41:07.928 INFO  Loading command: ship.js 
15:41:07.929 INFO  Loading command: stickbug.js 
15:41:07.932 INFO  Loading command: threats.js 
15:41:07.933 INFO  Loading command: twitter.js 
15:41:07.935 INFO  Loading command: whowouldwin.js 
15:41:07.937 INFO  Loading command: leaderboard.js 
15:41:07.939 INFO  Loading command: rank.js 
15:41:07.941 INFO  Loading command: about.js 
15:41:07.943 INFO  Loading command: help.js 
15:41:07.944 INFO  Loading command: invite.js 
15:41:07.947 INFO  Loading command: shorturl.js 
15:41:07.948 INFO  Loading command: status.js 
15:41:07.949 INFO  Loading command: support.js 
15:41:07.952 INFO  Loading command: ban.js 
15:41:07.953 INFO  Loading command: clear-warning.js 
15:41:07.612 INFO  Loading command: cat.js 
15:41:07.954 INFO  Loading command: clear.js 
15:41:07.956 INFO  Loading command: kick.js 
15:41:07.955 INFO  Loading command: deafen.js 
15:41:07.958 INFO  Loading command: mute.js 
15:41:07.960 INFO  Loading command: nick.js 
15:41:07.962 INFO  Loading command: report.js 
15:41:07.963 INFO  Loading command: slowmode.js 
15:41:07.964 INFO  Loading command: ticket.js 
15:41:07.965 INFO  Loading command: unban.js 
15:41:07.967 INFO  Loading command: undeafen.js 
15:41:07.968 INFO  Loading command: unmute.js 
15:41:07.969 INFO  Loading command: warn.js 
15:41:07.972 INFO  Loading command: warnings.js 
15:41:07.976 INFO  Loading command: advice.js 
15:41:07.978 INFO  Loading command: fact.js 
15:41:07.979 INFO  Loading command: flip.js 
15:41:07.602 INFO  Loading command: eval.js 
15:41:07.989 INFO  Loading command: meme.js 
15:41:07.994 INFO  Loading command: random.js 
15:41:07.992 INFO  Loading command: pokemon.js 
15:41:07.995 INFO  Loading command: rps.js 
15:41:07.991 INFO  Loading command: ping.js 
15:41:07.998 INFO  Loading command: urban.js 
15:41:08.068 INFO  Loading command: add-playlist.js 
15:41:08.073 INFO  Loading command: loop.js 
15:41:08.075 INFO  Loading command: lyrics.js 
15:41:08.071 INFO  Loading command: leave.js 
15:41:08.076 INFO  Loading command: movehere.js 
15:41:08.070 INFO  Loading command: forceskip.js 
15:41:08.077 INFO  Loading command: pause.js 
15:41:08.078 INFO  Loading command: play-file.js 
15:41:08.069 INFO  Loading command: bassboost.js 
15:41:08.116 INFO  Loading command: queue.js 
15:41:08.118 INFO  Loading command: radio.js 
15:41:08.120 INFO  Loading command: remove.js 
15:41:08.115 INFO  Loading command: play.js 
15:41:08.173 INFO  Loading command: search.js 
15:41:08.175 INFO  Loading command: shuffle.js 
15:41:08.176 INFO  Loading command: skip.js 
15:41:08.177 INFO  Loading command: skipto.js 
15:41:08.121 INFO  Loading command: resume.js 
15:41:08.180 INFO  Loading command: song.js 
15:41:08.181 INFO  Loading command: volume.js 
15:41:08.184 INFO  Loading command: stopmusictrivia.js 
15:41:08.183 INFO  Loading command: startmusictrivia.js 
15:41:08.288 INFO  Loading command: anal.js 
15:41:08.292 INFO  Loading command: boob.js 
15:41:08.293 INFO  Loading command: gif.js 
15:41:08.295 INFO  Loading command: neko.js 
15:41:08.297 INFO  Loading command: pussy.js 
15:41:08.298 INFO  Loading command: thigh.js 
15:41:08.307 INFO  Loading command: fortnite.js 
15:41:08.290 INFO  Loading command: ass.js 
15:41:08.309 INFO  Loading command: instagram.js 
15:41:08.330 INFO  Loading command: mc.js 
15:41:08.445 INFO  Loading command: r6.js 
15:41:08.448 INFO  Loading command: reddit.js 
15:41:08.452 INFO  Loading command: steam.js 
15:41:08.455 INFO  Loading command: twitch.js 
15:41:08.525 INFO  Loading command: weather.js 
15:41:08.287 INFO  Loading command: 4k.js 
15:41:08.563 INFO  Mongoose connection successfully opened 
15:41:13.651 INFO  =-=-=-=-=-=-=-Loading shard(s)-=-=-=-=-=-=-= 
15:41:14.036 INFO  Shard 0 launched 
15:41:15.012 INFO  =-=-=-=-=-=-=- Loading command(s): 63 -=-=-=-=-=-=-= 
15:41:15.015 INFO  =-=-=-=-=-=-=- Loading events(s): 29 -=-=-=-=-=-=-= 
15:41:15.016 INFO  Loading Event: channelCreate 
15:41:15.018 INFO  Loading Event: channelDelete 
15:41:15.020 INFO  Loading Event: channelUpdate 
15:41:15.022 INFO  Loading Event: emojiCreate 
15:41:15.024 INFO  Loading Event: emojiDelete 
15:41:15.025 INFO  Loading Event: emojiUpdate 
15:41:15.028 INFO  Loading Event: error 
15:41:15.029 INFO  Loading Event: guildBanAdd 
15:41:15.031 INFO  Loading Event: guildBanRemove 
15:41:15.033 INFO  Loading Event: guildCreate 
15:41:15.042 INFO  Loading Event: guildDelete 
15:41:15.044 INFO  Loading Event: guildMemberAdd 
15:41:15.046 INFO  Loading Event: guildMemberRemove 
15:41:15.051 INFO  Loading Event: guildMemberUpdate 
15:41:15.053 INFO  Loading Event: guildUnavailable 
15:41:15.054 INFO  Loading Event: guildUpdate 
15:41:15.056 INFO  Loading Event: message 
15:41:15.059 INFO  Loading Event: messageDelete 
15:41:15.061 INFO  Loading Event: messageDeleteBulk 
15:41:15.064 INFO  Loading Event: messageReactionAdd 
15:41:15.066 INFO  Loading Event: messageReactionRemove 
15:41:15.068 INFO  Loading Event: messageUpdate 
15:41:15.070 INFO  Loading Event: ready 
15:41:15.071 INFO  Loading Event: roleCreate 
15:41:15.073 INFO  Loading Event: roleDelete 
15:41:15.074 INFO  Loading Event: roleUpdate 
15:41:15.076 INFO  Loading Event: shardDisconnect 
15:41:15.077 INFO  Loading Event: shardError 
15:41:15.081 INFO  Loading Event: warn 
15:41:15.345 INFO  Bot dashboard is coming online 
15:41:15.398 INFO  Bot dashboard is online 
15:41:15.404 INFO  Loading command: advice.js 
15:41:15.406 INFO  Loading command: fact.js 
15:41:15.408 INFO  Loading command: flip.js 
15:41:15.421 INFO  Loading command: meme.js 
15:41:15.422 INFO  Loading command: ping.js 
15:41:15.424 INFO  Loading command: pokemon.js 
15:41:15.426 INFO  Loading command: random.js 
15:41:15.429 INFO  Loading command: rps.js 
15:41:15.432 INFO  Loading command: urban.js 
15:41:15.435 INFO  Loading command: addban.js 
15:41:15.436 INFO  Loading command: eval.js 
15:41:15.437 INFO  Loading command: reload.js 
15:41:15.438 INFO  Loading command: shutdown.js 
15:41:15.440 INFO  Loading command: suggestion.js 
15:41:15.443 INFO  Loading command: avatar.js 
15:41:15.444 INFO  Loading command: dashboard.js 
15:41:15.446 INFO  Loading command: giveaway.js 
15:41:15.448 INFO  Loading command: guildicon.js 
15:41:15.450 INFO  Loading command: poll.js 
15:41:15.452 INFO  Loading command: role-info.js 
15:41:15.455 INFO  Loading command: server-info.js 
15:41:15.457 INFO  Loading command: user-info.js 
15:41:15.460 INFO  Loading command: blurpify.js 
15:41:15.461 INFO  Loading command: captcha.js 
15:41:15.463 INFO  Loading command: cat.js 
15:41:15.465 INFO  Loading command: changemymind.js 
15:41:15.468 INFO  Loading command: clyde.js 
15:41:15.471 INFO  Loading command: deepfry.js 
15:41:15.472 INFO  Loading command: dog.js 
15:41:15.778 INFO  Loading command: image.js 
15:41:15.780 INFO  Loading command: phcomment.js 
15:41:15.782 INFO  Loading command: qrcode.js 
15:41:15.784 INFO  Loading command: ship.js 
15:41:15.786 INFO  Loading command: stickbug.js 
15:41:15.788 INFO  Loading command: threats.js 
15:41:15.792 INFO  Loading command: twitter.js 
15:41:15.793 INFO  Loading command: whowouldwin.js 
15:41:15.796 INFO  Loading command: leaderboard.js 
15:41:15.797 INFO  Loading command: rank.js 
15:41:15.801 INFO  Loading command: ban.js 
15:41:15.802 INFO  Loading command: clear-warning.js 
15:41:15.804 INFO  Loading command: clear.js 
15:41:15.805 INFO  Loading command: deafen.js 
15:41:15.806 INFO  Loading command: kick.js 
15:41:15.807 INFO  Loading command: mute.js 
15:41:15.808 INFO  Loading command: nick.js 
15:41:15.810 INFO  Loading command: report.js 
15:41:15.811 INFO  Loading command: slowmode.js 
15:41:15.813 INFO  Loading command: ticket.js 
15:41:15.814 INFO  Loading command: unban.js 
15:41:15.816 INFO  Loading command: undeafen.js 
15:41:15.818 INFO  Loading command: unmute.js 
15:41:15.819 INFO  Loading command: warn.js 
15:41:15.821 INFO  Loading command: warnings.js 
15:41:15.896 INFO  Loading command: add-playlist.js 
15:41:15.897 INFO  Loading command: bassboost.js 
15:41:15.899 INFO  Loading command: forceskip.js 
15:41:15.900 INFO  Loading command: leave.js 
15:41:15.902 INFO  Loading command: loop.js 
15:41:15.905 INFO  Loading command: movehere.js 
15:41:15.904 INFO  Loading command: lyrics.js 
15:41:15.907 INFO  Loading command: pause.js 
15:41:15.908 INFO  Loading command: play-file.js 
15:41:15.945 INFO  Loading command: play.js 
15:41:15.947 INFO  Loading command: queue.js 
15:41:15.949 INFO  Loading command: radio.js 
15:41:15.951 INFO  Loading command: remove.js 
15:41:15.952 INFO  Loading command: resume.js 
15:41:16.011 INFO  Loading command: search.js 
15:41:16.013 INFO  Loading command: shuffle.js 
15:41:16.014 INFO  Loading command: skip.js 
15:41:16.015 INFO  Loading command: skipto.js 
15:41:16.018 INFO  Loading command: song.js 
15:41:16.019 INFO  Loading command: volume.js 
15:41:16.127 INFO  Loading command: 4k.js 
15:41:16.129 INFO  Loading command: anal.js 
15:41:16.130 INFO  Loading command: ass.js 
15:41:16.132 INFO  Loading command: boob.js 
15:41:16.134 INFO  Loading command: gif.js 
15:41:16.137 INFO  Loading command: neko.js 
15:41:16.139 INFO  Loading command: pussy.js 
15:41:16.140 INFO  Loading command: thigh.js 
15:41:16.150 INFO  Loading command: fortnite.js 
15:41:16.152 INFO  Loading command: instagram.js 
15:41:16.177 INFO  Loading command: mc.js 
15:41:16.259 INFO  Loading command: r6.js 
15:41:16.262 INFO  Loading command: reddit.js 
15:41:16.264 INFO  Loading command: steam.js 
15:41:16.266 INFO  Loading command: twitch.js 
15:41:16.314 INFO  Loading command: weather.js 
15:41:16.317 INFO  Loading command: startmusictrivia.js 
15:41:16.318 INFO  Loading command: stopmusictrivia.js 
15:41:16.321 INFO  Loading command: about.js 
15:41:16.323 INFO  Loading command: help.js 
15:41:16.324 INFO  Loading command: invite.js 
15:41:16.329 INFO  Loading command: shorturl.js 
15:41:16.330 INFO  Loading command: status.js 
15:41:16.332 INFO  Loading command: support.js 
15:41:16.362 INFO  Mongoose connection successfully opened 
15:41:18.147 INFO  -=-=-=-=-=-=-=-=-=-=-=-=-=-=-=-=-=-=-=-=-=-=-=-=-=-=-=-= 
15:41:18.145 INFO  -=-=-=-=-=-=-=-=-=-=-=-=-=-=-=-=-=-=-=-=-=-=-=-=-=-=-=-= 
15:41:18.146 INFO  TestBot123#3999, ready to serve [5] users in [1] servers. 
15:42:42.240 INFO  =-=-=-=-=-=-=-Loading shard(s)-=-=-=-=-=-=-= 
15:42:42.781 INFO  Shard 0 launched 
15:42:43.707 INFO  =-=-=-=-=-=-=- Loading command(s): 63 -=-=-=-=-=-=-= 
15:42:43.710 INFO  =-=-=-=-=-=-=- Loading events(s): 29 -=-=-=-=-=-=-= 
15:42:43.710 INFO  Loading Event: channelCreate 
15:42:43.713 INFO  Loading Event: channelDelete 
15:42:43.715 INFO  Loading Event: channelUpdate 
15:42:43.717 INFO  Loading Event: emojiCreate 
15:42:43.718 INFO  Loading Event: emojiDelete 
15:42:43.720 INFO  Loading Event: emojiUpdate 
15:42:43.722 INFO  Loading Event: error 
15:42:43.724 INFO  Loading Event: guildBanAdd 
15:42:43.726 INFO  Loading Event: guildBanRemove 
15:42:43.728 INFO  Loading Event: guildCreate 
15:42:43.736 INFO  Loading Event: guildDelete 
15:42:43.737 INFO  Loading Event: guildMemberAdd 
15:42:43.739 INFO  Loading Event: guildMemberRemove 
15:42:43.743 INFO  Loading Event: guildMemberUpdate 
15:42:43.745 INFO  Loading Event: guildUnavailable 
15:42:43.746 INFO  Loading Event: guildUpdate 
15:42:43.748 INFO  Loading Event: message 
15:42:43.750 INFO  Loading Event: messageDelete 
15:42:43.752 INFO  Loading Event: messageDeleteBulk 
15:42:43.754 INFO  Loading Event: messageReactionAdd 
15:42:43.756 INFO  Loading Event: messageReactionRemove 
15:42:43.758 INFO  Loading Event: messageUpdate 
15:42:43.759 INFO  Loading Event: ready 
15:42:43.761 INFO  Loading Event: roleCreate 
15:42:43.763 INFO  Loading Event: roleDelete 
15:42:43.765 INFO  Loading Event: roleUpdate 
15:42:43.767 INFO  Loading Event: shardDisconnect 
15:42:43.768 INFO  Loading Event: shardError 
15:42:43.769 INFO  Loading Event: warn 
15:42:44.019 INFO  Bot dashboard is coming online 
15:42:44.068 INFO  Bot dashboard is online 
15:42:44.071 INFO  Loading command: addban.js 
15:42:44.072 INFO  Loading command: eval.js 
15:42:44.073 INFO  Loading command: reload.js 
15:42:44.076 INFO  Loading command: suggestion.js 
15:42:44.074 INFO  Loading command: shutdown.js 
15:42:44.080 INFO  Loading command: advice.js 
15:42:44.082 INFO  Loading command: fact.js 
15:42:44.083 INFO  Loading command: flip.js 
15:42:44.092 INFO  Loading command: meme.js 
15:42:44.094 INFO  Loading command: ping.js 
15:42:44.096 INFO  Loading command: pokemon.js 
15:42:44.097 INFO  Loading command: random.js 
15:42:44.099 INFO  Loading command: rps.js 
15:42:44.102 INFO  Loading command: urban.js 
15:42:44.104 INFO  Loading command: blurpify.js 
15:42:44.106 INFO  Loading command: captcha.js 
15:42:44.107 INFO  Loading command: cat.js 
15:42:44.109 INFO  Loading command: changemymind.js 
15:42:44.110 INFO  Loading command: clyde.js 
15:42:44.112 INFO  Loading command: deepfry.js 
15:42:44.114 INFO  Loading command: dog.js 
15:42:44.413 INFO  Loading command: image.js 
15:42:44.414 INFO  Loading command: phcomment.js 
15:42:44.416 INFO  Loading command: qrcode.js 
15:42:44.418 INFO  Loading command: ship.js 
15:42:44.421 INFO  Loading command: stickbug.js 
15:42:44.422 INFO  Loading command: threats.js 
15:42:44.424 INFO  Loading command: twitter.js 
15:42:44.425 INFO  Loading command: whowouldwin.js 
15:42:44.428 INFO  Loading command: leaderboard.js 
15:42:44.430 INFO  Loading command: rank.js 
15:42:44.433 INFO  Loading command: about.js 
15:42:44.434 INFO  Loading command: help.js 
15:42:44.436 INFO  Loading command: invite.js 
15:42:44.438 INFO  Loading command: shorturl.js 
15:42:44.440 INFO  Loading command: status.js 
15:42:44.442 INFO  Loading command: support.js 
15:42:44.445 INFO  Loading command: ban.js 
15:42:44.446 INFO  Loading command: clear-warning.js 
15:42:44.447 INFO  Loading command: clear.js 
15:42:44.449 INFO  Loading command: deafen.js 
15:42:44.451 INFO  Loading command: kick.js 
15:42:44.453 INFO  Loading command: mute.js 
15:42:44.456 INFO  Loading command: report.js 
15:42:44.458 INFO  Loading command: slowmode.js 
15:42:44.454 INFO  Loading command: nick.js 
15:42:44.460 INFO  Loading command: ticket.js 
15:42:44.461 INFO  Loading command: unban.js 
15:42:44.462 INFO  Loading command: undeafen.js 
15:42:44.463 INFO  Loading command: unmute.js 
15:42:44.465 INFO  Loading command: warn.js 
15:42:44.468 INFO  Loading command: warnings.js 
15:42:44.538 INFO  Loading command: add-playlist.js 
15:42:44.539 INFO  Loading command: bassboost.js 
15:42:44.540 INFO  Loading command: forceskip.js 
15:42:44.542 INFO  Loading command: leave.js 
15:42:44.546 INFO  Loading command: lyrics.js 
15:42:44.547 INFO  Loading command: movehere.js 
15:42:44.543 INFO  Loading command: loop.js 
15:42:44.548 INFO  Loading command: pause.js 
15:42:44.550 INFO  Loading command: play-file.js 
15:42:44.588 INFO  Loading command: play.js 
15:42:44.590 INFO  Loading command: queue.js 
15:42:44.592 INFO  Loading command: radio.js 
15:42:44.594 INFO  Loading command: remove.js 
15:42:44.595 INFO  Loading command: resume.js 
15:42:44.650 INFO  Loading command: search.js 
15:42:44.651 INFO  Loading command: shuffle.js 
15:42:44.652 INFO  Loading command: skip.js 
15:42:44.653 INFO  Loading command: skipto.js 
15:42:44.657 INFO  Loading command: song.js 
15:42:44.659 INFO  Loading command: volume.js 
15:42:44.662 INFO  Loading command: avatar.js 
15:42:44.663 INFO  Loading command: dashboard.js 
15:42:44.665 INFO  Loading command: giveaway.js 
15:42:44.668 INFO  Loading command: guildicon.js 
15:42:44.671 INFO  Loading command: poll.js 
15:42:44.675 INFO  Loading command: role-info.js 
15:42:44.677 INFO  Loading command: server-info.js 
15:42:44.679 INFO  Loading command: user-info.js 
15:42:44.689 INFO  Loading command: fortnite.js 
15:42:44.691 INFO  Loading command: instagram.js 
15:42:44.713 INFO  Loading command: mc.js 
15:42:44.791 INFO  Loading command: r6.js 
15:42:44.793 INFO  Loading command: reddit.js 
15:42:44.795 INFO  Loading command: steam.js 
15:42:44.797 INFO  Loading command: twitch.js 
15:42:44.841 INFO  Loading command: weather.js 
15:42:44.940 INFO  Loading command: 4k.js 
15:42:44.943 INFO  Loading command: ass.js 
15:42:44.945 INFO  Loading command: boob.js 
15:42:44.947 INFO  Loading command: gif.js 
15:42:44.949 INFO  Loading command: neko.js 
15:42:44.951 INFO  Loading command: pussy.js 
15:42:44.941 INFO  Loading command: anal.js 
15:42:44.953 INFO  Loading command: thigh.js 
15:42:44.955 INFO  Loading command: startmusictrivia.js 
15:42:44.956 INFO  Loading command: stopmusictrivia.js 
15:42:44.991 INFO  Mongoose connection successfully opened 
15:42:45.723 INFO  TestBot123#3999, ready to serve [5] users in [1] servers. 
15:42:45.724 INFO  -=-=-=-=-=-=-=-=-=-=-=-=-=-=-=-=-=-=-=-=-=-=-=-=-=-=-=-= 
15:42:45.723 INFO  -=-=-=-=-=-=-=-=-=-=-=-=-=-=-=-=-=-=-=-=-=-=-=-=-=-=-=-= 
15:44:27.071 INFO  =-=-=-=-=-=-=-Loading shard(s)-=-=-=-=-=-=-= 
15:44:27.300 INFO  Shard 0 launched 
15:44:28.388 INFO  =-=-=-=-=-=-=- Loading command(s): 63 -=-=-=-=-=-=-= 
15:44:28.390 INFO  =-=-=-=-=-=-=- Loading events(s): 29 -=-=-=-=-=-=-= 
15:44:28.391 INFO  Loading Event: channelCreate 
15:44:28.393 INFO  Loading Event: channelDelete 
15:44:28.395 INFO  Loading Event: channelUpdate 
15:44:28.397 INFO  Loading Event: emojiCreate 
15:44:28.399 INFO  Loading Event: emojiDelete 
15:44:28.401 INFO  Loading Event: emojiUpdate 
15:44:28.402 INFO  Loading Event: error 
15:44:28.403 INFO  Loading Event: guildBanAdd 
15:44:28.405 INFO  Loading Event: guildBanRemove 
15:44:28.407 INFO  Loading Event: guildCreate 
15:44:28.415 INFO  Loading Event: guildDelete 
15:44:28.416 INFO  Loading Event: guildMemberAdd 
15:44:28.418 INFO  Loading Event: guildMemberRemove 
15:44:28.422 INFO  Loading Event: guildMemberUpdate 
15:44:28.424 INFO  Loading Event: guildUnavailable 
15:44:28.425 INFO  Loading Event: guildUpdate 
15:44:28.426 INFO  Loading Event: message 
15:44:28.428 INFO  Loading Event: messageDelete 
15:44:28.429 INFO  Loading Event: messageDeleteBulk 
15:44:28.431 INFO  Loading Event: messageReactionAdd 
15:44:28.433 INFO  Loading Event: messageReactionRemove 
15:44:28.437 INFO  Loading Event: messageUpdate 
15:44:28.439 INFO  Loading Event: ready 
15:44:28.441 INFO  Loading Event: roleCreate 
15:44:28.442 INFO  Loading Event: roleDelete 
15:44:28.444 INFO  Loading Event: roleUpdate 
15:44:28.446 INFO  Loading Event: shardDisconnect 
15:44:28.447 INFO  Loading Event: shardError 
15:44:28.449 INFO  Loading Event: warn 
15:44:28.728 INFO  Bot dashboard is coming online 
15:44:28.781 INFO  Bot dashboard is online 
15:44:28.785 INFO  Loading command: addban.js 
15:44:28.786 INFO  Loading command: eval.js 
15:44:28.787 INFO  Loading command: reload.js 
15:44:28.788 INFO  Loading command: shutdown.js 
15:44:28.790 INFO  Loading command: suggestion.js 
15:44:28.795 INFO  Loading command: advice.js 
15:44:28.796 INFO  Loading command: fact.js 
15:44:28.800 INFO  Loading command: flip.js 
15:44:28.814 INFO  Loading command: meme.js 
15:44:28.815 INFO  Loading command: ping.js 
15:44:28.817 INFO  Loading command: pokemon.js 
15:44:28.818 INFO  Loading command: random.js 
15:44:28.820 INFO  Loading command: rps.js 
15:44:28.824 INFO  Loading command: urban.js 
15:44:28.826 INFO  Loading command: avatar.js 
15:44:28.827 INFO  Loading command: dashboard.js 
15:44:28.829 INFO  Loading command: giveaway.js 
15:44:28.831 INFO  Loading command: guildicon.js 
15:44:28.833 INFO  Loading command: poll.js 
15:44:28.835 INFO  Loading command: role-info.js 
15:44:28.837 INFO  Loading command: server-info.js 
15:44:28.839 INFO  Loading command: user-info.js 
15:44:28.841 INFO  Loading command: blurpify.js 
15:44:28.843 INFO  Loading command: captcha.js 
15:44:28.845 INFO  Loading command: cat.js 
15:44:28.847 INFO  Loading command: changemymind.js 
15:44:28.849 INFO  Loading command: clyde.js 
15:44:28.852 INFO  Loading command: deepfry.js 
15:44:28.853 INFO  Loading command: dog.js 
15:44:29.167 INFO  Loading command: image.js 
15:44:29.170 INFO  Loading command: phcomment.js 
15:44:29.172 INFO  Loading command: qrcode.js 
15:44:29.174 INFO  Loading command: ship.js 
15:44:29.175 INFO  Loading command: stickbug.js 
15:44:29.177 INFO  Loading command: threats.js 
15:44:29.178 INFO  Loading command: twitter.js 
15:44:29.180 INFO  Loading command: whowouldwin.js 
15:44:29.183 INFO  Loading command: about.js 
15:44:29.185 INFO  Loading command: help.js 
15:44:29.186 INFO  Loading command: invite.js 
15:44:29.189 INFO  Loading command: shorturl.js 
15:44:29.190 INFO  Loading command: status.js 
15:44:29.192 INFO  Loading command: support.js 
15:44:29.194 INFO  Loading command: leaderboard.js 
15:44:29.196 INFO  Loading command: rank.js 
15:44:29.285 INFO  Loading command: add-playlist.js 
15:44:29.287 INFO  Loading command: bassboost.js 
15:44:29.288 INFO  Loading command: forceskip.js 
15:44:29.289 INFO  Loading command: leave.js 
15:44:29.291 INFO  Loading command: loop.js 
15:44:29.293 INFO  Loading command: lyrics.js 
15:44:29.294 INFO  Loading command: movehere.js 
15:44:29.296 INFO  Loading command: pause.js 
15:44:29.297 INFO  Loading command: play-file.js 
15:44:29.337 INFO  Loading command: play.js 
15:44:29.339 INFO  Loading command: queue.js 
15:44:29.342 INFO  Loading command: radio.js 
15:44:29.344 INFO  Loading command: remove.js 
15:44:29.347 INFO  Loading command: resume.js 
15:44:29.412 INFO  Loading command: search.js 
15:44:29.413 INFO  Loading command: shuffle.js 
15:44:29.415 INFO  Loading command: skip.js 
15:44:29.416 INFO  Loading command: skipto.js 
15:44:29.418 INFO  Loading command: song.js 
15:44:29.419 INFO  Loading command: volume.js 
15:44:29.536 INFO  Loading command: 4k.js 
15:44:29.540 INFO  Loading command: anal.js 
15:44:29.542 INFO  Loading command: ass.js 
15:44:29.546 INFO  Loading command: boob.js 
15:44:29.552 INFO  Loading command: neko.js 
15:44:29.550 INFO  Loading command: gif.js 
15:44:29.555 INFO  Loading command: pussy.js 
15:44:29.560 INFO  Loading command: thigh.js 
15:44:29.564 INFO  Loading command: clear-warning.js 
15:44:29.565 INFO  Loading command: clear.js 
15:44:29.562 INFO  Loading command: ban.js 
15:44:29.567 INFO  Loading command: deafen.js 
15:44:29.569 INFO  Loading command: kick.js 
15:44:29.571 INFO  Loading command: mute.js 
15:44:29.572 INFO  Loading command: nick.js 
15:44:29.573 INFO  Loading command: report.js 
15:44:29.575 INFO  Loading command: slowmode.js 
15:44:29.577 INFO  Loading command: ticket.js 
15:44:29.579 INFO  Loading command: unban.js 
15:44:29.582 INFO  Loading command: undeafen.js 
15:44:29.584 INFO  Loading command: unmute.js 
15:44:29.586 INFO  Loading command: warn.js 
15:44:29.587 INFO  Loading command: warnings.js 
15:44:29.601 INFO  Loading command: fortnite.js 
15:44:29.602 INFO  Loading command: instagram.js 
15:44:29.627 INFO  Loading command: mc.js 
15:44:29.710 INFO  Loading command: r6.js 
15:44:29.713 INFO  Loading command: reddit.js 
15:44:29.715 INFO  Loading command: steam.js 
15:44:29.719 INFO  Loading command: twitch.js 
15:44:29.769 INFO  Loading command: weather.js 
15:44:29.771 INFO  Loading command: startmusictrivia.js 
15:44:29.772 INFO  Loading command: stopmusictrivia.js 
15:44:29.804 INFO  Mongoose connection successfully opened 
15:44:31.946 INFO  TestBot123#3999, ready to serve [5] users in [1] servers. 
15:44:31.947 INFO  -=-=-=-=-=-=-=-=-=-=-=-=-=-=-=-=-=-=-=-=-=-=-=-=-=-=-=-= 
15:44:31.946 INFO  -=-=-=-=-=-=-=-=-=-=-=-=-=-=-=-=-=-=-=-=-=-=-=-=-=-=-=-= 
15:48:07.987 INFO  =-=-=-=-=-=-=-Loading shard(s)-=-=-=-=-=-=-= 
15:48:08.249 INFO  Shard 0 launched 
15:48:09.248 INFO  =-=-=-=-=-=-=- Loading command(s): 63 -=-=-=-=-=-=-= 
15:48:09.250 INFO  =-=-=-=-=-=-=- Loading events(s): 29 -=-=-=-=-=-=-= 
15:48:09.251 INFO  Loading Event: channelCreate 
15:48:09.253 INFO  Loading Event: channelDelete 
15:48:09.254 INFO  Loading Event: channelUpdate 
15:48:09.256 INFO  Loading Event: emojiCreate 
15:48:09.258 INFO  Loading Event: emojiDelete 
15:48:09.260 INFO  Loading Event: emojiUpdate 
15:48:09.261 INFO  Loading Event: error 
15:48:09.262 INFO  Loading Event: guildBanAdd 
15:48:09.263 INFO  Loading Event: guildBanRemove 
15:48:09.265 INFO  Loading Event: guildCreate 
15:48:09.273 INFO  Loading Event: guildDelete 
15:48:09.274 INFO  Loading Event: guildMemberAdd 
15:48:09.275 INFO  Loading Event: guildMemberRemove 
15:48:09.278 INFO  Loading Event: guildMemberUpdate 
15:48:09.280 INFO  Loading Event: guildUnavailable 
15:48:09.281 INFO  Loading Event: guildUpdate 
15:48:09.282 INFO  Loading Event: message 
15:48:09.285 INFO  Loading Event: messageDelete 
15:48:09.286 INFO  Loading Event: messageDeleteBulk 
15:48:09.288 INFO  Loading Event: messageReactionAdd 
15:48:09.289 INFO  Loading Event: messageReactionRemove 
15:48:09.291 INFO  Loading Event: messageUpdate 
15:48:09.292 INFO  Loading Event: ready 
15:48:09.294 INFO  Loading Event: roleCreate 
15:48:09.295 INFO  Loading Event: roleDelete 
15:48:09.297 INFO  Loading Event: roleUpdate 
15:48:09.300 INFO  Loading Event: shardDisconnect 
15:48:09.301 INFO  Loading Event: shardError 
15:48:09.302 INFO  Loading Event: warn 
15:48:09.553 INFO  Bot dashboard is coming online 
15:48:09.607 INFO  Bot dashboard is online 
15:48:09.611 INFO  Loading command: addban.js 
15:48:09.612 INFO  Loading command: eval.js 
15:48:09.613 INFO  Loading command: reload.js 
15:48:09.615 INFO  Loading command: shutdown.js 
15:48:09.621 INFO  Loading command: advice.js 
15:48:09.616 INFO  Loading command: suggestion.js 
15:48:09.622 INFO  Loading command: fact.js 
15:48:09.623 INFO  Loading command: flip.js 
15:48:09.634 INFO  Loading command: ping.js 
15:48:09.633 INFO  Loading command: meme.js 
15:48:09.636 INFO  Loading command: pokemon.js 
15:48:09.637 INFO  Loading command: random.js 
15:48:09.638 INFO  Loading command: rps.js 
15:48:09.641 INFO  Loading command: urban.js 
15:48:09.644 INFO  Loading command: leaderboard.js 
15:48:09.646 INFO  Loading command: rank.js 
15:48:09.648 INFO  Loading command: blurpify.js 
15:48:09.650 INFO  Loading command: captcha.js 
15:48:09.653 INFO  Loading command: changemymind.js 
15:48:09.652 INFO  Loading command: cat.js 
15:48:09.655 INFO  Loading command: clyde.js 
15:48:09.656 INFO  Loading command: deepfry.js 
15:48:09.659 INFO  Loading command: dog.js 
15:48:09.952 INFO  Loading command: image.js 
15:48:09.954 INFO  Loading command: phcomment.js 
15:48:09.955 INFO  Loading command: qrcode.js 
15:48:09.957 INFO  Loading command: ship.js 
15:48:09.959 INFO  Loading command: stickbug.js 
15:48:09.960 INFO  Loading command: threats.js 
15:48:09.962 INFO  Loading command: twitter.js 
15:48:09.967 INFO  Loading command: about.js 
15:48:09.964 INFO  Loading command: whowouldwin.js 
15:48:09.970 INFO  Loading command: help.js 
15:48:09.971 INFO  Loading command: invite.js 
15:48:09.974 INFO  Loading command: shorturl.js 
15:48:09.976 INFO  Loading command: status.js 
15:48:09.979 INFO  Loading command: support.js 
15:48:09.982 INFO  Loading command: ban.js 
15:48:09.984 INFO  Loading command: clear-warning.js 
15:48:09.986 INFO  Loading command: clear.js 
15:48:09.987 INFO  Loading command: deafen.js 
15:48:09.989 INFO  Loading command: kick.js 
15:48:09.990 INFO  Loading command: mute.js 
15:48:09.993 INFO  Loading command: nick.js 
15:48:09.995 INFO  Loading command: report.js 
15:48:09.996 INFO  Loading command: slowmode.js 
15:48:10.000 INFO  Loading command: ticket.js 
15:48:10.002 INFO  Loading command: unban.js 
15:48:10.005 INFO  Loading command: undeafen.js 
15:48:10.007 INFO  Loading command: unmute.js 
15:48:10.009 INFO  Loading command: warn.js 
15:48:10.012 INFO  Loading command: warnings.js 
15:48:10.083 INFO  Loading command: add-playlist.js 
15:48:10.085 INFO  Loading command: bassboost.js 
15:48:10.087 INFO  Loading command: forceskip.js 
15:48:10.089 INFO  Loading command: loop.js 
15:48:10.092 INFO  Loading command: lyrics.js 
15:48:10.093 INFO  Loading command: movehere.js 
15:48:10.094 INFO  Loading command: pause.js 
15:48:10.095 INFO  Loading command: play-file.js 
15:48:10.131 INFO  Loading command: play.js 
15:48:10.133 INFO  Loading command: queue.js 
15:48:10.135 INFO  Loading command: radio.js 
15:48:10.136 INFO  Loading command: remove.js 
15:48:10.137 INFO  Loading command: resume.js 
15:48:10.196 INFO  Loading command: search.js 
15:48:10.197 INFO  Loading command: shuffle.js 
15:48:10.199 INFO  Loading command: skip.js 
15:48:10.201 INFO  Loading command: skipto.js 
15:48:10.088 INFO  Loading command: leave.js 
15:48:10.206 INFO  Loading command: volume.js 
15:48:10.205 INFO  Loading command: song.js 
15:48:10.307 INFO  Loading command: 4k.js 
15:48:10.309 INFO  Loading command: anal.js 
15:48:10.313 INFO  Loading command: ass.js 
15:48:10.315 INFO  Loading command: boob.js 
15:48:10.317 INFO  Loading command: gif.js 
15:48:10.319 INFO  Loading command: neko.js 
15:48:10.321 INFO  Loading command: pussy.js 
15:48:10.323 INFO  Loading command: thigh.js 
15:48:10.332 INFO  Loading command: fortnite.js 
15:48:10.334 INFO  Loading command: instagram.js 
15:48:10.356 INFO  Loading command: mc.js 
15:48:10.430 INFO  Loading command: r6.js 
15:48:10.432 INFO  Loading command: reddit.js 
15:48:10.434 INFO  Loading command: steam.js 
15:48:10.436 INFO  Loading command: twitch.js 
15:48:10.474 INFO  Loading command: weather.js 
15:48:10.476 INFO  Loading command: startmusictrivia.js 
15:48:10.477 INFO  Loading command: stopmusictrivia.js 
15:48:10.479 INFO  Loading command: avatar.js 
15:48:10.480 INFO  Loading command: dashboard.js 
15:48:10.482 INFO  Loading command: giveaway.js 
15:48:10.484 INFO  Loading command: guildicon.js 
15:48:10.486 INFO  Loading command: poll.js 
15:48:10.488 INFO  Loading command: role-info.js 
15:48:10.489 INFO  Loading command: server-info.js 
15:48:10.491 INFO  Loading command: user-info.js 
15:48:10.521 INFO  Mongoose connection successfully opened 
15:48:11.418 INFO  -=-=-=-=-=-=-=-=-=-=-=-=-=-=-=-=-=-=-=-=-=-=-=-=-=-=-=-= 
15:48:11.417 INFO  TestBot123#3999, ready to serve [5] users in [1] servers. 
15:48:11.417 INFO  -=-=-=-=-=-=-=-=-=-=-=-=-=-=-=-=-=-=-=-=-=-=-=-=-=-=-=-= 
