14:47:00.381 INFO  Shard 0 launched 
14:47:16.822 INFO  Loading command: leaderboard.js 
14:47:16.830 INFO  Loading command: level.js 
14:47:16.840 INFO  Loading command: fact.js 
14:47:16.846 INFO  Loading command: flip.js 
14:47:16.928 INFO  Loading command: meme.js 
14:47:16.934 INFO  Loading command: ping.js 
14:47:16.941 INFO  Loading command: random.js 
14:47:16.948 INFO  Loading command: rps.js 
14:47:16.955 INFO  Loading command: uptime.js 
14:47:16.964 INFO  Loading command: addban.js 
14:47:16.971 INFO  Loading command: eval.js 
14:47:16.977 INFO  Loading command: reload.js 
14:47:16.983 INFO  Loading command: shutdown.js 
14:47:16.990 INFO  Loading command: suggestion.js 
14:47:16.997 INFO  Loading command: ban.js 
14:47:17.026 INFO  Loading command: kick.js 
14:47:17.033 INFO  Loading command: mute.js 
14:47:17.038 INFO  Loading command: nick.js 
14:47:17.045 INFO  Loading command: poll.js 
14:47:17.054 INFO  Loading command: report.js 
14:47:17.061 INFO  Loading command: role-info.js 
14:47:17.070 INFO  Loading command: server-info.js 
14:47:17.076 INFO  Loading command: unban.js 
14:47:17.112 INFO  Loading command: undeafen.js 
14:47:17.004 INFO  Loading command: clear.js 
14:47:17.012 INFO  Loading command: dashboard.js 
14:47:17.200 INFO  Loading command: user-info.js 
14:47:17.018 INFO  Loading command: deafen.js 
14:47:17.329 INFO  Loading command: warn.js 
14:47:19.111 INFO  Loading command: add-playlist.js 
14:47:17.269 INFO  Loading command: verify.js 
14:47:19.224 INFO  Loading command: leave.js 
14:47:19.166 INFO  Loading command: forceskip.js 
14:47:19.318 INFO  Loading command: pause.js 
14:47:17.142 INFO  Loading command: unmute.js 
14:47:19.670 INFO  Loading command: radio.js 
14:47:19.681 INFO  Loading command: remove.js 
14:47:19.689 INFO  Loading command: resume.js 
14:47:22.523 INFO  Loading command: search.js 
14:47:22.531 INFO  Loading command: shuffle.js 
14:47:22.555 INFO  Loading command: skip.js 
14:47:22.571 INFO  Loading command: skipto.js 
14:47:22.866 INFO  Loading command: song.js 
14:47:22.958 INFO  Loading command: volume.js 
14:47:23.417 INFO  Loading command: fortnite.js 
14:47:27.733 INFO  Loading command: image.js 
14:47:27.744 INFO  Loading command: instagram.js 
14:47:27.902 INFO  Loading command: mc.js 
14:47:27.912 INFO  Loading command: nsfw.js 
14:47:29.172 INFO  Loading command: r6.js 
14:47:29.180 INFO  Loading command: reddit.js 
14:47:19.640 INFO  Loading command: play.js 
14:47:19.650 INFO  Loading command: queue.js 
14:47:19.265 INFO  Loading command: lyrics.js 
14:47:29.223 INFO  Loading command: help.js 
14:47:29.206 INFO  Loading command: steam.js 
14:47:29.230 INFO  Loading command: invite.js 
14:47:29.212 INFO  Loading command: twitch.js 
14:47:29.250 INFO  Loading command: support.js 
14:47:29.258 INFO  Loading command: startmusictrivia.js 
14:47:29.240 INFO  Loading command: status.js 
14:47:29.265 INFO  Loading command: stopmusictrivia.js 
14:47:29.284 INFO  Loading Event: channelDelete 
14:47:29.273 INFO  Loading a total of 27 events. 
14:47:29.307 INFO  Loading Event: emojiCreate 
14:47:29.291 INFO  Loading Event: channelUpdate 
14:47:29.322 INFO  Loading Event: emojiUpdate 
14:47:29.274 INFO  Loading Event: channelCreate 
14:47:29.338 INFO  Loading Event: guildBanAdd 
14:47:29.347 INFO  Loading Event: guildBanRemove 
14:47:29.356 INFO  Loading Event: guildCreate 
14:47:29.484 INFO  Loading Event: guildDelete 
14:47:29.529 INFO  Loading Event: guildMemberRemove 
14:47:29.489 INFO  Loading Event: guildMemberAdd 
14:47:29.587 INFO  Loading Event: guildMemberUpdate 
14:47:29.629 INFO  Loading Event: guildUnavailable 
14:47:29.807 INFO  Loading Event: guildUpdate 
14:47:29.910 INFO  Loading Event: message 
14:47:29.974 INFO  Loading Event: messageDelete 
14:47:30.019 INFO  Loading Event: messageDeleteBulk 
14:47:30.045 INFO  Loading Event: messageReactionAdd 
14:47:30.077 INFO  Loading Event: messageReactionRemove 
14:47:30.126 INFO  Loading Event: messageUpdate 
14:47:30.136 INFO  Loading Event: ready 
14:47:29.315 INFO  Loading Event: emojiDelete 
14:47:30.221 INFO  Loading Event: roleDelete 
14:47:30.174 INFO  Loading Event: roleCreate 
14:47:30.342 INFO  Loading Event: warning 
14:47:36.198 INFO  Bot dashboard is coming online 
14:47:30.332 INFO  Loading Event: roleUpdate 
14:47:29.331 INFO  Loading Event: error 
14:47:36.658 INFO  Bot dashboard is online 
14:47:36.739 INFO  Mongoose connection successfully opened 
14:47:37.488 INFO  -=-=-=-=-=-=-=-=-=-=-=-=-=-=-=-=-=-=-=-=-=-=-=-=-=-=-=-= 
14:47:37.489 INFO  -=-=-=-=-=-=-=-=-=-=-=-=-=-=-=-=-=-=-=-=-=-=-=-=-=-=-=-= 
14:47:37.489 INFO  EggLord#9100, ready to serve [963] users in [5] servers. 
14:47:55.416 INFO  Shard 0 launched 
14:47:56.639 INFO  Loading command: ban.js 
14:47:56.641 INFO  Loading command: clear.js 
14:47:56.643 INFO  Loading command: dashboard.js 
14:47:56.644 INFO  Loading command: deafen.js 
14:47:56.646 INFO  Loading command: kick.js 
14:47:56.648 INFO  Loading command: mute.js 
14:47:56.649 INFO  Loading command: nick.js 
14:47:56.652 INFO  Loading command: poll.js 
14:47:56.654 INFO  Loading command: report.js 
14:47:56.657 INFO  Loading command: role-info.js 
14:47:56.665 INFO  Loading command: server-info.js 
14:47:56.672 INFO  Loading command: unban.js 
14:47:56.674 INFO  Loading command: undeafen.js 
14:47:56.675 INFO  Loading command: unmute.js 
14:47:56.677 INFO  Loading command: user-info.js 
14:47:56.679 INFO  Loading command: verify.js 
14:47:56.680 INFO  Loading command: warn.js 
14:47:56.693 INFO  Loading command: addban.js 
14:47:56.695 INFO  Loading command: eval.js 
14:47:56.697 INFO  Loading command: reload.js 
14:47:56.698 INFO  Loading command: shutdown.js 
14:47:56.703 INFO  Loading command: suggestion.js 
14:47:56.706 INFO  Loading command: leaderboard.js 
14:47:56.708 INFO  Loading command: level.js 
14:47:56.792 INFO  Loading command: add-playlist.js 
14:47:56.794 INFO  Loading command: forceskip.js 
14:47:56.795 INFO  Loading command: leave.js 
14:47:56.805 INFO  Loading command: lyrics.js 
14:47:56.806 INFO  Loading command: pause.js 
14:47:56.829 INFO  Loading command: play.js 
14:47:56.831 INFO  Loading command: queue.js 
14:47:56.833 INFO  Loading command: radio.js 
14:47:56.834 INFO  Loading command: remove.js 
14:47:56.835 INFO  Loading command: resume.js 
14:47:57.011 INFO  Loading command: search.js 
14:47:57.012 INFO  Loading command: shuffle.js 
14:47:57.014 INFO  Loading command: skip.js 
14:47:57.015 INFO  Loading command: skipto.js 
14:47:57.020 INFO  Loading command: song.js 
14:47:57.022 INFO  Loading command: volume.js 
14:47:57.032 INFO  Loading command: fortnite.js 
14:47:57.260 INFO  Loading command: image.js 
14:47:57.263 INFO  Loading command: instagram.js 
14:47:57.290 INFO  Loading command: mc.js 
14:47:57.294 INFO  Loading command: nsfw.js 
14:47:57.387 INFO  Loading command: r6.js 
14:47:57.388 INFO  Loading command: reddit.js 
14:47:57.393 INFO  Loading command: steam.js 
14:47:57.396 INFO  Loading command: twitch.js 
14:47:57.398 INFO  Loading command: startmusictrivia.js 
14:47:57.400 INFO  Loading command: stopmusictrivia.js 
14:47:57.404 INFO  Loading command: help.js 
14:47:57.406 INFO  Loading command: invite.js 
14:47:57.407 INFO  Loading command: status.js 
14:47:57.409 INFO  Loading command: support.js 
14:47:57.411 INFO  Loading command: fact.js 
14:47:57.412 INFO  Loading command: flip.js 
14:47:57.415 INFO  Loading command: meme.js 
14:47:57.416 INFO  Loading command: ping.js 
14:47:57.417 INFO  Loading command: random.js 
14:47:57.419 INFO  Loading command: rps.js 
14:47:57.421 INFO  Loading command: uptime.js 
14:47:57.422 INFO  Loading a total of 27 events. 
14:47:57.423 INFO  Loading Event: channelCreate 
14:47:57.425 INFO  Loading Event: channelDelete 
14:47:57.426 INFO  Loading Event: channelUpdate 
14:47:57.428 INFO  Loading Event: emojiCreate 
14:47:57.430 INFO  Loading Event: emojiDelete 
14:47:57.432 INFO  Loading Event: emojiUpdate 
14:47:57.434 INFO  Loading Event: error 
14:47:57.435 INFO  Loading Event: guildBanAdd 
14:47:57.438 INFO  Loading Event: guildBanRemove 
14:47:57.440 INFO  Loading Event: guildCreate 
14:47:57.448 INFO  Loading Event: guildDelete 
14:47:57.449 INFO  Loading Event: guildMemberAdd 
14:47:57.451 INFO  Loading Event: guildMemberRemove 
14:47:57.454 INFO  Loading Event: guildMemberUpdate 
14:47:57.455 INFO  Loading Event: guildUnavailable 
14:47:57.456 INFO  Loading Event: guildUpdate 
14:47:57.458 INFO  Loading Event: message 
14:47:57.460 INFO  Loading Event: messageDelete 
14:47:57.463 INFO  Loading Event: messageDeleteBulk 
14:47:57.465 INFO  Loading Event: messageReactionAdd 
14:47:57.469 INFO  Loading Event: messageReactionRemove 
14:47:57.472 INFO  Loading Event: messageUpdate 
14:47:57.474 INFO  Loading Event: ready 
14:47:57.475 INFO  Loading Event: roleCreate 
14:47:57.476 INFO  Loading Event: roleDelete 
14:47:57.479 INFO  Loading Event: roleUpdate 
14:47:57.481 INFO  Loading Event: warning 
14:47:57.818 INFO  Bot dashboard is coming online 
14:47:57.965 INFO  Bot dashboard is online 
14:47:58.022 INFO  Mongoose connection successfully opened 
14:47:58.683 INFO  EggLord#9100, ready to serve [963] users in [5] servers. 
14:47:58.684 INFO  -=-=-=-=-=-=-=-=-=-=-=-=-=-=-=-=-=-=-=-=-=-=-=-=-=-=-=-= 
14:47:58.683 INFO  -=-=-=-=-=-=-=-=-=-=-=-=-=-=-=-=-=-=-=-=-=-=-=-=-=-=-=-= 
14:49:32.029 INFO  Website connection IP: 103.253.172.197, Location:Gurugram (DLF Phase 3), India. 
15:50:34.958 INFO  Website connection IP: 128.14.134.134, Location:Los Angeles, United States. 
16:31:25.463 INFO  Website connection IP: 199.195.254.185, Location:South Charleston, United States. 
16:34:58.080 INFO  D4MDP1G#8194 has joined the server: [489449496527503390] 
16:42:19.733 INFO  Channel: Total Users: 60 has been updated in Server: [489449496527503390] 
16:47:23.711 INFO  Website connection IP: 3.80.151.206, Location:Ashburn, United States. 
16:57:30.586 INFO  Website connection IP: 3.85.20.113, Location:Ashburn, United States. 
