10:40:56.983 INFO  =-=-=-=-=-=-=- Loading shard(s) -=-=-=-=-=-=-= 
10:40:57.183 INFO  Shard 0 launched 
10:40:58.223 INFO  =-=-=-=-=-=-=- Loading command(s): 97 -=-=-=-=-=-=-= 
10:40:58.235 INFO  Loading command: advice.js 
10:40:58.240 INFO  Loading command: fact.js 
10:40:58.243 INFO  Loading command: flip.js 
10:40:58.269 INFO  Loading command: meme.js 
10:40:58.272 INFO  Loading command: ping.js 
10:40:58.287 INFO  Loading command: pokemon.js 
10:40:58.292 INFO  Loading command: random.js 
10:40:58.295 INFO  Loading command: rps.js 
10:40:58.303 INFO  Loading command: urban.js 
10:40:58.308 INFO  Loading command: avatar.js 
10:40:58.311 INFO  Loading command: dashboard.js 
10:40:58.320 INFO  Loading command: giveaway.js 
10:40:58.330 INFO  Loading command: role-info.js 
10:40:58.323 INFO  Loading command: guildicon.js 
10:40:58.326 INFO  Loading command: poll.js 
10:40:58.352 INFO  Loading command: server-info.js 
10:40:58.355 INFO  Loading command: user-info.js 
10:41:00.954 INFO  Loading command: addban.js 
10:41:00.957 INFO  Loading command: eval.js 
10:41:00.963 INFO  Loading command: reload.js 
10:41:00.975 INFO  Loading command: shutdown.js 
10:41:00.989 INFO  Loading command: suggestion.js 
10:41:01.020 INFO  Loading command: captcha.js 
10:41:01.026 INFO  Loading command: cat.js 
10:41:01.031 INFO  Loading command: changemymind.js 
10:41:01.043 INFO  Loading command: deepfry.js 
10:41:01.037 INFO  Loading command: clyde.js 
10:41:02.389 INFO  Loading command: image.js 
10:41:02.397 INFO  Loading command: phcomment.js 
10:41:02.405 INFO  Loading command: qrcode.js 
10:41:02.415 INFO  Loading command: ship.js 
10:41:02.456 INFO  Loading command: stickbug.js 
10:41:01.047 INFO  Loading command: dog.js 
10:41:02.467 INFO  Loading command: threats.js 
10:41:02.474 INFO  Loading command: twitter.js 
10:41:02.476 INFO  Loading command: whowouldwin.js 
10:41:01.005 INFO  Loading command: blurpify.js 
10:41:02.489 INFO  Loading command: rank.js 
10:41:02.487 INFO  Loading command: leaderboard.js 
10:41:02.496 INFO  Loading command: about.js 
10:41:02.502 INFO  Loading command: help.js 
10:41:02.504 INFO  Loading command: invite.js 
10:41:02.511 INFO  Loading command: shorturl.js 
10:41:02.519 INFO  Loading command: status.js 
10:41:02.521 INFO  Loading command: support.js 
10:41:02.525 INFO  Loading command: ban.js 
10:41:02.537 INFO  Loading command: clear-warning.js 
10:41:02.618 INFO  Loading command: clear.js 
10:41:02.621 INFO  Loading command: deafen.js 
10:41:02.624 INFO  Loading command: kick.js 
10:41:02.627 INFO  Loading command: language.js 
10:41:02.629 INFO  Loading command: mute.js 
10:41:02.632 INFO  Loading command: nick.js 
10:41:02.635 INFO  Loading command: report.js 
10:41:02.637 INFO  Loading command: slowmode.js 
10:41:02.640 INFO  Loading command: ticket.js 
10:41:02.643 INFO  Loading command: unban.js 
10:41:02.645 INFO  Loading command: undeafen.js 
10:41:02.648 INFO  Loading command: unmute.js 
10:41:02.653 INFO  Loading command: warn.js 
10:41:02.661 INFO  Loading command: warnings.js 
10:41:02.686 INFO  Loading command: forceskip.js 
10:41:02.692 INFO  Loading command: leave.js 
10:41:02.700 INFO  Loading command: loop.js 
10:41:02.705 INFO  Loading command: lyrics.js 
10:41:02.707 INFO  Loading command: movehere.js 
10:41:02.709 INFO  Loading command: pause.js 
10:41:02.712 INFO  Loading command: play-file.js 
10:41:03.074 INFO  Loading command: play.js 
10:41:03.078 INFO  Loading command: queue.js 
10:41:03.083 INFO  Loading command: radio.js 
10:41:03.086 INFO  Loading command: remove.js 
10:41:03.089 INFO  Loading command: resume.js 
10:41:03.261 INFO  Loading command: search.js 
10:41:03.265 INFO  Loading command: seek.js 
10:41:03.268 INFO  Loading command: shuffle.js 
10:41:03.273 INFO  Loading command: skip.js 
10:41:03.277 INFO  Loading command: skipto.js 
10:41:03.338 INFO  Loading command: volume.js 
10:41:02.669 INFO  Loading command: bassboost.js 
10:41:03.336 INFO  Loading command: song.js 
10:41:03.672 INFO  Loading command: 4k.js 
10:41:03.680 INFO  Loading command: ass.js 
10:41:03.676 INFO  Loading command: anal.js 
10:41:03.690 INFO  Loading command: gif.js 
10:41:03.695 INFO  Loading command: pussy.js 
10:41:03.699 INFO  Loading command: thigh.js 
10:41:03.683 INFO  Loading command: boob.js 
10:41:03.692 INFO  Loading command: neko.js 
10:41:03.870 INFO  Loading command: mc.js 
10:41:03.739 INFO  Loading command: fortnite.js 
10:41:03.745 INFO  Loading command: instagram.js 
10:41:04.054 INFO  Loading command: r6.js 
10:41:04.058 INFO  Loading command: reddit.js 
10:41:04.079 INFO  Loading command: twitch.js 
10:41:04.184 INFO  Loading command: weather.js 
10:41:04.065 INFO  Loading command: steam.js 
10:41:04.194 INFO  Loading command: startmusictrivia.js 
10:41:04.197 INFO  Loading command: stopmusictrivia.js 
10:41:04.204 INFO  =-=-=-=-=-=-=- Loading events(s): 29 -=-=-=-=-=-=-= 
10:41:04.208 INFO  Loading Event: channelDelete 
10:41:04.210 INFO  Loading Event: channelUpdate 
10:41:04.213 INFO  Loading Event: emojiCreate 
10:41:04.222 INFO  Loading Event: error 
10:41:04.217 INFO  Loading Event: emojiDelete 
10:41:04.225 INFO  Loading Event: guildBanAdd 
10:41:04.234 INFO  Loading Event: guildBanRemove 
10:41:04.237 INFO  Loading Event: guildCreate 
10:41:04.258 INFO  Loading Event: guildDelete 
10:41:04.260 INFO  Loading Event: guildMemberAdd 
10:41:04.263 INFO  Loading Event: guildMemberRemove 
10:41:04.268 INFO  Loading Event: guildMemberUpdate 
10:41:04.271 INFO  Loading Event: guildUnavailable 
10:41:04.273 INFO  Loading Event: guildUpdate 
10:41:04.276 INFO  Loading Event: message 
10:41:04.282 INFO  Loading Event: messageDelete 
10:41:04.285 INFO  Loading Event: messageDeleteBulk 
10:41:04.288 INFO  Loading Event: messageReactionAdd 
10:41:04.291 INFO  Loading Event: messageReactionRemove 
10:41:04.295 INFO  Loading Event: messageUpdate 
10:41:04.298 INFO  Loading Event: ready 
10:41:04.301 INFO  Loading Event: roleCreate 
10:41:04.303 INFO  Loading Event: roleDelete 
10:41:04.307 INFO  Loading Event: roleUpdate 
10:41:04.311 INFO  Loading Event: shardDisconnect 
10:41:04.316 INFO  Loading Event: shardError 
10:41:04.319 INFO  Loading Event: warn 
10:41:04.219 INFO  Loading Event: emojiUpdate 
10:41:04.204 INFO  Loading Event: channelCreate 
10:41:04.422 INFO  Mongoose connection successfully opened 
10:41:05.757 INFO  TestBot123#3999, ready to serve [8] users in [1] servers. 
10:41:05.758 INFO  -=-=-=-=-=-=-=-=-=-=-=-=-=-=-=-=-=-=-=-=-=-=-=-=-=-=-=-= 
10:41:05.746 INFO  -=-=-=-=-=-=-=-=-=-=-=-=-=-=-=-=-=-=-=-=-=-=-=-=-=-=-=-= 
10:41:06.636 INFO  Bot dashboard is coming online 
10:41:06.674 INFO  Bot dashboard is online, running on port: 80 
10:41:06.675 INFO  Bot dashboard is online, running on port: 443 
10:55:17.965 INFO  =-=-=-=-=-=-=- Loading shard(s) -=-=-=-=-=-=-= 
10:55:18.161 INFO  Shard 0 launched 
10:55:18.596 INFO  =-=-=-=-=-=-=- Loading command(s): 97 -=-=-=-=-=-=-= 
10:55:18.604 INFO  Loading command: advice.js 
10:55:18.608 INFO  Loading command: fact.js 
10:55:18.610 INFO  Loading command: flip.js 
10:55:18.624 INFO  Loading command: meme.js 
10:55:18.626 INFO  Loading command: ping.js 
10:55:18.629 INFO  Loading command: pokemon.js 
10:55:18.632 INFO  Loading command: random.js 
10:55:18.634 INFO  Loading command: rps.js 
10:55:18.638 INFO  Loading command: urban.js 
10:55:18.643 INFO  Loading command: dashboard.js 
10:55:18.647 INFO  Loading command: giveaway.js 
10:55:18.649 INFO  Loading command: guildicon.js 
10:55:18.650 INFO  Loading command: poll.js 
10:55:18.654 INFO  Loading command: role-info.js 
10:55:18.663 INFO  Loading command: server-info.js 
10:55:18.666 INFO  Loading command: user-info.js 
10:55:18.641 INFO  Loading command: avatar.js 
10:55:19.420 INFO  Loading command: addban.js 
10:55:19.423 INFO  Loading command: shutdown.js 
10:55:19.421 INFO  Loading command: eval.js 
10:55:19.422 INFO  Loading command: reload.js 
10:55:19.425 INFO  Loading command: suggestion.js 
10:55:19.430 INFO  Loading command: captcha.js 
10:55:19.428 INFO  Loading command: blurpify.js 
10:55:19.433 INFO  Loading command: changemymind.js 
10:55:19.435 INFO  Loading command: clyde.js 
10:55:19.437 INFO  Loading command: deepfry.js 
10:55:19.438 INFO  Loading command: dog.js 
10:55:19.837 INFO  Loading command: phcomment.js 
10:55:19.431 INFO  Loading command: cat.js 
10:55:19.835 INFO  Loading command: image.js 
10:55:19.838 INFO  Loading command: qrcode.js 
10:55:19.840 INFO  Loading command: ship.js 
10:55:19.841 INFO  Loading command: stickbug.js 
10:55:19.843 INFO  Loading command: threats.js 
10:55:19.845 INFO  Loading command: twitter.js 
10:55:19.847 INFO  Loading command: whowouldwin.js 
10:55:19.850 INFO  Loading command: leaderboard.js 
10:55:19.852 INFO  Loading command: rank.js 
10:55:19.855 INFO  Loading command: about.js 
10:55:19.857 INFO  Loading command: help.js 
10:55:19.859 INFO  Loading command: invite.js 
10:55:19.864 INFO  Loading command: shorturl.js 
10:55:19.866 INFO  Loading command: status.js 
10:55:19.867 INFO  Loading command: support.js 
10:55:19.870 INFO  Loading command: ban.js 
10:55:19.872 INFO  Loading command: clear-warning.js 
10:55:19.873 INFO  Loading command: clear.js 
10:55:19.875 INFO  Loading command: deafen.js 
10:55:19.877 INFO  Loading command: kick.js 
10:55:19.878 INFO  Loading command: language.js 
10:55:19.880 INFO  Loading command: mute.js 
10:55:19.881 INFO  Loading command: nick.js 
10:55:19.883 INFO  Loading command: report.js 
10:55:19.885 INFO  Loading command: slowmode.js 
10:55:19.888 INFO  Loading command: ticket.js 
10:55:19.889 INFO  Loading command: unban.js 
10:55:19.891 INFO  Loading command: undeafen.js 
10:55:19.895 INFO  Loading command: unmute.js 
10:55:19.898 INFO  Loading command: warn.js 
10:55:19.903 INFO  Loading command: warnings.js 
10:55:19.907 INFO  Loading command: bassboost.js 
10:55:19.918 INFO  Loading command: loop.js 
10:55:19.915 INFO  Loading command: forceskip.js 
10:55:19.916 INFO  Loading command: leave.js 
10:55:19.920 INFO  Loading command: lyrics.js 
10:55:19.921 INFO  Loading command: movehere.js 
10:55:19.923 INFO  Loading command: pause.js 
10:55:19.924 INFO  Loading command: play-file.js 
10:55:20.124 INFO  Loading command: play.js 
10:55:20.127 INFO  Loading command: queue.js 
10:55:20.134 INFO  Loading command: radio.js 
10:55:20.137 INFO  Loading command: remove.js 
10:55:20.139 INFO  Loading command: resume.js 
10:55:20.263 INFO  Loading command: search.js 
10:55:20.265 INFO  Loading command: seek.js 
10:55:20.266 INFO  Loading command: shuffle.js 
10:55:20.267 INFO  Loading command: skip.js 
10:55:20.269 INFO  Loading command: skipto.js 
10:55:20.272 INFO  Loading command: song.js 
10:55:20.275 INFO  Loading command: volume.js 
10:55:20.414 INFO  Loading command: 4k.js 
10:55:20.416 INFO  Loading command: anal.js 
10:55:20.422 INFO  Loading command: ass.js 
10:55:20.424 INFO  Loading command: boob.js 
10:55:20.428 INFO  Loading command: gif.js 
10:55:20.430 INFO  Loading command: neko.js 
10:55:20.434 INFO  Loading command: pussy.js 
10:55:20.437 INFO  Loading command: thigh.js 
10:55:20.460 INFO  Loading command: instagram.js 
10:55:20.455 INFO  Loading command: fortnite.js 
10:55:20.495 INFO  Loading command: mc.js 
10:55:20.589 INFO  Loading command: r6.js 
10:55:20.591 INFO  Loading command: reddit.js 
10:55:20.596 INFO  Loading command: steam.js 
10:55:20.601 INFO  Loading command: twitch.js 
10:55:20.644 INFO  Loading command: weather.js 
10:55:20.646 INFO  Loading command: startmusictrivia.js 
10:55:20.648 INFO  Loading command: stopmusictrivia.js 
10:55:20.669 INFO  Loading Event: channelDelete 
10:55:20.660 INFO  =-=-=-=-=-=-=- Loading events(s): 29 -=-=-=-=-=-=-= 
10:55:20.671 INFO  Loading Event: channelUpdate 
10:55:20.661 INFO  Loading Event: channelCreate 
10:55:20.674 INFO  Loading Event: emojiCreate 
10:55:20.675 INFO  Loading Event: emojiDelete 
10:55:20.677 INFO  Loading Event: emojiUpdate 
10:55:20.679 INFO  Loading Event: error 
10:55:20.680 INFO  Loading Event: guildBanAdd 
10:55:20.682 INFO  Loading Event: guildBanRemove 
10:55:20.684 INFO  Loading Event: guildCreate 
10:55:20.692 INFO  Loading Event: guildDelete 
10:55:20.693 INFO  Loading Event: guildMemberAdd 
10:55:20.695 INFO  Loading Event: guildMemberRemove 
10:55:20.698 INFO  Loading Event: guildMemberUpdate 
10:55:20.700 INFO  Loading Event: guildUnavailable 
10:55:20.701 INFO  Loading Event: guildUpdate 
10:55:20.703 INFO  Loading Event: message 
10:55:20.705 INFO  Loading Event: messageDelete 
10:55:20.707 INFO  Loading Event: messageDeleteBulk 
10:55:20.709 INFO  Loading Event: messageReactionAdd 
10:55:20.712 INFO  Loading Event: messageReactionRemove 
10:55:20.715 INFO  Loading Event: messageUpdate 
10:55:20.717 INFO  Loading Event: ready 
10:55:20.718 INFO  Loading Event: roleCreate 
10:55:20.720 INFO  Loading Event: roleDelete 
10:55:20.722 INFO  Loading Event: roleUpdate 
10:55:20.724 INFO  Loading Event: shardDisconnect 
10:55:20.725 INFO  Loading Event: shardError 
10:55:20.727 INFO  Loading Event: warn 
10:55:20.806 INFO  Mongoose connection successfully opened 
10:55:21.388 INFO  -=-=-=-=-=-=-=-=-=-=-=-=-=-=-=-=-=-=-=-=-=-=-=-=-=-=-=-= 
10:55:21.389 INFO  -=-=-=-=-=-=-=-=-=-=-=-=-=-=-=-=-=-=-=-=-=-=-=-=-=-=-=-= 
10:55:21.389 INFO  TestBot123#3999, ready to serve [8] users in [1] servers. 
10:55:21.772 INFO  Bot dashboard is coming online 
10:55:21.793 INFO  Bot dashboard is online, running on port: 80 
10:55:21.794 INFO  Bot dashboard is online, running on port: 443 
10:55:50.624 INFO  Reloaded Command: ban.js 
10:56:09.553 INFO  =-=-=-=-=-=-=- Loading shard(s) -=-=-=-=-=-=-= 
10:56:09.737 INFO  Shard 0 launched 
10:56:10.271 INFO  =-=-=-=-=-=-=- Loading command(s): 97 -=-=-=-=-=-=-= 
10:56:10.278 INFO  Loading command: advice.js 
10:56:10.281 INFO  Loading command: fact.js 
10:56:10.283 INFO  Loading command: flip.js 
10:56:10.297 INFO  Loading command: meme.js 
10:56:10.299 INFO  Loading command: ping.js 
10:56:10.302 INFO  Loading command: pokemon.js 
10:56:10.303 INFO  Loading command: random.js 
10:56:10.306 INFO  Loading command: rps.js 
10:56:10.310 INFO  Loading command: urban.js 
10:56:10.313 INFO  Loading command: avatar.js 
10:56:10.315 INFO  Loading command: dashboard.js 
10:56:10.318 INFO  Loading command: giveaway.js 
10:56:10.322 INFO  Loading command: guildicon.js 
10:56:10.324 INFO  Loading command: poll.js 
10:56:10.330 INFO  Loading command: server-info.js 
10:56:10.332 INFO  Loading command: user-info.js 
10:56:10.327 INFO  Loading command: role-info.js 
10:56:11.024 INFO  Loading command: shutdown.js 
10:56:11.021 INFO  Loading command: addban.js 
10:56:11.023 INFO  Loading command: reload.js 
10:56:11.022 INFO  Loading command: eval.js 
10:56:11.026 INFO  Loading command: suggestion.js 
10:56:11.031 INFO  Loading command: captcha.js 
10:56:11.030 INFO  Loading command: blurpify.js 
10:56:11.033 INFO  Loading command: cat.js 
10:56:11.034 INFO  Loading command: changemymind.js 
10:56:11.036 INFO  Loading command: clyde.js 
10:56:11.038 INFO  Loading command: deepfry.js 
10:56:11.039 INFO  Loading command: dog.js 
10:56:11.337 INFO  Loading command: image.js 
10:56:11.339 INFO  Loading command: phcomment.js 
10:56:11.341 INFO  Loading command: qrcode.js 
10:56:11.342 INFO  Loading command: ship.js 
10:56:11.344 INFO  Loading command: stickbug.js 
10:56:11.346 INFO  Loading command: threats.js 
10:56:11.347 INFO  Loading command: twitter.js 
10:56:11.349 INFO  Loading command: whowouldwin.js 
10:56:11.353 INFO  Loading command: leaderboard.js 
10:56:11.355 INFO  Loading command: rank.js 
10:56:11.357 INFO  Loading command: about.js 
10:56:11.359 INFO  Loading command: help.js 
10:56:11.361 INFO  Loading command: invite.js 
10:56:11.365 INFO  Loading command: shorturl.js 
10:56:11.366 INFO  Loading command: status.js 
10:56:11.368 INFO  Loading command: support.js 
10:56:11.372 INFO  Loading command: clear-warning.js 
10:56:11.373 INFO  Loading command: clear.js 
10:56:11.375 INFO  Loading command: deafen.js 
10:56:11.378 INFO  Loading command: language.js 
10:56:11.371 INFO  Loading command: ban.js 
10:56:11.379 INFO  Loading command: mute.js 
10:56:11.376 INFO  Loading command: kick.js 
10:56:11.381 INFO  Loading command: nick.js 
10:56:11.382 INFO  Loading command: report.js 
10:56:11.383 INFO  Loading command: slowmode.js 
10:56:11.385 INFO  Loading command: ticket.js 
10:56:11.386 INFO  Loading command: unban.js 
10:56:11.388 INFO  Loading command: undeafen.js 
10:56:11.389 INFO  Loading command: unmute.js 
10:56:11.391 INFO  Loading command: warn.js 
10:56:11.394 INFO  Loading command: warnings.js 
10:56:11.397 INFO  Loading command: forceskip.js 
10:56:11.396 INFO  Loading command: bassboost.js 
10:56:11.398 INFO  Loading command: leave.js 
10:56:11.400 INFO  Loading command: loop.js 
10:56:11.403 INFO  Loading command: lyrics.js 
10:56:11.404 INFO  Loading command: movehere.js 
10:56:11.405 INFO  Loading command: pause.js 
10:56:11.407 INFO  Loading command: play-file.js 
10:56:11.509 INFO  Loading command: play.js 
10:56:11.512 INFO  Loading command: queue.js 
10:56:11.513 INFO  Loading command: radio.js 
10:56:11.515 INFO  Loading command: remove.js 
10:56:11.516 INFO  Loading command: resume.js 
10:56:11.572 INFO  Loading command: search.js 
10:56:11.573 INFO  Loading command: seek.js 
10:56:11.574 INFO  Loading command: shuffle.js 
10:56:11.576 INFO  Loading command: skip.js 
10:56:11.578 INFO  Loading command: skipto.js 
10:56:11.581 INFO  Loading command: song.js 
10:56:11.583 INFO  Loading command: volume.js 
10:56:11.701 INFO  Loading command: 4k.js 
10:56:11.703 INFO  Loading command: anal.js 
10:56:11.705 INFO  Loading command: ass.js 
10:56:11.706 INFO  Loading command: boob.js 
10:56:11.710 INFO  Loading command: gif.js 
10:56:11.714 INFO  Loading command: neko.js 
10:56:11.715 INFO  Loading command: pussy.js 
10:56:11.717 INFO  Loading command: thigh.js 
10:56:11.730 INFO  Loading command: instagram.js 
10:56:11.759 INFO  Loading command: mc.js 
10:56:11.728 INFO  Loading command: fortnite.js 
10:56:11.853 INFO  Loading command: r6.js 
10:56:11.856 INFO  Loading command: reddit.js 
10:56:11.861 INFO  Loading command: steam.js 
10:56:11.863 INFO  Loading command: twitch.js 
10:56:11.913 INFO  Loading command: weather.js 
10:56:11.916 INFO  Loading command: startmusictrivia.js 
10:56:11.917 INFO  Loading command: stopmusictrivia.js 
10:56:11.925 INFO  =-=-=-=-=-=-=- Loading events(s): 29 -=-=-=-=-=-=-= 
10:56:11.933 INFO  Loading Event: channelDelete 
10:56:11.927 INFO  Loading Event: channelCreate 
10:56:11.937 INFO  Loading Event: channelUpdate 
10:56:11.940 INFO  Loading Event: emojiCreate 
10:56:11.941 INFO  Loading Event: emojiDelete 
10:56:11.942 INFO  Loading Event: emojiUpdate 
10:56:11.944 INFO  Loading Event: error 
10:56:11.945 INFO  Loading Event: guildBanAdd 
10:56:11.946 INFO  Loading Event: guildBanRemove 
10:56:11.948 INFO  Loading Event: guildCreate 
10:56:11.957 INFO  Loading Event: guildDelete 
10:56:11.958 INFO  Loading Event: guildMemberAdd 
10:56:11.959 INFO  Loading Event: guildMemberRemove 
10:56:11.961 INFO  Loading Event: guildMemberUpdate 
10:56:11.963 INFO  Loading Event: guildUnavailable 
10:56:11.964 INFO  Loading Event: guildUpdate 
10:56:11.966 INFO  Loading Event: message 
10:56:11.968 INFO  Loading Event: messageDelete 
10:56:11.970 INFO  Loading Event: messageDeleteBulk 
10:56:11.973 INFO  Loading Event: messageReactionAdd 
10:56:11.974 INFO  Loading Event: messageReactionRemove 
10:56:11.976 INFO  Loading Event: messageUpdate 
10:56:11.978 INFO  Loading Event: ready 
10:56:11.980 INFO  Loading Event: roleCreate 
10:56:11.982 INFO  Loading Event: roleDelete 
10:56:11.983 INFO  Loading Event: roleUpdate 
10:56:11.985 INFO  Loading Event: shardDisconnect 
10:56:11.986 INFO  Loading Event: shardError 
10:56:11.987 INFO  Loading Event: warn 
10:56:12.049 INFO  Mongoose connection successfully opened 
10:56:12.726 INFO  -=-=-=-=-=-=-=-=-=-=-=-=-=-=-=-=-=-=-=-=-=-=-=-=-=-=-=-= 
10:56:12.727 INFO  TestBot123#3999, ready to serve [8] users in [1] servers. 
10:56:12.727 INFO  -=-=-=-=-=-=-=-=-=-=-=-=-=-=-=-=-=-=-=-=-=-=-=-=-=-=-=-= 
10:56:13.109 INFO  Bot dashboard is coming online 
10:56:13.131 INFO  Bot dashboard is online, running on port: 80 
10:56:13.132 INFO  Bot dashboard is online, running on port: 443 
10:57:01.745 INFO  Reloaded Command: ban.js 
10:59:53.548 INFO  =-=-=-=-=-=-=- Loading shard(s) -=-=-=-=-=-=-= 
10:59:53.760 INFO  Shard 0 launched 
10:59:54.245 INFO  =-=-=-=-=-=-=- Loading command(s): 97 -=-=-=-=-=-=-= 
10:59:54.251 INFO  Loading command: advice.js 
10:59:54.254 INFO  Loading command: fact.js 
10:59:54.256 INFO  Loading command: flip.js 
10:59:54.267 INFO  Loading command: meme.js 
10:59:54.269 INFO  Loading command: ping.js 
10:59:54.271 INFO  Loading command: pokemon.js 
10:59:54.273 INFO  Loading command: random.js 
10:59:54.276 INFO  Loading command: rps.js 
10:59:54.283 INFO  Loading command: urban.js 
10:59:54.287 INFO  Loading command: avatar.js 
10:59:54.288 INFO  Loading command: dashboard.js 
10:59:54.292 INFO  Loading command: giveaway.js 
10:59:54.294 INFO  Loading command: guildicon.js 
10:59:54.296 INFO  Loading command: poll.js 
10:59:54.298 INFO  Loading command: role-info.js 
10:59:54.301 INFO  Loading command: server-info.js 
10:59:54.305 INFO  Loading command: user-info.js 
10:59:54.993 INFO  Loading command: addban.js 
10:59:54.997 INFO  Loading command: shutdown.js 
10:59:54.994 INFO  Loading command: eval.js 
10:59:54.995 INFO  Loading command: reload.js 
10:59:54.998 INFO  Loading command: suggestion.js 
10:59:55.002 INFO  Loading command: blurpify.js 
10:59:55.004 INFO  Loading command: captcha.js 
10:59:55.006 INFO  Loading command: cat.js 
10:59:55.008 INFO  Loading command: changemymind.js 
10:59:55.010 INFO  Loading command: clyde.js 
10:59:55.011 INFO  Loading command: deepfry.js 
10:59:55.013 INFO  Loading command: dog.js 
10:59:55.325 INFO  Loading command: image.js 
10:59:55.327 INFO  Loading command: phcomment.js 
10:59:55.329 INFO  Loading command: qrcode.js 
10:59:55.330 INFO  Loading command: ship.js 
10:59:55.332 INFO  Loading command: stickbug.js 
10:59:55.334 INFO  Loading command: threats.js 
10:59:55.336 INFO  Loading command: twitter.js 
10:59:55.338 INFO  Loading command: whowouldwin.js 
10:59:55.342 INFO  Loading command: leaderboard.js 
10:59:55.344 INFO  Loading command: rank.js 
10:59:55.349 INFO  Loading command: help.js 
10:59:55.350 INFO  Loading command: invite.js 
10:59:55.347 INFO  Loading command: about.js 
10:59:55.353 INFO  Loading command: shorturl.js 
10:59:55.355 INFO  Loading command: status.js 
10:59:55.357 INFO  Loading command: support.js 
10:59:55.363 INFO  Loading command: clear-warning.js 
10:59:55.364 INFO  Loading command: clear.js 
10:59:55.360 INFO  Loading command: ban.js 
10:59:55.366 INFO  Loading command: deafen.js 
10:59:55.367 INFO  Loading command: kick.js 
10:59:55.369 INFO  Loading command: language.js 
10:59:55.370 INFO  Loading command: mute.js 
10:59:55.372 INFO  Loading command: nick.js 
10:59:55.378 INFO  Loading command: report.js 
10:59:55.380 INFO  Loading command: slowmode.js 
10:59:55.382 INFO  Loading command: ticket.js 
10:59:55.383 INFO  Loading command: unban.js 
10:59:55.384 INFO  Loading command: undeafen.js 
10:59:55.386 INFO  Loading command: unmute.js 
10:59:55.388 INFO  Loading command: warn.js 
10:59:55.391 INFO  Loading command: warnings.js 
10:59:55.394 INFO  Loading command: bassboost.js 
10:59:55.396 INFO  Loading command: forceskip.js 
10:59:55.397 INFO  Loading command: leave.js 
10:59:55.398 INFO  Loading command: loop.js 
10:59:55.403 INFO  Loading command: lyrics.js 
10:59:55.406 INFO  Loading command: movehere.js 
10:59:55.409 INFO  Loading command: pause.js 
10:59:55.410 INFO  Loading command: play-file.js 
10:59:55.524 INFO  Loading command: play.js 
10:59:55.526 INFO  Loading command: queue.js 
10:59:55.532 INFO  Loading command: radio.js 
10:59:55.536 INFO  Loading command: remove.js 
10:59:55.537 INFO  Loading command: resume.js 
10:59:55.598 INFO  Loading command: search.js 
10:59:55.601 INFO  Loading command: shuffle.js 
10:59:55.599 INFO  Loading command: seek.js 
10:59:55.602 INFO  Loading command: skip.js 
10:59:55.604 INFO  Loading command: skipto.js 
10:59:55.607 INFO  Loading command: song.js 
10:59:55.608 INFO  Loading command: volume.js 
10:59:55.726 INFO  Loading command: 4k.js 
10:59:55.728 INFO  Loading command: anal.js 
10:59:55.730 INFO  Loading command: ass.js 
10:59:55.731 INFO  Loading command: boob.js 
10:59:55.736 INFO  Loading command: gif.js 
10:59:55.738 INFO  Loading command: neko.js 
10:59:55.740 INFO  Loading command: pussy.js 
10:59:55.742 INFO  Loading command: thigh.js 
10:59:55.754 INFO  Loading command: fortnite.js 
10:59:55.756 INFO  Loading command: instagram.js 
10:59:55.785 INFO  Loading command: mc.js 
10:59:55.881 INFO  Loading command: r6.js 
10:59:55.883 INFO  Loading command: reddit.js 
10:59:55.886 INFO  Loading command: steam.js 
10:59:55.888 INFO  Loading command: twitch.js 
10:59:55.933 INFO  Loading command: weather.js 
10:59:55.936 INFO  Loading command: startmusictrivia.js 
10:59:55.937 INFO  Loading command: stopmusictrivia.js 
10:59:55.944 INFO  =-=-=-=-=-=-=- Loading events(s): 29 -=-=-=-=-=-=-= 
10:59:55.945 INFO  Loading Event: channelCreate 
10:59:55.951 INFO  Loading Event: channelDelete 
10:59:55.952 INFO  Loading Event: channelUpdate 
10:59:55.954 INFO  Loading Event: emojiCreate 
10:59:55.956 INFO  Loading Event: emojiDelete 
10:59:55.957 INFO  Loading Event: emojiUpdate 
10:59:55.958 INFO  Loading Event: error 
10:59:55.959 INFO  Loading Event: guildBanAdd 
10:59:55.961 INFO  Loading Event: guildBanRemove 
10:59:55.963 INFO  Loading Event: guildCreate 
10:59:55.970 INFO  Loading Event: guildDelete 
10:59:55.971 INFO  Loading Event: guildMemberAdd 
10:59:55.972 INFO  Loading Event: guildMemberRemove 
10:59:55.974 INFO  Loading Event: guildMemberUpdate 
10:59:55.977 INFO  Loading Event: guildUnavailable 
10:59:55.978 INFO  Loading Event: guildUpdate 
10:59:55.979 INFO  Loading Event: message 
10:59:55.981 INFO  Loading Event: messageDelete 
10:59:55.983 INFO  Loading Event: messageDeleteBulk 
10:59:55.985 INFO  Loading Event: messageReactionAdd 
10:59:55.987 INFO  Loading Event: messageReactionRemove 
10:59:55.989 INFO  Loading Event: messageUpdate 
10:59:55.991 INFO  Loading Event: ready 
10:59:55.992 INFO  Loading Event: roleCreate 
10:59:55.993 INFO  Loading Event: roleDelete 
10:59:55.995 INFO  Loading Event: roleUpdate 
10:59:55.996 INFO  Loading Event: shardDisconnect 
10:59:55.998 INFO  Loading Event: shardError 
10:59:55.999 INFO  Loading Event: warn 
10:59:56.061 INFO  Mongoose connection successfully opened 
10:59:56.623 INFO  -=-=-=-=-=-=-=-=-=-=-=-=-=-=-=-=-=-=-=-=-=-=-=-=-=-=-=-= 
10:59:56.621 INFO  -=-=-=-=-=-=-=-=-=-=-=-=-=-=-=-=-=-=-=-=-=-=-=-=-=-=-=-= 
10:59:56.622 INFO  TestBot123#3999, ready to serve [8] users in [1] servers. 
10:59:57.059 INFO  Bot dashboard is online, running on port: 80 
10:59:57.059 INFO  Bot dashboard is online, running on port: 443 
10:59:57.037 INFO  Bot dashboard is coming online 
11:00:27.312 INFO  =-=-=-=-=-=-=- Loading shard(s) -=-=-=-=-=-=-= 
11:00:27.511 INFO  Shard 0 launched 
11:00:27.990 INFO  =-=-=-=-=-=-=- Loading command(s): 97 -=-=-=-=-=-=-= 
11:00:28.001 INFO  Loading command: fact.js 
11:00:27.998 INFO  Loading command: advice.js 
11:00:28.003 INFO  Loading command: flip.js 
11:00:28.017 INFO  Loading command: meme.js 
11:00:28.018 INFO  Loading command: ping.js 
11:00:28.022 INFO  Loading command: pokemon.js 
11:00:28.024 INFO  Loading command: random.js 
11:00:28.027 INFO  Loading command: rps.js 
11:00:28.030 INFO  Loading command: urban.js 
11:00:28.033 INFO  Loading command: avatar.js 
11:00:28.035 INFO  Loading command: dashboard.js 
11:00:28.039 INFO  Loading command: giveaway.js 
11:00:28.041 INFO  Loading command: guildicon.js 
11:00:28.042 INFO  Loading command: poll.js 
11:00:28.045 INFO  Loading command: role-info.js 
11:00:28.049 INFO  Loading command: server-info.js 
11:00:28.051 INFO  Loading command: user-info.js 
11:00:28.692 INFO  Loading command: addban.js 
11:00:28.693 INFO  Loading command: eval.js 
11:00:28.696 INFO  Loading command: shutdown.js 
11:00:28.695 INFO  Loading command: reload.js 
11:00:28.698 INFO  Loading command: suggestion.js 
11:00:28.701 INFO  Loading command: blurpify.js 
11:00:28.703 INFO  Loading command: captcha.js 
11:00:28.705 INFO  Loading command: cat.js 
11:00:28.706 INFO  Loading command: changemymind.js 
11:00:28.708 INFO  Loading command: clyde.js 
11:00:28.710 INFO  Loading command: deepfry.js 
11:00:28.711 INFO  Loading command: dog.js 
11:00:29.009 INFO  Loading command: image.js 
11:00:29.011 INFO  Loading command: phcomment.js 
11:00:29.012 INFO  Loading command: qrcode.js 
11:00:29.014 INFO  Loading command: ship.js 
11:00:29.016 INFO  Loading command: stickbug.js 
11:00:29.017 INFO  Loading command: threats.js 
11:00:29.019 INFO  Loading command: twitter.js 
11:00:29.021 INFO  Loading command: whowouldwin.js 
11:00:29.024 INFO  Loading command: leaderboard.js 
11:00:29.026 INFO  Loading command: rank.js 
11:00:29.028 INFO  Loading command: about.js 
11:00:29.031 INFO  Loading command: invite.js 
11:00:29.034 INFO  Loading command: shorturl.js 
11:00:29.030 INFO  Loading command: help.js 
11:00:29.036 INFO  Loading command: status.js 
11:00:29.038 INFO  Loading command: support.js 
11:00:29.041 INFO  Loading command: ban.js 
11:00:29.042 INFO  Loading command: clear-warning.js 
11:00:29.043 INFO  Loading command: clear.js 
11:00:29.045 INFO  Loading command: deafen.js 
11:00:29.046 INFO  Loading command: kick.js 
11:00:29.047 INFO  Loading command: language.js 
11:00:29.049 INFO  Loading command: mute.js 
11:00:29.051 INFO  Loading command: nick.js 
11:00:29.053 INFO  Loading command: report.js 
11:00:29.054 INFO  Loading command: slowmode.js 
11:00:29.056 INFO  Loading command: ticket.js 
11:00:29.058 INFO  Loading command: unban.js 
11:00:29.059 INFO  Loading command: undeafen.js 
11:00:29.061 INFO  Loading command: unmute.js 
11:00:29.065 INFO  Loading command: warnings.js 
11:00:29.063 INFO  Loading command: warn.js 
11:00:29.068 INFO  Loading command: bassboost.js 
11:00:29.069 INFO  Loading command: forceskip.js 
11:00:29.070 INFO  Loading command: leave.js 
11:00:29.074 INFO  Loading command: lyrics.js 
11:00:29.076 INFO  Loading command: movehere.js 
11:00:29.071 INFO  Loading command: loop.js 
11:00:29.077 INFO  Loading command: pause.js 
11:00:29.079 INFO  Loading command: play-file.js 
11:00:29.188 INFO  Loading command: play.js 
11:00:29.191 INFO  Loading command: queue.js 
11:00:29.201 INFO  Loading command: radio.js 
11:00:29.203 INFO  Loading command: remove.js 
11:00:29.207 INFO  Loading command: resume.js 
11:00:29.280 INFO  Loading command: search.js 
11:00:29.281 INFO  Loading command: seek.js 
11:00:29.283 INFO  Loading command: shuffle.js 
11:00:29.284 INFO  Loading command: skip.js 
11:00:29.285 INFO  Loading command: skipto.js 
11:00:29.289 INFO  Loading command: song.js 
11:00:29.291 INFO  Loading command: volume.js 
11:00:29.427 INFO  Loading command: 4k.js 
11:00:29.429 INFO  Loading command: anal.js 
11:00:29.430 INFO  Loading command: ass.js 
11:00:29.432 INFO  Loading command: boob.js 
11:00:29.437 INFO  Loading command: gif.js 
11:00:29.440 INFO  Loading command: neko.js 
11:00:29.442 INFO  Loading command: pussy.js 
11:00:29.445 INFO  Loading command: thigh.js 
11:00:29.457 INFO  Loading command: fortnite.js 
11:00:29.459 INFO  Loading command: instagram.js 
11:00:29.491 INFO  Loading command: mc.js 
11:00:29.587 INFO  Loading command: r6.js 
11:00:29.589 INFO  Loading command: reddit.js 
11:00:29.595 INFO  Loading command: twitch.js 
11:00:29.593 INFO  Loading command: steam.js 
11:00:29.645 INFO  Loading command: weather.js 
11:00:29.647 INFO  Loading command: startmusictrivia.js 
11:00:29.649 INFO  Loading command: stopmusictrivia.js 
11:00:29.657 INFO  Loading Event: channelCreate 
11:00:29.657 INFO  =-=-=-=-=-=-=- Loading events(s): 29 -=-=-=-=-=-=-= 
11:00:29.663 INFO  Loading Event: channelDelete 
11:00:29.665 INFO  Loading Event: channelUpdate 
11:00:29.667 INFO  Loading Event: emojiCreate 
11:00:29.668 INFO  Loading Event: emojiDelete 
11:00:29.670 INFO  Loading Event: emojiUpdate 
11:00:29.672 INFO  Loading Event: error 
11:00:29.673 INFO  Loading Event: guildBanAdd 
11:00:29.675 INFO  Loading Event: guildBanRemove 
11:00:29.676 INFO  Loading Event: guildCreate 
11:00:29.683 INFO  Loading Event: guildDelete 
11:00:29.684 INFO  Loading Event: guildMemberAdd 
11:00:29.687 INFO  Loading Event: guildMemberRemove 
11:00:29.689 INFO  Loading Event: guildMemberUpdate 
11:00:29.691 INFO  Loading Event: guildUnavailable 
11:00:29.692 INFO  Loading Event: guildUpdate 
11:00:29.693 INFO  Loading Event: message 
11:00:29.695 INFO  Loading Event: messageDelete 
11:00:29.697 INFO  Loading Event: messageDeleteBulk 
11:00:29.699 INFO  Loading Event: messageReactionAdd 
11:00:29.701 INFO  Loading Event: messageReactionRemove 
11:00:29.703 INFO  Loading Event: messageUpdate 
11:00:29.705 INFO  Loading Event: ready 
11:00:29.706 INFO  Loading Event: roleCreate 
11:00:29.707 INFO  Loading Event: roleDelete 
11:00:29.709 INFO  Loading Event: roleUpdate 
11:00:29.710 INFO  Loading Event: shardDisconnect 
11:00:29.711 INFO  Loading Event: shardError 
11:00:29.712 INFO  Loading Event: warn 
11:00:29.784 INFO  Mongoose connection successfully opened 
11:00:30.369 INFO  -=-=-=-=-=-=-=-=-=-=-=-=-=-=-=-=-=-=-=-=-=-=-=-=-=-=-=-= 
11:00:30.368 INFO  TestBot123#3999, ready to serve [8] users in [1] servers. 
11:00:30.368 INFO  -=-=-=-=-=-=-=-=-=-=-=-=-=-=-=-=-=-=-=-=-=-=-=-=-=-=-=-= 
11:00:30.798 INFO  Bot dashboard is coming online 
11:00:30.819 INFO  Bot dashboard is online, running on port: 80 
11:00:30.820 INFO  Bot dashboard is online, running on port: 443 
11:02:15.542 INFO  =-=-=-=-=-=-=- Loading shard(s) -=-=-=-=-=-=-= 
11:02:15.733 INFO  Shard 0 launched 
11:02:16.156 INFO  =-=-=-=-=-=-=- Loading command(s): 97 -=-=-=-=-=-=-= 
11:02:16.162 INFO  Loading command: advice.js 
11:02:16.165 INFO  Loading command: fact.js 
11:02:16.166 INFO  Loading command: flip.js 
11:02:16.177 INFO  Loading command: meme.js 
11:02:16.178 INFO  Loading command: ping.js 
11:02:16.181 INFO  Loading command: pokemon.js 
11:02:16.182 INFO  Loading command: random.js 
11:02:16.184 INFO  Loading command: rps.js 
11:02:16.189 INFO  Loading command: urban.js 
11:02:16.192 INFO  Loading command: avatar.js 
11:02:16.193 INFO  Loading command: dashboard.js 
11:02:16.197 INFO  Loading command: giveaway.js 
11:02:16.198 INFO  Loading command: guildicon.js 
11:02:16.200 INFO  Loading command: poll.js 
11:02:16.204 INFO  Loading command: role-info.js 
11:02:16.207 INFO  Loading command: server-info.js 
11:02:16.209 INFO  Loading command: user-info.js 
11:02:16.844 INFO  Loading command: addban.js 
11:02:16.846 INFO  Loading command: reload.js 
11:02:16.845 INFO  Loading command: eval.js 
11:02:16.848 INFO  Loading command: shutdown.js 
11:02:16.850 INFO  Loading command: suggestion.js 
11:02:16.854 INFO  Loading command: blurpify.js 
11:02:16.858 INFO  Loading command: cat.js 
11:02:16.860 INFO  Loading command: changemymind.js 
11:02:16.861 INFO  Loading command: clyde.js 
11:02:16.856 INFO  Loading command: captcha.js 
11:02:16.863 INFO  Loading command: deepfry.js 
11:02:16.866 INFO  Loading command: dog.js 
11:02:17.166 INFO  Loading command: image.js 
11:02:17.167 INFO  Loading command: phcomment.js 
11:02:17.169 INFO  Loading command: qrcode.js 
11:02:17.171 INFO  Loading command: ship.js 
11:02:17.174 INFO  Loading command: stickbug.js 
11:02:17.176 INFO  Loading command: threats.js 
11:02:17.177 INFO  Loading command: twitter.js 
11:02:17.179 INFO  Loading command: whowouldwin.js 
11:02:17.186 INFO  Loading command: leaderboard.js 
11:02:17.188 INFO  Loading command: rank.js 
11:02:17.194 INFO  Loading command: help.js 
11:02:17.192 INFO  Loading command: about.js 
11:02:17.195 INFO  Loading command: invite.js 
11:02:17.202 INFO  Loading command: status.js 
11:02:17.198 INFO  Loading command: shorturl.js 
11:02:17.205 INFO  Loading command: support.js 
11:02:17.209 INFO  Loading command: clear-warning.js 
11:02:17.208 INFO  Loading command: ban.js 
11:02:17.210 INFO  Loading command: clear.js 
11:02:17.212 INFO  Loading command: deafen.js 
11:02:17.214 INFO  Loading command: kick.js 
11:02:17.215 INFO  Loading command: language.js 
11:02:17.217 INFO  Loading command: mute.js 
11:02:17.218 INFO  Loading command: nick.js 
11:02:17.220 INFO  Loading command: report.js 
11:02:17.221 INFO  Loading command: slowmode.js 
11:02:17.223 INFO  Loading command: ticket.js 
11:02:17.224 INFO  Loading command: unban.js 
11:02:17.225 INFO  Loading command: undeafen.js 
11:02:17.227 INFO  Loading command: unmute.js 
11:02:17.229 INFO  Loading command: warn.js 
11:02:17.231 INFO  Loading command: warnings.js 
11:02:17.233 INFO  Loading command: bassboost.js 
11:02:17.236 INFO  Loading command: leave.js 
11:02:17.235 INFO  Loading command: forceskip.js 
11:02:17.237 INFO  Loading command: loop.js 
11:02:17.240 INFO  Loading command: lyrics.js 
11:02:17.242 INFO  Loading command: movehere.js 
11:02:17.244 INFO  Loading command: pause.js 
11:02:17.245 INFO  Loading command: play-file.js 
11:02:17.351 INFO  Loading command: play.js 
11:02:17.352 INFO  Loading command: queue.js 
11:02:17.354 INFO  Loading command: radio.js 
11:02:17.356 INFO  Loading command: remove.js 
11:02:17.357 INFO  Loading command: resume.js 
11:02:17.416 INFO  Loading command: search.js 
11:02:17.417 INFO  Loading command: seek.js 
11:02:17.418 INFO  Loading command: shuffle.js 
11:02:17.419 INFO  Loading command: skip.js 
11:02:17.421 INFO  Loading command: skipto.js 
11:02:17.423 INFO  Loading command: song.js 
11:02:17.425 INFO  Loading command: volume.js 
11:02:17.539 INFO  Loading command: 4k.js 
11:02:17.540 INFO  Loading command: anal.js 
11:02:17.542 INFO  Loading command: ass.js 
11:02:17.543 INFO  Loading command: boob.js 
11:02:17.548 INFO  Loading command: gif.js 
11:02:17.551 INFO  Loading command: neko.js 
11:02:17.553 INFO  Loading command: pussy.js 
11:02:17.554 INFO  Loading command: thigh.js 
11:02:17.566 INFO  Loading command: fortnite.js 
11:02:17.568 INFO  Loading command: instagram.js 
11:02:17.595 INFO  Loading command: mc.js 
11:02:17.679 INFO  Loading command: r6.js 
11:02:17.682 INFO  Loading command: reddit.js 
11:02:17.685 INFO  Loading command: steam.js 
11:02:17.687 INFO  Loading command: twitch.js 
11:02:17.729 INFO  Loading command: weather.js 
11:02:17.731 INFO  Loading command: startmusictrivia.js 
11:02:17.733 INFO  Loading command: stopmusictrivia.js 
11:02:17.741 INFO  =-=-=-=-=-=-=- Loading events(s): 29 -=-=-=-=-=-=-= 
11:02:17.741 INFO  Loading Event: channelCreate 
11:02:17.747 INFO  Loading Event: channelDelete 
11:02:17.749 INFO  Loading Event: channelUpdate 
11:02:17.751 INFO  Loading Event: emojiCreate 
11:02:17.753 INFO  Loading Event: emojiDelete 
11:02:17.755 INFO  Loading Event: emojiUpdate 
11:02:17.756 INFO  Loading Event: error 
11:02:17.758 INFO  Loading Event: guildBanAdd 
11:02:17.761 INFO  Loading Event: guildBanRemove 
11:02:17.764 INFO  Loading Event: guildCreate 
11:02:17.772 INFO  Loading Event: guildDelete 
11:02:17.773 INFO  Loading Event: guildMemberAdd 
11:02:17.775 INFO  Loading Event: guildMemberRemove 
11:02:17.777 INFO  Loading Event: guildMemberUpdate 
11:02:17.779 INFO  Loading Event: guildUnavailable 
11:02:17.780 INFO  Loading Event: guildUpdate 
11:02:17.782 INFO  Loading Event: message 
11:02:17.784 INFO  Loading Event: messageDelete 
11:02:17.785 INFO  Loading Event: messageDeleteBulk 
11:02:17.788 INFO  Loading Event: messageReactionAdd 
11:02:17.789 INFO  Loading Event: messageReactionRemove 
11:02:17.791 INFO  Loading Event: messageUpdate 
11:02:17.792 INFO  Loading Event: ready 
11:02:17.794 INFO  Loading Event: roleCreate 
11:02:17.798 INFO  Loading Event: shardDisconnect 
11:02:17.796 INFO  Loading Event: roleUpdate 
11:02:17.799 INFO  Loading Event: shardError 
11:02:17.795 INFO  Loading Event: roleDelete 
11:02:17.801 INFO  Loading Event: warn 
11:02:17.862 INFO  Mongoose connection successfully opened 
11:02:18.514 INFO  -=-=-=-=-=-=-=-=-=-=-=-=-=-=-=-=-=-=-=-=-=-=-=-=-=-=-=-= 
11:02:18.513 INFO  -=-=-=-=-=-=-=-=-=-=-=-=-=-=-=-=-=-=-=-=-=-=-=-=-=-=-=-= 
11:02:18.513 INFO  TestBot123#3999, ready to serve [8] users in [1] servers. 
11:02:18.909 INFO  Bot dashboard is coming online 
11:02:18.930 INFO  Bot dashboard is online, running on port: 80 
11:02:18.930 INFO  Bot dashboard is online, running on port: 443 
11:06:50.776 INFO  =-=-=-=-=-=-=- Loading shard(s) -=-=-=-=-=-=-= 
11:06:50.975 INFO  Shard 0 launched 
11:06:51.534 INFO  =-=-=-=-=-=-=- Loading command(s): 97 -=-=-=-=-=-=-= 
11:06:51.549 INFO  Loading command: fact.js 
11:06:51.546 INFO  Loading command: advice.js 
11:06:51.551 INFO  Loading command: flip.js 
11:06:51.566 INFO  Loading command: meme.js 
11:06:51.569 INFO  Loading command: ping.js 
11:06:51.571 INFO  Loading command: pokemon.js 
11:06:51.573 INFO  Loading command: random.js 
11:06:51.575 INFO  Loading command: rps.js 
11:06:51.580 INFO  Loading command: urban.js 
11:06:51.584 INFO  Loading command: avatar.js 
11:06:51.586 INFO  Loading command: dashboard.js 
11:06:51.589 INFO  Loading command: giveaway.js 
11:06:51.591 INFO  Loading command: guildicon.js 
11:06:51.593 INFO  Loading command: poll.js 
11:06:51.597 INFO  Loading command: role-info.js 
11:06:51.603 INFO  Loading command: server-info.js 
11:06:51.608 INFO  Loading command: user-info.js 
11:06:52.371 INFO  Loading command: eval.js 
11:06:52.368 INFO  Loading command: addban.js 
11:06:52.372 INFO  Loading command: reload.js 
11:06:52.374 INFO  Loading command: shutdown.js 
11:06:52.376 INFO  Loading command: suggestion.js 
11:06:52.379 INFO  Loading command: blurpify.js 
11:06:52.382 INFO  Loading command: captcha.js 
11:06:52.384 INFO  Loading command: cat.js 
11:06:52.386 INFO  Loading command: changemymind.js 
11:06:52.388 INFO  Loading command: clyde.js 
11:06:52.390 INFO  Loading command: deepfry.js 
11:06:52.391 INFO  Loading command: dog.js 
11:06:52.762 INFO  Loading command: image.js 
11:06:52.764 INFO  Loading command: phcomment.js 
11:06:52.766 INFO  Loading command: qrcode.js 
11:06:52.768 INFO  Loading command: ship.js 
11:06:52.773 INFO  Loading command: stickbug.js 
11:06:52.777 INFO  Loading command: threats.js 
11:06:52.779 INFO  Loading command: twitter.js 
11:06:52.783 INFO  Loading command: whowouldwin.js 
11:06:52.790 INFO  Loading command: leaderboard.js 
11:06:52.791 INFO  Loading command: rank.js 
11:06:52.796 INFO  Loading command: about.js 
11:06:52.798 INFO  Loading command: help.js 
11:06:52.799 INFO  Loading command: invite.js 
11:06:52.802 INFO  Loading command: shorturl.js 
11:06:52.804 INFO  Loading command: status.js 
11:06:52.806 INFO  Loading command: support.js 
11:06:52.814 INFO  Loading command: clear-warning.js 
11:06:52.823 INFO  Loading command: deafen.js 
11:06:52.811 INFO  Loading command: ban.js 
11:06:52.819 INFO  Loading command: clear.js 
11:06:52.826 INFO  Loading command: kick.js 
11:06:52.828 INFO  Loading command: language.js 
11:06:52.830 INFO  Loading command: mute.js 
11:06:52.831 INFO  Loading command: nick.js 
11:06:52.833 INFO  Loading command: report.js 
11:06:52.835 INFO  Loading command: slowmode.js 
11:06:52.838 INFO  Loading command: ticket.js 
11:06:52.839 INFO  Loading command: unban.js 
11:06:52.840 INFO  Loading command: undeafen.js 
11:06:52.842 INFO  Loading command: unmute.js 
11:06:52.843 INFO  Loading command: warn.js 
11:06:52.844 INFO  Loading command: warnings.js 
11:06:52.847 INFO  Loading command: bassboost.js 
11:06:52.850 INFO  Loading command: forceskip.js 
11:06:52.851 INFO  Loading command: leave.js 
11:06:52.852 INFO  Loading command: loop.js 
11:06:52.854 INFO  Loading command: lyrics.js 
11:06:52.855 INFO  Loading command: movehere.js 
11:06:52.858 INFO  Loading command: play-file.js 
11:06:52.957 INFO  Loading command: play.js 
11:06:52.857 INFO  Loading command: pause.js 
11:06:52.959 INFO  Loading command: queue.js 
11:06:52.961 INFO  Loading command: radio.js 
11:06:52.963 INFO  Loading command: resume.js 
11:06:53.031 INFO  Loading command: search.js 
11:06:53.032 INFO  Loading command: seek.js 
11:06:53.033 INFO  Loading command: shuffle.js 
11:06:53.035 INFO  Loading command: skip.js 
11:06:52.962 INFO  Loading command: remove.js 
11:06:53.037 INFO  Loading command: skipto.js 
11:06:53.040 INFO  Loading command: song.js 
11:06:53.041 INFO  Loading command: volume.js 
11:06:53.145 INFO  Loading command: 4k.js 
11:06:53.146 INFO  Loading command: anal.js 
11:06:53.148 INFO  Loading command: ass.js 
11:06:53.150 INFO  Loading command: boob.js 
11:06:53.156 INFO  Loading command: gif.js 
11:06:53.158 INFO  Loading command: neko.js 
11:06:53.160 INFO  Loading command: pussy.js 
11:06:53.163 INFO  Loading command: thigh.js 
11:06:53.177 INFO  Loading command: fortnite.js 
11:06:53.180 INFO  Loading command: instagram.js 
11:06:53.221 INFO  Loading command: mc.js 
11:06:53.310 INFO  Loading command: r6.js 
11:06:53.312 INFO  Loading command: reddit.js 
11:06:53.316 INFO  Loading command: steam.js 
11:06:53.318 INFO  Loading command: twitch.js 
11:06:53.367 INFO  Loading command: weather.js 
11:06:53.373 INFO  Loading command: stopmusictrivia.js 
11:06:53.371 INFO  Loading command: startmusictrivia.js 
11:06:53.382 INFO  =-=-=-=-=-=-=- Loading events(s): 29 -=-=-=-=-=-=-= 
11:06:53.392 INFO  Loading Event: channelDelete 
11:06:53.383 INFO  Loading Event: channelCreate 
11:06:53.394 INFO  Loading Event: channelUpdate 
11:06:53.396 INFO  Loading Event: emojiCreate 
11:06:53.399 INFO  Loading Event: emojiDelete 
11:06:53.401 INFO  Loading Event: emojiUpdate 
11:06:53.404 INFO  Loading Event: error 
11:06:53.405 INFO  Loading Event: guildBanAdd 
11:06:53.407 INFO  Loading Event: guildBanRemove 
11:06:53.409 INFO  Loading Event: guildCreate 
11:06:53.420 INFO  Loading Event: guildDelete 
11:06:53.423 INFO  Loading Event: guildMemberAdd 
11:06:53.425 INFO  Loading Event: guildMemberRemove 
11:06:53.428 INFO  Loading Event: guildMemberUpdate 
11:06:53.430 INFO  Loading Event: guildUnavailable 
11:06:53.432 INFO  Loading Event: guildUpdate 
11:06:53.435 INFO  Loading Event: message 
11:06:53.438 INFO  Loading Event: messageDelete 
11:06:53.440 INFO  Loading Event: messageDeleteBulk 
11:06:53.446 INFO  Loading Event: messageReactionAdd 
11:06:53.449 INFO  Loading Event: messageReactionRemove 
11:06:53.455 INFO  Loading Event: messageUpdate 
11:06:53.458 INFO  Loading Event: ready 
11:06:53.459 INFO  Loading Event: roleCreate 
11:06:53.463 INFO  Loading Event: roleDelete 
11:06:53.470 INFO  Loading Event: shardDisconnect 
11:06:53.467 INFO  Loading Event: roleUpdate 
11:06:53.471 INFO  Loading Event: shardError 
11:06:53.472 INFO  Loading Event: warn 
11:06:53.536 INFO  Mongoose connection successfully opened 
11:06:54.113 INFO  TestBot123#3999, ready to serve [8] users in [1] servers. 
11:06:54.114 INFO  -=-=-=-=-=-=-=-=-=-=-=-=-=-=-=-=-=-=-=-=-=-=-=-=-=-=-=-= 
11:06:54.112 INFO  -=-=-=-=-=-=-=-=-=-=-=-=-=-=-=-=-=-=-=-=-=-=-=-=-=-=-=-= 
11:06:54.548 INFO  Bot dashboard is coming online 
11:06:54.575 INFO  Bot dashboard is online, running on port: 80 
11:06:54.575 INFO  Bot dashboard is online, running on port: 443 
11:11:42.740 INFO  =-=-=-=-=-=-=- Loading shard(s) -=-=-=-=-=-=-= 
11:11:42.924 INFO  Shard 0 launched 
11:11:43.448 INFO  =-=-=-=-=-=-=- Loading command(s): 97 -=-=-=-=-=-=-= 
11:11:43.462 INFO  Loading command: fact.js 
11:11:43.457 INFO  Loading command: advice.js 
11:11:43.465 INFO  Loading command: flip.js 
11:11:43.480 INFO  Loading command: meme.js 
11:11:43.482 INFO  Loading command: ping.js 
11:11:43.487 INFO  Loading command: pokemon.js 
11:11:43.488 INFO  Loading command: random.js 
11:11:43.491 INFO  Loading command: rps.js 
11:11:43.495 INFO  Loading command: urban.js 
11:11:43.498 INFO  Loading command: avatar.js 
11:11:43.501 INFO  Loading command: dashboard.js 
11:11:43.506 INFO  Loading command: giveaway.js 
11:11:43.508 INFO  Loading command: guildicon.js 
11:11:43.510 INFO  Loading command: poll.js 
11:11:43.515 INFO  Loading command: role-info.js 
11:11:43.520 INFO  Loading command: server-info.js 
11:11:43.524 INFO  Loading command: user-info.js 
11:11:44.329 INFO  Loading command: addban.js 
11:11:44.333 INFO  Loading command: shutdown.js 
11:11:44.332 INFO  Loading command: reload.js 
11:11:44.330 INFO  Loading command: eval.js 
11:11:44.335 INFO  Loading command: suggestion.js 
11:11:44.341 INFO  Loading command: captcha.js 
11:11:44.339 INFO  Loading command: blurpify.js 
11:11:44.343 INFO  Loading command: cat.js 
11:11:44.344 INFO  Loading command: changemymind.js 
11:11:44.346 INFO  Loading command: clyde.js 
11:11:44.348 INFO  Loading command: deepfry.js 
11:11:44.349 INFO  Loading command: dog.js 
11:11:44.651 INFO  Loading command: image.js 
11:11:44.653 INFO  Loading command: phcomment.js 
11:11:44.655 INFO  Loading command: qrcode.js 
11:11:44.657 INFO  Loading command: ship.js 
11:11:44.659 INFO  Loading command: stickbug.js 
11:11:44.661 INFO  Loading command: threats.js 
11:11:44.662 INFO  Loading command: twitter.js 
11:11:44.664 INFO  Loading command: whowouldwin.js 
11:11:44.667 INFO  Loading command: leaderboard.js 
11:11:44.669 INFO  Loading command: rank.js 
11:11:44.672 INFO  Loading command: about.js 
11:11:44.675 INFO  Loading command: invite.js 
11:11:44.673 INFO  Loading command: help.js 
11:11:44.677 INFO  Loading command: shorturl.js 
11:11:44.679 INFO  Loading command: status.js 
11:11:44.680 INFO  Loading command: support.js 
11:11:44.683 INFO  Loading command: ban.js 
11:11:44.684 INFO  Loading command: clear-warning.js 
11:11:44.686 INFO  Loading command: clear.js 
11:11:44.688 INFO  Loading command: deafen.js 
11:11:44.689 INFO  Loading command: kick.js 
11:11:44.690 INFO  Loading command: language.js 
11:11:44.692 INFO  Loading command: mute.js 
11:11:44.693 INFO  Loading command: nick.js 
11:11:44.694 INFO  Loading command: report.js 
11:11:44.696 INFO  Loading command: slowmode.js 
11:11:44.697 INFO  Loading command: ticket.js 
11:11:44.701 INFO  Loading command: undeafen.js 
11:11:44.704 INFO  Loading command: unmute.js 
11:11:44.698 INFO  Loading command: unban.js 
11:11:44.706 INFO  Loading command: warn.js 
11:11:44.708 INFO  Loading command: warnings.js 
11:11:44.711 INFO  Loading command: forceskip.js 
11:11:44.712 INFO  Loading command: leave.js 
11:11:44.710 INFO  Loading command: bassboost.js 
11:11:44.714 INFO  Loading command: loop.js 
11:11:44.716 INFO  Loading command: lyrics.js 
11:11:44.717 INFO  Loading command: movehere.js 
11:11:44.718 INFO  Loading command: pause.js 
11:11:44.720 INFO  Loading command: play-file.js 
11:11:44.861 INFO  Loading command: play.js 
11:11:44.862 INFO  Loading command: queue.js 
11:11:44.865 INFO  Loading command: radio.js 
11:11:44.866 INFO  Loading command: remove.js 
11:11:44.868 INFO  Loading command: resume.js 
11:11:44.941 INFO  Loading command: search.js 
11:11:44.943 INFO  Loading command: seek.js 
11:11:44.944 INFO  Loading command: shuffle.js 
11:11:44.945 INFO  Loading command: skip.js 
11:11:44.946 INFO  Loading command: skipto.js 
11:11:44.950 INFO  Loading command: song.js 
11:11:44.951 INFO  Loading command: volume.js 
11:11:45.072 INFO  Loading command: 4k.js 
11:11:45.075 INFO  Loading command: anal.js 
11:11:45.077 INFO  Loading command: ass.js 
11:11:45.079 INFO  Loading command: boob.js 
11:11:45.083 INFO  Loading command: gif.js 
11:11:45.098 INFO  Loading command: neko.js 
11:11:45.104 INFO  Loading command: pussy.js 
11:11:45.106 INFO  Loading command: thigh.js 
11:11:45.122 INFO  Loading command: fortnite.js 
11:11:45.124 INFO  Loading command: instagram.js 
11:11:45.163 INFO  Loading command: mc.js 
11:11:45.263 INFO  Loading command: r6.js 
11:11:45.265 INFO  Loading command: reddit.js 
11:11:45.334 INFO  Loading command: weather.js 
11:11:45.272 INFO  Loading command: steam.js 
11:11:45.274 INFO  Loading command: twitch.js 
11:11:45.337 INFO  Loading command: stopmusictrivia.js 
11:11:45.336 INFO  Loading command: startmusictrivia.js 
11:11:45.353 INFO  Loading Event: channelDelete 
11:11:45.346 INFO  Loading Event: channelCreate 
11:11:45.345 INFO  =-=-=-=-=-=-=- Loading events(s): 29 -=-=-=-=-=-=-= 
11:11:45.356 INFO  Loading Event: channelUpdate 
11:11:45.357 INFO  Loading Event: emojiCreate 
11:11:45.359 INFO  Loading Event: emojiDelete 
11:11:45.364 INFO  Loading Event: emojiUpdate 
11:11:45.366 INFO  Loading Event: error 
11:11:45.369 INFO  Loading Event: guildBanAdd 
11:11:45.371 INFO  Loading Event: guildBanRemove 
11:11:45.372 INFO  Loading Event: guildCreate 
11:11:45.381 INFO  Loading Event: guildDelete 
11:11:45.382 INFO  Loading Event: guildMemberAdd 
11:11:45.386 INFO  Loading Event: guildMemberRemove 
11:11:45.388 INFO  Loading Event: guildMemberUpdate 
11:11:45.390 INFO  Loading Event: guildUnavailable 
11:11:45.391 INFO  Loading Event: guildUpdate 
11:11:45.396 INFO  Loading Event: messageDelete 
11:11:45.393 INFO  Loading Event: message 
11:11:45.398 INFO  Loading Event: messageDeleteBulk 
11:11:45.400 INFO  Loading Event: messageReactionAdd 
11:11:45.402 INFO  Loading Event: messageReactionRemove 
11:11:45.404 INFO  Loading Event: messageUpdate 
11:11:45.406 INFO  Loading Event: ready 
11:11:45.408 INFO  Loading Event: roleCreate 
11:11:45.409 INFO  Loading Event: roleDelete 
11:11:45.411 INFO  Loading Event: roleUpdate 
11:11:45.413 INFO  Loading Event: shardDisconnect 
11:11:45.414 INFO  Loading Event: shardError 
11:11:45.415 INFO  Loading Event: warn 
11:11:45.475 INFO  Mongoose connection successfully opened 
11:11:46.030 INFO  -=-=-=-=-=-=-=-=-=-=-=-=-=-=-=-=-=-=-=-=-=-=-=-=-=-=-=-= 
11:11:46.029 INFO  -=-=-=-=-=-=-=-=-=-=-=-=-=-=-=-=-=-=-=-=-=-=-=-=-=-=-=-= 
11:11:46.030 INFO  TestBot123#3999, ready to serve [8] users in [1] servers. 
11:11:46.438 INFO  Bot dashboard is coming online 
11:11:46.474 INFO  Bot dashboard is online, running on port: 80 
11:11:46.474 INFO  Bot dashboard is online, running on port: 443 
11:11:52.451 ERROR Missing Permissions when running command: nick. 
11:14:17.402 INFO  =-=-=-=-=-=-=- Loading shard(s) -=-=-=-=-=-=-= 
11:14:17.588 INFO  Shard 0 launched 
11:14:18.002 INFO  =-=-=-=-=-=-=- Loading command(s): 97 -=-=-=-=-=-=-= 
11:14:18.010 INFO  Loading command: advice.js 
11:14:18.013 INFO  Loading command: fact.js 
11:14:18.035 INFO  Loading command: meme.js 
11:14:18.038 INFO  Loading command: ping.js 
11:14:18.016 INFO  Loading command: flip.js 
11:14:18.041 INFO  Loading command: pokemon.js 
11:14:18.044 INFO  Loading command: random.js 
11:14:18.050 INFO  Loading command: urban.js 
11:14:18.046 INFO  Loading command: rps.js 
11:14:18.054 INFO  Loading command: avatar.js 
11:14:18.060 INFO  Loading command: giveaway.js 
11:14:18.056 INFO  Loading command: dashboard.js 
11:14:18.064 INFO  Loading command: guildicon.js 
11:14:18.066 INFO  Loading command: poll.js 
11:14:18.069 INFO  Loading command: role-info.js 
11:14:18.071 INFO  Loading command: server-info.js 
11:14:18.076 INFO  Loading command: user-info.js 
11:14:18.756 INFO  Loading command: addban.js 
11:14:18.757 INFO  Loading command: eval.js 
11:14:18.759 INFO  Loading command: reload.js 
11:14:18.760 INFO  Loading command: shutdown.js 
11:14:18.762 INFO  Loading command: suggestion.js 
11:14:18.770 INFO  Loading command: captcha.js 
11:14:18.767 INFO  Loading command: blurpify.js 
11:14:18.771 INFO  Loading command: cat.js 
11:14:18.773 INFO  Loading command: changemymind.js 
11:14:18.776 INFO  Loading command: clyde.js 
11:14:18.778 INFO  Loading command: deepfry.js 
11:14:18.780 INFO  Loading command: dog.js 
11:14:19.143 INFO  Loading command: image.js 
11:14:19.146 INFO  Loading command: phcomment.js 
11:14:19.148 INFO  Loading command: qrcode.js 
11:14:19.153 INFO  Loading command: stickbug.js 
11:14:19.156 INFO  Loading command: threats.js 
11:14:19.150 INFO  Loading command: ship.js 
11:14:19.160 INFO  Loading command: twitter.js 
11:14:19.163 INFO  Loading command: whowouldwin.js 
11:14:19.171 INFO  Loading command: rank.js 
11:14:19.167 INFO  Loading command: leaderboard.js 
11:14:19.175 INFO  Loading command: about.js 
11:14:19.178 INFO  Loading command: invite.js 
11:14:19.177 INFO  Loading command: help.js 
11:14:19.182 INFO  Loading command: shorturl.js 
11:14:19.186 INFO  Loading command: status.js 
11:14:19.188 INFO  Loading command: support.js 
11:14:19.195 INFO  Loading command: clear-warning.js 
11:14:19.198 INFO  Loading command: clear.js 
11:14:19.200 INFO  Loading command: deafen.js 
11:14:19.202 INFO  Loading command: kick.js 
11:14:19.192 INFO  Loading command: ban.js 
11:14:19.204 INFO  Loading command: language.js 
11:14:19.206 INFO  Loading command: mute.js 
11:14:19.211 INFO  Loading command: nick.js 
11:14:19.216 INFO  Loading command: report.js 
11:14:19.218 INFO  Loading command: slowmode.js 
11:14:19.223 INFO  Loading command: ticket.js 
11:14:19.225 INFO  Loading command: unban.js 
11:14:19.228 INFO  Loading command: undeafen.js 
11:14:19.232 INFO  Loading command: unmute.js 
11:14:19.234 INFO  Loading command: warn.js 
11:14:19.238 INFO  Loading command: warnings.js 
11:14:19.242 INFO  Loading command: forceskip.js 
11:14:19.241 INFO  Loading command: bassboost.js 
11:14:19.243 INFO  Loading command: leave.js 
11:14:19.245 INFO  Loading command: loop.js 
11:14:19.248 INFO  Loading command: lyrics.js 
11:14:19.250 INFO  Loading command: movehere.js 
11:14:19.251 INFO  Loading command: pause.js 
11:14:19.252 INFO  Loading command: play-file.js 
11:14:19.358 INFO  Loading command: play.js 
11:14:19.362 INFO  Loading command: queue.js 
11:14:19.364 INFO  Loading command: radio.js 
11:14:19.366 INFO  Loading command: remove.js 
11:14:19.367 INFO  Loading command: resume.js 
11:14:19.435 INFO  Loading command: search.js 
11:14:19.438 INFO  Loading command: seek.js 
11:14:19.440 INFO  Loading command: shuffle.js 
11:14:19.441 INFO  Loading command: skip.js 
11:14:19.442 INFO  Loading command: skipto.js 
11:14:19.446 INFO  Loading command: song.js 
11:14:19.447 INFO  Loading command: volume.js 
11:14:19.601 INFO  Loading command: 4k.js 
11:14:19.603 INFO  Loading command: anal.js 
11:14:19.605 INFO  Loading command: ass.js 
11:14:19.607 INFO  Loading command: boob.js 
11:14:19.614 INFO  Loading command: gif.js 
11:14:19.620 INFO  Loading command: neko.js 
11:14:19.626 INFO  Loading command: pussy.js 
11:14:19.629 INFO  Loading command: thigh.js 
11:14:19.646 INFO  Loading command: fortnite.js 
11:14:19.651 INFO  Loading command: instagram.js 
11:14:19.787 INFO  Loading command: r6.js 
11:14:19.685 INFO  Loading command: mc.js 
11:14:19.789 INFO  Loading command: reddit.js 
11:14:19.793 INFO  Loading command: steam.js 
11:14:19.795 INFO  Loading command: twitch.js 
11:14:19.842 INFO  Loading command: weather.js 
11:14:19.844 INFO  Loading command: startmusictrivia.js 
11:14:19.845 INFO  Loading command: stopmusictrivia.js 
11:14:19.854 INFO  =-=-=-=-=-=-=- Loading events(s): 29 -=-=-=-=-=-=-= 
11:14:19.856 INFO  Loading Event: channelCreate 
11:14:19.867 INFO  Loading Event: channelUpdate 
11:14:19.864 INFO  Loading Event: channelDelete 
11:14:19.869 INFO  Loading Event: emojiCreate 
11:14:19.871 INFO  Loading Event: emojiDelete 
11:14:19.872 INFO  Loading Event: emojiUpdate 
11:14:19.874 INFO  Loading Event: error 
11:14:19.875 INFO  Loading Event: guildBanAdd 
11:14:19.877 INFO  Loading Event: guildBanRemove 
11:14:19.879 INFO  Loading Event: guildCreate 
11:14:19.887 INFO  Loading Event: guildDelete 
11:14:19.888 INFO  Loading Event: guildMemberAdd 
11:14:19.890 INFO  Loading Event: guildMemberRemove 
11:14:19.893 INFO  Loading Event: guildMemberUpdate 
11:14:19.895 INFO  Loading Event: guildUnavailable 
11:14:19.896 INFO  Loading Event: guildUpdate 
11:14:19.899 INFO  Loading Event: messageDelete 
11:14:19.902 INFO  Loading Event: messageDeleteBulk 
11:14:19.897 INFO  Loading Event: message 
11:14:19.905 INFO  Loading Event: messageReactionAdd 
11:14:19.907 INFO  Loading Event: messageReactionRemove 
11:14:19.908 INFO  Loading Event: messageUpdate 
11:14:19.911 INFO  Loading Event: roleCreate 
11:14:19.910 INFO  Loading Event: ready 
11:14:19.913 INFO  Loading Event: roleDelete 
11:14:19.915 INFO  Loading Event: roleUpdate 
11:14:19.917 INFO  Loading Event: shardDisconnect 
11:14:19.918 INFO  Loading Event: shardError 
11:14:19.919 INFO  Loading Event: warn 
11:14:19.977 INFO  Mongoose connection successfully opened 
11:14:20.507 INFO  -=-=-=-=-=-=-=-=-=-=-=-=-=-=-=-=-=-=-=-=-=-=-=-=-=-=-=-= 
11:14:20.508 INFO  TestBot123#3999, ready to serve [8] users in [1] servers. 
11:14:20.508 INFO  -=-=-=-=-=-=-=-=-=-=-=-=-=-=-=-=-=-=-=-=-=-=-=-=-=-=-=-= 
11:14:20.983 INFO  Bot dashboard is coming online 
11:14:21.006 INFO  Bot dashboard is online, running on port: 80 
11:14:21.007 INFO  Bot dashboard is online, running on port: 443 
11:14:42.325 ERROR Missing Permissions when running command: nick. 
11:22:35.710 INFO  =-=-=-=-=-=-=- Loading shard(s) -=-=-=-=-=-=-= 
11:22:35.962 INFO  Shard 0 launched 
11:22:36.485 INFO  =-=-=-=-=-=-=- Loading command(s): 97 -=-=-=-=-=-=-= 
11:22:36.491 INFO  Loading command: advice.js 
11:22:36.494 INFO  Loading command: fact.js 
11:22:36.497 INFO  Loading command: flip.js 
11:22:36.511 INFO  Loading command: meme.js 
11:22:36.515 INFO  Loading command: ping.js 
11:22:36.518 INFO  Loading command: pokemon.js 
11:22:36.520 INFO  Loading command: random.js 
11:22:36.523 INFO  Loading command: rps.js 
11:22:36.528 INFO  Loading command: urban.js 
11:22:36.536 INFO  Loading command: dashboard.js 
11:22:36.540 INFO  Loading command: giveaway.js 
11:22:36.543 INFO  Loading command: guildicon.js 
11:22:36.545 INFO  Loading command: poll.js 
11:22:36.548 INFO  Loading command: role-info.js 
11:22:36.563 INFO  Loading command: user-info.js 
11:22:36.533 INFO  Loading command: avatar.js 
11:22:36.556 INFO  Loading command: server-info.js 
11:22:37.243 INFO  Loading command: addban.js 
11:22:37.244 INFO  Loading command: eval.js 
11:22:37.246 INFO  Loading command: reload.js 
11:22:37.247 INFO  Loading command: shutdown.js 
11:22:37.249 INFO  Loading command: suggestion.js 
11:22:37.255 INFO  Loading command: cat.js 
11:22:37.253 INFO  Loading command: captcha.js 
11:22:37.257 INFO  Loading command: changemymind.js 
11:22:37.252 INFO  Loading command: blurpify.js 
11:22:37.258 INFO  Loading command: clyde.js 
11:22:37.260 INFO  Loading command: deepfry.js 
11:22:37.261 INFO  Loading command: dog.js 
11:22:37.569 INFO  Loading command: image.js 
11:22:37.571 INFO  Loading command: phcomment.js 
11:22:37.573 INFO  Loading command: qrcode.js 
11:22:37.577 INFO  Loading command: stickbug.js 
11:22:37.579 INFO  Loading command: threats.js 
11:22:37.581 INFO  Loading command: twitter.js 
11:22:37.575 INFO  Loading command: ship.js 
11:22:37.585 INFO  Loading command: whowouldwin.js 
11:22:37.589 INFO  Loading command: leaderboard.js 
11:22:37.592 INFO  Loading command: rank.js 
11:22:37.595 INFO  Loading command: about.js 
11:22:37.599 INFO  Loading command: invite.js 
11:22:37.597 INFO  Loading command: help.js 
11:22:37.602 INFO  Loading command: shorturl.js 
11:22:37.606 INFO  Loading command: status.js 
11:22:37.609 INFO  Loading command: support.js 
11:22:37.613 INFO  Loading command: ban.js 
11:22:37.615 INFO  Loading command: clear-warning.js 
11:22:37.617 INFO  Loading command: clear.js 
11:22:37.619 INFO  Loading command: deafen.js 
11:22:37.621 INFO  Loading command: kick.js 
11:22:37.622 INFO  Loading command: language.js 
11:22:37.625 INFO  Loading command: mute.js 
11:22:37.626 INFO  Loading command: nick.js 
11:22:37.629 INFO  Loading command: report.js 
11:22:37.631 INFO  Loading command: slowmode.js 
11:22:37.633 INFO  Loading command: ticket.js 
11:22:37.634 INFO  Loading command: unban.js 
11:22:37.635 INFO  Loading command: undeafen.js 
11:22:37.637 INFO  Loading command: unmute.js 
11:22:37.639 INFO  Loading command: warn.js 
11:22:37.641 INFO  Loading command: warnings.js 
11:22:37.644 INFO  Loading command: bassboost.js 
11:22:37.646 INFO  Loading command: forceskip.js 
11:22:37.647 INFO  Loading command: leave.js 
11:22:37.649 INFO  Loading command: loop.js 
11:22:37.654 INFO  Loading command: lyrics.js 
11:22:37.657 INFO  Loading command: movehere.js 
11:22:37.659 INFO  Loading command: pause.js 
11:22:37.661 INFO  Loading command: play-file.js 
11:22:37.796 INFO  Loading command: play.js 
11:22:37.797 INFO  Loading command: queue.js 
11:22:37.799 INFO  Loading command: radio.js 
11:22:37.800 INFO  Loading command: remove.js 
11:22:37.801 INFO  Loading command: resume.js 
11:22:37.864 INFO  Loading command: search.js 
11:22:37.866 INFO  Loading command: seek.js 
11:22:37.868 INFO  Loading command: shuffle.js 
11:22:37.869 INFO  Loading command: skip.js 
11:22:37.871 INFO  Loading command: skipto.js 
11:22:37.875 INFO  Loading command: song.js 
11:22:37.878 INFO  Loading command: volume.js 
11:22:38.035 INFO  Loading command: 4k.js 
11:22:38.037 INFO  Loading command: anal.js 
11:22:38.039 INFO  Loading command: ass.js 
11:22:38.041 INFO  Loading command: boob.js 
11:22:38.047 INFO  Loading command: gif.js 
11:22:38.049 INFO  Loading command: neko.js 
11:22:38.052 INFO  Loading command: pussy.js 
11:22:38.054 INFO  Loading command: thigh.js 
11:22:38.072 INFO  Loading command: instagram.js 
11:22:38.067 INFO  Loading command: fortnite.js 
11:22:38.108 INFO  Loading command: mc.js 
11:22:38.201 INFO  Loading command: r6.js 
11:22:38.203 INFO  Loading command: reddit.js 
11:22:38.207 INFO  Loading command: steam.js 
11:22:38.211 INFO  Loading command: twitch.js 
11:22:38.255 INFO  Loading command: weather.js 
11:22:38.260 INFO  Loading command: stopmusictrivia.js 
11:22:38.259 INFO  Loading command: startmusictrivia.js 
11:22:38.276 INFO  Loading Event: channelDelete 
11:22:38.270 INFO  Loading Event: channelCreate 
11:22:38.268 INFO  =-=-=-=-=-=-=- Loading events(s): 29 -=-=-=-=-=-=-= 
11:22:38.278 INFO  Loading Event: channelUpdate 
11:22:38.280 INFO  Loading Event: emojiCreate 
11:22:38.282 INFO  Loading Event: emojiDelete 
11:22:38.284 INFO  Loading Event: emojiUpdate 
11:22:38.285 INFO  Loading Event: error 
11:22:38.286 INFO  Loading Event: guildBanAdd 
11:22:38.288 INFO  Loading Event: guildBanRemove 
11:22:38.290 INFO  Loading Event: guildCreate 
11:22:38.297 INFO  Loading Event: guildDelete 
11:22:38.298 INFO  Loading Event: guildMemberAdd 
11:22:38.300 INFO  Loading Event: guildMemberRemove 
11:22:38.302 INFO  Loading Event: guildMemberUpdate 
11:22:38.304 INFO  Loading Event: guildUnavailable 
11:22:38.305 INFO  Loading Event: guildUpdate 
11:22:38.306 INFO  Loading Event: message 
11:22:38.308 INFO  Loading Event: messageDelete 
11:22:38.310 INFO  Loading Event: messageDeleteBulk 
11:22:38.313 INFO  Loading Event: messageReactionAdd 
11:22:38.315 INFO  Loading Event: messageReactionRemove 
11:22:38.317 INFO  Loading Event: messageUpdate 
11:22:38.319 INFO  Loading Event: ready 
11:22:38.321 INFO  Loading Event: roleCreate 
11:22:38.327 INFO  Loading Event: roleDelete 
11:22:38.331 INFO  Loading Event: roleUpdate 
11:22:38.333 INFO  Loading Event: shardDisconnect 
11:22:38.335 INFO  Loading Event: shardError 
11:22:38.338 INFO  Loading Event: warn 
11:22:38.404 INFO  Mongoose connection successfully opened 
11:22:39.394 INFO  -=-=-=-=-=-=-=-=-=-=-=-=-=-=-=-=-=-=-=-=-=-=-=-=-=-=-=-= 
11:22:39.395 INFO  -=-=-=-=-=-=-=-=-=-=-=-=-=-=-=-=-=-=-=-=-=-=-=-=-=-=-=-= 
11:22:39.394 INFO  TestBot123#3999, ready to serve [8] users in [1] servers. 
11:22:39.814 INFO  Bot dashboard is coming online 
11:22:39.836 INFO  Bot dashboard is online, running on port: 80 
11:22:39.837 INFO  Bot dashboard is online, running on port: 443 
11:23:17.363 INFO  =-=-=-=-=-=-=- Loading shard(s) -=-=-=-=-=-=-= 
11:23:17.591 INFO  Shard 0 launched 
11:23:18.035 INFO  =-=-=-=-=-=-=- Loading command(s): 97 -=-=-=-=-=-=-= 
11:23:18.043 INFO  Loading command: advice.js 
11:23:18.047 INFO  Loading command: fact.js 
11:23:18.049 INFO  Loading command: flip.js 
11:23:18.065 INFO  Loading command: meme.js 
11:23:18.066 INFO  Loading command: ping.js 
11:23:18.070 INFO  Loading command: pokemon.js 
11:23:18.071 INFO  Loading command: random.js 
11:23:18.073 INFO  Loading command: rps.js 
11:23:18.077 INFO  Loading command: urban.js 
11:23:18.080 INFO  Loading command: avatar.js 
11:23:18.082 INFO  Loading command: dashboard.js 
11:23:18.085 INFO  Loading command: giveaway.js 
11:23:18.090 INFO  Loading command: role-info.js 
11:23:18.094 INFO  Loading command: server-info.js 
11:23:18.096 INFO  Loading command: user-info.js 
11:23:18.087 INFO  Loading command: guildicon.js 
11:23:18.088 INFO  Loading command: poll.js 
11:23:18.720 INFO  Loading command: addban.js 
11:23:18.722 INFO  Loading command: reload.js 
11:23:18.723 INFO  Loading command: shutdown.js 
11:23:18.721 INFO  Loading command: eval.js 
11:23:18.725 INFO  Loading command: suggestion.js 
11:23:18.731 INFO  Loading command: captcha.js 
11:23:18.729 INFO  Loading command: blurpify.js 
11:23:18.734 INFO  Loading command: changemymind.js 
11:23:18.732 INFO  Loading command: cat.js 
11:23:18.735 INFO  Loading command: clyde.js 
11:23:18.739 INFO  Loading command: dog.js 
11:23:18.737 INFO  Loading command: deepfry.js 
11:23:19.018 INFO  Loading command: image.js 
11:23:19.019 INFO  Loading command: phcomment.js 
11:23:19.021 INFO  Loading command: qrcode.js 
11:23:19.023 INFO  Loading command: ship.js 
11:23:19.024 INFO  Loading command: stickbug.js 
11:23:19.026 INFO  Loading command: threats.js 
11:23:19.028 INFO  Loading command: twitter.js 
11:23:19.029 INFO  Loading command: whowouldwin.js 
11:23:19.033 INFO  Loading command: leaderboard.js 
11:23:19.034 INFO  Loading command: rank.js 
11:23:19.037 INFO  Loading command: about.js 
11:23:19.038 INFO  Loading command: help.js 
11:23:19.039 INFO  Loading command: invite.js 
11:23:19.042 INFO  Loading command: shorturl.js 
11:23:19.044 INFO  Loading command: status.js 
11:23:19.045 INFO  Loading command: support.js 
11:23:19.048 INFO  Loading command: ban.js 
11:23:19.049 INFO  Loading command: clear-warning.js 
11:23:19.051 INFO  Loading command: clear.js 
11:23:19.052 INFO  Loading command: deafen.js 
11:23:19.053 INFO  Loading command: kick.js 
11:23:19.054 INFO  Loading command: language.js 
11:23:19.055 INFO  Loading command: mute.js 
11:23:19.057 INFO  Loading command: nick.js 
11:23:19.058 INFO  Loading command: report.js 
11:23:19.059 INFO  Loading command: slowmode.js 
11:23:19.061 INFO  Loading command: ticket.js 
11:23:19.063 INFO  Loading command: unban.js 
11:23:19.064 INFO  Loading command: undeafen.js 
11:23:19.065 INFO  Loading command: unmute.js 
11:23:19.067 INFO  Loading command: warn.js 
11:23:19.068 INFO  Loading command: warnings.js 
11:23:19.072 INFO  Loading command: forceskip.js 
11:23:19.071 INFO  Loading command: bassboost.js 
11:23:19.074 INFO  Loading command: leave.js 
11:23:19.075 INFO  Loading command: loop.js 
11:23:19.078 INFO  Loading command: lyrics.js 
11:23:19.079 INFO  Loading command: movehere.js 
11:23:19.081 INFO  Loading command: play-file.js 
11:23:19.080 INFO  Loading command: pause.js 
11:23:19.206 INFO  Loading command: play.js 
11:23:19.208 INFO  Loading command: queue.js 
11:23:19.210 INFO  Loading command: radio.js 
11:23:19.212 INFO  Loading command: remove.js 
11:23:19.213 INFO  Loading command: resume.js 
11:23:19.273 INFO  Loading command: search.js 
11:23:19.274 INFO  Loading command: seek.js 
11:23:19.276 INFO  Loading command: shuffle.js 
11:23:19.278 INFO  Loading command: skip.js 
11:23:19.279 INFO  Loading command: skipto.js 
11:23:19.283 INFO  Loading command: song.js 
11:23:19.284 INFO  Loading command: volume.js 
11:23:19.413 INFO  Loading command: 4k.js 
11:23:19.414 INFO  Loading command: anal.js 
11:23:19.416 INFO  Loading command: ass.js 
11:23:19.418 INFO  Loading command: boob.js 
11:23:19.422 INFO  Loading command: gif.js 
11:23:19.425 INFO  Loading command: neko.js 
11:23:19.428 INFO  Loading command: pussy.js 
11:23:19.432 INFO  Loading command: thigh.js 
11:23:19.443 INFO  Loading command: fortnite.js 
11:23:19.579 INFO  Loading command: reddit.js 
11:23:19.582 INFO  Loading command: steam.js 
11:23:19.585 INFO  Loading command: twitch.js 
11:23:19.653 INFO  Loading command: weather.js 
11:23:19.477 INFO  Loading command: mc.js 
11:23:19.446 INFO  Loading command: instagram.js 
11:23:19.576 INFO  Loading command: r6.js 
11:23:19.658 INFO  Loading command: stopmusictrivia.js 
11:23:19.656 INFO  Loading command: startmusictrivia.js 
11:23:19.667 INFO  =-=-=-=-=-=-=- Loading events(s): 29 -=-=-=-=-=-=-= 
11:23:19.668 INFO  Loading Event: channelCreate 
11:23:19.670 INFO  Loading Event: channelDelete 
11:23:19.672 INFO  Loading Event: channelUpdate 
11:23:19.677 INFO  Loading Event: emojiCreate 
11:23:19.679 INFO  Loading Event: emojiDelete 
11:23:19.681 INFO  Loading Event: emojiUpdate 
11:23:19.682 INFO  Loading Event: error 
11:23:19.683 INFO  Loading Event: guildBanAdd 
11:23:19.685 INFO  Loading Event: guildBanRemove 
11:23:19.686 INFO  Loading Event: guildCreate 
11:23:19.694 INFO  Loading Event: guildDelete 
11:23:19.695 INFO  Loading Event: guildMemberAdd 
11:23:19.697 INFO  Loading Event: guildMemberRemove 
11:23:19.699 INFO  Loading Event: guildMemberUpdate 
11:23:19.701 INFO  Loading Event: guildUnavailable 
11:23:19.702 INFO  Loading Event: guildUpdate 
11:23:19.704 INFO  Loading Event: message 
11:23:19.705 INFO  Loading Event: messageDelete 
11:23:19.707 INFO  Loading Event: messageDeleteBulk 
11:23:19.709 INFO  Loading Event: messageReactionAdd 
11:23:19.710 INFO  Loading Event: messageReactionRemove 
11:23:19.712 INFO  Loading Event: messageUpdate 
11:23:19.714 INFO  Loading Event: ready 
11:23:19.715 INFO  Loading Event: roleCreate 
11:23:19.717 INFO  Loading Event: roleDelete 
11:23:19.719 INFO  Loading Event: roleUpdate 
11:23:19.721 INFO  Loading Event: shardDisconnect 
11:23:19.722 INFO  Loading Event: shardError 
11:23:19.723 INFO  Loading Event: warn 
11:23:19.781 INFO  Mongoose connection successfully opened 
11:23:20.340 INFO  -=-=-=-=-=-=-=-=-=-=-=-=-=-=-=-=-=-=-=-=-=-=-=-=-=-=-=-= 
11:23:20.339 INFO  -=-=-=-=-=-=-=-=-=-=-=-=-=-=-=-=-=-=-=-=-=-=-=-=-=-=-=-= 
11:23:20.340 INFO  TestBot123#3999, ready to serve [8] users in [1] servers. 
11:23:20.724 INFO  Bot dashboard is coming online 
11:23:20.744 INFO  Bot dashboard is online, running on port: 80 
11:23:20.744 INFO  Bot dashboard is online, running on port: 443 
11:23:27.399 INFO  Guild: sfdfsdas has been updated. 
11:24:07.602 INFO  Guild: steve has been updated. 
11:24:51.265 INFO  =-=-=-=-=-=-=- Loading shard(s) -=-=-=-=-=-=-= 
11:24:51.442 INFO  Shard 0 launched 
11:24:51.978 INFO  =-=-=-=-=-=-=- Loading command(s): 97 -=-=-=-=-=-=-= 
11:24:51.986 INFO  Loading command: advice.js 
11:24:51.989 INFO  Loading command: fact.js 
11:24:51.991 INFO  Loading command: flip.js 
11:24:52.006 INFO  Loading command: meme.js 
11:24:52.008 INFO  Loading command: ping.js 
11:24:52.015 INFO  Loading command: pokemon.js 
11:24:52.017 INFO  Loading command: random.js 
11:24:52.019 INFO  Loading command: rps.js 
11:24:52.024 INFO  Loading command: urban.js 
11:24:52.028 INFO  Loading command: avatar.js 
11:24:52.031 INFO  Loading command: dashboard.js 
11:24:52.035 INFO  Loading command: giveaway.js 
11:24:52.037 INFO  Loading command: guildicon.js 
11:24:52.039 INFO  Loading command: poll.js 
11:24:52.041 INFO  Loading command: role-info.js 
11:24:52.048 INFO  Loading command: server-info.js 
11:24:52.050 INFO  Loading command: user-info.js 
11:24:52.755 INFO  Loading command: addban.js 
11:24:52.759 INFO  Loading command: reload.js 
11:24:52.757 INFO  Loading command: eval.js 
11:24:52.761 INFO  Loading command: shutdown.js 
11:24:52.763 INFO  Loading command: suggestion.js 
11:24:52.769 INFO  Loading command: captcha.js 
11:24:52.767 INFO  Loading command: blurpify.js 
11:24:52.771 INFO  Loading command: cat.js 
11:24:52.772 INFO  Loading command: changemymind.js 
11:24:52.775 INFO  Loading command: clyde.js 
11:24:52.777 INFO  Loading command: deepfry.js 
11:24:52.779 INFO  Loading command: dog.js 
11:24:53.097 INFO  Loading command: image.js 
11:24:53.099 INFO  Loading command: phcomment.js 
11:24:53.101 INFO  Loading command: qrcode.js 
11:24:53.103 INFO  Loading command: ship.js 
11:24:53.105 INFO  Loading command: stickbug.js 
11:24:53.107 INFO  Loading command: threats.js 
11:24:53.109 INFO  Loading command: twitter.js 
11:24:53.110 INFO  Loading command: whowouldwin.js 
11:24:53.118 INFO  Loading command: leaderboard.js 
11:24:53.120 INFO  Loading command: rank.js 
11:24:53.124 INFO  Loading command: about.js 
11:24:53.126 INFO  Loading command: help.js 
11:24:53.127 INFO  Loading command: invite.js 
11:24:53.131 INFO  Loading command: shorturl.js 
11:24:53.136 INFO  Loading command: status.js 
11:24:53.138 INFO  Loading command: support.js 
11:24:53.141 INFO  Loading command: ban.js 
11:24:53.142 INFO  Loading command: clear-warning.js 
11:24:53.148 INFO  Loading command: clear.js 
11:24:53.150 INFO  Loading command: deafen.js 
11:24:53.152 INFO  Loading command: kick.js 
11:24:53.154 INFO  Loading command: language.js 
11:24:53.156 INFO  Loading command: mute.js 
11:24:53.157 INFO  Loading command: nick.js 
11:24:53.162 INFO  Loading command: report.js 
11:24:53.164 INFO  Loading command: slowmode.js 
11:24:53.167 INFO  Loading command: ticket.js 
11:24:53.169 INFO  Loading command: unban.js 
11:24:53.170 INFO  Loading command: undeafen.js 
11:24:53.171 INFO  Loading command: unmute.js 
11:24:53.173 INFO  Loading command: warn.js 
11:24:53.179 INFO  Loading command: warnings.js 
11:24:53.183 INFO  Loading command: bassboost.js 
11:24:53.185 INFO  Loading command: forceskip.js 
11:24:53.189 INFO  Loading command: leave.js 
11:24:53.195 INFO  Loading command: loop.js 
11:24:53.198 INFO  Loading command: lyrics.js 
11:24:53.200 INFO  Loading command: movehere.js 
11:24:53.203 INFO  Loading command: pause.js 
11:24:53.204 INFO  Loading command: play-file.js 
11:24:53.345 INFO  Loading command: play.js 
11:24:53.348 INFO  Loading command: queue.js 
11:24:53.350 INFO  Loading command: radio.js 
11:24:53.351 INFO  Loading command: remove.js 
11:24:53.353 INFO  Loading command: resume.js 
11:24:53.414 INFO  Loading command: search.js 
11:24:53.415 INFO  Loading command: seek.js 
11:24:53.416 INFO  Loading command: shuffle.js 
11:24:53.418 INFO  Loading command: skip.js 
11:24:53.419 INFO  Loading command: skipto.js 
11:24:53.422 INFO  Loading command: song.js 
11:24:53.423 INFO  Loading command: volume.js 
11:24:53.559 INFO  Loading command: anal.js 
11:24:53.557 INFO  Loading command: 4k.js 
11:24:53.562 INFO  Loading command: ass.js 
11:24:53.564 INFO  Loading command: boob.js 
11:24:53.568 INFO  Loading command: gif.js 
11:24:53.570 INFO  Loading command: neko.js 
11:24:53.572 INFO  Loading command: pussy.js 
11:24:53.574 INFO  Loading command: thigh.js 
11:24:53.586 INFO  Loading command: fortnite.js 
11:24:53.620 INFO  Loading command: mc.js 
11:24:53.589 INFO  Loading command: instagram.js 
11:24:53.718 INFO  Loading command: r6.js 
11:24:53.722 INFO  Loading command: reddit.js 
11:24:53.726 INFO  Loading command: steam.js 
11:24:53.728 INFO  Loading command: twitch.js 
11:24:53.792 INFO  Loading command: weather.js 
11:24:53.794 INFO  Loading command: startmusictrivia.js 
11:24:53.795 INFO  Loading command: stopmusictrivia.js 
11:24:53.814 INFO  Loading Event: channelDelete 
11:24:53.805 INFO  =-=-=-=-=-=-=- Loading events(s): 29 -=-=-=-=-=-=-= 
11:24:53.806 INFO  Loading Event: channelCreate 
11:24:53.816 INFO  Loading Event: channelUpdate 
11:24:53.818 INFO  Loading Event: emojiCreate 
11:24:53.820 INFO  Loading Event: emojiDelete 
11:24:53.822 INFO  Loading Event: emojiUpdate 
11:24:53.823 INFO  Loading Event: error 
11:24:53.824 INFO  Loading Event: guildBanAdd 
11:24:53.826 INFO  Loading Event: guildBanRemove 
11:24:53.828 INFO  Loading Event: guildCreate 
11:24:53.835 INFO  Loading Event: guildDelete 
11:24:53.836 INFO  Loading Event: guildMemberAdd 
11:24:53.838 INFO  Loading Event: guildMemberRemove 
11:24:53.840 INFO  Loading Event: guildMemberUpdate 
11:24:53.842 INFO  Loading Event: guildUnavailable 
11:24:53.843 INFO  Loading Event: guildUpdate 
11:24:53.845 INFO  Loading Event: message 
11:24:53.847 INFO  Loading Event: messageDelete 
11:24:53.848 INFO  Loading Event: messageDeleteBulk 
11:24:53.850 INFO  Loading Event: messageReactionAdd 
11:24:53.852 INFO  Loading Event: messageReactionRemove 
11:24:53.854 INFO  Loading Event: messageUpdate 
11:24:53.856 INFO  Loading Event: ready 
11:24:53.857 INFO  Loading Event: roleCreate 
11:24:53.860 INFO  Loading Event: roleUpdate 
11:24:53.862 INFO  Loading Event: shardDisconnect 
11:24:53.859 INFO  Loading Event: roleDelete 
11:24:53.863 INFO  Loading Event: shardError 
11:24:53.864 INFO  Loading Event: warn 
11:24:53.931 INFO  Mongoose connection successfully opened 
11:24:54.484 INFO  -=-=-=-=-=-=-=-=-=-=-=-=-=-=-=-=-=-=-=-=-=-=-=-=-=-=-=-= 
11:24:54.485 INFO  -=-=-=-=-=-=-=-=-=-=-=-=-=-=-=-=-=-=-=-=-=-=-=-=-=-=-=-= 
11:24:54.484 INFO  TestBot123#3999, ready to serve [8] users in [1] servers. 
11:24:54.930 INFO  Bot dashboard is coming online 
11:24:54.954 INFO  Bot dashboard is online, running on port: 80 
11:24:54.954 INFO  Bot dashboard is online, running on port: 443 
11:24:58.684 INFO  Guild: bob has been updated. 
11:24:58.694 INFO  Guild: [750822670505083000] updated settings: guildName 













































































































































